2024/06/05 00:37:18 [error] [php] Undefined index: role_menu (D:\wamp\www\Mobile_Kitchen\admin\controllers\IndexController.php:137)
Stack trace:
#0 D:\wamp\www\Mobile_Kitchen\framework\web\CController.php(286): IndexController->runAction()
#1 D:\wamp\www\Mobile_Kitchen\framework\web\CController.php(265): IndexController->runActionWithFilters()
#2 D:\wamp\www\Mobile_Kitchen\framework\web\CWebApplication.php(282): IndexController->run()
#3 D:\wamp\www\Mobile_Kitchen\framework\web\CWebApplication.php(141): CWebApplication->runController()
#4 D:\wamp\www\Mobile_Kitchen\framework\base\CApplication.php(185): CWebApplication->processRequest()
#5 D:\wamp\www\Mobile_Kitchen\index.php(35): CWebApplication->run()
REQUEST_URI=/mobile_kitchen/index.php?r=index/checkUser&TUNAME=918974&PASSWORD=123456
2024/06/05 00:37:20 [error] [php] Undefined index: role_menu (D:\wamp\www\Mobile_Kitchen\admin\controllers\IndexController.php:137)
Stack trace:
#0 D:\wamp\www\Mobile_Kitchen\framework\web\CController.php(286): IndexController->runAction()
#1 D:\wamp\www\Mobile_Kitchen\framework\web\CController.php(265): IndexController->runActionWithFilters()
#2 D:\wamp\www\Mobile_Kitchen\framework\web\CWebApplication.php(282): IndexController->run()
#3 D:\wamp\www\Mobile_Kitchen\framework\web\CWebApplication.php(141): CWebApplication->runController()
#4 D:\wamp\www\Mobile_Kitchen\framework\base\CApplication.php(185): CWebApplication->processRequest()
#5 D:\wamp\www\Mobile_Kitchen\index.php(35): CWebApplication->run()
REQUEST_URI=/mobile_kitchen/index.php?r=index/checkUser&TUNAME=918974&PASSWORD=123456
2024/06/05 00:37:21 [error] [php] Undefined index: role_menu (D:\wamp\www\Mobile_Kitchen\admin\controllers\IndexController.php:137)
Stack trace:
#0 D:\wamp\www\Mobile_Kitchen\framework\web\CController.php(286): IndexController->runAction()
#1 D:\wamp\www\Mobile_Kitchen\framework\web\CController.php(265): IndexController->runActionWithFilters()
#2 D:\wamp\www\Mobile_Kitchen\framework\web\CWebApplication.php(282): IndexController->run()
#3 D:\wamp\www\Mobile_Kitchen\framework\web\CWebApplication.php(141): CWebApplication->runController()
#4 D:\wamp\www\Mobile_Kitchen\framework\base\CApplication.php(185): CWebApplication->processRequest()
#5 D:\wamp\www\Mobile_Kitchen\index.php(35): CWebApplication->run()
REQUEST_URI=/mobile_kitchen/index.php?r=index/checkUser&TUNAME=918974&PASSWORD=123456
2024/06/05 00:37:27 [error] [php] Undefined index: role_menu (D:\wamp\www\Mobile_Kitchen\admin\controllers\IndexController.php:137)
Stack trace:
#0 D:\wamp\www\Mobile_Kitchen\framework\web\CController.php(286): IndexController->runAction()
#1 D:\wamp\www\Mobile_Kitchen\framework\web\CController.php(265): IndexController->runActionWithFilters()
#2 D:\wamp\www\Mobile_Kitchen\framework\web\CWebApplication.php(282): IndexController->run()
#3 D:\wamp\www\Mobile_Kitchen\framework\web\CWebApplication.php(141): CWebApplication->runController()
#4 D:\wamp\www\Mobile_Kitchen\framework\base\CApplication.php(185): CWebApplication->processRequest()
#5 D:\wamp\www\Mobile_Kitchen\index.php(35): CWebApplication->run()
REQUEST_URI=/mobile_kitchen/index.php?r=index/checkUser&TUNAME=918974&PASSWORD=123456
2024/06/05 00:37:30 [error] [php] Undefined index: role_menu (D:\wamp\www\Mobile_Kitchen\admin\controllers\IndexController.php:137)
Stack trace:
#0 D:\wamp\www\Mobile_Kitchen\framework\web\CController.php(286): IndexController->runAction()
#1 D:\wamp\www\Mobile_Kitchen\framework\web\CController.php(265): IndexController->runActionWithFilters()
#2 D:\wamp\www\Mobile_Kitchen\framework\web\CWebApplication.php(282): IndexController->run()
#3 D:\wamp\www\Mobile_Kitchen\framework\web\CWebApplication.php(141): CWebApplication->runController()
#4 D:\wamp\www\Mobile_Kitchen\framework\base\CApplication.php(185): CWebApplication->processRequest()
#5 D:\wamp\www\Mobile_Kitchen\index.php(35): CWebApplication->run()
REQUEST_URI=/mobile_kitchen/index.php?r=index/checkUser&TUNAME=918974&PASSWORD=123456
2024/06/05 00:37:34 [error] [php] Undefined index: role_menu (D:\wamp\www\Mobile_Kitchen\admin\controllers\IndexController.php:137)
Stack trace:
#0 D:\wamp\www\Mobile_Kitchen\framework\web\CController.php(286): IndexController->runAction()
#1 D:\wamp\www\Mobile_Kitchen\framework\web\CController.php(265): IndexController->runActionWithFilters()
#2 D:\wamp\www\Mobile_Kitchen\framework\web\CWebApplication.php(282): IndexController->run()
#3 D:\wamp\www\Mobile_Kitchen\framework\web\CWebApplication.php(141): CWebApplication->runController()
#4 D:\wamp\www\Mobile_Kitchen\framework\base\CApplication.php(185): CWebApplication->processRequest()
#5 D:\wamp\www\Mobile_Kitchen\index.php(35): CWebApplication->run()
REQUEST_URI=/mobile_kitchen/index.php?r=index/checkUser&TUNAME=918974&PASSWORD=123456
2024/06/05 00:37:37 [error] [php] Undefined index: role_menu (D:\wamp\www\Mobile_Kitchen\admin\controllers\IndexController.php:137)
Stack trace:
#0 D:\wamp\www\Mobile_Kitchen\framework\web\CController.php(286): IndexController->runAction()
#1 D:\wamp\www\Mobile_Kitchen\framework\web\CController.php(265): IndexController->runActionWithFilters()
#2 D:\wamp\www\Mobile_Kitchen\framework\web\CWebApplication.php(282): IndexController->run()
#3 D:\wamp\www\Mobile_Kitchen\framework\web\CWebApplication.php(141): CWebApplication->runController()
#4 D:\wamp\www\Mobile_Kitchen\framework\base\CApplication.php(185): CWebApplication->processRequest()
#5 D:\wamp\www\Mobile_Kitchen\index.php(35): CWebApplication->run()
REQUEST_URI=/mobile_kitchen/index.php?r=index/checkUser&TUNAME=918974&PASSWORD=123456
2024/06/05 00:37:47 [error] [php] Undefined index: role_menu (D:\wamp\www\Mobile_Kitchen\admin\controllers\IndexController.php:137)
Stack trace:
#0 D:\wamp\www\Mobile_Kitchen\framework\web\CController.php(286): IndexController->runAction()
#1 D:\wamp\www\Mobile_Kitchen\framework\web\CController.php(265): IndexController->runActionWithFilters()
#2 D:\wamp\www\Mobile_Kitchen\framework\web\CWebApplication.php(282): IndexController->run()
#3 D:\wamp\www\Mobile_Kitchen\framework\web\CWebApplication.php(141): CWebApplication->runController()
#4 D:\wamp\www\Mobile_Kitchen\framework\base\CApplication.php(185): CWebApplication->processRequest()
#5 D:\wamp\www\Mobile_Kitchen\index.php(35): CWebApplication->run()
REQUEST_URI=/mobile_kitchen/index.php?r=index/checkUser&TUNAME=918974&PASSWORD=123456
2024/06/05 00:37:48 [error] [php] Undefined index: role_menu (D:\wamp\www\Mobile_Kitchen\admin\controllers\IndexController.php:137)
Stack trace:
#0 D:\wamp\www\Mobile_Kitchen\framework\web\CController.php(286): IndexController->runAction()
#1 D:\wamp\www\Mobile_Kitchen\framework\web\CController.php(265): IndexController->runActionWithFilters()
#2 D:\wamp\www\Mobile_Kitchen\framework\web\CWebApplication.php(282): IndexController->run()
#3 D:\wamp\www\Mobile_Kitchen\framework\web\CWebApplication.php(141): CWebApplication->runController()
#4 D:\wamp\www\Mobile_Kitchen\framework\base\CApplication.php(185): CWebApplication->processRequest()
#5 D:\wamp\www\Mobile_Kitchen\index.php(35): CWebApplication->run()
REQUEST_URI=/mobile_kitchen/index.php?r=index/checkUser&TUNAME=918974&PASSWORD=123456
2024/06/05 00:37:50 [error] [php] Undefined index: role_menu (D:\wamp\www\Mobile_Kitchen\admin\controllers\IndexController.php:137)
Stack trace:
#0 D:\wamp\www\Mobile_Kitchen\framework\web\CController.php(286): IndexController->runAction()
#1 D:\wamp\www\Mobile_Kitchen\framework\web\CController.php(265): IndexController->runActionWithFilters()
#2 D:\wamp\www\Mobile_Kitchen\framework\web\CWebApplication.php(282): IndexController->run()
#3 D:\wamp\www\Mobile_Kitchen\framework\web\CWebApplication.php(141): CWebApplication->runController()
#4 D:\wamp\www\Mobile_Kitchen\framework\base\CApplication.php(185): CWebApplication->processRequest()
#5 D:\wamp\www\Mobile_Kitchen\index.php(35): CWebApplication->run()
REQUEST_URI=/mobile_kitchen/index.php?r=index/checkUser&TUNAME=918974&PASSWORD=123456
2024/06/05 00:38:03 [error] [php] Undefined index: role_menu (D:\wamp\www\Mobile_Kitchen\admin\controllers\IndexController.php:137)
Stack trace:
#0 D:\wamp\www\Mobile_Kitchen\framework\web\CController.php(286): IndexController->runAction()
#1 D:\wamp\www\Mobile_Kitchen\framework\web\CController.php(265): IndexController->runActionWithFilters()
#2 D:\wamp\www\Mobile_Kitchen\framework\web\CWebApplication.php(282): IndexController->run()
#3 D:\wamp\www\Mobile_Kitchen\framework\web\CWebApplication.php(141): CWebApplication->runController()
#4 D:\wamp\www\Mobile_Kitchen\framework\base\CApplication.php(185): CWebApplication->processRequest()
#5 D:\wamp\www\Mobile_Kitchen\index.php(35): CWebApplication->run()
REQUEST_URI=/mobile_kitchen/index.php?r=index/checkUser&TUNAME=918974&PASSWORD=123456
2024/06/05 00:51:23 [error] [system.db.CDbCommand] CDbCommand::fetchAll() failed: SQLSTATE[42000]: Syntax error or access violation: 1064 Erreur de syntaxe près de ' f_id)) order by f_code' à la ligne 1. The SQL statement executed was: SELECT * FROM `qmdd_menu_test` `t` WHERE f_mid=0 and f_code like "Z%" and f_mtype =2 AND (FIND_IN_SET(, f_id)) order by f_code.
2024/06/05 00:51:23 [error] [exception.CDbException] exception 'CDbException' with message 'CDbCommand 无法执行 SQL 语句: SQLSTATE[42000]: Syntax error or access violation: 1064 Erreur de syntaxe près de ' f_id)) order by f_code' à la ligne 1' in D:\wamp\www\Mobile_Kitchen\framework\db\CDbCommand.php:543
Stack trace:
#0 D:\wamp\www\Mobile_Kitchen\framework\db\CDbCommand.php(396): CDbCommand->queryInternal('fetchAll', Array, Array)
#1 D:\wamp\www\Mobile_Kitchen\framework\db\ar\CActiveRecord.php(1360): CDbCommand->queryAll()
#2 D:\wamp\www\Mobile_Kitchen\framework\db\ar\CActiveRecord.php(1480): CActiveRecord->query(Object(CDbCriteria), true, true)
#3 D:\wamp\www\Mobile_Kitchen\admin\components\BaseModel.php(664): CActiveRecord->findAll('f_mid=0 and f_c...', Array, true)
#4 D:\wamp\www\Mobile_Kitchen\models\Menu.php(277): BaseModel->findAll('f_mid=0 and f_c...')
#5 D:\wamp\www\Mobile_Kitchen\models\Menu.php(233): Menu->getAllmenu('', '', 'Z', '47')
#6 D:\wamp\www\Mobile_Kitchen\admin\controllers\IndexController.php(51): Menu->getNewmenu('47', '', 'Z')
#7 [internal function]: IndexController->actionMenu('Z')
#8 D:\wamp\www\Mobile_Kitchen\framework\web\actions\CAction.php(109): ReflectionMethod->invokeArgs(Object(IndexController), Array)
#9 D:\wamp\www\Mobile_Kitchen\framework\web\actions\CInlineAction.php(47): CAction->runWithParamsInternal(Object(IndexController), Object(ReflectionMethod), Array)
#10 D:\wamp\www\Mobile_Kitchen\framework\web\CController.php(308): CInlineAction->runWithParams(Array)
#11 D:\wamp\www\Mobile_Kitchen\framework\web\CController.php(286): CController->runAction(Object(CInlineAction))
#12 D:\wamp\www\Mobile_Kitchen\framework\web\CController.php(265): CController->runActionWithFilters(Object(CInlineAction), Array)
#13 D:\wamp\www\Mobile_Kitchen\framework\web\CWebApplication.php(282): CController->run('menu')
#14 D:\wamp\www\Mobile_Kitchen\framework\web\CWebApplication.php(141): CWebApplication->runController('index/menu')
#15 D:\wamp\www\Mobile_Kitchen\framework\base\CApplication.php(185): CWebApplication->processRequest()
#16 D:\wamp\www\Mobile_Kitchen\index.php(35): CApplication->run()
#17 {main}
REQUEST_URI=/mobile_kitchen/index.php?r=index/menu&type=Z
HTTP_REFERER=http://127.0.0.1/mobile_kitchen/index.php?r=index/top
---
2024/06/05 00:51:25 [error] [system.db.CDbCommand] CDbCommand::fetchAll() failed: SQLSTATE[42000]: Syntax error or access violation: 1064 Erreur de syntaxe près de ' f_id)) order by f_code' à la ligne 1. The SQL statement executed was: SELECT * FROM `qmdd_menu_test` `t` WHERE f_mid=0 and f_code like "Z%" and f_mtype =2 AND (FIND_IN_SET(, f_id)) order by f_code.
2024/06/05 00:51:25 [error] [exception.CDbException] exception 'CDbException' with message 'CDbCommand 无法执行 SQL 语句: SQLSTATE[42000]: Syntax error or access violation: 1064 Erreur de syntaxe près de ' f_id)) order by f_code' à la ligne 1' in D:\wamp\www\Mobile_Kitchen\framework\db\CDbCommand.php:543
Stack trace:
#0 D:\wamp\www\Mobile_Kitchen\framework\db\CDbCommand.php(396): CDbCommand->queryInternal('fetchAll', Array, Array)
#1 D:\wamp\www\Mobile_Kitchen\framework\db\ar\CActiveRecord.php(1360): CDbCommand->queryAll()
#2 D:\wamp\www\Mobile_Kitchen\framework\db\ar\CActiveRecord.php(1480): CActiveRecord->query(Object(CDbCriteria), true, true)
#3 D:\wamp\www\Mobile_Kitchen\admin\components\BaseModel.php(664): CActiveRecord->findAll('f_mid=0 and f_c...', Array, true)
#4 D:\wamp\www\Mobile_Kitchen\models\Menu.php(277): BaseModel->findAll('f_mid=0 and f_c...')
#5 D:\wamp\www\Mobile_Kitchen\models\Menu.php(233): Menu->getAllmenu('', '', 'Z', '47')
#6 D:\wamp\www\Mobile_Kitchen\admin\controllers\IndexController.php(51): Menu->getNewmenu('47', '', 'Z')
#7 [internal function]: IndexController->actionMenu('Z')
#8 D:\wamp\www\Mobile_Kitchen\framework\web\actions\CAction.php(109): ReflectionMethod->invokeArgs(Object(IndexController), Array)
#9 D:\wamp\www\Mobile_Kitchen\framework\web\actions\CInlineAction.php(47): CAction->runWithParamsInternal(Object(IndexController), Object(ReflectionMethod), Array)
#10 D:\wamp\www\Mobile_Kitchen\framework\web\CController.php(308): CInlineAction->runWithParams(Array)
#11 D:\wamp\www\Mobile_Kitchen\framework\web\CController.php(286): CController->runAction(Object(CInlineAction))
#12 D:\wamp\www\Mobile_Kitchen\framework\web\CController.php(265): CController->runActionWithFilters(Object(CInlineAction), Array)
#13 D:\wamp\www\Mobile_Kitchen\framework\web\CWebApplication.php(282): CController->run('menu')
#14 D:\wamp\www\Mobile_Kitchen\framework\web\CWebApplication.php(141): CWebApplication->runController('index/menu')
#15 D:\wamp\www\Mobile_Kitchen\framework\base\CApplication.php(185): CWebApplication->processRequest()
#16 D:\wamp\www\Mobile_Kitchen\index.php(35): CApplication->run()
#17 {main}
REQUEST_URI=/mobile_kitchen/index.php?r=index/menu&type=Z
HTTP_REFERER=http://127.0.0.1/mobile_kitchen/index.php?r=index/top
---
2024/06/05 00:51:25 [error] [system.db.CDbCommand] CDbCommand::fetchAll() failed: SQLSTATE[42000]: Syntax error or access violation: 1064 Erreur de syntaxe près de ' f_id)) order by f_code' à la ligne 1. The SQL statement executed was: SELECT * FROM `qmdd_menu_test` `t` WHERE f_mid=0 and f_code like "Z%" and f_mtype =2 AND (FIND_IN_SET(, f_id)) order by f_code.
2024/06/05 00:51:25 [error] [exception.CDbException] exception 'CDbException' with message 'CDbCommand 无法执行 SQL 语句: SQLSTATE[42000]: Syntax error or access violation: 1064 Erreur de syntaxe près de ' f_id)) order by f_code' à la ligne 1' in D:\wamp\www\Mobile_Kitchen\framework\db\CDbCommand.php:543
Stack trace:
#0 D:\wamp\www\Mobile_Kitchen\framework\db\CDbCommand.php(396): CDbCommand->queryInternal('fetchAll', Array, Array)
#1 D:\wamp\www\Mobile_Kitchen\framework\db\ar\CActiveRecord.php(1360): CDbCommand->queryAll()
#2 D:\wamp\www\Mobile_Kitchen\framework\db\ar\CActiveRecord.php(1480): CActiveRecord->query(Object(CDbCriteria), true, true)
#3 D:\wamp\www\Mobile_Kitchen\admin\components\BaseModel.php(664): CActiveRecord->findAll('f_mid=0 and f_c...', Array, true)
#4 D:\wamp\www\Mobile_Kitchen\models\Menu.php(277): BaseModel->findAll('f_mid=0 and f_c...')
#5 D:\wamp\www\Mobile_Kitchen\models\Menu.php(233): Menu->getAllmenu('', '', 'Z', '47')
#6 D:\wamp\www\Mobile_Kitchen\admin\controllers\IndexController.php(51): Menu->getNewmenu('47', '', 'Z')
#7 [internal function]: IndexController->actionMenu('Z')
#8 D:\wamp\www\Mobile_Kitchen\framework\web\actions\CAction.php(109): ReflectionMethod->invokeArgs(Object(IndexController), Array)
#9 D:\wamp\www\Mobile_Kitchen\framework\web\actions\CInlineAction.php(47): CAction->runWithParamsInternal(Object(IndexController), Object(ReflectionMethod), Array)
#10 D:\wamp\www\Mobile_Kitchen\framework\web\CController.php(308): CInlineAction->runWithParams(Array)
#11 D:\wamp\www\Mobile_Kitchen\framework\web\CController.php(286): CController->runAction(Object(CInlineAction))
#12 D:\wamp\www\Mobile_Kitchen\framework\web\CController.php(265): CController->runActionWithFilters(Object(CInlineAction), Array)
#13 D:\wamp\www\Mobile_Kitchen\framework\web\CWebApplication.php(282): CController->run('menu')
#14 D:\wamp\www\Mobile_Kitchen\framework\web\CWebApplication.php(141): CWebApplication->runController('index/menu')
#15 D:\wamp\www\Mobile_Kitchen\framework\base\CApplication.php(185): CWebApplication->processRequest()
#16 D:\wamp\www\Mobile_Kitchen\index.php(35): CApplication->run()
#17 {main}
REQUEST_URI=/mobile_kitchen/index.php?r=index/menu&type=Z
HTTP_REFERER=http://127.0.0.1/mobile_kitchen/index.php?r=index/top
---
2024/06/05 00:51:27 [error] [system.db.CDbCommand] CDbCommand::fetchAll() failed: SQLSTATE[42000]: Syntax error or access violation: 1064 Erreur de syntaxe près de ' f_id)) order by f_code' à la ligne 1. The SQL statement executed was: SELECT * FROM `qmdd_menu_test` `t` WHERE f_mid=0 and f_code like "H%" and f_mtype =2 AND (FIND_IN_SET(, f_id)) order by f_code.
2024/06/05 00:51:27 [error] [exception.CDbException] exception 'CDbException' with message 'CDbCommand 无法执行 SQL 语句: SQLSTATE[42000]: Syntax error or access violation: 1064 Erreur de syntaxe près de ' f_id)) order by f_code' à la ligne 1' in D:\wamp\www\Mobile_Kitchen\framework\db\CDbCommand.php:543
Stack trace:
#0 D:\wamp\www\Mobile_Kitchen\framework\db\CDbCommand.php(396): CDbCommand->queryInternal('fetchAll', Array, Array)
#1 D:\wamp\www\Mobile_Kitchen\framework\db\ar\CActiveRecord.php(1360): CDbCommand->queryAll()
#2 D:\wamp\www\Mobile_Kitchen\framework\db\ar\CActiveRecord.php(1480): CActiveRecord->query(Object(CDbCriteria), true, true)
#3 D:\wamp\www\Mobile_Kitchen\admin\components\BaseModel.php(664): CActiveRecord->findAll('f_mid=0 and f_c...', Array, true)
#4 D:\wamp\www\Mobile_Kitchen\models\Menu.php(277): BaseModel->findAll('f_mid=0 and f_c...')
#5 D:\wamp\www\Mobile_Kitchen\models\Menu.php(233): Menu->getAllmenu('', '', 'H', '47')
#6 D:\wamp\www\Mobile_Kitchen\admin\controllers\IndexController.php(51): Menu->getNewmenu('47', '', 'H')
#7 [internal function]: IndexController->actionMenu('H')
#8 D:\wamp\www\Mobile_Kitchen\framework\web\actions\CAction.php(109): ReflectionMethod->invokeArgs(Object(IndexController), Array)
#9 D:\wamp\www\Mobile_Kitchen\framework\web\actions\CInlineAction.php(47): CAction->runWithParamsInternal(Object(IndexController), Object(ReflectionMethod), Array)
#10 D:\wamp\www\Mobile_Kitchen\framework\web\CController.php(308): CInlineAction->runWithParams(Array)
#11 D:\wamp\www\Mobile_Kitchen\framework\web\CController.php(286): CController->runAction(Object(CInlineAction))
#12 D:\wamp\www\Mobile_Kitchen\framework\web\CController.php(265): CController->runActionWithFilters(Object(CInlineAction), Array)
#13 D:\wamp\www\Mobile_Kitchen\framework\web\CWebApplication.php(282): CController->run('menu')
#14 D:\wamp\www\Mobile_Kitchen\framework\web\CWebApplication.php(141): CWebApplication->runController('index/menu')
#15 D:\wamp\www\Mobile_Kitchen\framework\base\CApplication.php(185): CWebApplication->processRequest()
#16 D:\wamp\www\Mobile_Kitchen\index.php(35): CApplication->run()
#17 {main}
REQUEST_URI=/mobile_kitchen/index.php?r=index/menu&type=H
HTTP_REFERER=http://127.0.0.1/mobile_kitchen/index.php?r=index/top
---
2024/06/05 00:51:28 [error] [system.db.CDbCommand] CDbCommand::fetchAll() failed: SQLSTATE[42000]: Syntax error or access violation: 1064 Erreur de syntaxe près de ' f_id)) order by f_code' à la ligne 1. The SQL statement executed was: SELECT * FROM `qmdd_menu_test` `t` WHERE f_mid=0 and f_code like "D%" and f_mtype =2 AND (FIND_IN_SET(, f_id)) order by f_code.
2024/06/05 00:51:28 [error] [exception.CDbException] exception 'CDbException' with message 'CDbCommand 无法执行 SQL 语句: SQLSTATE[42000]: Syntax error or access violation: 1064 Erreur de syntaxe près de ' f_id)) order by f_code' à la ligne 1' in D:\wamp\www\Mobile_Kitchen\framework\db\CDbCommand.php:543
Stack trace:
#0 D:\wamp\www\Mobile_Kitchen\framework\db\CDbCommand.php(396): CDbCommand->queryInternal('fetchAll', Array, Array)
#1 D:\wamp\www\Mobile_Kitchen\framework\db\ar\CActiveRecord.php(1360): CDbCommand->queryAll()
#2 D:\wamp\www\Mobile_Kitchen\framework\db\ar\CActiveRecord.php(1480): CActiveRecord->query(Object(CDbCriteria), true, true)
#3 D:\wamp\www\Mobile_Kitchen\admin\components\BaseModel.php(664): CActiveRecord->findAll('f_mid=0 and f_c...', Array, true)
#4 D:\wamp\www\Mobile_Kitchen\models\Menu.php(277): BaseModel->findAll('f_mid=0 and f_c...')
#5 D:\wamp\www\Mobile_Kitchen\models\Menu.php(233): Menu->getAllmenu('', '', 'D', '47')
#6 D:\wamp\www\Mobile_Kitchen\admin\controllers\IndexController.php(51): Menu->getNewmenu('47', '', 'D')
#7 [internal function]: IndexController->actionMenu('D')
#8 D:\wamp\www\Mobile_Kitchen\framework\web\actions\CAction.php(109): ReflectionMethod->invokeArgs(Object(IndexController), Array)
#9 D:\wamp\www\Mobile_Kitchen\framework\web\actions\CInlineAction.php(47): CAction->runWithParamsInternal(Object(IndexController), Object(ReflectionMethod), Array)
#10 D:\wamp\www\Mobile_Kitchen\framework\web\CController.php(308): CInlineAction->runWithParams(Array)
#11 D:\wamp\www\Mobile_Kitchen\framework\web\CController.php(286): CController->runAction(Object(CInlineAction))
#12 D:\wamp\www\Mobile_Kitchen\framework\web\CController.php(265): CController->runActionWithFilters(Object(CInlineAction), Array)
#13 D:\wamp\www\Mobile_Kitchen\framework\web\CWebApplication.php(282): CController->run('menu')
#14 D:\wamp\www\Mobile_Kitchen\framework\web\CWebApplication.php(141): CWebApplication->runController('index/menu')
#15 D:\wamp\www\Mobile_Kitchen\framework\base\CApplication.php(185): CWebApplication->processRequest()
#16 D:\wamp\www\Mobile_Kitchen\index.php(35): CApplication->run()
#17 {main}
REQUEST_URI=/mobile_kitchen/index.php?r=index/menu&type=D
HTTP_REFERER=http://127.0.0.1/mobile_kitchen/index.php?r=index/top
---
2024/06/05 00:51:28 [error] [system.db.CDbCommand] CDbCommand::fetchAll() failed: SQLSTATE[42000]: Syntax error or access violation: 1064 Erreur de syntaxe près de ' f_id)) order by f_code' à la ligne 1. The SQL statement executed was: SELECT * FROM `qmdd_menu_test` `t` WHERE f_mid=0 and f_code like "H%" and f_mtype =2 AND (FIND_IN_SET(, f_id)) order by f_code.
2024/06/05 00:51:28 [error] [exception.CDbException] exception 'CDbException' with message 'CDbCommand 无法执行 SQL 语句: SQLSTATE[42000]: Syntax error or access violation: 1064 Erreur de syntaxe près de ' f_id)) order by f_code' à la ligne 1' in D:\wamp\www\Mobile_Kitchen\framework\db\CDbCommand.php:543
Stack trace:
#0 D:\wamp\www\Mobile_Kitchen\framework\db\CDbCommand.php(396): CDbCommand->queryInternal('fetchAll', Array, Array)
#1 D:\wamp\www\Mobile_Kitchen\framework\db\ar\CActiveRecord.php(1360): CDbCommand->queryAll()
#2 D:\wamp\www\Mobile_Kitchen\framework\db\ar\CActiveRecord.php(1480): CActiveRecord->query(Object(CDbCriteria), true, true)
#3 D:\wamp\www\Mobile_Kitchen\admin\components\BaseModel.php(664): CActiveRecord->findAll('f_mid=0 and f_c...', Array, true)
#4 D:\wamp\www\Mobile_Kitchen\models\Menu.php(277): BaseModel->findAll('f_mid=0 and f_c...')
#5 D:\wamp\www\Mobile_Kitchen\models\Menu.php(233): Menu->getAllmenu('', '', 'H', '47')
#6 D:\wamp\www\Mobile_Kitchen\admin\controllers\IndexController.php(51): Menu->getNewmenu('47', '', 'H')
#7 [internal function]: IndexController->actionMenu('H')
#8 D:\wamp\www\Mobile_Kitchen\framework\web\actions\CAction.php(109): ReflectionMethod->invokeArgs(Object(IndexController), Array)
#9 D:\wamp\www\Mobile_Kitchen\framework\web\actions\CInlineAction.php(47): CAction->runWithParamsInternal(Object(IndexController), Object(ReflectionMethod), Array)
#10 D:\wamp\www\Mobile_Kitchen\framework\web\CController.php(308): CInlineAction->runWithParams(Array)
#11 D:\wamp\www\Mobile_Kitchen\framework\web\CController.php(286): CController->runAction(Object(CInlineAction))
#12 D:\wamp\www\Mobile_Kitchen\framework\web\CController.php(265): CController->runActionWithFilters(Object(CInlineAction), Array)
#13 D:\wamp\www\Mobile_Kitchen\framework\web\CWebApplication.php(282): CController->run('menu')
#14 D:\wamp\www\Mobile_Kitchen\framework\web\CWebApplication.php(141): CWebApplication->runController('index/menu')
#15 D:\wamp\www\Mobile_Kitchen\framework\base\CApplication.php(185): CWebApplication->processRequest()
#16 D:\wamp\www\Mobile_Kitchen\index.php(35): CApplication->run()
#17 {main}
REQUEST_URI=/mobile_kitchen/index.php?r=index/menu&type=H
HTTP_REFERER=http://127.0.0.1/mobile_kitchen/index.php?r=index/top
---
2024/06/05 01:07:14 [error] [php] Undefined variable: text (D:\wamp\www\Mobile_Kitchen\admin\views\dishDetail\update.php:19)
Stack trace:
#0 D:\wamp\www\Mobile_Kitchen\framework\web\CController.php(872): DishDetailController->renderFile()
#1 D:\wamp\www\Mobile_Kitchen\framework\web\CController.php(785): DishDetailController->renderPartial()
#2 D:\wamp\www\Mobile_Kitchen\admin\controllers\DishDetailController.php(48): DishDetailController->render()
#3 D:\wamp\www\Mobile_Kitchen\admin\controllers\DishDetailController.php(37): DishDetailController->viewUpdate()
#4 unknown(0): DishDetailController->actionUpdate()
#5 D:\wamp\www\Mobile_Kitchen\framework\web\actions\CAction.php(109): ReflectionMethod->invokeArgs()
#6 D:\wamp\www\Mobile_Kitchen\framework\web\actions\CInlineAction.php(47): CInlineAction->runWithParamsInternal()
#7 D:\wamp\www\Mobile_Kitchen\framework\web\CController.php(308): CInlineAction->runWithParams()
#8 D:\wamp\www\Mobile_Kitchen\framework\web\CController.php(286): DishDetailController->runAction()
#9 D:\wamp\www\Mobile_Kitchen\framework\web\CController.php(265): DishDetailController->runActionWithFilters()
#10 D:\wamp\www\Mobile_Kitchen\framework\web\CWebApplication.php(282): DishDetailController->run()
#11 D:\wamp\www\Mobile_Kitchen\framework\web\CWebApplication.php(141): CWebApplication->runController()
#12 D:\wamp\www\Mobile_Kitchen\framework\base\CApplication.php(185): CWebApplication->processRequest()
#13 D:\wamp\www\Mobile_Kitchen\index.php(35): CWebApplication->run()
REQUEST_URI=/mobile_kitchen/index.php?r=dishDetail/update&id=5
2024/06/05 01:07:38 [error] [php] Undefined variable: club_code (D:\wamp\www\Mobile_Kitchen\admin\views\dishDetail\update.php:20)
Stack trace:
#0 D:\wamp\www\Mobile_Kitchen\framework\web\CController.php(872): DishDetailController->renderFile()
#1 D:\wamp\www\Mobile_Kitchen\framework\web\CController.php(785): DishDetailController->renderPartial()
#2 D:\wamp\www\Mobile_Kitchen\admin\controllers\DishDetailController.php(48): DishDetailController->render()
#3 D:\wamp\www\Mobile_Kitchen\admin\controllers\DishDetailController.php(37): DishDetailController->viewUpdate()
#4 unknown(0): DishDetailController->actionUpdate()
#5 D:\wamp\www\Mobile_Kitchen\framework\web\actions\CAction.php(109): ReflectionMethod->invokeArgs()
#6 D:\wamp\www\Mobile_Kitchen\framework\web\actions\CInlineAction.php(47): CInlineAction->runWithParamsInternal()
#7 D:\wamp\www\Mobile_Kitchen\framework\web\CController.php(308): CInlineAction->runWithParams()
#8 D:\wamp\www\Mobile_Kitchen\framework\web\CController.php(286): DishDetailController->runAction()
#9 D:\wamp\www\Mobile_Kitchen\framework\web\CController.php(265): DishDetailController->runActionWithFilters()
#10 D:\wamp\www\Mobile_Kitchen\framework\web\CWebApplication.php(282): DishDetailController->run()
#11 D:\wamp\www\Mobile_Kitchen\framework\web\CWebApplication.php(141): CWebApplication->runController()
#12 D:\wamp\www\Mobile_Kitchen\framework\base\CApplication.php(185): CWebApplication->processRequest()
#13 D:\wamp\www\Mobile_Kitchen\index.php(35): CWebApplication->run()
REQUEST_URI=/mobile_kitchen/index.php?r=dishDetail/update&id=5
2024/06/05 01:07:41 [error] [php] Undefined variable: club_code (D:\wamp\www\Mobile_Kitchen\admin\views\dishDetail\update.php:20)
Stack trace:
#0 D:\wamp\www\Mobile_Kitchen\framework\web\CController.php(872): DishDetailController->renderFile()
#1 D:\wamp\www\Mobile_Kitchen\framework\web\CController.php(785): DishDetailController->renderPartial()
#2 D:\wamp\www\Mobile_Kitchen\admin\controllers\DishDetailController.php(48): DishDetailController->render()
#3 D:\wamp\www\Mobile_Kitchen\admin\controllers\DishDetailController.php(37): DishDetailController->viewUpdate()
#4 unknown(0): DishDetailController->actionUpdate()
#5 D:\wamp\www\Mobile_Kitchen\framework\web\actions\CAction.php(109): ReflectionMethod->invokeArgs()
#6 D:\wamp\www\Mobile_Kitchen\framework\web\actions\CInlineAction.php(47): CInlineAction->runWithParamsInternal()
#7 D:\wamp\www\Mobile_Kitchen\framework\web\CController.php(308): CInlineAction->runWithParams()
#8 D:\wamp\www\Mobile_Kitchen\framework\web\CController.php(286): DishDetailController->runAction()
#9 D:\wamp\www\Mobile_Kitchen\framework\web\CController.php(265): DishDetailController->runActionWithFilters()
#10 D:\wamp\www\Mobile_Kitchen\framework\web\CWebApplication.php(282): DishDetailController->run()
#11 D:\wamp\www\Mobile_Kitchen\framework\web\CWebApplication.php(141): CWebApplication->runController()
#12 D:\wamp\www\Mobile_Kitchen\framework\base\CApplication.php(185): CWebApplication->processRequest()
#13 D:\wamp\www\Mobile_Kitchen\index.php(35): CWebApplication->run()
REQUEST_URI=/mobile_kitchen/index.php?r=dishDetail/update&id=9
2024/06/05 01:08:07 [error] [php] Undefined variable: club_id (D:\wamp\www\Mobile_Kitchen\admin\views\dishDetail\update.php:20)
Stack trace:
#0 D:\wamp\www\Mobile_Kitchen\framework\web\CController.php(872): DishDetailController->renderFile()
#1 D:\wamp\www\Mobile_Kitchen\framework\web\CController.php(785): DishDetailController->renderPartial()
#2 D:\wamp\www\Mobile_Kitchen\admin\controllers\DishDetailController.php(48): DishDetailController->render()
#3 D:\wamp\www\Mobile_Kitchen\admin\controllers\DishDetailController.php(37): DishDetailController->viewUpdate()
#4 unknown(0): DishDetailController->actionUpdate()
#5 D:\wamp\www\Mobile_Kitchen\framework\web\actions\CAction.php(109): ReflectionMethod->invokeArgs()
#6 D:\wamp\www\Mobile_Kitchen\framework\web\actions\CInlineAction.php(47): CInlineAction->runWithParamsInternal()
#7 D:\wamp\www\Mobile_Kitchen\framework\web\CController.php(308): CInlineAction->runWithParams()
#8 D:\wamp\www\Mobile_Kitchen\framework\web\CController.php(286): DishDetailController->runAction()
#9 D:\wamp\www\Mobile_Kitchen\framework\web\CController.php(265): DishDetailController->runActionWithFilters()
#10 D:\wamp\www\Mobile_Kitchen\framework\web\CWebApplication.php(282): DishDetailController->run()
#11 D:\wamp\www\Mobile_Kitchen\framework\web\CWebApplication.php(141): CWebApplication->runController()
#12 D:\wamp\www\Mobile_Kitchen\framework\base\CApplication.php(185): CWebApplication->processRequest()
#13 D:\wamp\www\Mobile_Kitchen\index.php(35): CWebApplication->run()
REQUEST_URI=/mobile_kitchen/index.php?r=dishDetail/update&id=5
2024/06/05 01:08:22 [error] [php] Undefined variable: club_id (D:\wamp\www\Mobile_Kitchen\admin\views\dishDetail\update.php:20)
Stack trace:
#0 D:\wamp\www\Mobile_Kitchen\framework\web\CController.php(872): DishDetailController->renderFile()
#1 D:\wamp\www\Mobile_Kitchen\framework\web\CController.php(785): DishDetailController->renderPartial()
#2 D:\wamp\www\Mobile_Kitchen\admin\controllers\DishDetailController.php(48): DishDetailController->render()
#3 D:\wamp\www\Mobile_Kitchen\admin\controllers\DishDetailController.php(33): DishDetailController->viewUpdate()
#4 D:\wamp\www\Mobile_Kitchen\framework\web\actions\CInlineAction.php(49): DishDetailController->actionCreate()
#5 D:\wamp\www\Mobile_Kitchen\framework\web\CController.php(308): CInlineAction->runWithParams()
#6 D:\wamp\www\Mobile_Kitchen\framework\web\CController.php(286): DishDetailController->runAction()
#7 D:\wamp\www\Mobile_Kitchen\framework\web\CController.php(265): DishDetailController->runActionWithFilters()
#8 D:\wamp\www\Mobile_Kitchen\framework\web\CWebApplication.php(282): DishDetailController->run()
#9 D:\wamp\www\Mobile_Kitchen\framework\web\CWebApplication.php(141): CWebApplication->runController()
#10 D:\wamp\www\Mobile_Kitchen\framework\base\CApplication.php(185): CWebApplication->processRequest()
#11 D:\wamp\www\Mobile_Kitchen\index.php(35): CWebApplication->run()
REQUEST_URI=/mobile_kitchen/index.php?r=dishDetail/create
2024/06/05 01:32:57 [error] [php] Illegal string offset 'name' (D:\wamp\www\Mobile_Kitchen\framework\web\helpers\CHtml.php:2676)
Stack trace:
#0 D:\wamp\www\Mobile_Kitchen\admin\views\dishDetail\update.php(22): CActiveForm->textField()
#1 D:\wamp\www\Mobile_Kitchen\framework\web\CBaseController.php(126): require()
#2 D:\wamp\www\Mobile_Kitchen\framework\web\CBaseController.php(95): DishDetailController->renderInternal()
#3 D:\wamp\www\Mobile_Kitchen\framework\web\CController.php(872): DishDetailController->renderFile()
#4 D:\wamp\www\Mobile_Kitchen\framework\web\CController.php(785): DishDetailController->renderPartial()
#5 D:\wamp\www\Mobile_Kitchen\admin\controllers\DishDetailController.php(48): DishDetailController->render()
#6 D:\wamp\www\Mobile_Kitchen\admin\controllers\DishDetailController.php(33): DishDetailController->viewUpdate()
#7 D:\wamp\www\Mobile_Kitchen\framework\web\actions\CInlineAction.php(49): DishDetailController->actionCreate()
#8 D:\wamp\www\Mobile_Kitchen\framework\web\CController.php(308): CInlineAction->runWithParams()
#9 D:\wamp\www\Mobile_Kitchen\framework\web\CController.php(286): DishDetailController->runAction()
#10 D:\wamp\www\Mobile_Kitchen\framework\web\CController.php(265): DishDetailController->runActionWithFilters()
#11 D:\wamp\www\Mobile_Kitchen\framework\web\CWebApplication.php(282): DishDetailController->run()
#12 D:\wamp\www\Mobile_Kitchen\framework\web\CWebApplication.php(141): CWebApplication->runController()
#13 D:\wamp\www\Mobile_Kitchen\framework\base\CApplication.php(185): CWebApplication->processRequest()
#14 D:\wamp\www\Mobile_Kitchen\index.php(35): CWebApplication->run()
REQUEST_URI=/mobile_kitchen/index.php?r=dishDetail/create
2024/06/05 10:08:20 [error] [system.db.CDbCommand] CDbCommand::fetchAll() failed: SQLSTATE[42000]: Syntax error or access violation: 1064 Erreur de syntaxe près de 'ORDER BY id ASC' à la ligne 1. The SQL statement executed was: SELECT * FROM `address` `t` WHERE gf_account =  ORDER BY id ASC.
2024/06/05 10:08:20 [error] [exception.CDbException] exception 'CDbException' with message 'CDbCommand 无法执行 SQL 语句: SQLSTATE[42000]: Syntax error or access violation: 1064 Erreur de syntaxe près de 'ORDER BY id ASC' à la ligne 1' in D:\wamp\www\Mobile_Kitchen\framework\db\CDbCommand.php:543
Stack trace:
#0 D:\wamp\www\Mobile_Kitchen\framework\db\CDbCommand.php(396): CDbCommand->queryInternal('fetchAll', Array, Array)
#1 D:\wamp\www\Mobile_Kitchen\framework\db\ar\CActiveRecord.php(1360): CDbCommand->queryAll()
#2 D:\wamp\www\Mobile_Kitchen\framework\db\ar\CActiveRecord.php(1480): CActiveRecord->query(Object(CDbCriteria), true, true)
#3 D:\wamp\www\Mobile_Kitchen\admin\components\BaseModel.php(664): CActiveRecord->findAll(Object(CDbCriteria), Array, true)
#4 D:\wamp\www\Mobile_Kitchen\admin\controllers\AddressController.php(80): BaseModel->findAll(Object(CDbCriteria))
#5 [internal function]: AddressController->actionwxGetadslist('', '0')
#6 D:\wamp\www\Mobile_Kitchen\framework\web\actions\CAction.php(109): ReflectionMethod->invokeArgs(Object(AddressController), Array)
#7 D:\wamp\www\Mobile_Kitchen\framework\web\actions\CInlineAction.php(47): CAction->runWithParamsInternal(Object(AddressController), Object(ReflectionMethod), Array)
#8 D:\wamp\www\Mobile_Kitchen\framework\web\CController.php(308): CInlineAction->runWithParams(Array)
#9 D:\wamp\www\Mobile_Kitchen\framework\web\CController.php(286): CController->runAction(Object(CInlineAction))
#10 D:\wamp\www\Mobile_Kitchen\framework\web\CController.php(265): CController->runActionWithFilters(Object(CInlineAction), Array)
#11 D:\wamp\www\Mobile_Kitchen\framework\web\CWebApplication.php(282): CController->run('wxGetadslist')
#12 D:\wamp\www\Mobile_Kitchen\framework\web\CWebApplication.php(141): CWebApplication->runController('Address/wxGetad...')
#13 D:\wamp\www\Mobile_Kitchen\framework\base\CApplication.php(185): CWebApplication->processRequest()
#14 D:\wamp\www\Mobile_Kitchen\index.php(35): CApplication->run()
#15 {main}
REQUEST_URI=/Mobile_Kitchen/index.php?r=Address/wxGetadslist&account=
HTTP_REFERER=https://servicewechat.com/wxf392ee482ff9e385/devtools/page-frame.html
---
2024/06/05 10:08:41 [error] [system.db.CDbCommand] CDbCommand::fetchAll() failed: SQLSTATE[42000]: Syntax error or access violation: 1064 Erreur de syntaxe près de 'ORDER BY id ASC' à la ligne 1. The SQL statement executed was: SELECT * FROM `address` `t` WHERE gf_account =  ORDER BY id ASC.
2024/06/05 10:08:41 [error] [exception.CDbException] exception 'CDbException' with message 'CDbCommand 无法执行 SQL 语句: SQLSTATE[42000]: Syntax error or access violation: 1064 Erreur de syntaxe près de 'ORDER BY id ASC' à la ligne 1' in D:\wamp\www\Mobile_Kitchen\framework\db\CDbCommand.php:543
Stack trace:
#0 D:\wamp\www\Mobile_Kitchen\framework\db\CDbCommand.php(396): CDbCommand->queryInternal('fetchAll', Array, Array)
#1 D:\wamp\www\Mobile_Kitchen\framework\db\ar\CActiveRecord.php(1360): CDbCommand->queryAll()
#2 D:\wamp\www\Mobile_Kitchen\framework\db\ar\CActiveRecord.php(1480): CActiveRecord->query(Object(CDbCriteria), true, true)
#3 D:\wamp\www\Mobile_Kitchen\admin\components\BaseModel.php(664): CActiveRecord->findAll(Object(CDbCriteria), Array, true)
#4 D:\wamp\www\Mobile_Kitchen\admin\controllers\AddressController.php(80): BaseModel->findAll(Object(CDbCriteria))
#5 [internal function]: AddressController->actionwxGetadslist('', '0')
#6 D:\wamp\www\Mobile_Kitchen\framework\web\actions\CAction.php(109): ReflectionMethod->invokeArgs(Object(AddressController), Array)
#7 D:\wamp\www\Mobile_Kitchen\framework\web\actions\CInlineAction.php(47): CAction->runWithParamsInternal(Object(AddressController), Object(ReflectionMethod), Array)
#8 D:\wamp\www\Mobile_Kitchen\framework\web\CController.php(308): CInlineAction->runWithParams(Array)
#9 D:\wamp\www\Mobile_Kitchen\framework\web\CController.php(286): CController->runAction(Object(CInlineAction))
#10 D:\wamp\www\Mobile_Kitchen\framework\web\CController.php(265): CController->runActionWithFilters(Object(CInlineAction), Array)
#11 D:\wamp\www\Mobile_Kitchen\framework\web\CWebApplication.php(282): CController->run('wxGetadslist')
#12 D:\wamp\www\Mobile_Kitchen\framework\web\CWebApplication.php(141): CWebApplication->runController('Address/wxGetad...')
#13 D:\wamp\www\Mobile_Kitchen\framework\base\CApplication.php(185): CWebApplication->processRequest()
#14 D:\wamp\www\Mobile_Kitchen\index.php(35): CApplication->run()
#15 {main}
REQUEST_URI=/Mobile_Kitchen/index.php?r=Address/wxGetadslist&account=
HTTP_REFERER=https://servicewechat.com/wxf392ee482ff9e385/devtools/page-frame.html
---
2024/06/05 10:08:46 [error] [system.db.CDbCommand] CDbCommand::fetchAll() failed: SQLSTATE[42000]: Syntax error or access violation: 1064 Erreur de syntaxe près de 'ORDER BY id ASC' à la ligne 1. The SQL statement executed was: SELECT * FROM `address` `t` WHERE gf_account =  ORDER BY id ASC.
2024/06/05 10:08:46 [error] [exception.CDbException] exception 'CDbException' with message 'CDbCommand 无法执行 SQL 语句: SQLSTATE[42000]: Syntax error or access violation: 1064 Erreur de syntaxe près de 'ORDER BY id ASC' à la ligne 1' in D:\wamp\www\Mobile_Kitchen\framework\db\CDbCommand.php:543
Stack trace:
#0 D:\wamp\www\Mobile_Kitchen\framework\db\CDbCommand.php(396): CDbCommand->queryInternal('fetchAll', Array, Array)
#1 D:\wamp\www\Mobile_Kitchen\framework\db\ar\CActiveRecord.php(1360): CDbCommand->queryAll()
#2 D:\wamp\www\Mobile_Kitchen\framework\db\ar\CActiveRecord.php(1480): CActiveRecord->query(Object(CDbCriteria), true, true)
#3 D:\wamp\www\Mobile_Kitchen\admin\components\BaseModel.php(664): CActiveRecord->findAll(Object(CDbCriteria), Array, true)
#4 D:\wamp\www\Mobile_Kitchen\admin\controllers\AddressController.php(80): BaseModel->findAll(Object(CDbCriteria))
#5 [internal function]: AddressController->actionwxGetadslist('', '0')
#6 D:\wamp\www\Mobile_Kitchen\framework\web\actions\CAction.php(109): ReflectionMethod->invokeArgs(Object(AddressController), Array)
#7 D:\wamp\www\Mobile_Kitchen\framework\web\actions\CInlineAction.php(47): CAction->runWithParamsInternal(Object(AddressController), Object(ReflectionMethod), Array)
#8 D:\wamp\www\Mobile_Kitchen\framework\web\CController.php(308): CInlineAction->runWithParams(Array)
#9 D:\wamp\www\Mobile_Kitchen\framework\web\CController.php(286): CController->runAction(Object(CInlineAction))
#10 D:\wamp\www\Mobile_Kitchen\framework\web\CController.php(265): CController->runActionWithFilters(Object(CInlineAction), Array)
#11 D:\wamp\www\Mobile_Kitchen\framework\web\CWebApplication.php(282): CController->run('wxGetadslist')
#12 D:\wamp\www\Mobile_Kitchen\framework\web\CWebApplication.php(141): CWebApplication->runController('Address/wxGetad...')
#13 D:\wamp\www\Mobile_Kitchen\framework\base\CApplication.php(185): CWebApplication->processRequest()
#14 D:\wamp\www\Mobile_Kitchen\index.php(35): CApplication->run()
#15 {main}
REQUEST_URI=/Mobile_Kitchen/index.php?r=Address/wxGetadslist&account=
HTTP_REFERER=https://servicewechat.com/wxf392ee482ff9e385/devtools/page-frame.html
---
2024/06/05 10:11:57 [error] [system.db.CDbCommand] CDbCommand::fetchAll() failed: SQLSTATE[42000]: Syntax error or access violation: 1064 Erreur de syntaxe près de 'ORDER BY id ASC' à la ligne 1. The SQL statement executed was: SELECT * FROM `address` `t` WHERE gf_account =  ORDER BY id ASC.
2024/06/05 10:11:57 [error] [exception.CDbException] exception 'CDbException' with message 'CDbCommand 无法执行 SQL 语句: SQLSTATE[42000]: Syntax error or access violation: 1064 Erreur de syntaxe près de 'ORDER BY id ASC' à la ligne 1' in D:\wamp\www\Mobile_Kitchen\framework\db\CDbCommand.php:543
Stack trace:
#0 D:\wamp\www\Mobile_Kitchen\framework\db\CDbCommand.php(396): CDbCommand->queryInternal('fetchAll', Array, Array)
#1 D:\wamp\www\Mobile_Kitchen\framework\db\ar\CActiveRecord.php(1360): CDbCommand->queryAll()
#2 D:\wamp\www\Mobile_Kitchen\framework\db\ar\CActiveRecord.php(1480): CActiveRecord->query(Object(CDbCriteria), true, true)
#3 D:\wamp\www\Mobile_Kitchen\admin\components\BaseModel.php(664): CActiveRecord->findAll(Object(CDbCriteria), Array, true)
#4 D:\wamp\www\Mobile_Kitchen\admin\controllers\AddressController.php(80): BaseModel->findAll(Object(CDbCriteria))
#5 [internal function]: AddressController->actionwxGetadslist('', '0')
#6 D:\wamp\www\Mobile_Kitchen\framework\web\actions\CAction.php(109): ReflectionMethod->invokeArgs(Object(AddressController), Array)
#7 D:\wamp\www\Mobile_Kitchen\framework\web\actions\CInlineAction.php(47): CAction->runWithParamsInternal(Object(AddressController), Object(ReflectionMethod), Array)
#8 D:\wamp\www\Mobile_Kitchen\framework\web\CController.php(308): CInlineAction->runWithParams(Array)
#9 D:\wamp\www\Mobile_Kitchen\framework\web\CController.php(286): CController->runAction(Object(CInlineAction))
#10 D:\wamp\www\Mobile_Kitchen\framework\web\CController.php(265): CController->runActionWithFilters(Object(CInlineAction), Array)
#11 D:\wamp\www\Mobile_Kitchen\framework\web\CWebApplication.php(282): CController->run('wxGetadslist')
#12 D:\wamp\www\Mobile_Kitchen\framework\web\CWebApplication.php(141): CWebApplication->runController('Address/wxGetad...')
#13 D:\wamp\www\Mobile_Kitchen\framework\base\CApplication.php(185): CWebApplication->processRequest()
#14 D:\wamp\www\Mobile_Kitchen\index.php(35): CApplication->run()
#15 {main}
REQUEST_URI=/Mobile_Kitchen/index.php?r=Address/wxGetadslist&account=
HTTP_REFERER=https://servicewechat.com/wxf392ee482ff9e385/devtools/page-frame.html
---
2024/06/05 10:12:02 [error] [system.db.CDbCommand] CDbCommand::fetchAll() failed: SQLSTATE[42000]: Syntax error or access violation: 1064 Erreur de syntaxe près de 'ORDER BY id ASC' à la ligne 1. The SQL statement executed was: SELECT * FROM `address` `t` WHERE gf_account =  ORDER BY id ASC.
2024/06/05 10:12:02 [error] [exception.CDbException] exception 'CDbException' with message 'CDbCommand 无法执行 SQL 语句: SQLSTATE[42000]: Syntax error or access violation: 1064 Erreur de syntaxe près de 'ORDER BY id ASC' à la ligne 1' in D:\wamp\www\Mobile_Kitchen\framework\db\CDbCommand.php:543
Stack trace:
#0 D:\wamp\www\Mobile_Kitchen\framework\db\CDbCommand.php(396): CDbCommand->queryInternal('fetchAll', Array, Array)
#1 D:\wamp\www\Mobile_Kitchen\framework\db\ar\CActiveRecord.php(1360): CDbCommand->queryAll()
#2 D:\wamp\www\Mobile_Kitchen\framework\db\ar\CActiveRecord.php(1480): CActiveRecord->query(Object(CDbCriteria), true, true)
#3 D:\wamp\www\Mobile_Kitchen\admin\components\BaseModel.php(664): CActiveRecord->findAll(Object(CDbCriteria), Array, true)
#4 D:\wamp\www\Mobile_Kitchen\admin\controllers\AddressController.php(80): BaseModel->findAll(Object(CDbCriteria))
#5 [internal function]: AddressController->actionwxGetadslist('', '0')
#6 D:\wamp\www\Mobile_Kitchen\framework\web\actions\CAction.php(109): ReflectionMethod->invokeArgs(Object(AddressController), Array)
#7 D:\wamp\www\Mobile_Kitchen\framework\web\actions\CInlineAction.php(47): CAction->runWithParamsInternal(Object(AddressController), Object(ReflectionMethod), Array)
#8 D:\wamp\www\Mobile_Kitchen\framework\web\CController.php(308): CInlineAction->runWithParams(Array)
#9 D:\wamp\www\Mobile_Kitchen\framework\web\CController.php(286): CController->runAction(Object(CInlineAction))
#10 D:\wamp\www\Mobile_Kitchen\framework\web\CController.php(265): CController->runActionWithFilters(Object(CInlineAction), Array)
#11 D:\wamp\www\Mobile_Kitchen\framework\web\CWebApplication.php(282): CController->run('wxGetadslist')
#12 D:\wamp\www\Mobile_Kitchen\framework\web\CWebApplication.php(141): CWebApplication->runController('Address/wxGetad...')
#13 D:\wamp\www\Mobile_Kitchen\framework\base\CApplication.php(185): CWebApplication->processRequest()
#14 D:\wamp\www\Mobile_Kitchen\index.php(35): CApplication->run()
#15 {main}
REQUEST_URI=/Mobile_Kitchen/index.php?r=Address/wxGetadslist&account=
HTTP_REFERER=https://servicewechat.com/wxf392ee482ff9e385/devtools/page-frame.html
---
2024/06/05 10:12:07 [error] [system.db.CDbCommand] CDbCommand::fetchAll() failed: SQLSTATE[42000]: Syntax error or access violation: 1064 Erreur de syntaxe près de 'ORDER BY id ASC' à la ligne 1. The SQL statement executed was: SELECT * FROM `address` `t` WHERE gf_account =  ORDER BY id ASC.
2024/06/05 10:12:07 [error] [exception.CDbException] exception 'CDbException' with message 'CDbCommand 无法执行 SQL 语句: SQLSTATE[42000]: Syntax error or access violation: 1064 Erreur de syntaxe près de 'ORDER BY id ASC' à la ligne 1' in D:\wamp\www\Mobile_Kitchen\framework\db\CDbCommand.php:543
Stack trace:
#0 D:\wamp\www\Mobile_Kitchen\framework\db\CDbCommand.php(396): CDbCommand->queryInternal('fetchAll', Array, Array)
#1 D:\wamp\www\Mobile_Kitchen\framework\db\ar\CActiveRecord.php(1360): CDbCommand->queryAll()
#2 D:\wamp\www\Mobile_Kitchen\framework\db\ar\CActiveRecord.php(1480): CActiveRecord->query(Object(CDbCriteria), true, true)
#3 D:\wamp\www\Mobile_Kitchen\admin\components\BaseModel.php(664): CActiveRecord->findAll(Object(CDbCriteria), Array, true)
#4 D:\wamp\www\Mobile_Kitchen\admin\controllers\AddressController.php(80): BaseModel->findAll(Object(CDbCriteria))
#5 [internal function]: AddressController->actionwxGetadslist('', '0')
#6 D:\wamp\www\Mobile_Kitchen\framework\web\actions\CAction.php(109): ReflectionMethod->invokeArgs(Object(AddressController), Array)
#7 D:\wamp\www\Mobile_Kitchen\framework\web\actions\CInlineAction.php(47): CAction->runWithParamsInternal(Object(AddressController), Object(ReflectionMethod), Array)
#8 D:\wamp\www\Mobile_Kitchen\framework\web\CController.php(308): CInlineAction->runWithParams(Array)
#9 D:\wamp\www\Mobile_Kitchen\framework\web\CController.php(286): CController->runAction(Object(CInlineAction))
#10 D:\wamp\www\Mobile_Kitchen\framework\web\CController.php(265): CController->runActionWithFilters(Object(CInlineAction), Array)
#11 D:\wamp\www\Mobile_Kitchen\framework\web\CWebApplication.php(282): CController->run('wxGetadslist')
#12 D:\wamp\www\Mobile_Kitchen\framework\web\CWebApplication.php(141): CWebApplication->runController('Address/wxGetad...')
#13 D:\wamp\www\Mobile_Kitchen\framework\base\CApplication.php(185): CWebApplication->processRequest()
#14 D:\wamp\www\Mobile_Kitchen\index.php(35): CApplication->run()
#15 {main}
REQUEST_URI=/Mobile_Kitchen/index.php?r=Address/wxGetadslist&account=
HTTP_REFERER=https://servicewechat.com/wxf392ee482ff9e385/devtools/page-frame.html
---
2024/06/05 10:12:17 [error] [php] Trying to get property of non-object (D:\wamp\www\Mobile_Kitchen\admin\controllers\MealDataController.php:285)
Stack trace:
#0 D:\wamp\www\Mobile_Kitchen\framework\web\actions\CInlineAction.php(47): CInlineAction->runWithParamsInternal()
#1 D:\wamp\www\Mobile_Kitchen\framework\web\CController.php(308): CInlineAction->runWithParams()
#2 D:\wamp\www\Mobile_Kitchen\framework\web\CController.php(286): MealDataController->runAction()
#3 D:\wamp\www\Mobile_Kitchen\framework\web\CController.php(265): MealDataController->runActionWithFilters()
#4 D:\wamp\www\Mobile_Kitchen\framework\web\CWebApplication.php(282): MealDataController->run()
#5 D:\wamp\www\Mobile_Kitchen\framework\web\CWebApplication.php(141): CWebApplication->runController()
#6 D:\wamp\www\Mobile_Kitchen\framework\base\CApplication.php(185): CWebApplication->processRequest()
#7 D:\wamp\www\Mobile_Kitchen\index.php(35): CWebApplication->run()
REQUEST_URI=/Mobile_Kitchen/index.php?r=MealData/wxgetdishdetail&meal_id=undefined
2024/06/05 23:35:28 [error] [exception.CHttpException.404] exception 'CHttpException' with message '无法解析请求 "sensitiveWords/index"。' in D:\wamp\www\Mobile_Kitchen\framework\web\CWebApplication.php:286
Stack trace:
#0 D:\wamp\www\Mobile_Kitchen\framework\web\CWebApplication.php(141): CWebApplication->runController('sensitiveWords/...')
#1 D:\wamp\www\Mobile_Kitchen\framework\base\CApplication.php(185): CWebApplication->processRequest()
#2 D:\wamp\www\Mobile_Kitchen\index.php(35): CApplication->run()
#3 {main}
REQUEST_URI=/mobile_kitchen/index.php?r=sensitiveWords/index
HTTP_REFERER=http://127.0.0.1/mobile_kitchen/index.php?r=index/menu&type=Z
---
2024/06/05 23:35:28 [error] [exception.CHttpException.404] exception 'CHttpException' with message '无法解析请求 "gfFriendshipLink/index"。' in D:\wamp\www\Mobile_Kitchen\framework\web\CWebApplication.php:286
Stack trace:
#0 D:\wamp\www\Mobile_Kitchen\framework\web\CWebApplication.php(141): CWebApplication->runController('gfFriendshipLin...')
#1 D:\wamp\www\Mobile_Kitchen\framework\base\CApplication.php(185): CWebApplication->processRequest()
#2 D:\wamp\www\Mobile_Kitchen\index.php(35): CApplication->run()
#3 {main}
REQUEST_URI=/mobile_kitchen/index.php?r=gfFriendshipLink/index
HTTP_REFERER=http://127.0.0.1/mobile_kitchen/index.php?r=index/menu&type=Z
---
2024/06/05 23:35:29 [error] [exception.CHttpException.404] exception 'CHttpException' with message '无法解析请求 "gfFriendshipLink/index"。' in D:\wamp\www\Mobile_Kitchen\framework\web\CWebApplication.php:286
Stack trace:
#0 D:\wamp\www\Mobile_Kitchen\framework\web\CWebApplication.php(141): CWebApplication->runController('gfFriendshipLin...')
#1 D:\wamp\www\Mobile_Kitchen\framework\base\CApplication.php(185): CWebApplication->processRequest()
#2 D:\wamp\www\Mobile_Kitchen\index.php(35): CApplication->run()
#3 {main}
REQUEST_URI=/mobile_kitchen/index.php?r=gfFriendshipLink/index
HTTP_REFERER=http://127.0.0.1/mobile_kitchen/index.php?r=index/menu&type=Z
---
2024/06/05 23:35:30 [error] [exception.CHttpException.404] exception 'CHttpException' with message '无法解析请求 "sensitiveWords/index"。' in D:\wamp\www\Mobile_Kitchen\framework\web\CWebApplication.php:286
Stack trace:
#0 D:\wamp\www\Mobile_Kitchen\framework\web\CWebApplication.php(141): CWebApplication->runController('sensitiveWords/...')
#1 D:\wamp\www\Mobile_Kitchen\framework\base\CApplication.php(185): CWebApplication->processRequest()
#2 D:\wamp\www\Mobile_Kitchen\index.php(35): CApplication->run()
#3 {main}
REQUEST_URI=/mobile_kitchen/index.php?r=sensitiveWords/index
HTTP_REFERER=http://127.0.0.1/mobile_kitchen/index.php?r=index/menu&type=Z
---
2024/06/05 23:35:32 [error] [exception.CHttpException.404] exception 'CHttpException' with message '无法解析请求 "sensitiveWords/index"。' in D:\wamp\www\Mobile_Kitchen\framework\web\CWebApplication.php:286
Stack trace:
#0 D:\wamp\www\Mobile_Kitchen\framework\web\CWebApplication.php(141): CWebApplication->runController('sensitiveWords/...')
#1 D:\wamp\www\Mobile_Kitchen\framework\base\CApplication.php(185): CWebApplication->processRequest()
#2 D:\wamp\www\Mobile_Kitchen\index.php(35): CApplication->run()
#3 {main}
REQUEST_URI=/mobile_kitchen/index.php?r=sensitiveWords/index
HTTP_REFERER=http://127.0.0.1/mobile_kitchen/index.php?r=index/menu&type=Z
---
2024/06/05 23:35:35 [error] [exception.CHttpException.404] exception 'CHttpException' with message '无法解析请求 "gfFriendshipLink/index"。' in D:\wamp\www\Mobile_Kitchen\framework\web\CWebApplication.php:286
Stack trace:
#0 D:\wamp\www\Mobile_Kitchen\framework\web\CWebApplication.php(141): CWebApplication->runController('gfFriendshipLin...')
#1 D:\wamp\www\Mobile_Kitchen\framework\base\CApplication.php(185): CWebApplication->processRequest()
#2 D:\wamp\www\Mobile_Kitchen\index.php(35): CApplication->run()
#3 {main}
REQUEST_URI=/mobile_kitchen/index.php?r=gfFriendshipLink/index
HTTP_REFERER=http://127.0.0.1/mobile_kitchen/index.php?r=index/menu&type=Z
---
2024/06/05 23:35:38 [error] [exception.CHttpException.404] exception 'CHttpException' with message '无法解析请求 "gfFriendshipLink/index"。' in D:\wamp\www\Mobile_Kitchen\framework\web\CWebApplication.php:286
Stack trace:
#0 D:\wamp\www\Mobile_Kitchen\framework\web\CWebApplication.php(141): CWebApplication->runController('gfFriendshipLin...')
#1 D:\wamp\www\Mobile_Kitchen\framework\base\CApplication.php(185): CWebApplication->processRequest()
#2 D:\wamp\www\Mobile_Kitchen\index.php(35): CApplication->run()
#3 {main}
REQUEST_URI=/mobile_kitchen/index.php?r=gfFriendshipLink/index
HTTP_REFERER=http://127.0.0.1/mobile_kitchen/index.php?r=index/menu&type=Z
---
2024/06/05 23:35:39 [error] [exception.CHttpException.404] exception 'CHttpException' with message '无法解析请求 "sensitiveWords/index"。' in D:\wamp\www\Mobile_Kitchen\framework\web\CWebApplication.php:286
Stack trace:
#0 D:\wamp\www\Mobile_Kitchen\framework\web\CWebApplication.php(141): CWebApplication->runController('sensitiveWords/...')
#1 D:\wamp\www\Mobile_Kitchen\framework\base\CApplication.php(185): CWebApplication->processRequest()
#2 D:\wamp\www\Mobile_Kitchen\index.php(35): CApplication->run()
#3 {main}
REQUEST_URI=/mobile_kitchen/index.php?r=sensitiveWords/index
HTTP_REFERER=http://127.0.0.1/mobile_kitchen/index.php?r=index/menu&type=Z
---
2024/06/05 23:36:35 [error] [exception.CHttpException.404] exception 'CHttpException' with message '无法解析请求 "gfPaySet/gfPay"。' in D:\wamp\www\Mobile_Kitchen\framework\web\CWebApplication.php:286
Stack trace:
#0 D:\wamp\www\Mobile_Kitchen\framework\web\CWebApplication.php(141): CWebApplication->runController('gfPaySet/gfPay')
#1 D:\wamp\www\Mobile_Kitchen\framework\base\CApplication.php(185): CWebApplication->processRequest()
#2 D:\wamp\www\Mobile_Kitchen\index.php(35): CApplication->run()
#3 {main}
REQUEST_URI=/mobile_kitchen/index.php?r=gfPaySet/gfPay&client=1031
HTTP_REFERER=http://127.0.0.1/mobile_kitchen/index.php?r=index/menu&type=Z
---
2024/06/05 23:36:35 [error] [exception.CHttpException.404] exception 'CHttpException' with message '无法解析请求 "gfFriendshipLink/index"。' in D:\wamp\www\Mobile_Kitchen\framework\web\CWebApplication.php:286
Stack trace:
#0 D:\wamp\www\Mobile_Kitchen\framework\web\CWebApplication.php(141): CWebApplication->runController('gfFriendshipLin...')
#1 D:\wamp\www\Mobile_Kitchen\framework\base\CApplication.php(185): CWebApplication->processRequest()
#2 D:\wamp\www\Mobile_Kitchen\index.php(35): CApplication->run()
#3 {main}
REQUEST_URI=/mobile_kitchen/index.php?r=gfFriendshipLink/index
HTTP_REFERER=http://127.0.0.1/mobile_kitchen/index.php?r=index/menu&type=Z
---
2024/06/05 23:36:36 [error] [exception.CHttpException.404] exception 'CHttpException' with message '无法解析请求 "gfFriendshipLink/index"。' in D:\wamp\www\Mobile_Kitchen\framework\web\CWebApplication.php:286
Stack trace:
#0 D:\wamp\www\Mobile_Kitchen\framework\web\CWebApplication.php(141): CWebApplication->runController('gfFriendshipLin...')
#1 D:\wamp\www\Mobile_Kitchen\framework\base\CApplication.php(185): CWebApplication->processRequest()
#2 D:\wamp\www\Mobile_Kitchen\index.php(35): CApplication->run()
#3 {main}
REQUEST_URI=/mobile_kitchen/index.php?r=gfFriendshipLink/index
HTTP_REFERER=http://127.0.0.1/mobile_kitchen/index.php?r=index/menu&type=Z
---
2024/06/05 23:36:37 [error] [exception.CHttpException.404] exception 'CHttpException' with message '无法解析请求 "gfPaySet/gfPay"。' in D:\wamp\www\Mobile_Kitchen\framework\web\CWebApplication.php:286
Stack trace:
#0 D:\wamp\www\Mobile_Kitchen\framework\web\CWebApplication.php(141): CWebApplication->runController('gfPaySet/gfPay')
#1 D:\wamp\www\Mobile_Kitchen\framework\base\CApplication.php(185): CWebApplication->processRequest()
#2 D:\wamp\www\Mobile_Kitchen\index.php(35): CApplication->run()
#3 {main}
REQUEST_URI=/mobile_kitchen/index.php?r=gfPaySet/gfPay&client=1031
HTTP_REFERER=http://127.0.0.1/mobile_kitchen/index.php?r=index/menu&type=Z
---
2024/06/05 23:36:37 [error] [exception.CHttpException.404] exception 'CHttpException' with message '无法解析请求 "gfPaySet/gfPay"。' in D:\wamp\www\Mobile_Kitchen\framework\web\CWebApplication.php:286
Stack trace:
#0 D:\wamp\www\Mobile_Kitchen\framework\web\CWebApplication.php(141): CWebApplication->runController('gfPaySet/gfPay')
#1 D:\wamp\www\Mobile_Kitchen\framework\base\CApplication.php(185): CWebApplication->processRequest()
#2 D:\wamp\www\Mobile_Kitchen\index.php(35): CApplication->run()
#3 {main}
REQUEST_URI=/mobile_kitchen/index.php?r=gfPaySet/gfPay&client=1031
HTTP_REFERER=http://127.0.0.1/mobile_kitchen/index.php?r=index/menu&type=Z
---
2024/06/05 23:36:38 [error] [exception.CHttpException.404] exception 'CHttpException' with message '无法解析请求 "sensitiveWords/index"。' in D:\wamp\www\Mobile_Kitchen\framework\web\CWebApplication.php:286
Stack trace:
#0 D:\wamp\www\Mobile_Kitchen\framework\web\CWebApplication.php(141): CWebApplication->runController('sensitiveWords/...')
#1 D:\wamp\www\Mobile_Kitchen\framework\base\CApplication.php(185): CWebApplication->processRequest()
#2 D:\wamp\www\Mobile_Kitchen\index.php(35): CApplication->run()
#3 {main}
REQUEST_URI=/mobile_kitchen/index.php?r=sensitiveWords/index
HTTP_REFERER=http://127.0.0.1/mobile_kitchen/index.php?r=index/menu&type=Z
---
2024/06/05 23:37:43 [error] [exception.CHttpException.404] exception 'CHttpException' with message '无法解析请求 "gfPaySet/gfPay"。' in D:\wamp\www\Mobile_Kitchen\framework\web\CWebApplication.php:286
Stack trace:
#0 D:\wamp\www\Mobile_Kitchen\framework\web\CWebApplication.php(141): CWebApplication->runController('gfPaySet/gfPay')
#1 D:\wamp\www\Mobile_Kitchen\framework\base\CApplication.php(185): CWebApplication->processRequest()
#2 D:\wamp\www\Mobile_Kitchen\index.php(35): CApplication->run()
#3 {main}
REQUEST_URI=/mobile_kitchen/index.php?r=gfPaySet/gfPay&client=1031
HTTP_REFERER=http://127.0.0.1/mobile_kitchen/index.php?r=index/menu&type=Z
---
2024/06/05 23:37:44 [error] [exception.CHttpException.404] exception 'CHttpException' with message '无法解析请求 "gfPaySet/gfPay"。' in D:\wamp\www\Mobile_Kitchen\framework\web\CWebApplication.php:286
Stack trace:
#0 D:\wamp\www\Mobile_Kitchen\framework\web\CWebApplication.php(141): CWebApplication->runController('gfPaySet/gfPay')
#1 D:\wamp\www\Mobile_Kitchen\framework\base\CApplication.php(185): CWebApplication->processRequest()
#2 D:\wamp\www\Mobile_Kitchen\index.php(35): CApplication->run()
#3 {main}
REQUEST_URI=/mobile_kitchen/index.php?r=gfPaySet/gfPay&client=1031
HTTP_REFERER=http://127.0.0.1/mobile_kitchen/index.php?r=index/menu&type=Z
---
2024/06/05 23:37:45 [error] [exception.CHttpException.404] exception 'CHttpException' with message '无法解析请求 "sensitiveWords/index"。' in D:\wamp\www\Mobile_Kitchen\framework\web\CWebApplication.php:286
Stack trace:
#0 D:\wamp\www\Mobile_Kitchen\framework\web\CWebApplication.php(141): CWebApplication->runController('sensitiveWords/...')
#1 D:\wamp\www\Mobile_Kitchen\framework\base\CApplication.php(185): CWebApplication->processRequest()
#2 D:\wamp\www\Mobile_Kitchen\index.php(35): CApplication->run()
#3 {main}
REQUEST_URI=/mobile_kitchen/index.php?r=sensitiveWords/index
HTTP_REFERER=http://127.0.0.1/mobile_kitchen/index.php?r=index/menu&type=Z
---
2024/06/05 23:39:13 [error] [exception.CHttpException.404] exception 'CHttpException' with message '无法解析请求 "sensitiveWords/index"。' in D:\wamp\www\Mobile_Kitchen\framework\web\CWebApplication.php:286
Stack trace:
#0 D:\wamp\www\Mobile_Kitchen\framework\web\CWebApplication.php(141): CWebApplication->runController('sensitiveWords/...')
#1 D:\wamp\www\Mobile_Kitchen\framework\base\CApplication.php(185): CWebApplication->processRequest()
#2 D:\wamp\www\Mobile_Kitchen\index.php(35): CApplication->run()
#3 {main}
REQUEST_URI=/mobile_kitchen/index.php?r=sensitiveWords/index
HTTP_REFERER=http://127.0.0.1/mobile_kitchen/index.php?r=index/menu&type=Z
---
2024/06/05 23:39:17 [error] [exception.CHttpException.404] exception 'CHttpException' with message '无法解析请求 "gfPaySet/gfPay"。' in D:\wamp\www\Mobile_Kitchen\framework\web\CWebApplication.php:286
Stack trace:
#0 D:\wamp\www\Mobile_Kitchen\framework\web\CWebApplication.php(141): CWebApplication->runController('gfPaySet/gfPay')
#1 D:\wamp\www\Mobile_Kitchen\framework\base\CApplication.php(185): CWebApplication->processRequest()
#2 D:\wamp\www\Mobile_Kitchen\index.php(35): CApplication->run()
#3 {main}
REQUEST_URI=/mobile_kitchen/index.php?r=gfPaySet/gfPay&client=1031
HTTP_REFERER=http://127.0.0.1/mobile_kitchen/index.php?r=index/menu&type=Z
---
2024/06/05 23:39:19 [error] [exception.CHttpException.404] exception 'CHttpException' with message '无法解析请求 "gfFriendshipLink/index"。' in D:\wamp\www\Mobile_Kitchen\framework\web\CWebApplication.php:286
Stack trace:
#0 D:\wamp\www\Mobile_Kitchen\framework\web\CWebApplication.php(141): CWebApplication->runController('gfFriendshipLin...')
#1 D:\wamp\www\Mobile_Kitchen\framework\base\CApplication.php(185): CWebApplication->processRequest()
#2 D:\wamp\www\Mobile_Kitchen\index.php(35): CApplication->run()
#3 {main}
REQUEST_URI=/mobile_kitchen/index.php?r=gfFriendshipLink/index
HTTP_REFERER=http://127.0.0.1/mobile_kitchen/index.php?r=index/menu&type=Z
---
2024/06/05 23:41:29 [error] [exception.CException] exception 'CException' with message '属性 "ClubListUpdate.id_card_face" 未被定义.' in D:\wamp\www\Mobile_Kitchen\framework\base\CComponent.php:130
Stack trace:
#0 D:\wamp\www\Mobile_Kitchen\framework\db\ar\CActiveRecord.php(145): CComponent->__get('id_card_face')
#1 D:\wamp\www\Mobile_Kitchen\framework\web\helpers\CHtml.php(2747): CActiveRecord->__get('id_card_face')
#2 D:\wamp\www\Mobile_Kitchen\framework\web\helpers\CHtml.php(2470): CHtml::resolveValue(Object(ClubListUpdate), 'id_card_face')
#3 D:\wamp\www\Mobile_Kitchen\framework\web\helpers\CHtml.php(1795): CHtml::activeInputField('hidden', Object(ClubListUpdate), 'id_card_face', Array)
#4 D:\wamp\www\Mobile_Kitchen\framework\web\widgets\CActiveForm.php(823): CHtml::activeHiddenField(Object(ClubListUpdate), 'id_card_face', Array)
#5 D:\wamp\www\Mobile_Kitchen\admin\views\clubListUpdate\update.php(193): CActiveForm->hiddenField(Object(ClubListUpdate), 'id_card_face', Array)
#6 D:\wamp\www\Mobile_Kitchen\framework\web\CBaseController.php(126): require('D:\\wamp\\www\\Mob...')
#7 D:\wamp\www\Mobile_Kitchen\framework\web\CBaseController.php(95): CBaseController->renderInternal('D:\\wamp\\www\\Mob...', Array, true)
#8 D:\wamp\www\Mobile_Kitchen\framework\web\CController.php(872): CBaseController->renderFile('D:\\wamp\\www\\Mob...', Array, true)
#9 D:\wamp\www\Mobile_Kitchen\framework\web\CController.php(785): CController->renderPartial('update', Array, true)
#10 D:\wamp\www\Mobile_Kitchen\admin\controllers\ClubListUpdateController.php(60): CController->render('update', Array)
#11 D:\wamp\www\Mobile_Kitchen\framework\web\actions\CInlineAction.php(49): ClubListUpdateController->actionCreate()
#12 D:\wamp\www\Mobile_Kitchen\framework\web\CController.php(308): CInlineAction->runWithParams(Array)
#13 D:\wamp\www\Mobile_Kitchen\framework\web\CController.php(286): CController->runAction(Object(CInlineAction))
#14 D:\wamp\www\Mobile_Kitchen\framework\web\CController.php(265): CController->runActionWithFilters(Object(CInlineAction), Array)
#15 D:\wamp\www\Mobile_Kitchen\framework\web\CWebApplication.php(282): CController->run('create')
#16 D:\wamp\www\Mobile_Kitchen\framework\web\CWebApplication.php(141): CWebApplication->runController('clubListUpdate/...')
#17 D:\wamp\www\Mobile_Kitchen\framework\base\CApplication.php(185): CWebApplication->processRequest()
#18 D:\wamp\www\Mobile_Kitchen\index.php(35): CApplication->run()
#19 {main}
REQUEST_URI=/mobile_kitchen/index.php?r=clubListUpdate/create
HTTP_REFERER=http://127.0.0.1/mobile_kitchen/index.php?r=ClubListUpdate/index
---
2024/06/05 23:42:48 [error] [php] Undefined variable: roles (D:\wamp\www\Mobile_Kitchen\admin\views\clubadmin\update.php:71)
Stack trace:
#0 D:\wamp\www\Mobile_Kitchen\framework\web\CController.php(872): ClubadminController->renderFile()
#1 D:\wamp\www\Mobile_Kitchen\framework\web\CController.php(785): ClubadminController->renderPartial()
#2 D:\wamp\www\Mobile_Kitchen\admin\controllers\ClubadminController.php(57): ClubadminController->render()
#3 D:\wamp\www\Mobile_Kitchen\admin\controllers\ClubadminController.php(34): ClubadminController->showView()
#4 D:\wamp\www\Mobile_Kitchen\admin\controllers\ClubadminController.php(29): ClubadminController->actionUpdate()
#5 D:\wamp\www\Mobile_Kitchen\framework\web\actions\CInlineAction.php(49): ClubadminController->actionCreate()
#6 D:\wamp\www\Mobile_Kitchen\framework\web\CController.php(308): CInlineAction->runWithParams()
#7 D:\wamp\www\Mobile_Kitchen\framework\web\CController.php(286): ClubadminController->runAction()
#8 D:\wamp\www\Mobile_Kitchen\framework\web\CController.php(265): ClubadminController->runActionWithFilters()
#9 D:\wamp\www\Mobile_Kitchen\framework\web\CWebApplication.php(282): ClubadminController->run()
#10 D:\wamp\www\Mobile_Kitchen\framework\web\CWebApplication.php(141): CWebApplication->runController()
#11 D:\wamp\www\Mobile_Kitchen\framework\base\CApplication.php(185): CWebApplication->processRequest()
#12 D:\wamp\www\Mobile_Kitchen\index.php(35): CWebApplication->run()
REQUEST_URI=/mobile_kitchen/index.php?r=clubadmin/create&lang_type=1
