2024/01/27 20:11:20 [error] [system.db.CDbCommand] CDbCommand::fetchAll() failed: SQLSTATE[42S02]: Base table or view not found: 1146 Table 'sport.qmdd_administrators_receive_message' doesn't exist. The SQL statement executed was: SHOW FULL COLUMNS FROM `qmdd_administrators_receive_message`.
2024/01/27 20:11:20 [error] [exception.CDbException] exception 'CDbException' with message '数据库中无法找到 active record class "QmddAdministratorsReceiveMessage" 对应的 table "{{qmdd_administrators_receive_message}}".' in E:\WORK\scnu\hsyii\wamp64\www\sports\admin\qmdd2018\framework\db\ar\CActiveRecord.php:2403
Stack trace:
#0 E:\WORK\scnu\hsyii\wamp64\www\sports\admin\qmdd2018\framework\db\ar\CActiveRecord.php(413): CActiveRecordMetaData->__construct(Object(QmddAdministratorsReceiveMessage))
#1 E:\WORK\scnu\hsyii\wamp64\www\sports\admin\qmdd2018\framework\db\ar\CActiveRecord.php(663): CActiveRecord->getMetaData()
#2 E:\WORK\scnu\hsyii\wamp64\www\sports\admin\qmdd2018\framework\db\ar\CActiveRecord.php(1611): CActiveRecord->getTableSchema()
#3 E:\WORK\scnu\hsyii\wamp64\www\sports\admin\qmdd2018\admin\controllers\QmddAdministratorsReceiveMessageController.php(68): CActiveRecord->count('r_club_code=201...')
#4 [internal function]: QmddAdministratorsReceiveMessageController->actionMessageCount('')
#5 E:\WORK\scnu\hsyii\wamp64\www\sports\admin\qmdd2018\framework\web\actions\CAction.php(109): ReflectionMethod->invokeArgs(Object(QmddAdministratorsReceiveMessageController), Array)
#6 E:\WORK\scnu\hsyii\wamp64\www\sports\admin\qmdd2018\framework\web\actions\CInlineAction.php(47): CAction->runWithParamsInternal(Object(QmddAdministratorsReceiveMessageController), Object(ReflectionMethod), Array)
#7 E:\WORK\scnu\hsyii\wamp64\www\sports\admin\qmdd2018\framework\web\CController.php(308): CInlineAction->runWithParams(Array)
#8 E:\WORK\scnu\hsyii\wamp64\www\sports\admin\qmdd2018\framework\web\CController.php(286): CController->runAction(Object(CInlineAction))
#9 E:\WORK\scnu\hsyii\wamp64\www\sports\admin\qmdd2018\framework\web\CController.php(265): CController->runActionWithFilters(Object(CInlineAction), Array)
#10 E:\WORK\scnu\hsyii\wamp64\www\sports\admin\qmdd2018\framework\web\CWebApplication.php(282): CController->run('messageCount')
#11 E:\WORK\scnu\hsyii\wamp64\www\sports\admin\qmdd2018\framework\web\CWebApplication.php(141): CWebApplication->runController('qmddAdministrat...')
#12 E:\WORK\scnu\hsyii\wamp64\www\sports\admin\qmdd2018\framework\base\CApplication.php(185): CWebApplication->processRequest()
#13 E:\WORK\scnu\hsyii\wamp64\www\sports\admin\qmdd2018\index.php(34): CApplication->run()
#14 {main}
REQUEST_URI=/sports/admin/qmdd2018/index.php?r=qmddAdministratorsReceiveMessage/messageCount
HTTP_REFERER=http://127.0.0.1/sports/admin/index.php?act=top
---
2024/01/27 21:48:21 [error] [system.db.CDbCommand] CDbCommand::fetchAll() failed: SQLSTATE[42S02]: Base table or view not found: 1146 Table 'sport.qmdd_administrators_receive_message' doesn't exist. The SQL statement executed was: SHOW FULL COLUMNS FROM `qmdd_administrators_receive_message`.
2024/01/27 21:48:21 [error] [exception.CDbException] exception 'CDbException' with message '数据库中无法找到 active record class "QmddAdministratorsReceiveMessage" 对应的 table "{{qmdd_administrators_receive_message}}".' in E:\WORK\scnu\hsyii\wamp64\www\sports\admin\qmdd2018\framework\db\ar\CActiveRecord.php:2403
Stack trace:
#0 E:\WORK\scnu\hsyii\wamp64\www\sports\admin\qmdd2018\framework\db\ar\CActiveRecord.php(413): CActiveRecordMetaData->__construct(Object(QmddAdministratorsReceiveMessage))
#1 E:\WORK\scnu\hsyii\wamp64\www\sports\admin\qmdd2018\framework\db\ar\CActiveRecord.php(663): CActiveRecord->getMetaData()
#2 E:\WORK\scnu\hsyii\wamp64\www\sports\admin\qmdd2018\framework\db\ar\CActiveRecord.php(1611): CActiveRecord->getTableSchema()
#3 E:\WORK\scnu\hsyii\wamp64\www\sports\admin\qmdd2018\admin\controllers\QmddAdministratorsReceiveMessageController.php(68): CActiveRecord->count('r_club_code=201...')
#4 [internal function]: QmddAdministratorsReceiveMessageController->actionMessageCount('')
#5 E:\WORK\scnu\hsyii\wamp64\www\sports\admin\qmdd2018\framework\web\actions\CAction.php(109): ReflectionMethod->invokeArgs(Object(QmddAdministratorsReceiveMessageController), Array)
#6 E:\WORK\scnu\hsyii\wamp64\www\sports\admin\qmdd2018\framework\web\actions\CInlineAction.php(47): CAction->runWithParamsInternal(Object(QmddAdministratorsReceiveMessageController), Object(ReflectionMethod), Array)
#7 E:\WORK\scnu\hsyii\wamp64\www\sports\admin\qmdd2018\framework\web\CController.php(308): CInlineAction->runWithParams(Array)
#8 E:\WORK\scnu\hsyii\wamp64\www\sports\admin\qmdd2018\framework\web\CController.php(286): CController->runAction(Object(CInlineAction))
#9 E:\WORK\scnu\hsyii\wamp64\www\sports\admin\qmdd2018\framework\web\CController.php(265): CController->runActionWithFilters(Object(CInlineAction), Array)
#10 E:\WORK\scnu\hsyii\wamp64\www\sports\admin\qmdd2018\framework\web\CWebApplication.php(282): CController->run('messageCount')
#11 E:\WORK\scnu\hsyii\wamp64\www\sports\admin\qmdd2018\framework\web\CWebApplication.php(141): CWebApplication->runController('qmddAdministrat...')
#12 E:\WORK\scnu\hsyii\wamp64\www\sports\admin\qmdd2018\framework\base\CApplication.php(185): CWebApplication->processRequest()
#13 E:\WORK\scnu\hsyii\wamp64\www\sports\admin\qmdd2018\index.php(34): CApplication->run()
#14 {main}
REQUEST_URI=/sports/admin/qmdd2018/index.php?r=qmddAdministratorsReceiveMessage/messageCount
HTTP_REFERER=http://127.0.0.1/sports/admin/index.php?act=top
---
2024/01/27 22:13:43 [error] [php] Undefined offset: 277 (E:\WORK\scnu\hsyii\wamp64\www\sports\admin\qmdd2018\models\GfUser1.php:533)
Stack trace:
#0 unknown(0): GfUser1Controller->actionwxLogin()
#1 E:\WORK\scnu\hsyii\wamp64\www\sports\admin\qmdd2018\framework\web\actions\CAction.php(109): ReflectionMethod->invokeArgs()
#2 E:\WORK\scnu\hsyii\wamp64\www\sports\admin\qmdd2018\framework\web\actions\CInlineAction.php(47): CInlineAction->runWithParamsInternal()
#3 E:\WORK\scnu\hsyii\wamp64\www\sports\admin\qmdd2018\framework\web\CController.php(308): CInlineAction->runWithParams()
#4 E:\WORK\scnu\hsyii\wamp64\www\sports\admin\qmdd2018\framework\web\CController.php(286): GfUser1Controller->runAction()
#5 E:\WORK\scnu\hsyii\wamp64\www\sports\admin\qmdd2018\framework\web\CController.php(265): GfUser1Controller->runActionWithFilters()
#6 E:\WORK\scnu\hsyii\wamp64\www\sports\admin\qmdd2018\framework\web\CWebApplication.php(282): GfUser1Controller->run()
#7 E:\WORK\scnu\hsyii\wamp64\www\sports\admin\qmdd2018\framework\web\CWebApplication.php(141): CWebApplication->runController()
#8 E:\WORK\scnu\hsyii\wamp64\www\sports\admin\qmdd2018\framework\base\CApplication.php(185): CWebApplication->processRequest()
#9 E:\WORK\scnu\hsyii\wamp64\www\sports\admin\qmdd2018\index.php(34): CWebApplication->run()
REQUEST_URI=/sports/admin/qmdd2018/index.php?r=GfUser1/wxLogin&code=0c3DcL000G2uuR1hfU200WBpAD2DcL0I&phone_code=
2024/01/27 22:16:23 [error] [php] Undefined offset: 277 (E:\WORK\scnu\hsyii\wamp64\www\sports\admin\qmdd2018\models\GfUser1.php:533)
Stack trace:
#0 unknown(0): GfUser1Controller->actionwxLogin()
#1 E:\WORK\scnu\hsyii\wamp64\www\sports\admin\qmdd2018\framework\web\actions\CAction.php(109): ReflectionMethod->invokeArgs()
#2 E:\WORK\scnu\hsyii\wamp64\www\sports\admin\qmdd2018\framework\web\actions\CInlineAction.php(47): CInlineAction->runWithParamsInternal()
#3 E:\WORK\scnu\hsyii\wamp64\www\sports\admin\qmdd2018\framework\web\CController.php(308): CInlineAction->runWithParams()
#4 E:\WORK\scnu\hsyii\wamp64\www\sports\admin\qmdd2018\framework\web\CController.php(286): GfUser1Controller->runAction()
#5 E:\WORK\scnu\hsyii\wamp64\www\sports\admin\qmdd2018\framework\web\CController.php(265): GfUser1Controller->runActionWithFilters()
#6 E:\WORK\scnu\hsyii\wamp64\www\sports\admin\qmdd2018\framework\web\CWebApplication.php(282): GfUser1Controller->run()
#7 E:\WORK\scnu\hsyii\wamp64\www\sports\admin\qmdd2018\framework\web\CWebApplication.php(141): CWebApplication->runController()
#8 E:\WORK\scnu\hsyii\wamp64\www\sports\admin\qmdd2018\framework\base\CApplication.php(185): CWebApplication->processRequest()
#9 E:\WORK\scnu\hsyii\wamp64\www\sports\admin\qmdd2018\index.php(34): CWebApplication->run()
REQUEST_URI=/sports/admin/qmdd2018/index.php?r=GfUser1/wxLogin&code=0e3Ip2100ULduR1tTX3009OyT60Ip21K&phone_code=
2024/01/27 22:16:25 [error] [php] Undefined offset: 277 (E:\WORK\scnu\hsyii\wamp64\www\sports\admin\qmdd2018\models\GfUser1.php:533)
Stack trace:
#0 unknown(0): GfUser1Controller->actionwxLogin()
#1 E:\WORK\scnu\hsyii\wamp64\www\sports\admin\qmdd2018\framework\web\actions\CAction.php(109): ReflectionMethod->invokeArgs()
#2 E:\WORK\scnu\hsyii\wamp64\www\sports\admin\qmdd2018\framework\web\actions\CInlineAction.php(47): CInlineAction->runWithParamsInternal()
#3 E:\WORK\scnu\hsyii\wamp64\www\sports\admin\qmdd2018\framework\web\CController.php(308): CInlineAction->runWithParams()
#4 E:\WORK\scnu\hsyii\wamp64\www\sports\admin\qmdd2018\framework\web\CController.php(286): GfUser1Controller->runAction()
#5 E:\WORK\scnu\hsyii\wamp64\www\sports\admin\qmdd2018\framework\web\CController.php(265): GfUser1Controller->runActionWithFilters()
#6 E:\WORK\scnu\hsyii\wamp64\www\sports\admin\qmdd2018\framework\web\CWebApplication.php(282): GfUser1Controller->run()
#7 E:\WORK\scnu\hsyii\wamp64\www\sports\admin\qmdd2018\framework\web\CWebApplication.php(141): CWebApplication->runController()
#8 E:\WORK\scnu\hsyii\wamp64\www\sports\admin\qmdd2018\framework\base\CApplication.php(185): CWebApplication->processRequest()
#9 E:\WORK\scnu\hsyii\wamp64\www\sports\admin\qmdd2018\index.php(34): CWebApplication->run()
REQUEST_URI=/sports/admin/qmdd2018/index.php?r=GfUser1/wxLogin&code=0c3ha90w353g923Sox3w3oHpxB0ha90d&phone_code=
2024/01/27 22:16:41 [error] [system.db.CDbCommand] CDbCommand::fetch() failed: SQLSTATE[42000]: Syntax error or access violation: 1064 You have an error in your SQL syntax; check the manual that corresponds to your MariaDB server version for the right syntax to use near 'code="JLB20240123001" and (state=372 or state=371) LIMIT 1' at line 1. The SQL statement executed was: SELECT * FROM `gf_user_role` `t` WHERE userId=28314 and roleCode=276 code="JLB20240123001" and (state=372 or state=371) LIMIT 1.
2024/01/27 22:16:41 [error] [exception.CDbException] exception 'CDbException' with message 'CDbCommand 无法执行 SQL 语句: SQLSTATE[42000]: Syntax error or access violation: 1064 You have an error in your SQL syntax; check the manual that corresponds to your MariaDB server version for the right syntax to use near 'code="JLB20240123001" and (state=372 or state=371) LIMIT 1' at line 1' in E:\WORK\scnu\hsyii\wamp64\www\sports\admin\qmdd2018\framework\db\CDbCommand.php:543
Stack trace:
#0 E:\WORK\scnu\hsyii\wamp64\www\sports\admin\qmdd2018\framework\db\CDbCommand.php(415): CDbCommand->queryInternal('fetch', Array, Array)
#1 E:\WORK\scnu\hsyii\wamp64\www\sports\admin\qmdd2018\framework\db\ar\CActiveRecord.php(1360): CDbCommand->queryRow()
#2 E:\WORK\scnu\hsyii\wamp64\www\sports\admin\qmdd2018\framework\db\ar\CActiveRecord.php(1465): CActiveRecord->query(Object(CDbCriteria), false, true)
#3 E:\WORK\scnu\hsyii\wamp64\www\sports\admin\qmdd2018\models\GfUserRole.php(101): CActiveRecord->find('userId=28314 an...')
#4 E:\WORK\scnu\hsyii\wamp64\www\sports\admin\qmdd2018\admin\controllers\GfUser1Controller.php(671): GfUserRole->checkDump('28314', '276', 'JLB20240123001')
#5 [internal function]: GfUser1Controller->actionwxClaimRole('{"name":"\xE5\xA4\xA9\xE6\xB2\xB3...')
#6 E:\WORK\scnu\hsyii\wamp64\www\sports\admin\qmdd2018\framework\web\actions\CAction.php(109): ReflectionMethod->invokeArgs(Object(GfUser1Controller), Array)
#7 E:\WORK\scnu\hsyii\wamp64\www\sports\admin\qmdd2018\framework\web\actions\CInlineAction.php(47): CAction->runWithParamsInternal(Object(GfUser1Controller), Object(ReflectionMethod), Array)
#8 E:\WORK\scnu\hsyii\wamp64\www\sports\admin\qmdd2018\framework\web\CController.php(308): CInlineAction->runWithParams(Array)
#9 E:\WORK\scnu\hsyii\wamp64\www\sports\admin\qmdd2018\framework\web\CController.php(286): CController->runAction(Object(CInlineAction))
#10 E:\WORK\scnu\hsyii\wamp64\www\sports\admin\qmdd2018\framework\web\CController.php(265): CController->runActionWithFilters(Object(CInlineAction), Array)
#11 E:\WORK\scnu\hsyii\wamp64\www\sports\admin\qmdd2018\framework\web\CWebApplication.php(282): CController->run('wxClaimRole')
#12 E:\WORK\scnu\hsyii\wamp64\www\sports\admin\qmdd2018\framework\web\CWebApplication.php(141): CWebApplication->runController('GfUser1/wxClaim...')
#13 E:\WORK\scnu\hsyii\wamp64\www\sports\admin\qmdd2018\framework\base\CApplication.php(185): CWebApplication->processRequest()
#14 E:\WORK\scnu\hsyii\wamp64\www\sports\admin\qmdd2018\index.php(34): CApplication->run()
#15 {main}
REQUEST_URI=/sports/admin/qmdd2018/index.php?r=GfUser1/wxClaimRole&data=%7B%22name%22%3A%22%E5%A4%A9%E6%B2%B3%E4%BD%93%E8%82%B2%E4%B8%AD%E5%BF%83%2C%E6%B5%B7%E7%8F%A0%E5%8C%BA%E7%BE%BD%E6%AF%9B%E7%90%83%E9%A6%86%2C%E4%BF%B1%E4%B9%90%E9%83%A8%E4%B8%80%22%2C%22code%22%3A%22JLB20240123001%22%2C%22openid%22%3A%22oovym6wDTTKmkMNeTZKDXJtovv9s%22%2C%22type%22%3A%22276%22%2C%22staCode%22%3A%22SQ20240120001%22%7D
HTTP_REFERER=https://servicewechat.com/wx8d045a8ae8b1ca29/devtools/page-frame.html
---
2024/01/27 22:19:47 [error] [php] Undefined offset: 277 (E:\WORK\scnu\hsyii\wamp64\www\sports\admin\qmdd2018\models\GfUser1.php:533)
Stack trace:
#0 unknown(0): GfUser1Controller->actionwxLogin()
#1 E:\WORK\scnu\hsyii\wamp64\www\sports\admin\qmdd2018\framework\web\actions\CAction.php(109): ReflectionMethod->invokeArgs()
#2 E:\WORK\scnu\hsyii\wamp64\www\sports\admin\qmdd2018\framework\web\actions\CInlineAction.php(47): CInlineAction->runWithParamsInternal()
#3 E:\WORK\scnu\hsyii\wamp64\www\sports\admin\qmdd2018\framework\web\CController.php(308): CInlineAction->runWithParams()
#4 E:\WORK\scnu\hsyii\wamp64\www\sports\admin\qmdd2018\framework\web\CController.php(286): GfUser1Controller->runAction()
#5 E:\WORK\scnu\hsyii\wamp64\www\sports\admin\qmdd2018\framework\web\CController.php(265): GfUser1Controller->runActionWithFilters()
#6 E:\WORK\scnu\hsyii\wamp64\www\sports\admin\qmdd2018\framework\web\CWebApplication.php(282): GfUser1Controller->run()
#7 E:\WORK\scnu\hsyii\wamp64\www\sports\admin\qmdd2018\framework\web\CWebApplication.php(141): CWebApplication->runController()
#8 E:\WORK\scnu\hsyii\wamp64\www\sports\admin\qmdd2018\framework\base\CApplication.php(185): CWebApplication->processRequest()
#9 E:\WORK\scnu\hsyii\wamp64\www\sports\admin\qmdd2018\index.php(34): CWebApplication->run()
REQUEST_URI=/sports/admin/qmdd2018/index.php?r=GfUser1/wxLogin&code=0f36S4Ga1bObPG0tJDHa1vV2Yk16S4G2&phone_code=
2024/01/27 22:27:25 [error] [exception.CException] exception 'CException' with message '属性 "GfUser1.userId" 未被定义.' in E:\WORK\scnu\hsyii\wamp64\www\sports\admin\qmdd2018\framework\base\CComponent.php:130
Stack trace:
#0 E:\WORK\scnu\hsyii\wamp64\www\sports\admin\qmdd2018\framework\db\ar\CActiveRecord.php(145): CComponent->__get('userId')
#1 E:\WORK\scnu\hsyii\wamp64\www\sports\admin\qmdd2018\models\GfUser1.php(529): CActiveRecord->__get('userId')
#2 E:\WORK\scnu\hsyii\wamp64\www\sports\admin\qmdd2018\models\GfUser1.php(404): GfUser1->getRoles()
#3 E:\WORK\scnu\hsyii\wamp64\www\sports\admin\qmdd2018\admin\controllers\GfUser1Controller.php(647): GfUser1->getWxInfo()
#4 [internal function]: GfUser1Controller->actionwxLogin('0b3u8k100tePsR1...', '')
#5 E:\WORK\scnu\hsyii\wamp64\www\sports\admin\qmdd2018\framework\web\actions\CAction.php(109): ReflectionMethod->invokeArgs(Object(GfUser1Controller), Array)
#6 E:\WORK\scnu\hsyii\wamp64\www\sports\admin\qmdd2018\framework\web\actions\CInlineAction.php(47): CAction->runWithParamsInternal(Object(GfUser1Controller), Object(ReflectionMethod), Array)
#7 E:\WORK\scnu\hsyii\wamp64\www\sports\admin\qmdd2018\framework\web\CController.php(308): CInlineAction->runWithParams(Array)
#8 E:\WORK\scnu\hsyii\wamp64\www\sports\admin\qmdd2018\framework\web\CController.php(286): CController->runAction(Object(CInlineAction))
#9 E:\WORK\scnu\hsyii\wamp64\www\sports\admin\qmdd2018\framework\web\CController.php(265): CController->runActionWithFilters(Object(CInlineAction), Array)
#10 E:\WORK\scnu\hsyii\wamp64\www\sports\admin\qmdd2018\framework\web\CWebApplication.php(282): CController->run('wxLogin')
#11 E:\WORK\scnu\hsyii\wamp64\www\sports\admin\qmdd2018\framework\web\CWebApplication.php(141): CWebApplication->runController('GfUser1/wxLogin')
#12 E:\WORK\scnu\hsyii\wamp64\www\sports\admin\qmdd2018\framework\base\CApplication.php(185): CWebApplication->processRequest()
#13 E:\WORK\scnu\hsyii\wamp64\www\sports\admin\qmdd2018\index.php(34): CApplication->run()
#14 {main}
REQUEST_URI=/sports/admin/qmdd2018/index.php?r=GfUser1/wxLogin&code=0b3u8k100tePsR1ciW00056w0C1u8k16&phone_code=
HTTP_REFERER=https://servicewechat.com/wx8d045a8ae8b1ca29/devtools/page-frame.html
---
