2024/05/09 00:30:51 [error] [php] Undefined variable: count (D:\wamp\www\Mobile_Kitchen\admin\controllers\GfPartnerMemberApplyController.php:551)
Stack trace:
#0 D:\wamp\www\Mobile_Kitchen\framework\web\actions\CInlineAction.php(47): CInlineAction->runWithParamsInternal()
#1 D:\wamp\www\Mobile_Kitchen\framework\web\CController.php(308): CInlineAction->runWithParams()
#2 D:\wamp\www\Mobile_Kitchen\framework\web\CController.php(286): GfPartnerMemberApplyController->runAction()
#3 D:\wamp\www\Mobile_Kitchen\framework\web\CController.php(265): GfPartnerMemberApplyController->runActionWithFilters()
#4 D:\wamp\www\Mobile_Kitchen\framework\web\CWebApplication.php(282): GfPartnerMemberApplyController->run()
#5 D:\wamp\www\Mobile_Kitchen\framework\web\CWebApplication.php(141): CWebApplication->runController()
#6 D:\wamp\www\Mobile_Kitchen\framework\base\CApplication.php(185): CWebApplication->processRequest()
#7 D:\wamp\www\Mobile_Kitchen\index.php(35): CWebApplication->run()
REQUEST_URI=/mobile_kitchen/index.php?r=gfpartnerMemberApply/unuse&id=705&new=auth_state&del=1484
2024/05/09 10:28:52 [error] [php] Undefined variable: modelname (D:\wamp\www\Mobile_Kitchen\admin\controllers\GfPartnerMemberApplyController.php:329)
Stack trace:
#0 D:\wamp\www\Mobile_Kitchen\framework\web\CController.php(286): GfPartnerMemberApplyController->runAction()
#1 D:\wamp\www\Mobile_Kitchen\framework\web\CController.php(265): GfPartnerMemberApplyController->runActionWithFilters()
#2 D:\wamp\www\Mobile_Kitchen\framework\web\CWebApplication.php(282): GfPartnerMemberApplyController->run()
#3 D:\wamp\www\Mobile_Kitchen\framework\web\CWebApplication.php(141): CWebApplication->runController()
#4 D:\wamp\www\Mobile_Kitchen\framework\base\CApplication.php(185): CWebApplication->processRequest()
#5 D:\wamp\www\Mobile_Kitchen\index.php(35): CWebApplication->run()
REQUEST_URI=/mobile_kitchen/index.php?r=gfpartnerMemberApply/create
2024/05/09 10:29:32 [error] [php] Undefined variable: modelname (D:\wamp\www\Mobile_Kitchen\admin\controllers\GfPartnerMemberApplyController.php:329)
Stack trace:
#0 D:\wamp\www\Mobile_Kitchen\framework\web\CController.php(286): GfPartnerMemberApplyController->runAction()
#1 D:\wamp\www\Mobile_Kitchen\framework\web\CController.php(265): GfPartnerMemberApplyController->runActionWithFilters()
#2 D:\wamp\www\Mobile_Kitchen\framework\web\CWebApplication.php(282): GfPartnerMemberApplyController->run()
#3 D:\wamp\www\Mobile_Kitchen\framework\web\CWebApplication.php(141): CWebApplication->runController()
#4 D:\wamp\www\Mobile_Kitchen\framework\base\CApplication.php(185): CWebApplication->processRequest()
#5 D:\wamp\www\Mobile_Kitchen\index.php(35): CWebApplication->run()
REQUEST_URI=/mobile_kitchen/index.php?r=gfpartnerMemberApply/create
2024/05/09 10:31:15 [error] [php] Undefined variable: modelname (D:\wamp\www\Mobile_Kitchen\admin\controllers\GfPartnerMemberApplyController.php:329)
Stack trace:
#0 D:\wamp\www\Mobile_Kitchen\framework\web\CController.php(286): GfPartnerMemberApplyController->runAction()
#1 D:\wamp\www\Mobile_Kitchen\framework\web\CController.php(265): GfPartnerMemberApplyController->runActionWithFilters()
#2 D:\wamp\www\Mobile_Kitchen\framework\web\CWebApplication.php(282): GfPartnerMemberApplyController->run()
#3 D:\wamp\www\Mobile_Kitchen\framework\web\CWebApplication.php(141): CWebApplication->runController()
#4 D:\wamp\www\Mobile_Kitchen\framework\base\CApplication.php(185): CWebApplication->processRequest()
#5 D:\wamp\www\Mobile_Kitchen\index.php(35): CWebApplication->run()
REQUEST_URI=/mobile_kitchen/index.php?r=gfpartnerMemberApply/create
2024/05/09 10:31:52 [error] [php] Trying to get property of non-object (D:\wamp\www\Mobile_Kitchen\admin\controllers\GfPartnerMemberApplyController.php:330)
Stack trace:
#0 D:\wamp\www\Mobile_Kitchen\framework\web\CController.php(286): GfPartnerMemberApplyController->runAction()
#1 D:\wamp\www\Mobile_Kitchen\framework\web\CController.php(265): GfPartnerMemberApplyController->runActionWithFilters()
#2 D:\wamp\www\Mobile_Kitchen\framework\web\CWebApplication.php(282): GfPartnerMemberApplyController->run()
#3 D:\wamp\www\Mobile_Kitchen\framework\web\CWebApplication.php(141): CWebApplication->runController()
#4 D:\wamp\www\Mobile_Kitchen\framework\base\CApplication.php(185): CWebApplication->processRequest()
#5 D:\wamp\www\Mobile_Kitchen\index.php(35): CWebApplication->run()
REQUEST_URI=/mobile_kitchen/index.php?r=gfpartnerMemberApply/create
2024/05/09 10:32:51 [error] [php] Trying to get property of non-object (D:\wamp\www\Mobile_Kitchen\admin\controllers\GfPartnerMemberApplyController.php:330)
Stack trace:
#0 D:\wamp\www\Mobile_Kitchen\framework\web\CController.php(286): GfPartnerMemberApplyController->runAction()
#1 D:\wamp\www\Mobile_Kitchen\framework\web\CController.php(265): GfPartnerMemberApplyController->runActionWithFilters()
#2 D:\wamp\www\Mobile_Kitchen\framework\web\CWebApplication.php(282): GfPartnerMemberApplyController->run()
#3 D:\wamp\www\Mobile_Kitchen\framework\web\CWebApplication.php(141): CWebApplication->runController()
#4 D:\wamp\www\Mobile_Kitchen\framework\base\CApplication.php(185): CWebApplication->processRequest()
#5 D:\wamp\www\Mobile_Kitchen\index.php(35): CWebApplication->run()
REQUEST_URI=/mobile_kitchen/index.php?r=gfpartnerMemberApply/create
2024/05/09 10:33:24 [error] [php] Trying to get property of non-object (D:\wamp\www\Mobile_Kitchen\admin\controllers\GfPartnerMemberApplyController.php:331)
Stack trace:
#0 D:\wamp\www\Mobile_Kitchen\framework\web\CController.php(286): GfPartnerMemberApplyController->runAction()
#1 D:\wamp\www\Mobile_Kitchen\framework\web\CController.php(265): GfPartnerMemberApplyController->runActionWithFilters()
#2 D:\wamp\www\Mobile_Kitchen\framework\web\CWebApplication.php(282): GfPartnerMemberApplyController->run()
#3 D:\wamp\www\Mobile_Kitchen\framework\web\CWebApplication.php(141): CWebApplication->runController()
#4 D:\wamp\www\Mobile_Kitchen\framework\base\CApplication.php(185): CWebApplication->processRequest()
#5 D:\wamp\www\Mobile_Kitchen\index.php(35): CWebApplication->run()
REQUEST_URI=/mobile_kitchen/index.php?r=gfpartnerMemberApply/create
2024/05/09 10:33:57 [error] [php] Trying to get property of non-object (D:\wamp\www\Mobile_Kitchen\admin\controllers\GfPartnerMemberApplyController.php:331)
Stack trace:
#0 D:\wamp\www\Mobile_Kitchen\framework\web\CController.php(286): GfPartnerMemberApplyController->runAction()
#1 D:\wamp\www\Mobile_Kitchen\framework\web\CController.php(265): GfPartnerMemberApplyController->runActionWithFilters()
#2 D:\wamp\www\Mobile_Kitchen\framework\web\CWebApplication.php(282): GfPartnerMemberApplyController->run()
#3 D:\wamp\www\Mobile_Kitchen\framework\web\CWebApplication.php(141): CWebApplication->runController()
#4 D:\wamp\www\Mobile_Kitchen\framework\base\CApplication.php(185): CWebApplication->processRequest()
#5 D:\wamp\www\Mobile_Kitchen\index.php(35): CWebApplication->run()
REQUEST_URI=/mobile_kitchen/index.php?r=gfpartnerMemberApply/create
2024/05/09 10:34:22 [error] [system.db.CDbCommand] CDbCommand::fetch() failed: SQLSTATE[42S22]: Column not found: 1054 Champ 'qwe' inconnu dans where clause. The SQL statement executed was: SELECT * FROM `gf_partner_member_apply` `t` WHERE gf_account=qwe LIMIT 1.
2024/05/09 10:34:22 [error] [exception.CDbException] exception 'CDbException' with message 'CDbCommand 无法执行 SQL 语句: SQLSTATE[42S22]: Column not found: 1054 Champ 'qwe' inconnu dans where clause' in D:\wamp\www\Mobile_Kitchen\framework\db\CDbCommand.php:543
Stack trace:
#0 D:\wamp\www\Mobile_Kitchen\framework\db\CDbCommand.php(415): CDbCommand->queryInternal('fetch', Array, Array)
#1 D:\wamp\www\Mobile_Kitchen\framework\db\ar\CActiveRecord.php(1360): CDbCommand->queryRow()
#2 D:\wamp\www\Mobile_Kitchen\framework\db\ar\CActiveRecord.php(1465): CActiveRecord->query(Object(CDbCriteria), false, true)
#3 D:\wamp\www\Mobile_Kitchen\admin\components\BaseModel.php(660): CActiveRecord->find('gf_account=qwe', Array, true)
#4 D:\wamp\www\Mobile_Kitchen\admin\controllers\GfPartnerMemberApplyController.php(329): BaseModel->find('gf_account=qwe')
#5 D:\wamp\www\Mobile_Kitchen\framework\web\actions\CInlineAction.php(49): GfPartnerMemberApplyController->actionCreate()
#6 D:\wamp\www\Mobile_Kitchen\framework\web\CController.php(308): CInlineAction->runWithParams(Array)
#7 D:\wamp\www\Mobile_Kitchen\framework\web\CController.php(286): CController->runAction(Object(CInlineAction))
#8 D:\wamp\www\Mobile_Kitchen\framework\web\CController.php(265): CController->runActionWithFilters(Object(CInlineAction), Array)
#9 D:\wamp\www\Mobile_Kitchen\framework\web\CWebApplication.php(282): CController->run('create')
#10 D:\wamp\www\Mobile_Kitchen\framework\web\CWebApplication.php(141): CWebApplication->runController('gfpartnerMember...')
#11 D:\wamp\www\Mobile_Kitchen\framework\base\CApplication.php(185): CWebApplication->processRequest()
#12 D:\wamp\www\Mobile_Kitchen\index.php(35): CApplication->run()
#13 {main}
REQUEST_URI=/mobile_kitchen/index.php?r=gfpartnerMemberApply/create
HTTP_REFERER=http://127.0.0.1/mobile_kitchen/index.php?r=gfpartnerMemberApply/create
---
2024/05/09 10:34:52 [error] [system.db.CDbCommand] CDbCommand::fetch() failed: SQLSTATE[42S22]: Column not found: 1054 Champ 'we' inconnu dans where clause. The SQL statement executed was: SELECT * FROM `gf_partner_member_apply` `t` WHERE gf_account=we LIMIT 1.
2024/05/09 10:34:52 [error] [exception.CDbException] exception 'CDbException' with message 'CDbCommand 无法执行 SQL 语句: SQLSTATE[42S22]: Column not found: 1054 Champ 'we' inconnu dans where clause' in D:\wamp\www\Mobile_Kitchen\framework\db\CDbCommand.php:543
Stack trace:
#0 D:\wamp\www\Mobile_Kitchen\framework\db\CDbCommand.php(415): CDbCommand->queryInternal('fetch', Array, Array)
#1 D:\wamp\www\Mobile_Kitchen\framework\db\ar\CActiveRecord.php(1360): CDbCommand->queryRow()
#2 D:\wamp\www\Mobile_Kitchen\framework\db\ar\CActiveRecord.php(1465): CActiveRecord->query(Object(CDbCriteria), false, true)
#3 D:\wamp\www\Mobile_Kitchen\admin\components\BaseModel.php(660): CActiveRecord->find('gf_account=we', Array, true)
#4 D:\wamp\www\Mobile_Kitchen\admin\controllers\GfPartnerMemberApplyController.php(329): BaseModel->find('gf_account=we')
#5 D:\wamp\www\Mobile_Kitchen\framework\web\actions\CInlineAction.php(49): GfPartnerMemberApplyController->actionCreate()
#6 D:\wamp\www\Mobile_Kitchen\framework\web\CController.php(308): CInlineAction->runWithParams(Array)
#7 D:\wamp\www\Mobile_Kitchen\framework\web\CController.php(286): CController->runAction(Object(CInlineAction))
#8 D:\wamp\www\Mobile_Kitchen\framework\web\CController.php(265): CController->runActionWithFilters(Object(CInlineAction), Array)
#9 D:\wamp\www\Mobile_Kitchen\framework\web\CWebApplication.php(282): CController->run('create')
#10 D:\wamp\www\Mobile_Kitchen\framework\web\CWebApplication.php(141): CWebApplication->runController('gfpartnerMember...')
#11 D:\wamp\www\Mobile_Kitchen\framework\base\CApplication.php(185): CWebApplication->processRequest()
#12 D:\wamp\www\Mobile_Kitchen\index.php(35): CApplication->run()
#13 {main}
REQUEST_URI=/mobile_kitchen/index.php?r=gfpartnerMemberApply/create
HTTP_REFERER=http://127.0.0.1/mobile_kitchen/index.php?r=gfpartnerMemberApply/create
---
2024/05/09 10:35:08 [error] [php] Trying to get property of non-object (D:\wamp\www\Mobile_Kitchen\admin\controllers\GfPartnerMemberApplyController.php:332)
Stack trace:
#0 D:\wamp\www\Mobile_Kitchen\framework\web\CController.php(286): GfPartnerMemberApplyController->runAction()
#1 D:\wamp\www\Mobile_Kitchen\framework\web\CController.php(265): GfPartnerMemberApplyController->runActionWithFilters()
#2 D:\wamp\www\Mobile_Kitchen\framework\web\CWebApplication.php(282): GfPartnerMemberApplyController->run()
#3 D:\wamp\www\Mobile_Kitchen\framework\web\CWebApplication.php(141): CWebApplication->runController()
#4 D:\wamp\www\Mobile_Kitchen\framework\base\CApplication.php(185): CWebApplication->processRequest()
#5 D:\wamp\www\Mobile_Kitchen\index.php(35): CWebApplication->run()
REQUEST_URI=/mobile_kitchen/index.php?r=gfpartnerMemberApply/create
2024/05/09 16:45:47 [error] [exception.CHttpException.400] exception 'CHttpException' with message '您的请求无效。' in D:\wamp\www\Mobile_Kitchen\framework\web\CController.php:337
Stack trace:
#0 D:\wamp\www\Mobile_Kitchen\framework\web\CController.php(309): CController->invalidActionParams(Object(CInlineAction))
#1 D:\wamp\www\Mobile_Kitchen\framework\web\CController.php(286): CController->runAction(Object(CInlineAction))
#2 D:\wamp\www\Mobile_Kitchen\framework\web\CController.php(265): CController->runActionWithFilters(Object(CInlineAction), Array)
#3 D:\wamp\www\Mobile_Kitchen\framework\web\CWebApplication.php(282): CController->run('wxLogin')
#4 D:\wamp\www\Mobile_Kitchen\framework\web\CWebApplication.php(141): CWebApplication->runController('GfUser1/wxLogin')
#5 D:\wamp\www\Mobile_Kitchen\framework\base\CApplication.php(185): CWebApplication->processRequest()
#6 D:\wamp\www\Mobile_Kitchen\index.php(35): CApplication->run()
#7 {main}
REQUEST_URI=/mobile_kitchen/index.php?r=GfUser1/wxLogin&gf_account=888828&pass=123456
HTTP_REFERER=https://servicewechat.com/wxf392ee482ff9e385/devtools/page-frame.html
---
2024/05/09 16:45:58 [error] [exception.CHttpException.400] exception 'CHttpException' with message '您的请求无效。' in D:\wamp\www\Mobile_Kitchen\framework\web\CController.php:337
Stack trace:
#0 D:\wamp\www\Mobile_Kitchen\framework\web\CController.php(309): CController->invalidActionParams(Object(CInlineAction))
#1 D:\wamp\www\Mobile_Kitchen\framework\web\CController.php(286): CController->runAction(Object(CInlineAction))
#2 D:\wamp\www\Mobile_Kitchen\framework\web\CController.php(265): CController->runActionWithFilters(Object(CInlineAction), Array)
#3 D:\wamp\www\Mobile_Kitchen\framework\web\CWebApplication.php(282): CController->run('wxLogin')
#4 D:\wamp\www\Mobile_Kitchen\framework\web\CWebApplication.php(141): CWebApplication->runController('GfUser1/wxLogin')
#5 D:\wamp\www\Mobile_Kitchen\framework\base\CApplication.php(185): CWebApplication->processRequest()
#6 D:\wamp\www\Mobile_Kitchen\index.php(35): CApplication->run()
#7 {main}
REQUEST_URI=/mobile_kitchen/index.php?r=GfUser1/wxLogin&gf_account=888828&pass=123456
---
