2024/02/17 23:37:11 [error] [php] Trying to get property of non-object (E:\wamp\www\sports\admin\qmdd2018\admin\controllers\testTicketDetailController.php:46)
Stack trace:
#0 E:\wamp\www\sports\admin\qmdd2018\framework\web\actions\CInlineAction.php(47): CInlineAction->runWithParamsInternal()
#1 E:\wamp\www\sports\admin\qmdd2018\framework\web\CController.php(308): CInlineAction->runWithParams()
#2 E:\wamp\www\sports\admin\qmdd2018\framework\web\CController.php(286): testTicketDetailController->runAction()
#3 E:\wamp\www\sports\admin\qmdd2018\framework\web\CController.php(265): testTicketDetailController->runActionWithFilters()
#4 E:\wamp\www\sports\admin\qmdd2018\framework\web\CWebApplication.php(282): testTicketDetailController->run()
#5 E:\wamp\www\sports\admin\qmdd2018\framework\web\CWebApplication.php(141): CWebApplication->runController()
#6 E:\wamp\www\sports\admin\qmdd2018\framework\base\CApplication.php(185): CWebApplication->processRequest()
#7 E:\wamp\www\sports\admin\qmdd2018\index.php(46): CWebApplication->run()
REQUEST_URI=/sports/admin/qmdd2018/index.php?r=testTicketDetail/GetTicketDetail&id=50&date=2024-02-17&project=%E7%BE%BD%E6%AF%9B%E7%90%83
2024/02/17 23:37:11 [error] [php] Trying to get property of non-object (E:\wamp\www\sports\admin\qmdd2018\admin\controllers\testTicketDetailController.php:46)
Stack trace:
#0 E:\wamp\www\sports\admin\qmdd2018\framework\web\actions\CInlineAction.php(47): CInlineAction->runWithParamsInternal()
#1 E:\wamp\www\sports\admin\qmdd2018\framework\web\CController.php(308): CInlineAction->runWithParams()
#2 E:\wamp\www\sports\admin\qmdd2018\framework\web\CController.php(286): testTicketDetailController->runAction()
#3 E:\wamp\www\sports\admin\qmdd2018\framework\web\CController.php(265): testTicketDetailController->runActionWithFilters()
#4 E:\wamp\www\sports\admin\qmdd2018\framework\web\CWebApplication.php(282): testTicketDetailController->run()
#5 E:\wamp\www\sports\admin\qmdd2018\framework\web\CWebApplication.php(141): CWebApplication->runController()
#6 E:\wamp\www\sports\admin\qmdd2018\framework\base\CApplication.php(185): CWebApplication->processRequest()
#7 E:\wamp\www\sports\admin\qmdd2018\index.php(46): CWebApplication->run()
REQUEST_URI=/sports/admin/qmdd2018/index.php?r=testTicketDetail/GetTicketDetail&id=50&date=2024-02-17&project=%E7%BE%BD%E6%AF%9B%E7%90%83
