2024/02/01 19:21:35 [error] [php] Trying to get property of non-object (E:\wamp\www\sports\admin\qmdd2018\admin\controllers\testCommentController.php:18)
Stack trace:
#0 E:\wamp\www\sports\admin\qmdd2018\framework\web\actions\CInlineAction.php(47): CInlineAction->runWithParamsInternal()
#1 E:\wamp\www\sports\admin\qmdd2018\framework\web\CController.php(308): CInlineAction->runWithParams()
#2 E:\wamp\www\sports\admin\qmdd2018\framework\web\CController.php(286): testCommentController->runAction()
#3 E:\wamp\www\sports\admin\qmdd2018\framework\web\CController.php(265): testCommentController->runActionWithFilters()
#4 E:\wamp\www\sports\admin\qmdd2018\framework\web\CWebApplication.php(282): testCommentController->run()
#5 E:\wamp\www\sports\admin\qmdd2018\framework\web\CWebApplication.php(141): CWebApplication->runController()
#6 E:\wamp\www\sports\admin\qmdd2018\framework\base\CApplication.php(185): CWebApplication->processRequest()
#7 E:\wamp\www\sports\admin\qmdd2018\index.php(34): CWebApplication->run()
REQUEST_URI=/sports/admin/qmdd2018/index.php?r=testComment/GetComment&staId=53
2024/02/01 20:14:53 [error] [system.db.CDbCommand] CDbCommand::fetchAll() failed: SQLSTATE[42S22]: Column not found: 1054 Champ 'name' inconnu dans where clause. The SQL statement executed was: SELECT * FROM `eg_region` `t` WHERE level=2 and  ( name like '%广%' ) .
2024/02/01 20:14:53 [error] [exception.CDbException] exception 'CDbException' with message 'CDbCommand 无法执行 SQL 语句: SQLSTATE[42S22]: Column not found: 1054 Champ 'name' inconnu dans where clause' in E:\wamp\www\sports\admin\qmdd2018\framework\db\CDbCommand.php:543
Stack trace:
#0 E:\wamp\www\sports\admin\qmdd2018\framework\db\CDbCommand.php(396): CDbCommand->queryInternal('fetchAll', Array, Array)
#1 E:\wamp\www\sports\admin\qmdd2018\framework\db\ar\CActiveRecord.php(1360): CDbCommand->queryAll()
#2 E:\wamp\www\sports\admin\qmdd2018\framework\db\ar\CActiveRecord.php(1480): CActiveRecord->query(Object(CDbCriteria), true, true)
#3 E:\wamp\www\sports\admin\qmdd2018\admin\controllers\testStadiumController.php(12): CActiveRecord->findAll(Object(CDbCriteria))
#4 [internal function]: testStadiumController->actionGetCity('\xE5\xB9\xBF')
#5 E:\wamp\www\sports\admin\qmdd2018\framework\web\actions\CAction.php(109): ReflectionMethod->invokeArgs(Object(testStadiumController), Array)
#6 E:\wamp\www\sports\admin\qmdd2018\framework\web\actions\CInlineAction.php(47): CAction->runWithParamsInternal(Object(testStadiumController), Object(ReflectionMethod), Array)
#7 E:\wamp\www\sports\admin\qmdd2018\framework\web\CController.php(308): CInlineAction->runWithParams(Array)
#8 E:\wamp\www\sports\admin\qmdd2018\framework\web\CController.php(286): CController->runAction(Object(CInlineAction))
#9 E:\wamp\www\sports\admin\qmdd2018\framework\web\CController.php(265): CController->runActionWithFilters(Object(CInlineAction), Array)
#10 E:\wamp\www\sports\admin\qmdd2018\framework\web\CWebApplication.php(282): CController->run('GetCity')
#11 E:\wamp\www\sports\admin\qmdd2018\framework\web\CWebApplication.php(141): CWebApplication->runController('testStadium/Get...')
#12 E:\wamp\www\sports\admin\qmdd2018\framework\base\CApplication.php(185): CWebApplication->processRequest()
#13 E:\wamp\www\sports\admin\qmdd2018\index.php(34): CApplication->run()
#14 {main}
REQUEST_URI=/sports/admin/qmdd2018/index.php?r=testStadium/GetCity&cityKeywords=%E5%B9%BF
HTTP_REFERER=https://servicewechat.com/wx8d045a8ae8b1ca29/devtools/page-frame.html
---
2024/02/01 20:42:11 [error] [php] Trying to get property of non-object (E:\wamp\www\sports\admin\qmdd2018\admin\controllers\testCommentController.php:18)
Stack trace:
#0 E:\wamp\www\sports\admin\qmdd2018\framework\web\actions\CInlineAction.php(47): CInlineAction->runWithParamsInternal()
#1 E:\wamp\www\sports\admin\qmdd2018\framework\web\CController.php(308): CInlineAction->runWithParams()
#2 E:\wamp\www\sports\admin\qmdd2018\framework\web\CController.php(286): testCommentController->runAction()
#3 E:\wamp\www\sports\admin\qmdd2018\framework\web\CController.php(265): testCommentController->runActionWithFilters()
#4 E:\wamp\www\sports\admin\qmdd2018\framework\web\CWebApplication.php(282): testCommentController->run()
#5 E:\wamp\www\sports\admin\qmdd2018\framework\web\CWebApplication.php(141): CWebApplication->runController()
#6 E:\wamp\www\sports\admin\qmdd2018\framework\base\CApplication.php(185): CWebApplication->processRequest()
#7 E:\wamp\www\sports\admin\qmdd2018\index.php(34): CWebApplication->run()
REQUEST_URI=/sports/admin/qmdd2018/index.php?r=testComment/GetComment&staId=50
2024/02/01 20:45:37 [error] [php] Trying to get property of non-object (E:\wamp\www\sports\admin\qmdd2018\admin\controllers\testCommentController.php:18)
Stack trace:
#0 E:\wamp\www\sports\admin\qmdd2018\framework\web\actions\CInlineAction.php(47): CInlineAction->runWithParamsInternal()
#1 E:\wamp\www\sports\admin\qmdd2018\framework\web\CController.php(308): CInlineAction->runWithParams()
#2 E:\wamp\www\sports\admin\qmdd2018\framework\web\CController.php(286): testCommentController->runAction()
#3 E:\wamp\www\sports\admin\qmdd2018\framework\web\CController.php(265): testCommentController->runActionWithFilters()
#4 E:\wamp\www\sports\admin\qmdd2018\framework\web\CWebApplication.php(282): testCommentController->run()
#5 E:\wamp\www\sports\admin\qmdd2018\framework\web\CWebApplication.php(141): CWebApplication->runController()
#6 E:\wamp\www\sports\admin\qmdd2018\framework\base\CApplication.php(185): CWebApplication->processRequest()
#7 E:\wamp\www\sports\admin\qmdd2018\index.php(34): CWebApplication->run()
REQUEST_URI=/sports/admin/qmdd2018/index.php?r=testComment/GetComment&staId=51
2024/02/01 20:45:52 [error] [php] Trying to get property of non-object (E:\wamp\www\sports\admin\qmdd2018\admin\controllers\testCommentController.php:18)
Stack trace:
#0 E:\wamp\www\sports\admin\qmdd2018\framework\web\actions\CInlineAction.php(47): CInlineAction->runWithParamsInternal()
#1 E:\wamp\www\sports\admin\qmdd2018\framework\web\CController.php(308): CInlineAction->runWithParams()
#2 E:\wamp\www\sports\admin\qmdd2018\framework\web\CController.php(286): testCommentController->runAction()
#3 E:\wamp\www\sports\admin\qmdd2018\framework\web\CController.php(265): testCommentController->runActionWithFilters()
#4 E:\wamp\www\sports\admin\qmdd2018\framework\web\CWebApplication.php(282): testCommentController->run()
#5 E:\wamp\www\sports\admin\qmdd2018\framework\web\CWebApplication.php(141): CWebApplication->runController()
#6 E:\wamp\www\sports\admin\qmdd2018\framework\base\CApplication.php(185): CWebApplication->processRequest()
#7 E:\wamp\www\sports\admin\qmdd2018\index.php(34): CWebApplication->run()
REQUEST_URI=/sports/admin/qmdd2018/index.php?r=testComment/GetComment&staId=50
2024/02/01 20:55:03 [error] [php] Trying to get property of non-object (E:\wamp\www\sports\admin\qmdd2018\admin\controllers\testCommentController.php:18)
Stack trace:
#0 E:\wamp\www\sports\admin\qmdd2018\framework\web\actions\CInlineAction.php(47): CInlineAction->runWithParamsInternal()
#1 E:\wamp\www\sports\admin\qmdd2018\framework\web\CController.php(308): CInlineAction->runWithParams()
#2 E:\wamp\www\sports\admin\qmdd2018\framework\web\CController.php(286): testCommentController->runAction()
#3 E:\wamp\www\sports\admin\qmdd2018\framework\web\CController.php(265): testCommentController->runActionWithFilters()
#4 E:\wamp\www\sports\admin\qmdd2018\framework\web\CWebApplication.php(282): testCommentController->run()
#5 E:\wamp\www\sports\admin\qmdd2018\framework\web\CWebApplication.php(141): CWebApplication->runController()
#6 E:\wamp\www\sports\admin\qmdd2018\framework\base\CApplication.php(185): CWebApplication->processRequest()
#7 E:\wamp\www\sports\admin\qmdd2018\index.php(34): CWebApplication->run()
REQUEST_URI=/sports/admin/qmdd2018/index.php?r=testComment/GetComment&staId=50
2024/02/01 23:14:46 [error] [php] Trying to get property of non-object (E:\wamp\www\sports\admin\qmdd2018\admin\controllers\testCommentController.php:18)
Stack trace:
#0 E:\wamp\www\sports\admin\qmdd2018\framework\web\actions\CInlineAction.php(47): CInlineAction->runWithParamsInternal()
#1 E:\wamp\www\sports\admin\qmdd2018\framework\web\CController.php(308): CInlineAction->runWithParams()
#2 E:\wamp\www\sports\admin\qmdd2018\framework\web\CController.php(286): testCommentController->runAction()
#3 E:\wamp\www\sports\admin\qmdd2018\framework\web\CController.php(265): testCommentController->runActionWithFilters()
#4 E:\wamp\www\sports\admin\qmdd2018\framework\web\CWebApplication.php(282): testCommentController->run()
#5 E:\wamp\www\sports\admin\qmdd2018\framework\web\CWebApplication.php(141): CWebApplication->runController()
#6 E:\wamp\www\sports\admin\qmdd2018\framework\base\CApplication.php(185): CWebApplication->processRequest()
#7 E:\wamp\www\sports\admin\qmdd2018\index.php(34): CWebApplication->run()
REQUEST_URI=/sports/admin/qmdd2018/index.php?r=testComment/GetComment&staId=50
2024/02/01 23:32:52 [error] [php] Trying to get property of non-object (E:\wamp\www\sports\admin\qmdd2018\admin\controllers\testCommentController.php:18)
Stack trace:
#0 E:\wamp\www\sports\admin\qmdd2018\framework\web\actions\CInlineAction.php(47): CInlineAction->runWithParamsInternal()
#1 E:\wamp\www\sports\admin\qmdd2018\framework\web\CController.php(308): CInlineAction->runWithParams()
#2 E:\wamp\www\sports\admin\qmdd2018\framework\web\CController.php(286): testCommentController->runAction()
#3 E:\wamp\www\sports\admin\qmdd2018\framework\web\CController.php(265): testCommentController->runActionWithFilters()
#4 E:\wamp\www\sports\admin\qmdd2018\framework\web\CWebApplication.php(282): testCommentController->run()
#5 E:\wamp\www\sports\admin\qmdd2018\framework\web\CWebApplication.php(141): CWebApplication->runController()
#6 E:\wamp\www\sports\admin\qmdd2018\framework\base\CApplication.php(185): CWebApplication->processRequest()
#7 E:\wamp\www\sports\admin\qmdd2018\index.php(34): CWebApplication->run()
REQUEST_URI=/sports/admin/qmdd2018/index.php?r=testComment/GetComment&staId=50
2024/02/01 23:40:54 [error] [php] Trying to get property of non-object (E:\wamp\www\sports\admin\qmdd2018\admin\controllers\testCommentController.php:18)
Stack trace:
#0 E:\wamp\www\sports\admin\qmdd2018\framework\web\actions\CInlineAction.php(47): CInlineAction->runWithParamsInternal()
#1 E:\wamp\www\sports\admin\qmdd2018\framework\web\CController.php(308): CInlineAction->runWithParams()
#2 E:\wamp\www\sports\admin\qmdd2018\framework\web\CController.php(286): testCommentController->runAction()
#3 E:\wamp\www\sports\admin\qmdd2018\framework\web\CController.php(265): testCommentController->runActionWithFilters()
#4 E:\wamp\www\sports\admin\qmdd2018\framework\web\CWebApplication.php(282): testCommentController->run()
#5 E:\wamp\www\sports\admin\qmdd2018\framework\web\CWebApplication.php(141): CWebApplication->runController()
#6 E:\wamp\www\sports\admin\qmdd2018\framework\base\CApplication.php(185): CWebApplication->processRequest()
#7 E:\wamp\www\sports\admin\qmdd2018\index.php(34): CWebApplication->run()
REQUEST_URI=/sports/admin/qmdd2018/index.php?r=testComment/GetComment&staId=50
2024/02/01 23:41:09 [error] [php] Trying to get property of non-object (E:\wamp\www\sports\admin\qmdd2018\admin\controllers\testCommentController.php:18)
Stack trace:
#0 E:\wamp\www\sports\admin\qmdd2018\framework\web\actions\CInlineAction.php(47): CInlineAction->runWithParamsInternal()
#1 E:\wamp\www\sports\admin\qmdd2018\framework\web\CController.php(308): CInlineAction->runWithParams()
#2 E:\wamp\www\sports\admin\qmdd2018\framework\web\CController.php(286): testCommentController->runAction()
#3 E:\wamp\www\sports\admin\qmdd2018\framework\web\CController.php(265): testCommentController->runActionWithFilters()
#4 E:\wamp\www\sports\admin\qmdd2018\framework\web\CWebApplication.php(282): testCommentController->run()
#5 E:\wamp\www\sports\admin\qmdd2018\framework\web\CWebApplication.php(141): CWebApplication->runController()
#6 E:\wamp\www\sports\admin\qmdd2018\framework\base\CApplication.php(185): CWebApplication->processRequest()
#7 E:\wamp\www\sports\admin\qmdd2018\index.php(34): CWebApplication->run()
REQUEST_URI=/sports/admin/qmdd2018/index.php?r=testComment/GetComment&staId=50
