2024/05/25 18:12:35 [error] [exception.CException] exception 'CException' with message '属性 "ClubMemberImportfile.user_type" 未被定义.' in D:\wamp\www\Mobile_Kitchen\framework\base\CComponent.php:173
Stack trace:
#0 D:\wamp\www\Mobile_Kitchen\framework\db\ar\CActiveRecord.php(162): CComponent->__set('user_type', '\xE6\x99\xAE\xE9\x80\x9A\xE4\xBC\x9A\xE5\x91\x98')
#1 D:\wamp\www\Mobile_Kitchen\admin\controllers\ClubMemberListController.php(279): CActiveRecord->__set('user_type', '\xE6\x99\xAE\xE9\x80\x9A\xE4\xBC\x9A\xE5\x91\x98')
#2 [internal function]: ClubMemberListController->actionUpExcel('', '', 1460)
#3 D:\wamp\www\Mobile_Kitchen\framework\web\actions\CAction.php(109): ReflectionMethod->invokeArgs(Object(ClubMemberListController), Array)
#4 D:\wamp\www\Mobile_Kitchen\framework\web\actions\CInlineAction.php(47): CAction->runWithParamsInternal(Object(ClubMemberListController), Object(ReflectionMethod), Array)
#5 D:\wamp\www\Mobile_Kitchen\framework\web\CController.php(308): CInlineAction->runWithParams(Array)
#6 D:\wamp\www\Mobile_Kitchen\framework\web\CController.php(286): CController->runAction(Object(CInlineAction))
#7 D:\wamp\www\Mobile_Kitchen\framework\web\CController.php(265): CController->runActionWithFilters(Object(CInlineAction), Array)
#8 D:\wamp\www\Mobile_Kitchen\framework\web\CWebApplication.php(282): CController->run('upExcel')
#9 D:\wamp\www\Mobile_Kitchen\framework\web\CWebApplication.php(141): CWebApplication->runController('clubMemberList/...')
#10 D:\wamp\www\Mobile_Kitchen\framework\base\CApplication.php(185): CWebApplication->processRequest()
#11 D:\wamp\www\Mobile_Kitchen\index.php(35): CApplication->run()
#12 {main}
REQUEST_URI=/mobile_kitchen/index.php?r=clubMemberList/upExcel
HTTP_REFERER=http://127.0.0.1/mobile_kitchen/index.php?r=clubMemberList/upExcel
---
2024/05/25 20:54:00 [error] [system.db.CDbCommand] CDbCommand::fetch() failed: SQLSTATE[42000]: Syntax error or access violation: 1064 Erreur de syntaxe près de 'LIMIT 1' à la ligne 1. The SQL statement executed was: SELECT * FROM `club_list` `t` WHERE id= LIMIT 1.
2024/05/25 20:54:00 [error] [exception.CDbException] exception 'CDbException' with message 'CDbCommand 无法执行 SQL 语句: SQLSTATE[42000]: Syntax error or access violation: 1064 Erreur de syntaxe près de 'LIMIT 1' à la ligne 1' in D:\wamp\www\Mobile_Kitchen\framework\db\CDbCommand.php:543
Stack trace:
#0 D:\wamp\www\Mobile_Kitchen\framework\db\CDbCommand.php(415): CDbCommand->queryInternal('fetch', Array, Array)
#1 D:\wamp\www\Mobile_Kitchen\framework\db\ar\CActiveRecord.php(1360): CDbCommand->queryRow()
#2 D:\wamp\www\Mobile_Kitchen\framework\db\ar\CActiveRecord.php(1465): CActiveRecord->query(Object(CDbCriteria), false, true)
#3 D:\wamp\www\Mobile_Kitchen\admin\components\BaseModel.php(660): CActiveRecord->find('id=', Array, true)
#4 D:\wamp\www\Mobile_Kitchen\admin\views\clubMemberImportfile\index_student.php(80): BaseModel->find('id=')
#5 D:\wamp\www\Mobile_Kitchen\framework\web\CBaseController.php(126): require('D:\\wamp\\www\\Mob...')
#6 D:\wamp\www\Mobile_Kitchen\framework\web\CBaseController.php(95): CBaseController->renderInternal('D:\\wamp\\www\\Mob...', Array, true)
#7 D:\wamp\www\Mobile_Kitchen\framework\web\CController.php(872): CBaseController->renderFile('D:\\wamp\\www\\Mob...', Array, true)
#8 D:\wamp\www\Mobile_Kitchen\framework\web\CController.php(785): CController->renderPartial('index_student', Array, true)
#9 D:\wamp\www\Mobile_Kitchen\admin\components\BaseController.php(433): CController->render('index_student', Array)
#10 D:\wamp\www\Mobile_Kitchen\admin\controllers\ClubMemberImportfileController.php(136): BaseController->_list(Object(ClubMemberImportfile), Object(CDbCriteria), 'index_student', Array)
#11 [internal function]: ClubMemberImportfileController->actionIndex_student('', '', '', '', '')
#12 D:\wamp\www\Mobile_Kitchen\framework\web\actions\CAction.php(109): ReflectionMethod->invokeArgs(Object(ClubMemberImportfileController), Array)
#13 D:\wamp\www\Mobile_Kitchen\framework\web\actions\CInlineAction.php(47): CAction->runWithParamsInternal(Object(ClubMemberImportfileController), Object(ReflectionMethod), Array)
#14 D:\wamp\www\Mobile_Kitchen\framework\web\CController.php(308): CInlineAction->runWithParams(Array)
#15 D:\wamp\www\Mobile_Kitchen\framework\web\CController.php(286): CController->runAction(Object(CInlineAction))
#16 D:\wamp\www\Mobile_Kitchen\framework\web\CController.php(265): CController->runActionWithFilters(Object(CInlineAction), Array)
#17 D:\wamp\www\Mobile_Kitchen\framework\web\CWebApplication.php(282): CController->run('index_student')
#18 D:\wamp\www\Mobile_Kitchen\framework\web\CWebApplication.php(141): CWebApplication->runController('clubmemberimpor...')
#19 D:\wamp\www\Mobile_Kitchen\framework\base\CApplication.php(185): CWebApplication->processRequest()
#20 D:\wamp\www\Mobile_Kitchen\index.php(35): CApplication->run()
#21 {main}
REQUEST_URI=/mobile_kitchen/index.php?r=clubmemberimportfile/index_student
HTTP_REFERER=http://127.0.0.1/mobile_kitchen/index.php?r=index/menu&type=D
---
2024/05/25 20:54:02 [error] [system.db.CDbCommand] CDbCommand::fetch() failed: SQLSTATE[42000]: Syntax error or access violation: 1064 Erreur de syntaxe près de 'LIMIT 1' à la ligne 1. The SQL statement executed was: SELECT * FROM `club_list` `t` WHERE id= LIMIT 1.
2024/05/25 20:54:02 [error] [exception.CDbException] exception 'CDbException' with message 'CDbCommand 无法执行 SQL 语句: SQLSTATE[42000]: Syntax error or access violation: 1064 Erreur de syntaxe près de 'LIMIT 1' à la ligne 1' in D:\wamp\www\Mobile_Kitchen\framework\db\CDbCommand.php:543
Stack trace:
#0 D:\wamp\www\Mobile_Kitchen\framework\db\CDbCommand.php(415): CDbCommand->queryInternal('fetch', Array, Array)
#1 D:\wamp\www\Mobile_Kitchen\framework\db\ar\CActiveRecord.php(1360): CDbCommand->queryRow()
#2 D:\wamp\www\Mobile_Kitchen\framework\db\ar\CActiveRecord.php(1465): CActiveRecord->query(Object(CDbCriteria), false, true)
#3 D:\wamp\www\Mobile_Kitchen\admin\components\BaseModel.php(660): CActiveRecord->find('id=', Array, true)
#4 D:\wamp\www\Mobile_Kitchen\admin\views\clubMemberImportfile\index_student.php(80): BaseModel->find('id=')
#5 D:\wamp\www\Mobile_Kitchen\framework\web\CBaseController.php(126): require('D:\\wamp\\www\\Mob...')
#6 D:\wamp\www\Mobile_Kitchen\framework\web\CBaseController.php(95): CBaseController->renderInternal('D:\\wamp\\www\\Mob...', Array, true)
#7 D:\wamp\www\Mobile_Kitchen\framework\web\CController.php(872): CBaseController->renderFile('D:\\wamp\\www\\Mob...', Array, true)
#8 D:\wamp\www\Mobile_Kitchen\framework\web\CController.php(785): CController->renderPartial('index_student', Array, true)
#9 D:\wamp\www\Mobile_Kitchen\admin\components\BaseController.php(433): CController->render('index_student', Array)
#10 D:\wamp\www\Mobile_Kitchen\admin\controllers\ClubMemberImportfileController.php(136): BaseController->_list(Object(ClubMemberImportfile), Object(CDbCriteria), 'index_student', Array)
#11 [internal function]: ClubMemberImportfileController->actionIndex_student('', '', '', '', '')
#12 D:\wamp\www\Mobile_Kitchen\framework\web\actions\CAction.php(109): ReflectionMethod->invokeArgs(Object(ClubMemberImportfileController), Array)
#13 D:\wamp\www\Mobile_Kitchen\framework\web\actions\CInlineAction.php(47): CAction->runWithParamsInternal(Object(ClubMemberImportfileController), Object(ReflectionMethod), Array)
#14 D:\wamp\www\Mobile_Kitchen\framework\web\CController.php(308): CInlineAction->runWithParams(Array)
#15 D:\wamp\www\Mobile_Kitchen\framework\web\CController.php(286): CController->runAction(Object(CInlineAction))
#16 D:\wamp\www\Mobile_Kitchen\framework\web\CController.php(265): CController->runActionWithFilters(Object(CInlineAction), Array)
#17 D:\wamp\www\Mobile_Kitchen\framework\web\CWebApplication.php(282): CController->run('index_student')
#18 D:\wamp\www\Mobile_Kitchen\framework\web\CWebApplication.php(141): CWebApplication->runController('clubmemberimpor...')
#19 D:\wamp\www\Mobile_Kitchen\framework\base\CApplication.php(185): CWebApplication->processRequest()
#20 D:\wamp\www\Mobile_Kitchen\index.php(35): CApplication->run()
#21 {main}
REQUEST_URI=/mobile_kitchen/index.php?r=clubmemberimportfile/index_student
HTTP_REFERER=http://127.0.0.1/mobile_kitchen/index.php?r=index/menu&type=D
---
2024/05/25 20:54:03 [error] [system.db.CDbCommand] CDbCommand::fetch() failed: SQLSTATE[42000]: Syntax error or access violation: 1064 Erreur de syntaxe près de 'LIMIT 1' à la ligne 1. The SQL statement executed was: SELECT * FROM `club_list` `t` WHERE id= LIMIT 1.
2024/05/25 20:54:03 [error] [exception.CDbException] exception 'CDbException' with message 'CDbCommand 无法执行 SQL 语句: SQLSTATE[42000]: Syntax error or access violation: 1064 Erreur de syntaxe près de 'LIMIT 1' à la ligne 1' in D:\wamp\www\Mobile_Kitchen\framework\db\CDbCommand.php:543
Stack trace:
#0 D:\wamp\www\Mobile_Kitchen\framework\db\CDbCommand.php(415): CDbCommand->queryInternal('fetch', Array, Array)
#1 D:\wamp\www\Mobile_Kitchen\framework\db\ar\CActiveRecord.php(1360): CDbCommand->queryRow()
#2 D:\wamp\www\Mobile_Kitchen\framework\db\ar\CActiveRecord.php(1465): CActiveRecord->query(Object(CDbCriteria), false, true)
#3 D:\wamp\www\Mobile_Kitchen\admin\components\BaseModel.php(660): CActiveRecord->find('id=', Array, true)
#4 D:\wamp\www\Mobile_Kitchen\admin\views\clubMemberImportfile\index_student.php(80): BaseModel->find('id=')
#5 D:\wamp\www\Mobile_Kitchen\framework\web\CBaseController.php(126): require('D:\\wamp\\www\\Mob...')
#6 D:\wamp\www\Mobile_Kitchen\framework\web\CBaseController.php(95): CBaseController->renderInternal('D:\\wamp\\www\\Mob...', Array, true)
#7 D:\wamp\www\Mobile_Kitchen\framework\web\CController.php(872): CBaseController->renderFile('D:\\wamp\\www\\Mob...', Array, true)
#8 D:\wamp\www\Mobile_Kitchen\framework\web\CController.php(785): CController->renderPartial('index_student', Array, true)
#9 D:\wamp\www\Mobile_Kitchen\admin\components\BaseController.php(433): CController->render('index_student', Array)
#10 D:\wamp\www\Mobile_Kitchen\admin\controllers\ClubMemberImportfileController.php(136): BaseController->_list(Object(ClubMemberImportfile), Object(CDbCriteria), 'index_student', Array)
#11 [internal function]: ClubMemberImportfileController->actionIndex_student('', '', '', '', '')
#12 D:\wamp\www\Mobile_Kitchen\framework\web\actions\CAction.php(109): ReflectionMethod->invokeArgs(Object(ClubMemberImportfileController), Array)
#13 D:\wamp\www\Mobile_Kitchen\framework\web\actions\CInlineAction.php(47): CAction->runWithParamsInternal(Object(ClubMemberImportfileController), Object(ReflectionMethod), Array)
#14 D:\wamp\www\Mobile_Kitchen\framework\web\CController.php(308): CInlineAction->runWithParams(Array)
#15 D:\wamp\www\Mobile_Kitchen\framework\web\CController.php(286): CController->runAction(Object(CInlineAction))
#16 D:\wamp\www\Mobile_Kitchen\framework\web\CController.php(265): CController->runActionWithFilters(Object(CInlineAction), Array)
#17 D:\wamp\www\Mobile_Kitchen\framework\web\CWebApplication.php(282): CController->run('index_student')
#18 D:\wamp\www\Mobile_Kitchen\framework\web\CWebApplication.php(141): CWebApplication->runController('clubmemberimpor...')
#19 D:\wamp\www\Mobile_Kitchen\framework\base\CApplication.php(185): CWebApplication->processRequest()
#20 D:\wamp\www\Mobile_Kitchen\index.php(35): CApplication->run()
#21 {main}
REQUEST_URI=/mobile_kitchen/index.php?r=clubmemberimportfile/index_student
HTTP_REFERER=http://127.0.0.1/mobile_kitchen/index.php?r=index/menu&type=D
---
2024/05/25 20:54:03 [error] [system.db.CDbCommand] CDbCommand::fetch() failed: SQLSTATE[42000]: Syntax error or access violation: 1064 Erreur de syntaxe près de 'LIMIT 1' à la ligne 1. The SQL statement executed was: SELECT * FROM `club_list` `t` WHERE id= LIMIT 1.
2024/05/25 20:54:03 [error] [exception.CDbException] exception 'CDbException' with message 'CDbCommand 无法执行 SQL 语句: SQLSTATE[42000]: Syntax error or access violation: 1064 Erreur de syntaxe près de 'LIMIT 1' à la ligne 1' in D:\wamp\www\Mobile_Kitchen\framework\db\CDbCommand.php:543
Stack trace:
#0 D:\wamp\www\Mobile_Kitchen\framework\db\CDbCommand.php(415): CDbCommand->queryInternal('fetch', Array, Array)
#1 D:\wamp\www\Mobile_Kitchen\framework\db\ar\CActiveRecord.php(1360): CDbCommand->queryRow()
#2 D:\wamp\www\Mobile_Kitchen\framework\db\ar\CActiveRecord.php(1465): CActiveRecord->query(Object(CDbCriteria), false, true)
#3 D:\wamp\www\Mobile_Kitchen\admin\components\BaseModel.php(660): CActiveRecord->find('id=', Array, true)
#4 D:\wamp\www\Mobile_Kitchen\admin\views\clubMemberImportfile\index_student.php(80): BaseModel->find('id=')
#5 D:\wamp\www\Mobile_Kitchen\framework\web\CBaseController.php(126): require('D:\\wamp\\www\\Mob...')
#6 D:\wamp\www\Mobile_Kitchen\framework\web\CBaseController.php(95): CBaseController->renderInternal('D:\\wamp\\www\\Mob...', Array, true)
#7 D:\wamp\www\Mobile_Kitchen\framework\web\CController.php(872): CBaseController->renderFile('D:\\wamp\\www\\Mob...', Array, true)
#8 D:\wamp\www\Mobile_Kitchen\framework\web\CController.php(785): CController->renderPartial('index_student', Array, true)
#9 D:\wamp\www\Mobile_Kitchen\admin\components\BaseController.php(433): CController->render('index_student', Array)
#10 D:\wamp\www\Mobile_Kitchen\admin\controllers\ClubMemberImportfileController.php(136): BaseController->_list(Object(ClubMemberImportfile), Object(CDbCriteria), 'index_student', Array)
#11 [internal function]: ClubMemberImportfileController->actionIndex_student('', '', '', '', '')
#12 D:\wamp\www\Mobile_Kitchen\framework\web\actions\CAction.php(109): ReflectionMethod->invokeArgs(Object(ClubMemberImportfileController), Array)
#13 D:\wamp\www\Mobile_Kitchen\framework\web\actions\CInlineAction.php(47): CAction->runWithParamsInternal(Object(ClubMemberImportfileController), Object(ReflectionMethod), Array)
#14 D:\wamp\www\Mobile_Kitchen\framework\web\CController.php(308): CInlineAction->runWithParams(Array)
#15 D:\wamp\www\Mobile_Kitchen\framework\web\CController.php(286): CController->runAction(Object(CInlineAction))
#16 D:\wamp\www\Mobile_Kitchen\framework\web\CController.php(265): CController->runActionWithFilters(Object(CInlineAction), Array)
#17 D:\wamp\www\Mobile_Kitchen\framework\web\CWebApplication.php(282): CController->run('index_student')
#18 D:\wamp\www\Mobile_Kitchen\framework\web\CWebApplication.php(141): CWebApplication->runController('clubmemberimpor...')
#19 D:\wamp\www\Mobile_Kitchen\framework\base\CApplication.php(185): CWebApplication->processRequest()
#20 D:\wamp\www\Mobile_Kitchen\index.php(35): CApplication->run()
#21 {main}
REQUEST_URI=/mobile_kitchen/index.php?r=clubmemberimportfile/index_student
HTTP_REFERER=http://127.0.0.1/mobile_kitchen/index.php?r=index/menu&type=D
---
2024/05/25 20:54:03 [error] [system.db.CDbCommand] CDbCommand::fetch() failed: SQLSTATE[42000]: Syntax error or access violation: 1064 Erreur de syntaxe près de 'LIMIT 1' à la ligne 1. The SQL statement executed was: SELECT * FROM `club_list` `t` WHERE id= LIMIT 1.
2024/05/25 20:54:03 [error] [exception.CDbException] exception 'CDbException' with message 'CDbCommand 无法执行 SQL 语句: SQLSTATE[42000]: Syntax error or access violation: 1064 Erreur de syntaxe près de 'LIMIT 1' à la ligne 1' in D:\wamp\www\Mobile_Kitchen\framework\db\CDbCommand.php:543
Stack trace:
#0 D:\wamp\www\Mobile_Kitchen\framework\db\CDbCommand.php(415): CDbCommand->queryInternal('fetch', Array, Array)
#1 D:\wamp\www\Mobile_Kitchen\framework\db\ar\CActiveRecord.php(1360): CDbCommand->queryRow()
#2 D:\wamp\www\Mobile_Kitchen\framework\db\ar\CActiveRecord.php(1465): CActiveRecord->query(Object(CDbCriteria), false, true)
#3 D:\wamp\www\Mobile_Kitchen\admin\components\BaseModel.php(660): CActiveRecord->find('id=', Array, true)
#4 D:\wamp\www\Mobile_Kitchen\admin\views\clubMemberImportfile\index_student.php(80): BaseModel->find('id=')
#5 D:\wamp\www\Mobile_Kitchen\framework\web\CBaseController.php(126): require('D:\\wamp\\www\\Mob...')
#6 D:\wamp\www\Mobile_Kitchen\framework\web\CBaseController.php(95): CBaseController->renderInternal('D:\\wamp\\www\\Mob...', Array, true)
#7 D:\wamp\www\Mobile_Kitchen\framework\web\CController.php(872): CBaseController->renderFile('D:\\wamp\\www\\Mob...', Array, true)
#8 D:\wamp\www\Mobile_Kitchen\framework\web\CController.php(785): CController->renderPartial('index_student', Array, true)
#9 D:\wamp\www\Mobile_Kitchen\admin\components\BaseController.php(433): CController->render('index_student', Array)
#10 D:\wamp\www\Mobile_Kitchen\admin\controllers\ClubMemberImportfileController.php(136): BaseController->_list(Object(ClubMemberImportfile), Object(CDbCriteria), 'index_student', Array)
#11 [internal function]: ClubMemberImportfileController->actionIndex_student('', '', '', '', '')
#12 D:\wamp\www\Mobile_Kitchen\framework\web\actions\CAction.php(109): ReflectionMethod->invokeArgs(Object(ClubMemberImportfileController), Array)
#13 D:\wamp\www\Mobile_Kitchen\framework\web\actions\CInlineAction.php(47): CAction->runWithParamsInternal(Object(ClubMemberImportfileController), Object(ReflectionMethod), Array)
#14 D:\wamp\www\Mobile_Kitchen\framework\web\CController.php(308): CInlineAction->runWithParams(Array)
#15 D:\wamp\www\Mobile_Kitchen\framework\web\CController.php(286): CController->runAction(Object(CInlineAction))
#16 D:\wamp\www\Mobile_Kitchen\framework\web\CController.php(265): CController->runActionWithFilters(Object(CInlineAction), Array)
#17 D:\wamp\www\Mobile_Kitchen\framework\web\CWebApplication.php(282): CController->run('index_student')
#18 D:\wamp\www\Mobile_Kitchen\framework\web\CWebApplication.php(141): CWebApplication->runController('clubmemberimpor...')
#19 D:\wamp\www\Mobile_Kitchen\framework\base\CApplication.php(185): CWebApplication->processRequest()
#20 D:\wamp\www\Mobile_Kitchen\index.php(35): CApplication->run()
#21 {main}
REQUEST_URI=/mobile_kitchen/index.php?r=clubmemberimportfile/index_student
HTTP_REFERER=http://127.0.0.1/mobile_kitchen/index.php?r=index/menu&type=D
---
2024/05/25 20:54:03 [error] [system.db.CDbCommand] CDbCommand::fetch() failed: SQLSTATE[42000]: Syntax error or access violation: 1064 Erreur de syntaxe près de 'LIMIT 1' à la ligne 1. The SQL statement executed was: SELECT * FROM `club_list` `t` WHERE id= LIMIT 1.
2024/05/25 20:54:03 [error] [exception.CDbException] exception 'CDbException' with message 'CDbCommand 无法执行 SQL 语句: SQLSTATE[42000]: Syntax error or access violation: 1064 Erreur de syntaxe près de 'LIMIT 1' à la ligne 1' in D:\wamp\www\Mobile_Kitchen\framework\db\CDbCommand.php:543
Stack trace:
#0 D:\wamp\www\Mobile_Kitchen\framework\db\CDbCommand.php(415): CDbCommand->queryInternal('fetch', Array, Array)
#1 D:\wamp\www\Mobile_Kitchen\framework\db\ar\CActiveRecord.php(1360): CDbCommand->queryRow()
#2 D:\wamp\www\Mobile_Kitchen\framework\db\ar\CActiveRecord.php(1465): CActiveRecord->query(Object(CDbCriteria), false, true)
#3 D:\wamp\www\Mobile_Kitchen\admin\components\BaseModel.php(660): CActiveRecord->find('id=', Array, true)
#4 D:\wamp\www\Mobile_Kitchen\admin\views\clubMemberImportfile\index_student.php(80): BaseModel->find('id=')
#5 D:\wamp\www\Mobile_Kitchen\framework\web\CBaseController.php(126): require('D:\\wamp\\www\\Mob...')
#6 D:\wamp\www\Mobile_Kitchen\framework\web\CBaseController.php(95): CBaseController->renderInternal('D:\\wamp\\www\\Mob...', Array, true)
#7 D:\wamp\www\Mobile_Kitchen\framework\web\CController.php(872): CBaseController->renderFile('D:\\wamp\\www\\Mob...', Array, true)
#8 D:\wamp\www\Mobile_Kitchen\framework\web\CController.php(785): CController->renderPartial('index_student', Array, true)
#9 D:\wamp\www\Mobile_Kitchen\admin\components\BaseController.php(433): CController->render('index_student', Array)
#10 D:\wamp\www\Mobile_Kitchen\admin\controllers\ClubMemberImportfileController.php(136): BaseController->_list(Object(ClubMemberImportfile), Object(CDbCriteria), 'index_student', Array)
#11 [internal function]: ClubMemberImportfileController->actionIndex_student('', '', '', '', '')
#12 D:\wamp\www\Mobile_Kitchen\framework\web\actions\CAction.php(109): ReflectionMethod->invokeArgs(Object(ClubMemberImportfileController), Array)
#13 D:\wamp\www\Mobile_Kitchen\framework\web\actions\CInlineAction.php(47): CAction->runWithParamsInternal(Object(ClubMemberImportfileController), Object(ReflectionMethod), Array)
#14 D:\wamp\www\Mobile_Kitchen\framework\web\CController.php(308): CInlineAction->runWithParams(Array)
#15 D:\wamp\www\Mobile_Kitchen\framework\web\CController.php(286): CController->runAction(Object(CInlineAction))
#16 D:\wamp\www\Mobile_Kitchen\framework\web\CController.php(265): CController->runActionWithFilters(Object(CInlineAction), Array)
#17 D:\wamp\www\Mobile_Kitchen\framework\web\CWebApplication.php(282): CController->run('index_student')
#18 D:\wamp\www\Mobile_Kitchen\framework\web\CWebApplication.php(141): CWebApplication->runController('clubmemberimpor...')
#19 D:\wamp\www\Mobile_Kitchen\framework\base\CApplication.php(185): CWebApplication->processRequest()
#20 D:\wamp\www\Mobile_Kitchen\index.php(35): CApplication->run()
#21 {main}
REQUEST_URI=/mobile_kitchen/index.php?r=clubmemberimportfile/index_student
HTTP_REFERER=http://127.0.0.1/mobile_kitchen/index.php?r=index/menu&type=D
---
2024/05/25 20:54:03 [error] [system.db.CDbCommand] CDbCommand::fetch() failed: SQLSTATE[42000]: Syntax error or access violation: 1064 Erreur de syntaxe près de 'LIMIT 1' à la ligne 1. The SQL statement executed was: SELECT * FROM `club_list` `t` WHERE id= LIMIT 1.
2024/05/25 20:54:03 [error] [exception.CDbException] exception 'CDbException' with message 'CDbCommand 无法执行 SQL 语句: SQLSTATE[42000]: Syntax error or access violation: 1064 Erreur de syntaxe près de 'LIMIT 1' à la ligne 1' in D:\wamp\www\Mobile_Kitchen\framework\db\CDbCommand.php:543
Stack trace:
#0 D:\wamp\www\Mobile_Kitchen\framework\db\CDbCommand.php(415): CDbCommand->queryInternal('fetch', Array, Array)
#1 D:\wamp\www\Mobile_Kitchen\framework\db\ar\CActiveRecord.php(1360): CDbCommand->queryRow()
#2 D:\wamp\www\Mobile_Kitchen\framework\db\ar\CActiveRecord.php(1465): CActiveRecord->query(Object(CDbCriteria), false, true)
#3 D:\wamp\www\Mobile_Kitchen\admin\components\BaseModel.php(660): CActiveRecord->find('id=', Array, true)
#4 D:\wamp\www\Mobile_Kitchen\admin\views\clubMemberImportfile\index_student.php(80): BaseModel->find('id=')
#5 D:\wamp\www\Mobile_Kitchen\framework\web\CBaseController.php(126): require('D:\\wamp\\www\\Mob...')
#6 D:\wamp\www\Mobile_Kitchen\framework\web\CBaseController.php(95): CBaseController->renderInternal('D:\\wamp\\www\\Mob...', Array, true)
#7 D:\wamp\www\Mobile_Kitchen\framework\web\CController.php(872): CBaseController->renderFile('D:\\wamp\\www\\Mob...', Array, true)
#8 D:\wamp\www\Mobile_Kitchen\framework\web\CController.php(785): CController->renderPartial('index_student', Array, true)
#9 D:\wamp\www\Mobile_Kitchen\admin\components\BaseController.php(433): CController->render('index_student', Array)
#10 D:\wamp\www\Mobile_Kitchen\admin\controllers\ClubMemberImportfileController.php(136): BaseController->_list(Object(ClubMemberImportfile), Object(CDbCriteria), 'index_student', Array)
#11 [internal function]: ClubMemberImportfileController->actionIndex_student('', '', '', '', '')
#12 D:\wamp\www\Mobile_Kitchen\framework\web\actions\CAction.php(109): ReflectionMethod->invokeArgs(Object(ClubMemberImportfileController), Array)
#13 D:\wamp\www\Mobile_Kitchen\framework\web\actions\CInlineAction.php(47): CAction->runWithParamsInternal(Object(ClubMemberImportfileController), Object(ReflectionMethod), Array)
#14 D:\wamp\www\Mobile_Kitchen\framework\web\CController.php(308): CInlineAction->runWithParams(Array)
#15 D:\wamp\www\Mobile_Kitchen\framework\web\CController.php(286): CController->runAction(Object(CInlineAction))
#16 D:\wamp\www\Mobile_Kitchen\framework\web\CController.php(265): CController->runActionWithFilters(Object(CInlineAction), Array)
#17 D:\wamp\www\Mobile_Kitchen\framework\web\CWebApplication.php(282): CController->run('index_student')
#18 D:\wamp\www\Mobile_Kitchen\framework\web\CWebApplication.php(141): CWebApplication->runController('clubmemberimpor...')
#19 D:\wamp\www\Mobile_Kitchen\framework\base\CApplication.php(185): CWebApplication->processRequest()
#20 D:\wamp\www\Mobile_Kitchen\index.php(35): CApplication->run()
#21 {main}
REQUEST_URI=/mobile_kitchen/index.php?r=clubmemberimportfile/index_student
HTTP_REFERER=http://127.0.0.1/mobile_kitchen/index.php?r=index/menu&type=D
---
2024/05/25 20:54:04 [error] [system.db.CDbCommand] CDbCommand::fetch() failed: SQLSTATE[42000]: Syntax error or access violation: 1064 Erreur de syntaxe près de 'LIMIT 1' à la ligne 1. The SQL statement executed was: SELECT * FROM `club_list` `t` WHERE id= LIMIT 1.
2024/05/25 20:54:04 [error] [exception.CDbException] exception 'CDbException' with message 'CDbCommand 无法执行 SQL 语句: SQLSTATE[42000]: Syntax error or access violation: 1064 Erreur de syntaxe près de 'LIMIT 1' à la ligne 1' in D:\wamp\www\Mobile_Kitchen\framework\db\CDbCommand.php:543
Stack trace:
#0 D:\wamp\www\Mobile_Kitchen\framework\db\CDbCommand.php(415): CDbCommand->queryInternal('fetch', Array, Array)
#1 D:\wamp\www\Mobile_Kitchen\framework\db\ar\CActiveRecord.php(1360): CDbCommand->queryRow()
#2 D:\wamp\www\Mobile_Kitchen\framework\db\ar\CActiveRecord.php(1465): CActiveRecord->query(Object(CDbCriteria), false, true)
#3 D:\wamp\www\Mobile_Kitchen\admin\components\BaseModel.php(660): CActiveRecord->find('id=', Array, true)
#4 D:\wamp\www\Mobile_Kitchen\admin\views\clubMemberImportfile\index_student.php(80): BaseModel->find('id=')
#5 D:\wamp\www\Mobile_Kitchen\framework\web\CBaseController.php(126): require('D:\\wamp\\www\\Mob...')
#6 D:\wamp\www\Mobile_Kitchen\framework\web\CBaseController.php(95): CBaseController->renderInternal('D:\\wamp\\www\\Mob...', Array, true)
#7 D:\wamp\www\Mobile_Kitchen\framework\web\CController.php(872): CBaseController->renderFile('D:\\wamp\\www\\Mob...', Array, true)
#8 D:\wamp\www\Mobile_Kitchen\framework\web\CController.php(785): CController->renderPartial('index_student', Array, true)
#9 D:\wamp\www\Mobile_Kitchen\admin\components\BaseController.php(433): CController->render('index_student', Array)
#10 D:\wamp\www\Mobile_Kitchen\admin\controllers\ClubMemberImportfileController.php(136): BaseController->_list(Object(ClubMemberImportfile), Object(CDbCriteria), 'index_student', Array)
#11 [internal function]: ClubMemberImportfileController->actionIndex_student('', '', '', '', '')
#12 D:\wamp\www\Mobile_Kitchen\framework\web\actions\CAction.php(109): ReflectionMethod->invokeArgs(Object(ClubMemberImportfileController), Array)
#13 D:\wamp\www\Mobile_Kitchen\framework\web\actions\CInlineAction.php(47): CAction->runWithParamsInternal(Object(ClubMemberImportfileController), Object(ReflectionMethod), Array)
#14 D:\wamp\www\Mobile_Kitchen\framework\web\CController.php(308): CInlineAction->runWithParams(Array)
#15 D:\wamp\www\Mobile_Kitchen\framework\web\CController.php(286): CController->runAction(Object(CInlineAction))
#16 D:\wamp\www\Mobile_Kitchen\framework\web\CController.php(265): CController->runActionWithFilters(Object(CInlineAction), Array)
#17 D:\wamp\www\Mobile_Kitchen\framework\web\CWebApplication.php(282): CController->run('index_student')
#18 D:\wamp\www\Mobile_Kitchen\framework\web\CWebApplication.php(141): CWebApplication->runController('clubmemberimpor...')
#19 D:\wamp\www\Mobile_Kitchen\framework\base\CApplication.php(185): CWebApplication->processRequest()
#20 D:\wamp\www\Mobile_Kitchen\index.php(35): CApplication->run()
#21 {main}
REQUEST_URI=/mobile_kitchen/index.php?r=clubmemberimportfile/index_student
HTTP_REFERER=http://127.0.0.1/mobile_kitchen/index.php?r=index/menu&type=D
---
2024/05/25 20:54:04 [error] [system.db.CDbCommand] CDbCommand::fetch() failed: SQLSTATE[42000]: Syntax error or access violation: 1064 Erreur de syntaxe près de 'LIMIT 1' à la ligne 1. The SQL statement executed was: SELECT * FROM `club_list` `t` WHERE id= LIMIT 1.
2024/05/25 20:54:04 [error] [exception.CDbException] exception 'CDbException' with message 'CDbCommand 无法执行 SQL 语句: SQLSTATE[42000]: Syntax error or access violation: 1064 Erreur de syntaxe près de 'LIMIT 1' à la ligne 1' in D:\wamp\www\Mobile_Kitchen\framework\db\CDbCommand.php:543
Stack trace:
#0 D:\wamp\www\Mobile_Kitchen\framework\db\CDbCommand.php(415): CDbCommand->queryInternal('fetch', Array, Array)
#1 D:\wamp\www\Mobile_Kitchen\framework\db\ar\CActiveRecord.php(1360): CDbCommand->queryRow()
#2 D:\wamp\www\Mobile_Kitchen\framework\db\ar\CActiveRecord.php(1465): CActiveRecord->query(Object(CDbCriteria), false, true)
#3 D:\wamp\www\Mobile_Kitchen\admin\components\BaseModel.php(660): CActiveRecord->find('id=', Array, true)
#4 D:\wamp\www\Mobile_Kitchen\admin\views\clubMemberImportfile\index_student.php(80): BaseModel->find('id=')
#5 D:\wamp\www\Mobile_Kitchen\framework\web\CBaseController.php(126): require('D:\\wamp\\www\\Mob...')
#6 D:\wamp\www\Mobile_Kitchen\framework\web\CBaseController.php(95): CBaseController->renderInternal('D:\\wamp\\www\\Mob...', Array, true)
#7 D:\wamp\www\Mobile_Kitchen\framework\web\CController.php(872): CBaseController->renderFile('D:\\wamp\\www\\Mob...', Array, true)
#8 D:\wamp\www\Mobile_Kitchen\framework\web\CController.php(785): CController->renderPartial('index_student', Array, true)
#9 D:\wamp\www\Mobile_Kitchen\admin\components\BaseController.php(433): CController->render('index_student', Array)
#10 D:\wamp\www\Mobile_Kitchen\admin\controllers\ClubMemberImportfileController.php(136): BaseController->_list(Object(ClubMemberImportfile), Object(CDbCriteria), 'index_student', Array)
#11 [internal function]: ClubMemberImportfileController->actionIndex_student('', '', '', '', '')
#12 D:\wamp\www\Mobile_Kitchen\framework\web\actions\CAction.php(109): ReflectionMethod->invokeArgs(Object(ClubMemberImportfileController), Array)
#13 D:\wamp\www\Mobile_Kitchen\framework\web\actions\CInlineAction.php(47): CAction->runWithParamsInternal(Object(ClubMemberImportfileController), Object(ReflectionMethod), Array)
#14 D:\wamp\www\Mobile_Kitchen\framework\web\CController.php(308): CInlineAction->runWithParams(Array)
#15 D:\wamp\www\Mobile_Kitchen\framework\web\CController.php(286): CController->runAction(Object(CInlineAction))
#16 D:\wamp\www\Mobile_Kitchen\framework\web\CController.php(265): CController->runActionWithFilters(Object(CInlineAction), Array)
#17 D:\wamp\www\Mobile_Kitchen\framework\web\CWebApplication.php(282): CController->run('index_student')
#18 D:\wamp\www\Mobile_Kitchen\framework\web\CWebApplication.php(141): CWebApplication->runController('clubmemberimpor...')
#19 D:\wamp\www\Mobile_Kitchen\framework\base\CApplication.php(185): CWebApplication->processRequest()
#20 D:\wamp\www\Mobile_Kitchen\index.php(35): CApplication->run()
#21 {main}
REQUEST_URI=/mobile_kitchen/index.php?r=clubmemberimportfile/index_student
HTTP_REFERER=http://127.0.0.1/mobile_kitchen/index.php?r=index/menu&type=D
---
2024/05/25 20:54:04 [error] [system.db.CDbCommand] CDbCommand::fetch() failed: SQLSTATE[42000]: Syntax error or access violation: 1064 Erreur de syntaxe près de 'LIMIT 1' à la ligne 1. The SQL statement executed was: SELECT * FROM `club_list` `t` WHERE id= LIMIT 1.
2024/05/25 20:54:04 [error] [exception.CDbException] exception 'CDbException' with message 'CDbCommand 无法执行 SQL 语句: SQLSTATE[42000]: Syntax error or access violation: 1064 Erreur de syntaxe près de 'LIMIT 1' à la ligne 1' in D:\wamp\www\Mobile_Kitchen\framework\db\CDbCommand.php:543
Stack trace:
#0 D:\wamp\www\Mobile_Kitchen\framework\db\CDbCommand.php(415): CDbCommand->queryInternal('fetch', Array, Array)
#1 D:\wamp\www\Mobile_Kitchen\framework\db\ar\CActiveRecord.php(1360): CDbCommand->queryRow()
#2 D:\wamp\www\Mobile_Kitchen\framework\db\ar\CActiveRecord.php(1465): CActiveRecord->query(Object(CDbCriteria), false, true)
#3 D:\wamp\www\Mobile_Kitchen\admin\components\BaseModel.php(660): CActiveRecord->find('id=', Array, true)
#4 D:\wamp\www\Mobile_Kitchen\admin\views\clubMemberImportfile\index_student.php(80): BaseModel->find('id=')
#5 D:\wamp\www\Mobile_Kitchen\framework\web\CBaseController.php(126): require('D:\\wamp\\www\\Mob...')
#6 D:\wamp\www\Mobile_Kitchen\framework\web\CBaseController.php(95): CBaseController->renderInternal('D:\\wamp\\www\\Mob...', Array, true)
#7 D:\wamp\www\Mobile_Kitchen\framework\web\CController.php(872): CBaseController->renderFile('D:\\wamp\\www\\Mob...', Array, true)
#8 D:\wamp\www\Mobile_Kitchen\framework\web\CController.php(785): CController->renderPartial('index_student', Array, true)
#9 D:\wamp\www\Mobile_Kitchen\admin\components\BaseController.php(433): CController->render('index_student', Array)
#10 D:\wamp\www\Mobile_Kitchen\admin\controllers\ClubMemberImportfileController.php(136): BaseController->_list(Object(ClubMemberImportfile), Object(CDbCriteria), 'index_student', Array)
#11 [internal function]: ClubMemberImportfileController->actionIndex_student('', '', '', '', '')
#12 D:\wamp\www\Mobile_Kitchen\framework\web\actions\CAction.php(109): ReflectionMethod->invokeArgs(Object(ClubMemberImportfileController), Array)
#13 D:\wamp\www\Mobile_Kitchen\framework\web\actions\CInlineAction.php(47): CAction->runWithParamsInternal(Object(ClubMemberImportfileController), Object(ReflectionMethod), Array)
#14 D:\wamp\www\Mobile_Kitchen\framework\web\CController.php(308): CInlineAction->runWithParams(Array)
#15 D:\wamp\www\Mobile_Kitchen\framework\web\CController.php(286): CController->runAction(Object(CInlineAction))
#16 D:\wamp\www\Mobile_Kitchen\framework\web\CController.php(265): CController->runActionWithFilters(Object(CInlineAction), Array)
#17 D:\wamp\www\Mobile_Kitchen\framework\web\CWebApplication.php(282): CController->run('index_student')
#18 D:\wamp\www\Mobile_Kitchen\framework\web\CWebApplication.php(141): CWebApplication->runController('clubmemberimpor...')
#19 D:\wamp\www\Mobile_Kitchen\framework\base\CApplication.php(185): CWebApplication->processRequest()
#20 D:\wamp\www\Mobile_Kitchen\index.php(35): CApplication->run()
#21 {main}
REQUEST_URI=/mobile_kitchen/index.php?r=clubmemberimportfile/index_student
HTTP_REFERER=http://127.0.0.1/mobile_kitchen/index.php?r=index/menu&type=D
---
2024/05/25 20:54:04 [error] [system.db.CDbCommand] CDbCommand::fetch() failed: SQLSTATE[42000]: Syntax error or access violation: 1064 Erreur de syntaxe près de 'LIMIT 1' à la ligne 1. The SQL statement executed was: SELECT * FROM `club_list` `t` WHERE id= LIMIT 1.
2024/05/25 20:54:04 [error] [exception.CDbException] exception 'CDbException' with message 'CDbCommand 无法执行 SQL 语句: SQLSTATE[42000]: Syntax error or access violation: 1064 Erreur de syntaxe près de 'LIMIT 1' à la ligne 1' in D:\wamp\www\Mobile_Kitchen\framework\db\CDbCommand.php:543
Stack trace:
#0 D:\wamp\www\Mobile_Kitchen\framework\db\CDbCommand.php(415): CDbCommand->queryInternal('fetch', Array, Array)
#1 D:\wamp\www\Mobile_Kitchen\framework\db\ar\CActiveRecord.php(1360): CDbCommand->queryRow()
#2 D:\wamp\www\Mobile_Kitchen\framework\db\ar\CActiveRecord.php(1465): CActiveRecord->query(Object(CDbCriteria), false, true)
#3 D:\wamp\www\Mobile_Kitchen\admin\components\BaseModel.php(660): CActiveRecord->find('id=', Array, true)
#4 D:\wamp\www\Mobile_Kitchen\admin\views\clubMemberImportfile\index_student.php(80): BaseModel->find('id=')
#5 D:\wamp\www\Mobile_Kitchen\framework\web\CBaseController.php(126): require('D:\\wamp\\www\\Mob...')
#6 D:\wamp\www\Mobile_Kitchen\framework\web\CBaseController.php(95): CBaseController->renderInternal('D:\\wamp\\www\\Mob...', Array, true)
#7 D:\wamp\www\Mobile_Kitchen\framework\web\CController.php(872): CBaseController->renderFile('D:\\wamp\\www\\Mob...', Array, true)
#8 D:\wamp\www\Mobile_Kitchen\framework\web\CController.php(785): CController->renderPartial('index_student', Array, true)
#9 D:\wamp\www\Mobile_Kitchen\admin\components\BaseController.php(433): CController->render('index_student', Array)
#10 D:\wamp\www\Mobile_Kitchen\admin\controllers\ClubMemberImportfileController.php(136): BaseController->_list(Object(ClubMemberImportfile), Object(CDbCriteria), 'index_student', Array)
#11 [internal function]: ClubMemberImportfileController->actionIndex_student('', '', '', '', '')
#12 D:\wamp\www\Mobile_Kitchen\framework\web\actions\CAction.php(109): ReflectionMethod->invokeArgs(Object(ClubMemberImportfileController), Array)
#13 D:\wamp\www\Mobile_Kitchen\framework\web\actions\CInlineAction.php(47): CAction->runWithParamsInternal(Object(ClubMemberImportfileController), Object(ReflectionMethod), Array)
#14 D:\wamp\www\Mobile_Kitchen\framework\web\CController.php(308): CInlineAction->runWithParams(Array)
#15 D:\wamp\www\Mobile_Kitchen\framework\web\CController.php(286): CController->runAction(Object(CInlineAction))
#16 D:\wamp\www\Mobile_Kitchen\framework\web\CController.php(265): CController->runActionWithFilters(Object(CInlineAction), Array)
#17 D:\wamp\www\Mobile_Kitchen\framework\web\CWebApplication.php(282): CController->run('index_student')
#18 D:\wamp\www\Mobile_Kitchen\framework\web\CWebApplication.php(141): CWebApplication->runController('clubmemberimpor...')
#19 D:\wamp\www\Mobile_Kitchen\framework\base\CApplication.php(185): CWebApplication->processRequest()
#20 D:\wamp\www\Mobile_Kitchen\index.php(35): CApplication->run()
#21 {main}
REQUEST_URI=/mobile_kitchen/index.php?r=clubmemberimportfile/index_student
HTTP_REFERER=http://127.0.0.1/mobile_kitchen/index.php?r=index/menu&type=D
---
