2024/05/02 11:10:31 [error] [system.db.CDbCommand] CDbCommand::fetchAll() failed: SQLSTATE[42S02]: Base table or view not found: 1146 La table 'kic.swiperimage' n'existe pas. The SQL statement executed was: SHOW FULL COLUMNS FROM `swiperimage`.
2024/05/02 11:10:31 [error] [exception.CDbException] exception 'CDbException' with message '数据库中无法找到 active record class "swiperImage" 对应的 table "{{swiperimage}}".' in D:\wamp\www\Mobile_Kitchen\framework\db\ar\CActiveRecord.php:2403
Stack trace:
#0 D:\wamp\www\Mobile_Kitchen\framework\db\ar\CActiveRecord.php(413): CActiveRecordMetaData->__construct(Object(swiperImage))
#1 D:\wamp\www\Mobile_Kitchen\framework\db\ar\CActiveRecord.php(663): CActiveRecord->getMetaData()
#2 D:\wamp\www\Mobile_Kitchen\framework\db\ar\CActiveRecord.php(1611): CActiveRecord->getTableSchema()
#3 D:\wamp\www\Mobile_Kitchen\admin\components\BaseController.php(57): CActiveRecord->count(Object(CDbCriteria))
#4 D:\wamp\www\Mobile_Kitchen\admin\components\BaseController.php(432): BaseController->get_listData(Object(swiperImage), Object(CDbCriteria), Array, 15, 'index')
#5 D:\wamp\www\Mobile_Kitchen\admin\controllers\swiperimageController.php(113): BaseController->_list(Object(swiperImage), Object(CDbCriteria), 'index', Array)
#6 D:\wamp\www\Mobile_Kitchen\framework\web\actions\CInlineAction.php(49): swiperImageController->actionindex()
#7 D:\wamp\www\Mobile_Kitchen\framework\web\CController.php(308): CInlineAction->runWithParams(Array)
#8 D:\wamp\www\Mobile_Kitchen\framework\web\CController.php(286): CController->runAction(Object(CInlineAction))
#9 D:\wamp\www\Mobile_Kitchen\framework\web\CController.php(265): CController->runActionWithFilters(Object(CInlineAction), Array)
#10 D:\wamp\www\Mobile_Kitchen\framework\web\CWebApplication.php(282): CController->run('index')
#11 D:\wamp\www\Mobile_Kitchen\framework\web\CWebApplication.php(141): CWebApplication->runController('swiperimage/ind...')
#12 D:\wamp\www\Mobile_Kitchen\framework\base\CApplication.php(185): CWebApplication->processRequest()
#13 D:\wamp\www\Mobile_Kitchen\index.php(35): CApplication->run()
#14 {main}
REQUEST_URI=/mobile_kitchen/index.php?r=swiperimage/index
---
2024/05/02 11:14:12 [error] [system.db.CDbCommand] CDbCommand::fetchAll() failed: SQLSTATE[42S22]: Column not found: 1054 Champ 'sortNumber' inconnu dans order clause. The SQL statement executed was: SELECT * FROM `swiperimage` `t` ORDER BY sortNumber asc LIMIT 15.
2024/05/02 11:14:12 [error] [exception.CDbException] exception 'CDbException' with message 'CDbCommand 无法执行 SQL 语句: SQLSTATE[42S22]: Column not found: 1054 Champ 'sortNumber' inconnu dans order clause' in D:\wamp\www\Mobile_Kitchen\framework\db\CDbCommand.php:543
Stack trace:
#0 D:\wamp\www\Mobile_Kitchen\framework\db\CDbCommand.php(396): CDbCommand->queryInternal('fetchAll', Array, Array)
#1 D:\wamp\www\Mobile_Kitchen\framework\db\ar\CActiveRecord.php(1360): CDbCommand->queryAll()
#2 D:\wamp\www\Mobile_Kitchen\framework\db\ar\CActiveRecord.php(1480): CActiveRecord->query(Object(CDbCriteria), true, true)
#3 D:\wamp\www\Mobile_Kitchen\admin\components\BaseModel.php(664): CActiveRecord->findAll(Object(CDbCriteria), Array, true)
#4 D:\wamp\www\Mobile_Kitchen\admin\components\BaseController.php(61): BaseModel->findAll(Object(CDbCriteria))
#5 D:\wamp\www\Mobile_Kitchen\admin\components\BaseController.php(432): BaseController->get_listData(Object(swiperImage), Object(CDbCriteria), Array, 15, 'index')
#6 D:\wamp\www\Mobile_Kitchen\admin\controllers\swiperimageController.php(113): BaseController->_list(Object(swiperImage), Object(CDbCriteria), 'index', Array)
#7 D:\wamp\www\Mobile_Kitchen\framework\web\actions\CInlineAction.php(49): swiperImageController->actionindex()
#8 D:\wamp\www\Mobile_Kitchen\framework\web\CController.php(308): CInlineAction->runWithParams(Array)
#9 D:\wamp\www\Mobile_Kitchen\framework\web\CController.php(286): CController->runAction(Object(CInlineAction))
#10 D:\wamp\www\Mobile_Kitchen\framework\web\CController.php(265): CController->runActionWithFilters(Object(CInlineAction), Array)
#11 D:\wamp\www\Mobile_Kitchen\framework\web\CWebApplication.php(282): CController->run('index')
#12 D:\wamp\www\Mobile_Kitchen\framework\web\CWebApplication.php(141): CWebApplication->runController('swiperimage/ind...')
#13 D:\wamp\www\Mobile_Kitchen\framework\base\CApplication.php(185): CWebApplication->processRequest()
#14 D:\wamp\www\Mobile_Kitchen\index.php(35): CApplication->run()
#15 {main}
REQUEST_URI=/mobile_kitchen/index.php?r=swiperimage/index
---
2024/05/02 11:14:13 [error] [system.db.CDbCommand] CDbCommand::fetchAll() failed: SQLSTATE[42S22]: Column not found: 1054 Champ 'sortNumber' inconnu dans order clause. The SQL statement executed was: SELECT * FROM `swiperimage` `t` ORDER BY sortNumber asc LIMIT 15.
2024/05/02 11:14:13 [error] [exception.CDbException] exception 'CDbException' with message 'CDbCommand 无法执行 SQL 语句: SQLSTATE[42S22]: Column not found: 1054 Champ 'sortNumber' inconnu dans order clause' in D:\wamp\www\Mobile_Kitchen\framework\db\CDbCommand.php:543
Stack trace:
#0 D:\wamp\www\Mobile_Kitchen\framework\db\CDbCommand.php(396): CDbCommand->queryInternal('fetchAll', Array, Array)
#1 D:\wamp\www\Mobile_Kitchen\framework\db\ar\CActiveRecord.php(1360): CDbCommand->queryAll()
#2 D:\wamp\www\Mobile_Kitchen\framework\db\ar\CActiveRecord.php(1480): CActiveRecord->query(Object(CDbCriteria), true, true)
#3 D:\wamp\www\Mobile_Kitchen\admin\components\BaseModel.php(664): CActiveRecord->findAll(Object(CDbCriteria), Array, true)
#4 D:\wamp\www\Mobile_Kitchen\admin\components\BaseController.php(61): BaseModel->findAll(Object(CDbCriteria))
#5 D:\wamp\www\Mobile_Kitchen\admin\components\BaseController.php(432): BaseController->get_listData(Object(swiperImage), Object(CDbCriteria), Array, 15, 'index')
#6 D:\wamp\www\Mobile_Kitchen\admin\controllers\swiperimageController.php(113): BaseController->_list(Object(swiperImage), Object(CDbCriteria), 'index', Array)
#7 D:\wamp\www\Mobile_Kitchen\framework\web\actions\CInlineAction.php(49): swiperImageController->actionindex()
#8 D:\wamp\www\Mobile_Kitchen\framework\web\CController.php(308): CInlineAction->runWithParams(Array)
#9 D:\wamp\www\Mobile_Kitchen\framework\web\CController.php(286): CController->runAction(Object(CInlineAction))
#10 D:\wamp\www\Mobile_Kitchen\framework\web\CController.php(265): CController->runActionWithFilters(Object(CInlineAction), Array)
#11 D:\wamp\www\Mobile_Kitchen\framework\web\CWebApplication.php(282): CController->run('index')
#12 D:\wamp\www\Mobile_Kitchen\framework\web\CWebApplication.php(141): CWebApplication->runController('swiperimage/ind...')
#13 D:\wamp\www\Mobile_Kitchen\framework\base\CApplication.php(185): CWebApplication->processRequest()
#14 D:\wamp\www\Mobile_Kitchen\index.php(35): CApplication->run()
#15 {main}
REQUEST_URI=/mobile_kitchen/index.php?r=swiperimage/index
---
2024/05/02 11:14:14 [error] [system.db.CDbCommand] CDbCommand::fetchAll() failed: SQLSTATE[42S22]: Column not found: 1054 Champ 'sortNumber' inconnu dans order clause. The SQL statement executed was: SELECT * FROM `swiperimage` `t` ORDER BY sortNumber asc LIMIT 15.
2024/05/02 11:14:14 [error] [exception.CDbException] exception 'CDbException' with message 'CDbCommand 无法执行 SQL 语句: SQLSTATE[42S22]: Column not found: 1054 Champ 'sortNumber' inconnu dans order clause' in D:\wamp\www\Mobile_Kitchen\framework\db\CDbCommand.php:543
Stack trace:
#0 D:\wamp\www\Mobile_Kitchen\framework\db\CDbCommand.php(396): CDbCommand->queryInternal('fetchAll', Array, Array)
#1 D:\wamp\www\Mobile_Kitchen\framework\db\ar\CActiveRecord.php(1360): CDbCommand->queryAll()
#2 D:\wamp\www\Mobile_Kitchen\framework\db\ar\CActiveRecord.php(1480): CActiveRecord->query(Object(CDbCriteria), true, true)
#3 D:\wamp\www\Mobile_Kitchen\admin\components\BaseModel.php(664): CActiveRecord->findAll(Object(CDbCriteria), Array, true)
#4 D:\wamp\www\Mobile_Kitchen\admin\components\BaseController.php(61): BaseModel->findAll(Object(CDbCriteria))
#5 D:\wamp\www\Mobile_Kitchen\admin\components\BaseController.php(432): BaseController->get_listData(Object(swiperImage), Object(CDbCriteria), Array, 15, 'index')
#6 D:\wamp\www\Mobile_Kitchen\admin\controllers\swiperimageController.php(113): BaseController->_list(Object(swiperImage), Object(CDbCriteria), 'index', Array)
#7 D:\wamp\www\Mobile_Kitchen\framework\web\actions\CInlineAction.php(49): swiperImageController->actionindex()
#8 D:\wamp\www\Mobile_Kitchen\framework\web\CController.php(308): CInlineAction->runWithParams(Array)
#9 D:\wamp\www\Mobile_Kitchen\framework\web\CController.php(286): CController->runAction(Object(CInlineAction))
#10 D:\wamp\www\Mobile_Kitchen\framework\web\CController.php(265): CController->runActionWithFilters(Object(CInlineAction), Array)
#11 D:\wamp\www\Mobile_Kitchen\framework\web\CWebApplication.php(282): CController->run('index')
#12 D:\wamp\www\Mobile_Kitchen\framework\web\CWebApplication.php(141): CWebApplication->runController('swiperimage/ind...')
#13 D:\wamp\www\Mobile_Kitchen\framework\base\CApplication.php(185): CWebApplication->processRequest()
#14 D:\wamp\www\Mobile_Kitchen\index.php(35): CApplication->run()
#15 {main}
REQUEST_URI=/mobile_kitchen/index.php?r=swiperimage/index
---
2024/05/02 16:51:50 [error] [exception.CHttpException.404] exception 'CHttpException' with message '无法解析请求 "gfClubCustomerServiceGroupMember/service_chat"。' in D:\wamp\www\Mobile_Kitchen\framework\web\CWebApplication.php:286
Stack trace:
#0 D:\wamp\www\Mobile_Kitchen\framework\web\CWebApplication.php(141): CWebApplication->runController('gfClubCustomerS...')
#1 D:\wamp\www\Mobile_Kitchen\framework\base\CApplication.php(185): CWebApplication->processRequest()
#2 D:\wamp\www\Mobile_Kitchen\index.php(35): CApplication->run()
#3 {main}
REQUEST_URI=/mobile_kitchen/index.php?r=gfClubCustomerServiceGroupMember/service_chat&id=587
HTTP_REFERER=http://127.0.0.1/mobile_kitchen/index.php?r=index/menu&type=Y
---
2024/05/02 16:57:47 [error] [system.db.CDbCommand] CDbCommand::fetchAll() failed: SQLSTATE[42000]: Syntax error or access violation: 1064 Erreur de syntaxe près de '' à la ligne 1. The SQL statement executed was: SELECT * FROM `activity_list_data` `t` WHERE activity_id=.
2024/05/02 16:57:47 [error] [exception.CDbException] exception 'CDbException' with message 'CDbCommand 无法执行 SQL 语句: SQLSTATE[42000]: Syntax error or access violation: 1064 Erreur de syntaxe près de '' à la ligne 1' in D:\wamp\www\Mobile_Kitchen\framework\db\CDbCommand.php:543
Stack trace:
#0 D:\wamp\www\Mobile_Kitchen\framework\db\CDbCommand.php(396): CDbCommand->queryInternal('fetchAll', Array, Array)
#1 D:\wamp\www\Mobile_Kitchen\framework\db\ar\CActiveRecord.php(1360): CDbCommand->queryAll()
#2 D:\wamp\www\Mobile_Kitchen\framework\db\ar\CActiveRecord.php(1480): CActiveRecord->query(Object(CDbCriteria), true, true)
#3 D:\wamp\www\Mobile_Kitchen\admin\components\BaseModel.php(664): CActiveRecord->findAll('activity_id=', Array, true)
#4 D:\wamp\www\Mobile_Kitchen\admin\controllers\ActivitySignListController.php(172): BaseModel->findAll('activity_id=')
#5 D:\wamp\www\Mobile_Kitchen\framework\web\actions\CInlineAction.php(49): ActivitySignListController->actionGetListData()
#6 D:\wamp\www\Mobile_Kitchen\framework\web\CController.php(308): CInlineAction->runWithParams(Array)
#7 D:\wamp\www\Mobile_Kitchen\framework\web\CController.php(286): CController->runAction(Object(CInlineAction))
#8 D:\wamp\www\Mobile_Kitchen\framework\web\CController.php(265): CController->runActionWithFilters(Object(CInlineAction), Array)
#9 D:\wamp\www\Mobile_Kitchen\framework\web\CWebApplication.php(282): CController->run('getListData')
#10 D:\wamp\www\Mobile_Kitchen\framework\web\CWebApplication.php(141): CWebApplication->runController('activitySignLis...')
#11 D:\wamp\www\Mobile_Kitchen\framework\base\CApplication.php(185): CWebApplication->processRequest()
#12 D:\wamp\www\Mobile_Kitchen\index.php(35): CApplication->run()
#13 {main}
REQUEST_URI=/mobile_kitchen/index.php?r=activitySignList/getListData
HTTP_REFERER=http://127.0.0.1/mobile_kitchen/index.php?r=activitySignList/index
---
2024/05/02 16:57:53 [error] [exception.CException] exception 'CException' with message 'MallSalesOrderInfoController 无法找到请求的视图 "index_gf_audit_nopass".' in D:\wamp\www\Mobile_Kitchen\framework\web\CController.php:881
Stack trace:
#0 D:\wamp\www\Mobile_Kitchen\framework\web\CController.php(785): CController->renderPartial('index_gf_audit_...', Array, true)
#1 D:\wamp\www\Mobile_Kitchen\admin\components\BaseController.php(433): CController->render('index_gf_audit_...', Array)
#2 D:\wamp\www\Mobile_Kitchen\admin\controllers\MallSalesOrderInfoController.php(126): BaseController->_list(Object(MallSalesOrderInfo), Object(CDbCriteria), 'index_gf_audit_...', Array)
#3 D:\wamp\www\Mobile_Kitchen\admin\controllers\MallSalesOrderInfoController.php(86): MallSalesOrderInfoController->ShowViewIndex('', '', '', '', '', '', 'JOIN mall_sales...', ' AND t.audit_st...', 'index_gf_audit_...')
#4 [internal function]: MallSalesOrderInfoController->actionIndex_gf_audit_nopass('', '', '', '', '')
#5 D:\wamp\www\Mobile_Kitchen\framework\web\actions\CAction.php(109): ReflectionMethod->invokeArgs(Object(MallSalesOrderInfoController), Array)
#6 D:\wamp\www\Mobile_Kitchen\framework\web\actions\CInlineAction.php(47): CAction->runWithParamsInternal(Object(MallSalesOrderInfoController), Object(ReflectionMethod), Array)
#7 D:\wamp\www\Mobile_Kitchen\framework\web\CController.php(308): CInlineAction->runWithParams(Array)
#8 D:\wamp\www\Mobile_Kitchen\framework\web\CController.php(286): CController->runAction(Object(CInlineAction))
#9 D:\wamp\www\Mobile_Kitchen\framework\web\CController.php(265): CController->runActionWithFilters(Object(CInlineAction), Array)
#10 D:\wamp\www\Mobile_Kitchen\framework\web\CWebApplication.php(282): CController->run('index_gf_audit_...')
#11 D:\wamp\www\Mobile_Kitchen\framework\web\CWebApplication.php(141): CWebApplication->runController('MallSalesOrderI...')
#12 D:\wamp\www\Mobile_Kitchen\framework\base\CApplication.php(185): CWebApplication->processRequest()
#13 D:\wamp\www\Mobile_Kitchen\index.php(35): CApplication->run()
#14 {main}
REQUEST_URI=/mobile_kitchen/index.php?r=MallSalesOrderInfo/index_gf_audit_nopass
HTTP_REFERER=http://127.0.0.1/mobile_kitchen/index.php?r=index/menu&type=X
---
2024/05/02 17:09:29 [error] [system.db.CDbCommand] CDbCommand::fetchColumn() failed: SQLSTATE[23000]: Integrity constraint violation: 1052 Champ: 'supplier_id' dans where clause est ambigu. The SQL statement executed was: SELECT COUNT(*) FROM (SELECT t.id FROM `mall_sales_order_info` `t` JOIN mall_sales_order_data on t.id=mall_sales_order_data.info_id WHERE if_del=648 AND t.type=757 and pay_time>="2024-05-02 00:00:00" and supplier_id=2450 GROUP BY t.id) sq.
2024/05/02 17:09:29 [error] [exception.CDbException] exception 'CDbException' with message 'CDbCommand 无法执行 SQL 语句: SQLSTATE[23000]: Integrity constraint violation: 1052 Champ: 'supplier_id' dans where clause est ambigu' in D:\wamp\www\Mobile_Kitchen\framework\db\CDbCommand.php:543
Stack trace:
#0 D:\wamp\www\Mobile_Kitchen\framework\db\CDbCommand.php(433): CDbCommand->queryInternal('fetchColumn', 0, Array)
#1 D:\wamp\www\Mobile_Kitchen\framework\db\ar\CActiveRecord.php(1611): CDbCommand->queryScalar()
#2 D:\wamp\www\Mobile_Kitchen\admin\controllers\MallSalesOrderInfoController.php(118): CActiveRecord->count(Object(CDbCriteria))
#3 D:\wamp\www\Mobile_Kitchen\admin\controllers\MallSalesOrderInfoController.php(44): MallSalesOrderInfoController->ShowViewIndex('', '', '', '', '', ' and supplier_i...', 'JOIN mall_sales...', '', 'index')
#4 [internal function]: MallSalesOrderInfoController->actionIndex('', '', '', '', '')
#5 D:\wamp\www\Mobile_Kitchen\framework\web\actions\CAction.php(109): ReflectionMethod->invokeArgs(Object(MallSalesOrderInfoController), Array)
#6 D:\wamp\www\Mobile_Kitchen\framework\web\actions\CInlineAction.php(47): CAction->runWithParamsInternal(Object(MallSalesOrderInfoController), Object(ReflectionMethod), Array)
#7 D:\wamp\www\Mobile_Kitchen\framework\web\CController.php(308): CInlineAction->runWithParams(Array)
#8 D:\wamp\www\Mobile_Kitchen\framework\web\CController.php(286): CController->runAction(Object(CInlineAction))
#9 D:\wamp\www\Mobile_Kitchen\framework\web\CController.php(265): CController->runActionWithFilters(Object(CInlineAction), Array)
#10 D:\wamp\www\Mobile_Kitchen\framework\web\CWebApplication.php(282): CController->run('index')
#11 D:\wamp\www\Mobile_Kitchen\framework\web\CWebApplication.php(141): CWebApplication->runController('MallSalesOrderI...')
#12 D:\wamp\www\Mobile_Kitchen\framework\base\CApplication.php(185): CWebApplication->processRequest()
#13 D:\wamp\www\Mobile_Kitchen\index.php(35): CApplication->run()
#14 {main}
REQUEST_URI=/mobile_kitchen/index.php?r=MallSalesOrderInfo/index
HTTP_REFERER=http://127.0.0.1/mobile_kitchen/index.php?r=index/menu&type=T
---
2024/05/02 19:46:43 [error] [exception.CException] exception 'CException' with message 'DiyPageController 无法找到请求的视图 "index".' in D:\wamp\www\Mobile_Kitchen\framework\web\CController.php:881
Stack trace:
#0 D:\wamp\www\Mobile_Kitchen\framework\web\CController.php(785): CController->renderPartial('index', Array, true)
#1 D:\wamp\www\Mobile_Kitchen\admin\components\BaseController.php(433): CController->render('index', Array)
#2 D:\wamp\www\Mobile_Kitchen\admin\controllers\DiyPageController.php(37): BaseController->_list(Object(DiyPage), Object(CDbCriteria), 'index', Array)
#3 [internal function]: DiyPageController->actionIndex('')
#4 D:\wamp\www\Mobile_Kitchen\framework\web\actions\CAction.php(109): ReflectionMethod->invokeArgs(Object(DiyPageController), Array)
#5 D:\wamp\www\Mobile_Kitchen\framework\web\actions\CInlineAction.php(47): CAction->runWithParamsInternal(Object(DiyPageController), Object(ReflectionMethod), Array)
#6 D:\wamp\www\Mobile_Kitchen\framework\web\CController.php(308): CInlineAction->runWithParams(Array)
#7 D:\wamp\www\Mobile_Kitchen\framework\web\CController.php(286): CController->runAction(Object(CInlineAction))
#8 D:\wamp\www\Mobile_Kitchen\framework\web\CController.php(265): CController->runActionWithFilters(Object(CInlineAction), Array)
#9 D:\wamp\www\Mobile_Kitchen\framework\web\CWebApplication.php(282): CController->run('index')
#10 D:\wamp\www\Mobile_Kitchen\framework\web\CWebApplication.php(141): CWebApplication->runController('diypage/index')
#11 D:\wamp\www\Mobile_Kitchen\framework\base\CApplication.php(185): CWebApplication->processRequest()
#12 D:\wamp\www\Mobile_Kitchen\index.php(35): CApplication->run()
#13 {main}
REQUEST_URI=/mobile_kitchen/index.php?r=diypage/index
---
2024/05/02 20:05:32 [error] [php] Use of undefined constant id - assumed 'id' (D:\wamp\www\Mobile_Kitchen\admin\controllers\DishDetailController.php:44)
Stack trace:
#0 D:\wamp\www\Mobile_Kitchen\framework\web\CController.php(308): CInlineAction->runWithParams()
#1 D:\wamp\www\Mobile_Kitchen\framework\web\CController.php(286): DishDetailController->runAction()
#2 D:\wamp\www\Mobile_Kitchen\framework\web\CController.php(265): DishDetailController->runActionWithFilters()
#3 D:\wamp\www\Mobile_Kitchen\framework\web\CWebApplication.php(282): DishDetailController->run()
#4 D:\wamp\www\Mobile_Kitchen\framework\web\CWebApplication.php(141): CWebApplication->runController()
#5 D:\wamp\www\Mobile_Kitchen\framework\base\CApplication.php(185): CWebApplication->processRequest()
#6 D:\wamp\www\Mobile_Kitchen\index.php(35): CWebApplication->run()
REQUEST_URI=/mobile_kitchen/index.php?r=dishDetail/create
2024/05/02 20:20:04 [error] [php] Undefined variable: post (D:\wamp\www\Mobile_Kitchen\admin\controllers\DishDetailController.php:64)
Stack trace:
#0 D:\wamp\www\Mobile_Kitchen\framework\web\CController.php(308): CInlineAction->runWithParams()
#1 D:\wamp\www\Mobile_Kitchen\framework\web\CController.php(286): DishDetailController->runAction()
#2 D:\wamp\www\Mobile_Kitchen\framework\web\CController.php(265): DishDetailController->runActionWithFilters()
#3 D:\wamp\www\Mobile_Kitchen\framework\web\CWebApplication.php(282): DishDetailController->run()
#4 D:\wamp\www\Mobile_Kitchen\framework\web\CWebApplication.php(141): CWebApplication->runController()
#5 D:\wamp\www\Mobile_Kitchen\framework\base\CApplication.php(185): CWebApplication->processRequest()
#6 D:\wamp\www\Mobile_Kitchen\index.php(35): CWebApplication->run()
REQUEST_URI=/mobile_kitchen/index.php?r=dishDetail/create
2024/05/02 20:21:16 [error] [php] Trying to get property of non-object (D:\wamp\www\Mobile_Kitchen\admin\controllers\DishDetailController.php:67)
Stack trace:
#0 D:\wamp\www\Mobile_Kitchen\framework\web\CController.php(308): CInlineAction->runWithParams()
#1 D:\wamp\www\Mobile_Kitchen\framework\web\CController.php(286): DishDetailController->runAction()
#2 D:\wamp\www\Mobile_Kitchen\framework\web\CController.php(265): DishDetailController->runActionWithFilters()
#3 D:\wamp\www\Mobile_Kitchen\framework\web\CWebApplication.php(282): DishDetailController->run()
#4 D:\wamp\www\Mobile_Kitchen\framework\web\CWebApplication.php(141): CWebApplication->runController()
#5 D:\wamp\www\Mobile_Kitchen\framework\base\CApplication.php(185): CWebApplication->processRequest()
#6 D:\wamp\www\Mobile_Kitchen\index.php(35): CWebApplication->run()
REQUEST_URI=/mobile_kitchen/index.php?r=dishDetail/create
2024/05/02 20:21:30 [error] [php] Trying to get property of non-object (D:\wamp\www\Mobile_Kitchen\admin\controllers\DishDetailController.php:67)
Stack trace:
#0 D:\wamp\www\Mobile_Kitchen\framework\web\CController.php(308): CInlineAction->runWithParams()
#1 D:\wamp\www\Mobile_Kitchen\framework\web\CController.php(286): DishDetailController->runAction()
#2 D:\wamp\www\Mobile_Kitchen\framework\web\CController.php(265): DishDetailController->runActionWithFilters()
#3 D:\wamp\www\Mobile_Kitchen\framework\web\CWebApplication.php(282): DishDetailController->run()
#4 D:\wamp\www\Mobile_Kitchen\framework\web\CWebApplication.php(141): CWebApplication->runController()
#5 D:\wamp\www\Mobile_Kitchen\framework\base\CApplication.php(185): CWebApplication->processRequest()
#6 D:\wamp\www\Mobile_Kitchen\index.php(35): CWebApplication->run()
REQUEST_URI=/mobile_kitchen/index.php?r=dishDetail/create
2024/05/02 20:25:28 [error] [php] Undefined variable: flag (D:\wamp\www\Mobile_Kitchen\admin\views\dishDetail\update.php:1)
Stack trace:
#0 D:\wamp\www\Mobile_Kitchen\framework\web\CController.php(872): DishDetailController->renderFile()
#1 D:\wamp\www\Mobile_Kitchen\framework\web\CController.php(785): DishDetailController->renderPartial()
#2 D:\wamp\www\Mobile_Kitchen\admin\controllers\DishDetailController.php(46): DishDetailController->render()
#3 D:\wamp\www\Mobile_Kitchen\framework\web\actions\CInlineAction.php(49): DishDetailController->actionCreate()
#4 D:\wamp\www\Mobile_Kitchen\framework\web\CController.php(308): CInlineAction->runWithParams()
#5 D:\wamp\www\Mobile_Kitchen\framework\web\CController.php(286): DishDetailController->runAction()
#6 D:\wamp\www\Mobile_Kitchen\framework\web\CController.php(265): DishDetailController->runActionWithFilters()
#7 D:\wamp\www\Mobile_Kitchen\framework\web\CWebApplication.php(282): DishDetailController->run()
#8 D:\wamp\www\Mobile_Kitchen\framework\web\CWebApplication.php(141): CWebApplication->runController()
#9 D:\wamp\www\Mobile_Kitchen\framework\base\CApplication.php(185): CWebApplication->processRequest()
#10 D:\wamp\www\Mobile_Kitchen\index.php(35): CWebApplication->run()
REQUEST_URI=/mobile_kitchen/index.php?r=dishDetail/create
2024/05/02 20:26:10 [error] [exception.CException] exception 'CException' with message 'DishDetailController and its behaviors do not have a method or closure named "saveData".' in D:\wamp\www\Mobile_Kitchen\framework\base\CComponent.php:266
Stack trace:
#0 D:\wamp\www\Mobile_Kitchen\admin\controllers\DishDetailController.php(53): CComponent->__call('saveData', Array)
#1 D:\wamp\www\Mobile_Kitchen\admin\controllers\DishDetailController.php(53): DishDetailController->saveData(Object(DishDetail), Array)
#2 D:\wamp\www\Mobile_Kitchen\framework\web\actions\CInlineAction.php(49): DishDetailController->actionCreate()
#3 D:\wamp\www\Mobile_Kitchen\framework\web\CController.php(308): CInlineAction->runWithParams(Array)
#4 D:\wamp\www\Mobile_Kitchen\framework\web\CController.php(286): CController->runAction(Object(CInlineAction))
#5 D:\wamp\www\Mobile_Kitchen\framework\web\CController.php(265): CController->runActionWithFilters(Object(CInlineAction), Array)
#6 D:\wamp\www\Mobile_Kitchen\framework\web\CWebApplication.php(282): CController->run('create')
#7 D:\wamp\www\Mobile_Kitchen\framework\web\CWebApplication.php(141): CWebApplication->runController('dishDetail/crea...')
#8 D:\wamp\www\Mobile_Kitchen\framework\base\CApplication.php(185): CWebApplication->processRequest()
#9 D:\wamp\www\Mobile_Kitchen\index.php(35): CApplication->run()
#10 {main}
REQUEST_URI=/mobile_kitchen/index.php?r=dishDetail/create
HTTP_REFERER=http://127.0.0.1/mobile_kitchen/index.php?r=dishDetail/create
---
2024/05/02 20:38:56 [error] [exception.CException] exception 'CException' with message 'ClubListSqdwController 在它的 view "D:\wamp\www\Mobile_Kitchen\admin\views\clubListSqdw\update.php" 中含有未被适当巢状套叠的 widget 标签. CActiveForm widget 中没有呼叫 endWidget().' in D:\wamp\www\Mobile_Kitchen\framework\web\CBaseController.php:101
Stack trace:
#0 D:\wamp\www\Mobile_Kitchen\framework\web\CController.php(872): CBaseController->renderFile('D:\\wamp\\www\\Mob...', Array, true)
#1 D:\wamp\www\Mobile_Kitchen\framework\web\CController.php(785): CController->renderPartial('update', Array, true)
#2 D:\wamp\www\Mobile_Kitchen\admin\controllers\ClubListSqdwController.php(32): CController->render('update', Array)
#3 D:\wamp\www\Mobile_Kitchen\framework\web\actions\CInlineAction.php(49): ClubListSqdwController->actionCreate()
#4 D:\wamp\www\Mobile_Kitchen\framework\web\CController.php(308): CInlineAction->runWithParams(Array)
#5 D:\wamp\www\Mobile_Kitchen\framework\web\CController.php(286): CController->runAction(Object(CInlineAction))
#6 D:\wamp\www\Mobile_Kitchen\framework\web\CController.php(265): CController->runActionWithFilters(Object(CInlineAction), Array)
#7 D:\wamp\www\Mobile_Kitchen\framework\web\CWebApplication.php(282): CController->run('create')
#8 D:\wamp\www\Mobile_Kitchen\framework\web\CWebApplication.php(141): CWebApplication->runController('clubListSqdw/cr...')
#9 D:\wamp\www\Mobile_Kitchen\framework\base\CApplication.php(185): CWebApplication->processRequest()
#10 D:\wamp\www\Mobile_Kitchen\index.php(35): CApplication->run()
#11 {main}
REQUEST_URI=/mobile_kitchen/index.php?r=clubListSqdw/create
HTTP_REFERER=http://127.0.0.1/mobile_kitchen/index.php?r=clubListSqdw/Indexlist
---
2024/05/02 21:00:29 [error] [php] Undefined variable: modek (D:\wamp\www\Mobile_Kitchen\admin\controllers\DishDetailController.php:50)
Stack trace:
#0 D:\wamp\www\Mobile_Kitchen\framework\web\CController.php(286): DishDetailController->runAction()
#1 D:\wamp\www\Mobile_Kitchen\framework\web\CController.php(265): DishDetailController->runActionWithFilters()
#2 D:\wamp\www\Mobile_Kitchen\framework\web\CWebApplication.php(282): DishDetailController->run()
#3 D:\wamp\www\Mobile_Kitchen\framework\web\CWebApplication.php(141): CWebApplication->runController()
#4 D:\wamp\www\Mobile_Kitchen\framework\base\CApplication.php(185): CWebApplication->processRequest()
#5 D:\wamp\www\Mobile_Kitchen\index.php(35): CWebApplication->run()
REQUEST_URI=/mobile_kitchen/index.php?r=dishDetail/create
2024/05/02 21:00:54 [error] [php] Undefined variable: modek (D:\wamp\www\Mobile_Kitchen\admin\controllers\DishDetailController.php:50)
Stack trace:
#0 D:\wamp\www\Mobile_Kitchen\framework\web\CController.php(286): DishDetailController->runAction()
#1 D:\wamp\www\Mobile_Kitchen\framework\web\CController.php(265): DishDetailController->runActionWithFilters()
#2 D:\wamp\www\Mobile_Kitchen\framework\web\CWebApplication.php(282): DishDetailController->run()
#3 D:\wamp\www\Mobile_Kitchen\framework\web\CWebApplication.php(141): CWebApplication->runController()
#4 D:\wamp\www\Mobile_Kitchen\framework\base\CApplication.php(185): CWebApplication->processRequest()
#5 D:\wamp\www\Mobile_Kitchen\index.php(35): CWebApplication->run()
REQUEST_URI=/mobile_kitchen/index.php?r=dishDetail/create
2024/05/02 21:01:59 [error] [php] Trying to get property of non-object (D:\wamp\www\Mobile_Kitchen\admin\controllers\DishDetailController.php:51)
Stack trace:
#0 D:\wamp\www\Mobile_Kitchen\framework\web\CController.php(286): DishDetailController->runAction()
#1 D:\wamp\www\Mobile_Kitchen\framework\web\CController.php(265): DishDetailController->runActionWithFilters()
#2 D:\wamp\www\Mobile_Kitchen\framework\web\CWebApplication.php(282): DishDetailController->run()
#3 D:\wamp\www\Mobile_Kitchen\framework\web\CWebApplication.php(141): CWebApplication->runController()
#4 D:\wamp\www\Mobile_Kitchen\framework\base\CApplication.php(185): CWebApplication->processRequest()
#5 D:\wamp\www\Mobile_Kitchen\index.php(35): CWebApplication->run()
REQUEST_URI=/mobile_kitchen/index.php?r=dishDetail/create
2024/05/02 21:02:29 [error] [php] Trying to get property of non-object (D:\wamp\www\Mobile_Kitchen\admin\controllers\DishDetailController.php:52)
Stack trace:
#0 D:\wamp\www\Mobile_Kitchen\framework\web\CController.php(286): DishDetailController->runAction()
#1 D:\wamp\www\Mobile_Kitchen\framework\web\CController.php(265): DishDetailController->runActionWithFilters()
#2 D:\wamp\www\Mobile_Kitchen\framework\web\CWebApplication.php(282): DishDetailController->run()
#3 D:\wamp\www\Mobile_Kitchen\framework\web\CWebApplication.php(141): CWebApplication->runController()
#4 D:\wamp\www\Mobile_Kitchen\framework\base\CApplication.php(185): CWebApplication->processRequest()
#5 D:\wamp\www\Mobile_Kitchen\index.php(35): CWebApplication->run()
REQUEST_URI=/mobile_kitchen/index.php?r=dishDetail/create
2024/05/02 21:02:44 [error] [php] Trying to get property of non-object (D:\wamp\www\Mobile_Kitchen\admin\controllers\DishDetailController.php:52)
Stack trace:
#0 D:\wamp\www\Mobile_Kitchen\framework\web\CController.php(286): DishDetailController->runAction()
#1 D:\wamp\www\Mobile_Kitchen\framework\web\CController.php(265): DishDetailController->runActionWithFilters()
#2 D:\wamp\www\Mobile_Kitchen\framework\web\CWebApplication.php(282): DishDetailController->run()
#3 D:\wamp\www\Mobile_Kitchen\framework\web\CWebApplication.php(141): CWebApplication->runController()
#4 D:\wamp\www\Mobile_Kitchen\framework\base\CApplication.php(185): CWebApplication->processRequest()
#5 D:\wamp\www\Mobile_Kitchen\index.php(35): CWebApplication->run()
REQUEST_URI=/mobile_kitchen/index.php?r=dishDetail/create
2024/05/02 21:03:01 [error] [php] Trying to get property of non-object (D:\wamp\www\Mobile_Kitchen\admin\controllers\DishDetailController.php:51)
Stack trace:
#0 D:\wamp\www\Mobile_Kitchen\framework\web\CController.php(286): DishDetailController->runAction()
#1 D:\wamp\www\Mobile_Kitchen\framework\web\CController.php(265): DishDetailController->runActionWithFilters()
#2 D:\wamp\www\Mobile_Kitchen\framework\web\CWebApplication.php(282): DishDetailController->run()
#3 D:\wamp\www\Mobile_Kitchen\framework\web\CWebApplication.php(141): CWebApplication->runController()
#4 D:\wamp\www\Mobile_Kitchen\framework\base\CApplication.php(185): CWebApplication->processRequest()
#5 D:\wamp\www\Mobile_Kitchen\index.php(35): CWebApplication->run()
REQUEST_URI=/mobile_kitchen/index.php?r=dishDetail/create
2024/05/02 21:03:11 [error] [php] Trying to get property of non-object (D:\wamp\www\Mobile_Kitchen\admin\controllers\DishDetailController.php:51)
Stack trace:
#0 D:\wamp\www\Mobile_Kitchen\framework\web\CController.php(286): DishDetailController->runAction()
#1 D:\wamp\www\Mobile_Kitchen\framework\web\CController.php(265): DishDetailController->runActionWithFilters()
#2 D:\wamp\www\Mobile_Kitchen\framework\web\CWebApplication.php(282): DishDetailController->run()
#3 D:\wamp\www\Mobile_Kitchen\framework\web\CWebApplication.php(141): CWebApplication->runController()
#4 D:\wamp\www\Mobile_Kitchen\framework\base\CApplication.php(185): CWebApplication->processRequest()
#5 D:\wamp\www\Mobile_Kitchen\index.php(35): CWebApplication->run()
REQUEST_URI=/mobile_kitchen/index.php?r=dishDetail/create
2024/05/02 21:04:46 [error] [php] Trying to get property of non-object (D:\wamp\www\Mobile_Kitchen\admin\controllers\DishDetailController.php:52)
Stack trace:
#0 D:\wamp\www\Mobile_Kitchen\framework\web\CController.php(286): DishDetailController->runAction()
#1 D:\wamp\www\Mobile_Kitchen\framework\web\CController.php(265): DishDetailController->runActionWithFilters()
#2 D:\wamp\www\Mobile_Kitchen\framework\web\CWebApplication.php(282): DishDetailController->run()
#3 D:\wamp\www\Mobile_Kitchen\framework\web\CWebApplication.php(141): CWebApplication->runController()
#4 D:\wamp\www\Mobile_Kitchen\framework\base\CApplication.php(185): CWebApplication->processRequest()
#5 D:\wamp\www\Mobile_Kitchen\index.php(35): CWebApplication->run()
REQUEST_URI=/mobile_kitchen/index.php?r=dishDetail/create
2024/05/02 21:07:15 [error] [php] Trying to get property of non-object (D:\wamp\www\Mobile_Kitchen\admin\controllers\DishDetailController.php:56)
Stack trace:
#0 D:\wamp\www\Mobile_Kitchen\framework\web\CController.php(286): DishDetailController->runAction()
#1 D:\wamp\www\Mobile_Kitchen\framework\web\CController.php(265): DishDetailController->runActionWithFilters()
#2 D:\wamp\www\Mobile_Kitchen\framework\web\CWebApplication.php(282): DishDetailController->run()
#3 D:\wamp\www\Mobile_Kitchen\framework\web\CWebApplication.php(141): CWebApplication->runController()
#4 D:\wamp\www\Mobile_Kitchen\framework\base\CApplication.php(185): CWebApplication->processRequest()
#5 D:\wamp\www\Mobile_Kitchen\index.php(35): CWebApplication->run()
REQUEST_URI=/mobile_kitchen/index.php?r=dishDetail/create
2024/05/02 21:29:49 [error] [php] Trying to get property of non-object (D:\wamp\www\Mobile_Kitchen\admin\controllers\DishDetailController.php:56)
Stack trace:
#0 D:\wamp\www\Mobile_Kitchen\framework\web\CController.php(286): DishDetailController->runAction()
#1 D:\wamp\www\Mobile_Kitchen\framework\web\CController.php(265): DishDetailController->runActionWithFilters()
#2 D:\wamp\www\Mobile_Kitchen\framework\web\CWebApplication.php(282): DishDetailController->run()
#3 D:\wamp\www\Mobile_Kitchen\framework\web\CWebApplication.php(141): CWebApplication->runController()
#4 D:\wamp\www\Mobile_Kitchen\framework\base\CApplication.php(185): CWebApplication->processRequest()
#5 D:\wamp\www\Mobile_Kitchen\index.php(35): CWebApplication->run()
REQUEST_URI=/mobile_kitchen/index.php?r=dishDetail/create
2024/05/02 21:32:29 [error] [php] Undefined index: ClubListSqdw (D:\wamp\www\Mobile_Kitchen\admin\controllers\ClubListSqdwController.php:38)
Stack trace:
#0 D:\wamp\www\Mobile_Kitchen\framework\web\CController.php(286): ClubListSqdwController->runAction()
#1 D:\wamp\www\Mobile_Kitchen\framework\web\CController.php(265): ClubListSqdwController->runActionWithFilters()
#2 D:\wamp\www\Mobile_Kitchen\framework\web\CWebApplication.php(282): ClubListSqdwController->run()
#3 D:\wamp\www\Mobile_Kitchen\framework\web\CWebApplication.php(141): CWebApplication->runController()
#4 D:\wamp\www\Mobile_Kitchen\framework\base\CApplication.php(185): CWebApplication->processRequest()
#5 D:\wamp\www\Mobile_Kitchen\index.php(35): CWebApplication->run()
REQUEST_URI=/mobile_kitchen/index.php?r=clubListSqdw/create
2024/05/02 21:41:57 [error] [php] Undefined variable: flag (D:\wamp\www\Mobile_Kitchen\admin\views\dishDetail\update.php:1)
Stack trace:
#0 D:\wamp\www\Mobile_Kitchen\framework\web\CController.php(872): DishDetailController->renderFile()
#1 D:\wamp\www\Mobile_Kitchen\framework\web\CController.php(785): DishDetailController->renderPartial()
#2 D:\wamp\www\Mobile_Kitchen\admin\controllers\DishDetailController.php(71): DishDetailController->render()
#3 D:\wamp\www\Mobile_Kitchen\framework\web\actions\CInlineAction.php(49): DishDetailController->actionCreate()
#4 D:\wamp\www\Mobile_Kitchen\framework\web\CController.php(308): CInlineAction->runWithParams()
#5 D:\wamp\www\Mobile_Kitchen\framework\web\CController.php(286): DishDetailController->runAction()
#6 D:\wamp\www\Mobile_Kitchen\framework\web\CController.php(265): DishDetailController->runActionWithFilters()
#7 D:\wamp\www\Mobile_Kitchen\framework\web\CWebApplication.php(282): DishDetailController->run()
#8 D:\wamp\www\Mobile_Kitchen\framework\web\CWebApplication.php(141): CWebApplication->runController()
#9 D:\wamp\www\Mobile_Kitchen\framework\base\CApplication.php(185): CWebApplication->processRequest()
#10 D:\wamp\www\Mobile_Kitchen\index.php(35): CWebApplication->run()
REQUEST_URI=/mobile_kitchen/index.php?r=dishDetail/create
2024/05/02 22:33:48 [error] [exception.CHttpException.404] exception 'CHttpException' with message '无法解析请求 "mealDate/index"。' in D:\wamp\www\Mobile_Kitchen\framework\web\CWebApplication.php:286
Stack trace:
#0 D:\wamp\www\Mobile_Kitchen\framework\web\CWebApplication.php(141): CWebApplication->runController('mealDate/index')
#1 D:\wamp\www\Mobile_Kitchen\framework\base\CApplication.php(185): CWebApplication->processRequest()
#2 D:\wamp\www\Mobile_Kitchen\index.php(35): CApplication->run()
#3 {main}
REQUEST_URI=/mobile_kitchen/index.php?r=mealDate/index
---
2024/05/02 22:34:01 [error] [system.db.CDbCommand] CDbCommand::fetchAll() failed: SQLSTATE[42S02]: Base table or view not found: 1146 La table 'kic.meal_data' n'existe pas. The SQL statement executed was: SHOW FULL COLUMNS FROM `meal_data`.
2024/05/02 22:34:01 [error] [exception.CDbException] exception 'CDbException' with message '数据库中无法找到 active record class "MealData" 对应的 table "{{meal_data}}".' in D:\wamp\www\Mobile_Kitchen\framework\db\ar\CActiveRecord.php:2403
Stack trace:
#0 D:\wamp\www\Mobile_Kitchen\framework\db\ar\CActiveRecord.php(413): CActiveRecordMetaData->__construct(Object(MealData))
#1 D:\wamp\www\Mobile_Kitchen\framework\db\ar\CActiveRecord.php(663): CActiveRecord->getMetaData()
#2 D:\wamp\www\Mobile_Kitchen\framework\db\ar\CActiveRecord.php(1611): CActiveRecord->getTableSchema()
#3 D:\wamp\www\Mobile_Kitchen\admin\components\BaseController.php(57): CActiveRecord->count(Object(CDbCriteria))
#4 D:\wamp\www\Mobile_Kitchen\admin\components\BaseController.php(432): BaseController->get_listData(Object(MealData), Object(CDbCriteria), Array, 15, 'index')
#5 D:\wamp\www\Mobile_Kitchen\admin\controllers\MealDataController.php(28): BaseController->_list(Object(MealData), Object(CDbCriteria), 'index', Array)
#6 [internal function]: MealDataController->actionIndex('', '')
#7 D:\wamp\www\Mobile_Kitchen\framework\web\actions\CAction.php(109): ReflectionMethod->invokeArgs(Object(MealDataController), Array)
#8 D:\wamp\www\Mobile_Kitchen\framework\web\actions\CInlineAction.php(47): CAction->runWithParamsInternal(Object(MealDataController), Object(ReflectionMethod), Array)
#9 D:\wamp\www\Mobile_Kitchen\framework\web\CController.php(308): CInlineAction->runWithParams(Array)
#10 D:\wamp\www\Mobile_Kitchen\framework\web\CController.php(286): CController->runAction(Object(CInlineAction))
#11 D:\wamp\www\Mobile_Kitchen\framework\web\CController.php(265): CController->runActionWithFilters(Object(CInlineAction), Array)
#12 D:\wamp\www\Mobile_Kitchen\framework\web\CWebApplication.php(282): CController->run('index')
#13 D:\wamp\www\Mobile_Kitchen\framework\web\CWebApplication.php(141): CWebApplication->runController('mealData/index')
#14 D:\wamp\www\Mobile_Kitchen\framework\base\CApplication.php(185): CWebApplication->processRequest()
#15 D:\wamp\www\Mobile_Kitchen\index.php(35): CApplication->run()
#16 {main}
REQUEST_URI=/mobile_kitchen/index.php?r=mealData/index
---
2024/05/02 22:37:57 [error] [exception.CException] exception 'CException' with message '属性 "MealData.pricing_type" 未被定义.' in D:\wamp\www\Mobile_Kitchen\framework\base\CComponent.php:173
Stack trace:
#0 D:\wamp\www\Mobile_Kitchen\framework\db\ar\CActiveRecord.php(162): CComponent->__set('pricing_type', 361)
#1 D:\wamp\www\Mobile_Kitchen\admin\controllers\MealDataController.php(182): CActiveRecord->__set('pricing_type', 361)
#2 D:\wamp\www\Mobile_Kitchen\admin\controllers\MealDataController.php(55): MealDataController->saveData(Object(MealData), Array)
#3 D:\wamp\www\Mobile_Kitchen\admin\controllers\MealDataController.php(38): MealDataController->viewUpdate('4')
#4 [internal function]: MealDataController->actionUpdate('4')
#5 D:\wamp\www\Mobile_Kitchen\framework\web\actions\CAction.php(109): ReflectionMethod->invokeArgs(Object(MealDataController), Array)
#6 D:\wamp\www\Mobile_Kitchen\framework\web\actions\CInlineAction.php(47): CAction->runWithParamsInternal(Object(MealDataController), Object(ReflectionMethod), Array)
#7 D:\wamp\www\Mobile_Kitchen\framework\web\CController.php(308): CInlineAction->runWithParams(Array)
#8 D:\wamp\www\Mobile_Kitchen\framework\web\CController.php(286): CController->runAction(Object(CInlineAction))
#9 D:\wamp\www\Mobile_Kitchen\framework\web\CController.php(265): CController->runActionWithFilters(Object(CInlineAction), Array)
#10 D:\wamp\www\Mobile_Kitchen\framework\web\CWebApplication.php(282): CController->run('update')
#11 D:\wamp\www\Mobile_Kitchen\framework\web\CWebApplication.php(141): CWebApplication->runController('mealData/update')
#12 D:\wamp\www\Mobile_Kitchen\framework\base\CApplication.php(185): CWebApplication->processRequest()
#13 D:\wamp\www\Mobile_Kitchen\index.php(35): CApplication->run()
#14 {main}
REQUEST_URI=/mobile_kitchen/index.php?r=mealData/update&id=4
HTTP_REFERER=http://127.0.0.1/mobile_kitchen/index.php?r=mealData/update&id=4
---
2024/05/02 22:38:17 [error] [exception.CException] exception 'CException' with message '属性 "MealData.pricing_type" 未被定义.' in D:\wamp\www\Mobile_Kitchen\framework\base\CComponent.php:173
Stack trace:
#0 D:\wamp\www\Mobile_Kitchen\framework\db\ar\CActiveRecord.php(162): CComponent->__set('pricing_type', 361)
#1 D:\wamp\www\Mobile_Kitchen\admin\controllers\MealDataController.php(182): CActiveRecord->__set('pricing_type', 361)
#2 D:\wamp\www\Mobile_Kitchen\admin\controllers\MealDataController.php(55): MealDataController->saveData(Object(MealData), Array)
#3 D:\wamp\www\Mobile_Kitchen\admin\controllers\MealDataController.php(38): MealDataController->viewUpdate('4')
#4 [internal function]: MealDataController->actionUpdate('4')
#5 D:\wamp\www\Mobile_Kitchen\framework\web\actions\CAction.php(109): ReflectionMethod->invokeArgs(Object(MealDataController), Array)
#6 D:\wamp\www\Mobile_Kitchen\framework\web\actions\CInlineAction.php(47): CAction->runWithParamsInternal(Object(MealDataController), Object(ReflectionMethod), Array)
#7 D:\wamp\www\Mobile_Kitchen\framework\web\CController.php(308): CInlineAction->runWithParams(Array)
#8 D:\wamp\www\Mobile_Kitchen\framework\web\CController.php(286): CController->runAction(Object(CInlineAction))
#9 D:\wamp\www\Mobile_Kitchen\framework\web\CController.php(265): CController->runActionWithFilters(Object(CInlineAction), Array)
#10 D:\wamp\www\Mobile_Kitchen\framework\web\CWebApplication.php(282): CController->run('update')
#11 D:\wamp\www\Mobile_Kitchen\framework\web\CWebApplication.php(141): CWebApplication->runController('mealData/update')
#12 D:\wamp\www\Mobile_Kitchen\framework\base\CApplication.php(185): CWebApplication->processRequest()
#13 D:\wamp\www\Mobile_Kitchen\index.php(35): CApplication->run()
#14 {main}
REQUEST_URI=/mobile_kitchen/index.php?r=mealData/update&id=4
HTTP_REFERER=http://127.0.0.1/mobile_kitchen/index.php?r=mealData/update&id=4
---
2024/05/02 22:43:21 [error] [exception.CException] exception 'CException' with message '属性 "MealData.pricing_type" 未被定义.' in D:\wamp\www\Mobile_Kitchen\framework\base\CComponent.php:173
Stack trace:
#0 D:\wamp\www\Mobile_Kitchen\framework\db\ar\CActiveRecord.php(162): CComponent->__set('pricing_type', 361)
#1 D:\wamp\www\Mobile_Kitchen\admin\controllers\MealDataController.php(182): CActiveRecord->__set('pricing_type', 361)
#2 D:\wamp\www\Mobile_Kitchen\admin\controllers\MealDataController.php(55): MealDataController->saveData(Object(MealData), Array)
#3 D:\wamp\www\Mobile_Kitchen\admin\controllers\MealDataController.php(33): MealDataController->viewUpdate(0)
#4 D:\wamp\www\Mobile_Kitchen\framework\web\actions\CInlineAction.php(49): MealDataController->actionCreate()
#5 D:\wamp\www\Mobile_Kitchen\framework\web\CController.php(308): CInlineAction->runWithParams(Array)
#6 D:\wamp\www\Mobile_Kitchen\framework\web\CController.php(286): CController->runAction(Object(CInlineAction))
#7 D:\wamp\www\Mobile_Kitchen\framework\web\CController.php(265): CController->runActionWithFilters(Object(CInlineAction), Array)
#8 D:\wamp\www\Mobile_Kitchen\framework\web\CWebApplication.php(282): CController->run('create')
#9 D:\wamp\www\Mobile_Kitchen\framework\web\CWebApplication.php(141): CWebApplication->runController('mealData/create')
#10 D:\wamp\www\Mobile_Kitchen\framework\base\CApplication.php(185): CWebApplication->processRequest()
#11 D:\wamp\www\Mobile_Kitchen\index.php(35): CApplication->run()
#12 {main}
REQUEST_URI=/mobile_kitchen/index.php?r=mealData/create
HTTP_REFERER=http://127.0.0.1/mobile_kitchen/index.php?r=mealData/create
---
2024/05/02 22:44:26 [error] [exception.CHttpException.404] exception 'CHttpException' with message '系统无法找到请求的 "index" 动作.' in D:\wamp\www\Mobile_Kitchen\framework\web\CController.php:486
Stack trace:
#0 D:\wamp\www\Mobile_Kitchen\framework\web\CController.php(270): CController->missingAction('index')
#1 D:\wamp\www\Mobile_Kitchen\framework\web\CWebApplication.php(282): CController->run('index')
#2 D:\wamp\www\Mobile_Kitchen\framework\web\CWebApplication.php(141): CWebApplication->runController('mealDetail/inde...')
#3 D:\wamp\www\Mobile_Kitchen\framework\base\CApplication.php(185): CWebApplication->processRequest()
#4 D:\wamp\www\Mobile_Kitchen\index.php(35): CApplication->run()
#5 {main}
REQUEST_URI=/mobile_kitchen/index.php?r=mealDetail/index
---
2024/05/02 22:46:13 [error] [exception.CHttpException.404] exception 'CHttpException' with message '无法解析请求 "Updatecheck/index"。' in D:\wamp\www\Mobile_Kitchen\framework\web\CWebApplication.php:286
Stack trace:
#0 D:\wamp\www\Mobile_Kitchen\framework\web\CWebApplication.php(141): CWebApplication->runController('Updatecheck/ind...')
#1 D:\wamp\www\Mobile_Kitchen\framework\base\CApplication.php(185): CWebApplication->processRequest()
#2 D:\wamp\www\Mobile_Kitchen\index.php(35): CApplication->run()
#3 {main}
REQUEST_URI=/mobile_kitchen/index.php?r=Updatecheck/index
---
2024/05/02 22:46:24 [error] [exception.CHttpException.404] exception 'CHttpException' with message '无法解析请求 "mealD/Updatecheck"。' in D:\wamp\www\Mobile_Kitchen\framework\web\CWebApplication.php:286
Stack trace:
#0 D:\wamp\www\Mobile_Kitchen\framework\web\CWebApplication.php(141): CWebApplication->runController('mealD/Updateche...')
#1 D:\wamp\www\Mobile_Kitchen\framework\base\CApplication.php(185): CWebApplication->processRequest()
#2 D:\wamp\www\Mobile_Kitchen\index.php(35): CApplication->run()
#3 {main}
REQUEST_URI=/mobile_kitchen/index.php?r=mealD/Updatecheck
---
2024/05/02 22:46:30 [error] [exception.CHttpException.404] exception 'CHttpException' with message '无法解析请求 "mealDate/Updatecheck"。' in D:\wamp\www\Mobile_Kitchen\framework\web\CWebApplication.php:286
Stack trace:
#0 D:\wamp\www\Mobile_Kitchen\framework\web\CWebApplication.php(141): CWebApplication->runController('mealDate/Update...')
#1 D:\wamp\www\Mobile_Kitchen\framework\base\CApplication.php(185): CWebApplication->processRequest()
#2 D:\wamp\www\Mobile_Kitchen\index.php(35): CApplication->run()
#3 {main}
REQUEST_URI=/mobile_kitchen/index.php?r=mealDate/Updatecheck
---
2024/05/02 22:46:38 [error] [exception.CHttpException.400] exception 'CHttpException' with message '您的请求无效。' in D:\wamp\www\Mobile_Kitchen\framework\web\CController.php:337
Stack trace:
#0 D:\wamp\www\Mobile_Kitchen\framework\web\CController.php(309): CController->invalidActionParams(Object(CInlineAction))
#1 D:\wamp\www\Mobile_Kitchen\framework\web\CController.php(286): CController->runAction(Object(CInlineAction))
#2 D:\wamp\www\Mobile_Kitchen\framework\web\CController.php(265): CController->runActionWithFilters(Object(CInlineAction), Array)
#3 D:\wamp\www\Mobile_Kitchen\framework\web\CWebApplication.php(282): CController->run('Updatecheck')
#4 D:\wamp\www\Mobile_Kitchen\framework\web\CWebApplication.php(141): CWebApplication->runController('mealData/Update...')
#5 D:\wamp\www\Mobile_Kitchen\framework\base\CApplication.php(185): CWebApplication->processRequest()
#6 D:\wamp\www\Mobile_Kitchen\index.php(35): CApplication->run()
#7 {main}
REQUEST_URI=/mobile_kitchen/index.php?r=mealData/Updatecheck
---
2024/05/02 22:46:42 [error] [exception.CHttpException.400] exception 'CHttpException' with message '您的请求无效。' in D:\wamp\www\Mobile_Kitchen\framework\web\CController.php:337
Stack trace:
#0 D:\wamp\www\Mobile_Kitchen\framework\web\CController.php(309): CController->invalidActionParams(Object(CInlineAction))
#1 D:\wamp\www\Mobile_Kitchen\framework\web\CController.php(286): CController->runAction(Object(CInlineAction))
#2 D:\wamp\www\Mobile_Kitchen\framework\web\CController.php(265): CController->runActionWithFilters(Object(CInlineAction), Array)
#3 D:\wamp\www\Mobile_Kitchen\framework\web\CWebApplication.php(282): CController->run('Updatecheck')
#4 D:\wamp\www\Mobile_Kitchen\framework\web\CWebApplication.php(141): CWebApplication->runController('mealData/Update...')
#5 D:\wamp\www\Mobile_Kitchen\framework\base\CApplication.php(185): CWebApplication->processRequest()
#6 D:\wamp\www\Mobile_Kitchen\index.php(35): CApplication->run()
#7 {main}
REQUEST_URI=/mobile_kitchen/index.php?r=mealData/Updatecheck
---
2024/05/02 22:47:45 [error] [exception.CException] exception 'CException' with message '属性 "MealData.pricing_type" 未被定义.' in D:\wamp\www\Mobile_Kitchen\framework\base\CComponent.php:173
Stack trace:
#0 D:\wamp\www\Mobile_Kitchen\framework\db\ar\CActiveRecord.php(162): CComponent->__set('pricing_type', 361)
#1 D:\wamp\www\Mobile_Kitchen\admin\controllers\MealDataController.php(182): CActiveRecord->__set('pricing_type', 361)
#2 D:\wamp\www\Mobile_Kitchen\admin\controllers\MealDataController.php(55): MealDataController->saveData(Object(MealData), Array)
#3 D:\wamp\www\Mobile_Kitchen\admin\controllers\MealDataController.php(33): MealDataController->viewUpdate(0)
#4 D:\wamp\www\Mobile_Kitchen\framework\web\actions\CInlineAction.php(49): MealDataController->actionCreate()
#5 D:\wamp\www\Mobile_Kitchen\framework\web\CController.php(308): CInlineAction->runWithParams(Array)
#6 D:\wamp\www\Mobile_Kitchen\framework\web\CController.php(286): CController->runAction(Object(CInlineAction))
#7 D:\wamp\www\Mobile_Kitchen\framework\web\CController.php(265): CController->runActionWithFilters(Object(CInlineAction), Array)
#8 D:\wamp\www\Mobile_Kitchen\framework\web\CWebApplication.php(282): CController->run('create')
#9 D:\wamp\www\Mobile_Kitchen\framework\web\CWebApplication.php(141): CWebApplication->runController('mealData/create')
#10 D:\wamp\www\Mobile_Kitchen\framework\base\CApplication.php(185): CWebApplication->processRequest()
#11 D:\wamp\www\Mobile_Kitchen\index.php(35): CApplication->run()
#12 {main}
REQUEST_URI=/mobile_kitchen/index.php?r=mealData/create
HTTP_REFERER=http://127.0.0.1/mobile_kitchen/index.php?r=mealData/create
---
2024/05/02 22:49:59 [error] [exception.CException] exception 'CException' with message '属性 "MealData.pricing_type" 未被定义.' in D:\wamp\www\Mobile_Kitchen\framework\base\CComponent.php:173
Stack trace:
#0 D:\wamp\www\Mobile_Kitchen\framework\db\ar\CActiveRecord.php(162): CComponent->__set('pricing_type', 361)
#1 D:\wamp\www\Mobile_Kitchen\admin\controllers\MealDataController.php(183): CActiveRecord->__set('pricing_type', 361)
#2 D:\wamp\www\Mobile_Kitchen\admin\controllers\MealDataController.php(56): MealDataController->saveData(Object(MealData), Array)
#3 D:\wamp\www\Mobile_Kitchen\admin\controllers\MealDataController.php(33): MealDataController->viewUpdate(0)
#4 D:\wamp\www\Mobile_Kitchen\framework\web\actions\CInlineAction.php(49): MealDataController->actionCreate()
#5 D:\wamp\www\Mobile_Kitchen\framework\web\CController.php(308): CInlineAction->runWithParams(Array)
#6 D:\wamp\www\Mobile_Kitchen\framework\web\CController.php(286): CController->runAction(Object(CInlineAction))
#7 D:\wamp\www\Mobile_Kitchen\framework\web\CController.php(265): CController->runActionWithFilters(Object(CInlineAction), Array)
#8 D:\wamp\www\Mobile_Kitchen\framework\web\CWebApplication.php(282): CController->run('create')
#9 D:\wamp\www\Mobile_Kitchen\framework\web\CWebApplication.php(141): CWebApplication->runController('mealData/create')
#10 D:\wamp\www\Mobile_Kitchen\framework\base\CApplication.php(185): CWebApplication->processRequest()
#11 D:\wamp\www\Mobile_Kitchen\index.php(35): CApplication->run()
#12 {main}
REQUEST_URI=/mobile_kitchen/index.php?r=mealData/create
HTTP_REFERER=http://127.0.0.1/mobile_kitchen/index.php?r=mealData/create
---
2024/05/02 22:53:52 [error] [exception.CException] exception 'CException' with message '属性 "MealData.pricing_type" 未被定义.' in D:\wamp\www\Mobile_Kitchen\framework\base\CComponent.php:173
Stack trace:
#0 D:\wamp\www\Mobile_Kitchen\framework\db\ar\CActiveRecord.php(162): CComponent->__set('pricing_type', 361)
#1 D:\wamp\www\Mobile_Kitchen\admin\controllers\MealDataController.php(183): CActiveRecord->__set('pricing_type', 361)
#2 D:\wamp\www\Mobile_Kitchen\admin\controllers\MealDataController.php(56): MealDataController->saveData(Object(MealData), Array)
#3 D:\wamp\www\Mobile_Kitchen\admin\controllers\MealDataController.php(38): MealDataController->viewUpdate('4')
#4 [internal function]: MealDataController->actionUpdate('4')
#5 D:\wamp\www\Mobile_Kitchen\framework\web\actions\CAction.php(109): ReflectionMethod->invokeArgs(Object(MealDataController), Array)
#6 D:\wamp\www\Mobile_Kitchen\framework\web\actions\CInlineAction.php(47): CAction->runWithParamsInternal(Object(MealDataController), Object(ReflectionMethod), Array)
#7 D:\wamp\www\Mobile_Kitchen\framework\web\CController.php(308): CInlineAction->runWithParams(Array)
#8 D:\wamp\www\Mobile_Kitchen\framework\web\CController.php(286): CController->runAction(Object(CInlineAction))
#9 D:\wamp\www\Mobile_Kitchen\framework\web\CController.php(265): CController->runActionWithFilters(Object(CInlineAction), Array)
#10 D:\wamp\www\Mobile_Kitchen\framework\web\CWebApplication.php(282): CController->run('update')
#11 D:\wamp\www\Mobile_Kitchen\framework\web\CWebApplication.php(141): CWebApplication->runController('mealData/update')
#12 D:\wamp\www\Mobile_Kitchen\framework\base\CApplication.php(185): CWebApplication->processRequest()
#13 D:\wamp\www\Mobile_Kitchen\index.php(35): CApplication->run()
#14 {main}
REQUEST_URI=/mobile_kitchen/index.php?r=mealData/update&id=4
HTTP_REFERER=http://127.0.0.1/mobile_kitchen/index.php?r=mealData/update&id=4
---
2024/05/02 22:54:54 [error] [exception.CException] exception 'CException' with message '属性 "MealData.pricing_type" 未被定义.' in D:\wamp\www\Mobile_Kitchen\framework\base\CComponent.php:173
Stack trace:
#0 D:\wamp\www\Mobile_Kitchen\framework\db\ar\CActiveRecord.php(162): CComponent->__set('pricing_type', 361)
#1 D:\wamp\www\Mobile_Kitchen\admin\controllers\MealDataController.php(183): CActiveRecord->__set('pricing_type', 361)
#2 D:\wamp\www\Mobile_Kitchen\admin\controllers\MealDataController.php(56): MealDataController->saveData(Object(MealData), Array)
#3 D:\wamp\www\Mobile_Kitchen\admin\controllers\MealDataController.php(33): MealDataController->viewUpdate(0)
#4 D:\wamp\www\Mobile_Kitchen\framework\web\actions\CInlineAction.php(49): MealDataController->actionCreate()
#5 D:\wamp\www\Mobile_Kitchen\framework\web\CController.php(308): CInlineAction->runWithParams(Array)
#6 D:\wamp\www\Mobile_Kitchen\framework\web\CController.php(286): CController->runAction(Object(CInlineAction))
#7 D:\wamp\www\Mobile_Kitchen\framework\web\CController.php(265): CController->runActionWithFilters(Object(CInlineAction), Array)
#8 D:\wamp\www\Mobile_Kitchen\framework\web\CWebApplication.php(282): CController->run('create')
#9 D:\wamp\www\Mobile_Kitchen\framework\web\CWebApplication.php(141): CWebApplication->runController('mealData/create')
#10 D:\wamp\www\Mobile_Kitchen\framework\base\CApplication.php(185): CWebApplication->processRequest()
#11 D:\wamp\www\Mobile_Kitchen\index.php(35): CApplication->run()
#12 {main}
REQUEST_URI=/mobile_kitchen/index.php?r=mealData/create
HTTP_REFERER=http://127.0.0.1/mobile_kitchen/index.php?r=mealData/create
---
2024/05/02 22:55:28 [error] [exception.CException] exception 'CException' with message '属性 "MealData.pricing_type" 未被定义.' in D:\wamp\www\Mobile_Kitchen\framework\base\CComponent.php:173
Stack trace:
#0 D:\wamp\www\Mobile_Kitchen\framework\db\ar\CActiveRecord.php(162): CComponent->__set('pricing_type', 361)
#1 D:\wamp\www\Mobile_Kitchen\admin\controllers\MealDataController.php(183): CActiveRecord->__set('pricing_type', 361)
#2 D:\wamp\www\Mobile_Kitchen\admin\controllers\MealDataController.php(56): MealDataController->saveData(Object(MealData), Array)
#3 D:\wamp\www\Mobile_Kitchen\admin\controllers\MealDataController.php(33): MealDataController->viewUpdate(0)
#4 D:\wamp\www\Mobile_Kitchen\framework\web\actions\CInlineAction.php(49): MealDataController->actionCreate()
#5 D:\wamp\www\Mobile_Kitchen\framework\web\CController.php(308): CInlineAction->runWithParams(Array)
#6 D:\wamp\www\Mobile_Kitchen\framework\web\CController.php(286): CController->runAction(Object(CInlineAction))
#7 D:\wamp\www\Mobile_Kitchen\framework\web\CController.php(265): CController->runActionWithFilters(Object(CInlineAction), Array)
#8 D:\wamp\www\Mobile_Kitchen\framework\web\CWebApplication.php(282): CController->run('create')
#9 D:\wamp\www\Mobile_Kitchen\framework\web\CWebApplication.php(141): CWebApplication->runController('mealData/create')
#10 D:\wamp\www\Mobile_Kitchen\framework\base\CApplication.php(185): CWebApplication->processRequest()
#11 D:\wamp\www\Mobile_Kitchen\index.php(35): CApplication->run()
#12 {main}
REQUEST_URI=/mobile_kitchen/index.php?r=mealData/create
HTTP_REFERER=http://127.0.0.1/mobile_kitchen/index.php?r=mealData/create
---
2024/05/02 23:03:27 [error] [exception.CHttpException.404] exception 'CHttpException' with message '无法解析请求 "mealDate/Updatecheck"。' in D:\wamp\www\Mobile_Kitchen\framework\web\CWebApplication.php:286
Stack trace:
#0 D:\wamp\www\Mobile_Kitchen\framework\web\CWebApplication.php(141): CWebApplication->runController('mealDate/Update...')
#1 D:\wamp\www\Mobile_Kitchen\framework\base\CApplication.php(185): CWebApplication->processRequest()
#2 D:\wamp\www\Mobile_Kitchen\index.php(35): CApplication->run()
#3 {main}
REQUEST_URI=/mobile_kitchen/index.php?r=mealDate/Updatecheck
---
2024/05/02 23:03:28 [error] [exception.CHttpException.404] exception 'CHttpException' with message '无法解析请求 "mealD/Updatecheck"。' in D:\wamp\www\Mobile_Kitchen\framework\web\CWebApplication.php:286
Stack trace:
#0 D:\wamp\www\Mobile_Kitchen\framework\web\CWebApplication.php(141): CWebApplication->runController('mealD/Updateche...')
#1 D:\wamp\www\Mobile_Kitchen\framework\base\CApplication.php(185): CWebApplication->processRequest()
#2 D:\wamp\www\Mobile_Kitchen\index.php(35): CApplication->run()
#3 {main}
REQUEST_URI=/mobile_kitchen/index.php?r=mealD/Updatecheck
---
2024/05/02 23:03:28 [error] [exception.CHttpException.404] exception 'CHttpException' with message '无法解析请求 "Updatecheck/index"。' in D:\wamp\www\Mobile_Kitchen\framework\web\CWebApplication.php:286
Stack trace:
#0 D:\wamp\www\Mobile_Kitchen\framework\web\CWebApplication.php(141): CWebApplication->runController('Updatecheck/ind...')
#1 D:\wamp\www\Mobile_Kitchen\framework\base\CApplication.php(185): CWebApplication->processRequest()
#2 D:\wamp\www\Mobile_Kitchen\index.php(35): CApplication->run()
#3 {main}
REQUEST_URI=/mobile_kitchen/index.php?r=Updatecheck/index
---
2024/05/02 23:03:29 [error] [exception.CHttpException.404] exception 'CHttpException' with message '系统无法找到请求的 "index" 动作.' in D:\wamp\www\Mobile_Kitchen\framework\web\CController.php:486
Stack trace:
#0 D:\wamp\www\Mobile_Kitchen\framework\web\CController.php(270): CController->missingAction('index')
#1 D:\wamp\www\Mobile_Kitchen\framework\web\CWebApplication.php(282): CController->run('index')
#2 D:\wamp\www\Mobile_Kitchen\framework\web\CWebApplication.php(141): CWebApplication->runController('mealDetail/inde...')
#3 D:\wamp\www\Mobile_Kitchen\framework\base\CApplication.php(185): CWebApplication->processRequest()
#4 D:\wamp\www\Mobile_Kitchen\index.php(35): CApplication->run()
#5 {main}
REQUEST_URI=/mobile_kitchen/index.php?r=mealDetail/index
---
2024/05/02 23:56:21 [error] [exception.CHttpException.400] exception 'CHttpException' with message '您的请求无效。' in D:\wamp\www\Mobile_Kitchen\framework\web\CController.php:337
Stack trace:
#0 D:\wamp\www\Mobile_Kitchen\framework\web\CController.php(309): CController->invalidActionParams(Object(CInlineAction))
#1 D:\wamp\www\Mobile_Kitchen\framework\web\CController.php(286): CController->runAction(Object(CInlineAction))
#2 D:\wamp\www\Mobile_Kitchen\framework\web\CController.php(265): CController->runActionWithFilters(Object(CInlineAction), Array)
#3 D:\wamp\www\Mobile_Kitchen\framework\web\CWebApplication.php(282): CController->run('WxCreate')
#4 D:\wamp\www\Mobile_Kitchen\framework\web\CWebApplication.php(141): CWebApplication->runController('clubListSqdw/Wx...')
#5 D:\wamp\www\Mobile_Kitchen\framework\base\CApplication.php(185): CWebApplication->processRequest()
#6 D:\wamp\www\Mobile_Kitchen\index.php(35): CApplication->run()
#7 {main}
REQUEST_URI=/mobile_kitchen/index.php?r=clubListSqdw/WxCreate
---
2024/05/02 23:56:28 [error] [exception.CHttpException.400] exception 'CHttpException' with message '您的请求无效。' in D:\wamp\www\Mobile_Kitchen\framework\web\CController.php:337
Stack trace:
#0 D:\wamp\www\Mobile_Kitchen\framework\web\CController.php(309): CController->invalidActionParams(Object(CInlineAction))
#1 D:\wamp\www\Mobile_Kitchen\framework\web\CController.php(286): CController->runAction(Object(CInlineAction))
#2 D:\wamp\www\Mobile_Kitchen\framework\web\CController.php(265): CController->runActionWithFilters(Object(CInlineAction), Array)
#3 D:\wamp\www\Mobile_Kitchen\framework\web\CWebApplication.php(282): CController->run('WxCreate')
#4 D:\wamp\www\Mobile_Kitchen\framework\web\CWebApplication.php(141): CWebApplication->runController('clubListSqdw/Wx...')
#5 D:\wamp\www\Mobile_Kitchen\framework\base\CApplication.php(185): CWebApplication->processRequest()
#6 D:\wamp\www\Mobile_Kitchen\index.php(35): CApplication->run()
#7 {main}
REQUEST_URI=/mobile_kitchen/index.php?r=clubListSqdw/WxCreate
---
