2024/04/24 00:06:29 [error] [system.db.CDbCommand] CDbCommand::fetch() failed: SQLSTATE[42000]: Syntax error or access violation: 1064 Erreur de syntaxe près de 'LIMIT 1' à la ligne 1. The SQL statement executed was: SELECT * FROM `project_list` `t` WHERE id= LIMIT 1.
2024/04/24 00:06:29 [error] [exception.CDbException] exception 'CDbException' with message 'CDbCommand 无法执行 SQL 语句: SQLSTATE[42000]: Syntax error or access violation: 1064 Erreur de syntaxe près de 'LIMIT 1' à la ligne 1' in D:\wamp\www\Mobile_Kitchen\framework\db\CDbCommand.php:543
Stack trace:
#0 D:\wamp\www\Mobile_Kitchen\framework\db\CDbCommand.php(415): CDbCommand->queryInternal('fetch', Array, Array)
#1 D:\wamp\www\Mobile_Kitchen\framework\db\ar\CActiveRecord.php(1360): CDbCommand->queryRow()
#2 D:\wamp\www\Mobile_Kitchen\framework\db\ar\CActiveRecord.php(1465): CActiveRecord->query(Object(CDbCriteria), false, true)
#3 D:\wamp\www\Mobile_Kitchen\admin\components\BaseModel.php(660): CActiveRecord->find('id=', Array, true)
#4 D:\wamp\www\Mobile_Kitchen\admin\controllers\ClubMemberListController.php(531): BaseModel->find('id=')
#5 D:\wamp\www\Mobile_Kitchen\framework\web\actions\CInlineAction.php(49): ClubMemberListController->actionDeleteInvite()
#6 D:\wamp\www\Mobile_Kitchen\framework\web\CController.php(308): CInlineAction->runWithParams(Array)
#7 D:\wamp\www\Mobile_Kitchen\framework\web\CController.php(286): CController->runAction(Object(CInlineAction))
#8 D:\wamp\www\Mobile_Kitchen\framework\web\CController.php(265): CController->runActionWithFilters(Object(CInlineAction), Array)
#9 D:\wamp\www\Mobile_Kitchen\framework\web\CWebApplication.php(282): CController->run('DeleteInvite')
#10 D:\wamp\www\Mobile_Kitchen\framework\web\CWebApplication.php(141): CWebApplication->runController('clubMemberList/...')
#11 D:\wamp\www\Mobile_Kitchen\framework\base\CApplication.php(185): CWebApplication->processRequest()
#12 D:\wamp\www\Mobile_Kitchen\index.php(35): CApplication->run()
#13 {main}
REQUEST_URI=/mobile_kitchen/index.php?r=clubMemberList/DeleteInvite
HTTP_REFERER=http://127.0.0.1/mobile_kitchen/index.php?r=ClubMemberList/index5
---
