2024/04/05 11:35:16 [error] [system.db.CDbCommand] CDbCommand::fetchAll() failed: SQLSTATE[42000]: Syntax error or access violation: 1064 Erreur de syntaxe près de ')) and not isnull(f_rcode) ORDER BY f_rcode' à la ligne 1. The SQL statement executed was: SELECT * FROM `qmdd_role_new` `t` WHERE (club_id=3076 or  f_id in ()) and not isnull(f_rcode) ORDER BY f_rcode.
2024/04/05 11:35:16 [error] [exception.CDbException] exception 'CDbException' with message 'CDbCommand 无法执行 SQL 语句: SQLSTATE[42000]: Syntax error or access violation: 1064 Erreur de syntaxe près de ')) and not isnull(f_rcode) ORDER BY f_rcode' à la ligne 1' in D:\wamp\www\Mobile_Kitchen\framework\db\CDbCommand.php:543
Stack trace:
#0 D:\wamp\www\Mobile_Kitchen\framework\db\CDbCommand.php(396): CDbCommand->queryInternal('fetchAll', Array, Array)
#1 D:\wamp\www\Mobile_Kitchen\framework\db\ar\CActiveRecord.php(1360): CDbCommand->queryAll()
#2 D:\wamp\www\Mobile_Kitchen\framework\db\ar\CActiveRecord.php(1480): CActiveRecord->query(Object(CDbCriteria), true, true)
#3 D:\wamp\www\Mobile_Kitchen\admin\components\BaseModel.php(664): CActiveRecord->findAll(Object(CDbCriteria), Array, true)
#4 D:\wamp\www\Mobile_Kitchen\models\Role.php(94): BaseModel->findAll(Object(CDbCriteria))
#5 D:\wamp\www\Mobile_Kitchen\admin\views\role\index.php(43): Role->get_tree('-1')
#6 D:\wamp\www\Mobile_Kitchen\framework\web\CBaseController.php(126): require('D:\\wamp\\www\\Mob...')
#7 D:\wamp\www\Mobile_Kitchen\framework\web\CBaseController.php(95): CBaseController->renderInternal('D:\\wamp\\www\\Mob...', Array, true)
#8 D:\wamp\www\Mobile_Kitchen\framework\web\CController.php(872): CBaseController->renderFile('D:\\wamp\\www\\Mob...', Array, true)
#9 D:\wamp\www\Mobile_Kitchen\framework\web\CController.php(785): CController->renderPartial('index', Array, true)
#10 D:\wamp\www\Mobile_Kitchen\admin\components\BaseController.php(433): CController->render('index', Array)
#11 D:\wamp\www\Mobile_Kitchen\admin\controllers\RoleController.php(42): BaseController->_list(Object(Role), Object(CDbCriteria))
#12 [internal function]: RoleController->actionIndex('', '', -1)
#13 D:\wamp\www\Mobile_Kitchen\framework\web\actions\CAction.php(109): ReflectionMethod->invokeArgs(Object(RoleController), Array)
#14 D:\wamp\www\Mobile_Kitchen\framework\web\actions\CInlineAction.php(47): CAction->runWithParamsInternal(Object(RoleController), Object(ReflectionMethod), Array)
#15 D:\wamp\www\Mobile_Kitchen\framework\web\CController.php(308): CInlineAction->runWithParams(Array)
#16 D:\wamp\www\Mobile_Kitchen\framework\web\CController.php(286): CController->runAction(Object(CInlineAction))
#17 D:\wamp\www\Mobile_Kitchen\framework\web\CController.php(265): CController->runActionWithFilters(Object(CInlineAction), Array)
#18 D:\wamp\www\Mobile_Kitchen\framework\web\CWebApplication.php(282): CController->run('index')
#19 D:\wamp\www\Mobile_Kitchen\framework\web\CWebApplication.php(141): CWebApplication->runController('role/index')
#20 D:\wamp\www\Mobile_Kitchen\framework\base\CApplication.php(185): CWebApplication->processRequest()
#21 D:\wamp\www\Mobile_Kitchen\index.php(35): CApplication->run()
#22 {main}
REQUEST_URI=/mobile_kitchen/index.php?r=role/index&club_type=-1
HTTP_REFERER=http://127.0.0.1/mobile_kitchen/index.php?r=index/menu&type=Z
---
2024/04/05 11:36:00 [error] [php] Undefined variable: sv (D:\wamp\www\Mobile_Kitchen\admin\controllers\ClubadminController.php:86)
Stack trace:
#0 D:\wamp\www\Mobile_Kitchen\framework\web\actions\CInlineAction.php(47): CInlineAction->runWithParamsInternal()
#1 D:\wamp\www\Mobile_Kitchen\framework\web\CController.php(308): CInlineAction->runWithParams()
#2 D:\wamp\www\Mobile_Kitchen\framework\web\CController.php(286): ClubadminController->runAction()
#3 D:\wamp\www\Mobile_Kitchen\framework\web\CController.php(265): ClubadminController->runActionWithFilters()
#4 D:\wamp\www\Mobile_Kitchen\framework\web\CWebApplication.php(282): ClubadminController->run()
#5 D:\wamp\www\Mobile_Kitchen\framework\web\CWebApplication.php(141): CWebApplication->runController()
#6 D:\wamp\www\Mobile_Kitchen\framework\base\CApplication.php(185): CWebApplication->processRequest()
#7 D:\wamp\www\Mobile_Kitchen\index.php(35): CWebApplication->run()
REQUEST_URI=/mobile_kitchen/index.php?r=clubadmin/change_password&id=1066&lang_type=0
2024/04/05 11:37:13 [error] [system.db.CDbCommand] CDbCommand::fetchAll() failed: SQLSTATE[42000]: Syntax error or access violation: 1064 Erreur de syntaxe près de ')) and not isnull(f_rcode) ORDER BY f_rcode' à la ligne 1. The SQL statement executed was: SELECT * FROM `qmdd_role_new` `t` WHERE (club_id=3076 or  f_id in ()) and not isnull(f_rcode) ORDER BY f_rcode.
2024/04/05 11:37:13 [error] [exception.CDbException] exception 'CDbException' with message 'CDbCommand 无法执行 SQL 语句: SQLSTATE[42000]: Syntax error or access violation: 1064 Erreur de syntaxe près de ')) and not isnull(f_rcode) ORDER BY f_rcode' à la ligne 1' in D:\wamp\www\Mobile_Kitchen\framework\db\CDbCommand.php:543
Stack trace:
#0 D:\wamp\www\Mobile_Kitchen\framework\db\CDbCommand.php(396): CDbCommand->queryInternal('fetchAll', Array, Array)
#1 D:\wamp\www\Mobile_Kitchen\framework\db\ar\CActiveRecord.php(1360): CDbCommand->queryAll()
#2 D:\wamp\www\Mobile_Kitchen\framework\db\ar\CActiveRecord.php(1480): CActiveRecord->query(Object(CDbCriteria), true, true)
#3 D:\wamp\www\Mobile_Kitchen\admin\components\BaseModel.php(664): CActiveRecord->findAll(Object(CDbCriteria), Array, true)
#4 D:\wamp\www\Mobile_Kitchen\models\Role.php(94): BaseModel->findAll(Object(CDbCriteria))
#5 D:\wamp\www\Mobile_Kitchen\admin\views\role\index.php(43): Role->get_tree('-1')
#6 D:\wamp\www\Mobile_Kitchen\framework\web\CBaseController.php(126): require('D:\\wamp\\www\\Mob...')
#7 D:\wamp\www\Mobile_Kitchen\framework\web\CBaseController.php(95): CBaseController->renderInternal('D:\\wamp\\www\\Mob...', Array, true)
#8 D:\wamp\www\Mobile_Kitchen\framework\web\CController.php(872): CBaseController->renderFile('D:\\wamp\\www\\Mob...', Array, true)
#9 D:\wamp\www\Mobile_Kitchen\framework\web\CController.php(785): CController->renderPartial('index', Array, true)
#10 D:\wamp\www\Mobile_Kitchen\admin\components\BaseController.php(433): CController->render('index', Array)
#11 D:\wamp\www\Mobile_Kitchen\admin\controllers\RoleController.php(42): BaseController->_list(Object(Role), Object(CDbCriteria))
#12 [internal function]: RoleController->actionIndex('', '', -1)
#13 D:\wamp\www\Mobile_Kitchen\framework\web\actions\CAction.php(109): ReflectionMethod->invokeArgs(Object(RoleController), Array)
#14 D:\wamp\www\Mobile_Kitchen\framework\web\actions\CInlineAction.php(47): CAction->runWithParamsInternal(Object(RoleController), Object(ReflectionMethod), Array)
#15 D:\wamp\www\Mobile_Kitchen\framework\web\CController.php(308): CInlineAction->runWithParams(Array)
#16 D:\wamp\www\Mobile_Kitchen\framework\web\CController.php(286): CController->runAction(Object(CInlineAction))
#17 D:\wamp\www\Mobile_Kitchen\framework\web\CController.php(265): CController->runActionWithFilters(Object(CInlineAction), Array)
#18 D:\wamp\www\Mobile_Kitchen\framework\web\CWebApplication.php(282): CController->run('index')
#19 D:\wamp\www\Mobile_Kitchen\framework\web\CWebApplication.php(141): CWebApplication->runController('role/index')
#20 D:\wamp\www\Mobile_Kitchen\framework\base\CApplication.php(185): CWebApplication->processRequest()
#21 D:\wamp\www\Mobile_Kitchen\index.php(35): CApplication->run()
#22 {main}
REQUEST_URI=/mobile_kitchen/index.php?r=role/index&club_type=-1
HTTP_REFERER=http://127.0.0.1/mobile_kitchen/index.php?r=index/menu&type=Z
---
2024/04/05 11:37:20 [error] [system.db.CDbCommand] CDbCommand::fetchAll() failed: SQLSTATE[42000]: Syntax error or access violation: 1064 Erreur de syntaxe près de ')) and not isnull(f_rcode) ORDER BY f_rcode' à la ligne 1. The SQL statement executed was: SELECT * FROM `qmdd_role_new` `t` WHERE (club_id=3076 or  f_id in ()) and not isnull(f_rcode) ORDER BY f_rcode.
2024/04/05 11:37:20 [error] [exception.CDbException] exception 'CDbException' with message 'CDbCommand 无法执行 SQL 语句: SQLSTATE[42000]: Syntax error or access violation: 1064 Erreur de syntaxe près de ')) and not isnull(f_rcode) ORDER BY f_rcode' à la ligne 1' in D:\wamp\www\Mobile_Kitchen\framework\db\CDbCommand.php:543
Stack trace:
#0 D:\wamp\www\Mobile_Kitchen\framework\db\CDbCommand.php(396): CDbCommand->queryInternal('fetchAll', Array, Array)
#1 D:\wamp\www\Mobile_Kitchen\framework\db\ar\CActiveRecord.php(1360): CDbCommand->queryAll()
#2 D:\wamp\www\Mobile_Kitchen\framework\db\ar\CActiveRecord.php(1480): CActiveRecord->query(Object(CDbCriteria), true, true)
#3 D:\wamp\www\Mobile_Kitchen\admin\components\BaseModel.php(664): CActiveRecord->findAll(Object(CDbCriteria), Array, true)
#4 D:\wamp\www\Mobile_Kitchen\models\Role.php(94): BaseModel->findAll(Object(CDbCriteria))
#5 D:\wamp\www\Mobile_Kitchen\admin\views\role\index.php(43): Role->get_tree('-1')
#6 D:\wamp\www\Mobile_Kitchen\framework\web\CBaseController.php(126): require('D:\\wamp\\www\\Mob...')
#7 D:\wamp\www\Mobile_Kitchen\framework\web\CBaseController.php(95): CBaseController->renderInternal('D:\\wamp\\www\\Mob...', Array, true)
#8 D:\wamp\www\Mobile_Kitchen\framework\web\CController.php(872): CBaseController->renderFile('D:\\wamp\\www\\Mob...', Array, true)
#9 D:\wamp\www\Mobile_Kitchen\framework\web\CController.php(785): CController->renderPartial('index', Array, true)
#10 D:\wamp\www\Mobile_Kitchen\admin\components\BaseController.php(433): CController->render('index', Array)
#11 D:\wamp\www\Mobile_Kitchen\admin\controllers\RoleController.php(42): BaseController->_list(Object(Role), Object(CDbCriteria))
#12 [internal function]: RoleController->actionIndex('', '', -1)
#13 D:\wamp\www\Mobile_Kitchen\framework\web\actions\CAction.php(109): ReflectionMethod->invokeArgs(Object(RoleController), Array)
#14 D:\wamp\www\Mobile_Kitchen\framework\web\actions\CInlineAction.php(47): CAction->runWithParamsInternal(Object(RoleController), Object(ReflectionMethod), Array)
#15 D:\wamp\www\Mobile_Kitchen\framework\web\CController.php(308): CInlineAction->runWithParams(Array)
#16 D:\wamp\www\Mobile_Kitchen\framework\web\CController.php(286): CController->runAction(Object(CInlineAction))
#17 D:\wamp\www\Mobile_Kitchen\framework\web\CController.php(265): CController->runActionWithFilters(Object(CInlineAction), Array)
#18 D:\wamp\www\Mobile_Kitchen\framework\web\CWebApplication.php(282): CController->run('index')
#19 D:\wamp\www\Mobile_Kitchen\framework\web\CWebApplication.php(141): CWebApplication->runController('role/index')
#20 D:\wamp\www\Mobile_Kitchen\framework\base\CApplication.php(185): CWebApplication->processRequest()
#21 D:\wamp\www\Mobile_Kitchen\index.php(35): CApplication->run()
#22 {main}
REQUEST_URI=/mobile_kitchen/index.php?r=role/index&club_type=-1
HTTP_REFERER=http://127.0.0.1/mobile_kitchen/index.php?r=index/menu&type=Z
---
2024/04/05 11:38:52 [error] [exception.CException] exception 'CException' with message '属性 "QualificationsPerson.qualification_gfaccount" 未被定义.' in D:\wamp\www\Mobile_Kitchen\framework\base\CComponent.php:130
Stack trace:
#0 D:\wamp\www\Mobile_Kitchen\framework\db\ar\CActiveRecord.php(145): CComponent->__get('qualification_g...')
#1 D:\wamp\www\Mobile_Kitchen\admin\views\qualificationsPerson\index_h.php(49): CActiveRecord->__get('qualification_g...')
#2 D:\wamp\www\Mobile_Kitchen\framework\web\CBaseController.php(126): require('D:\\wamp\\www\\Mob...')
#3 D:\wamp\www\Mobile_Kitchen\framework\web\CBaseController.php(95): CBaseController->renderInternal('D:\\wamp\\www\\Mob...', Array, true)
#4 D:\wamp\www\Mobile_Kitchen\framework\web\CController.php(872): CBaseController->renderFile('D:\\wamp\\www\\Mob...', Array, true)
#5 D:\wamp\www\Mobile_Kitchen\framework\web\CController.php(785): CController->renderPartial('index_h', Array, true)
#6 D:\wamp\www\Mobile_Kitchen\admin\components\BaseController.php(433): CController->render('index_h', Array)
#7 D:\wamp\www\Mobile_Kitchen\admin\controllers\QualificationsPersonController.php(48): BaseController->_list(Object(QualificationsPerson), Object(CDbCriteria), 'index_h', Array)
#8 [internal function]: QualificationsPersonController->actionIndex_h('', '', '')
#9 D:\wamp\www\Mobile_Kitchen\framework\web\actions\CAction.php(109): ReflectionMethod->invokeArgs(Object(QualificationsPersonController), Array)
#10 D:\wamp\www\Mobile_Kitchen\framework\web\actions\CInlineAction.php(47): CAction->runWithParamsInternal(Object(QualificationsPersonController), Object(ReflectionMethod), Array)
#11 D:\wamp\www\Mobile_Kitchen\framework\web\CController.php(308): CInlineAction->runWithParams(Array)
#12 D:\wamp\www\Mobile_Kitchen\framework\web\CController.php(286): CController->runAction(Object(CInlineAction))
#13 D:\wamp\www\Mobile_Kitchen\framework\web\CController.php(265): CController->runActionWithFilters(Object(CInlineAction), Array)
#14 D:\wamp\www\Mobile_Kitchen\framework\web\CWebApplication.php(282): CController->run('index_h')
#15 D:\wamp\www\Mobile_Kitchen\framework\web\CWebApplication.php(141): CWebApplication->runController('qualificationsP...')
#16 D:\wamp\www\Mobile_Kitchen\framework\base\CApplication.php(185): CWebApplication->processRequest()
#17 D:\wamp\www\Mobile_Kitchen\index.php(35): CApplication->run()
#18 {main}
REQUEST_URI=/mobile_kitchen/index.php?r=qualificationsPerson/index_h
HTTP_REFERER=http://127.0.0.1/mobile_kitchen/index.php?r=index/menu&type=C
---
2024/04/05 12:08:12 [error] [exception.CHttpException.404] exception 'CHttpException' with message '无法解析请求 "gfideuserallnumber/index"。' in D:\wamp\www\Mobile_Kitchen\framework\web\CWebApplication.php:286
Stack trace:
#0 D:\wamp\www\Mobile_Kitchen\framework\web\CWebApplication.php(141): CWebApplication->runController('gfideuserallnum...')
#1 D:\wamp\www\Mobile_Kitchen\framework\base\CApplication.php(185): CWebApplication->processRequest()
#2 D:\wamp\www\Mobile_Kitchen\index.php(35): CApplication->run()
#3 {main}
REQUEST_URI=/mobile_kitchen/index.php?r=gfideuserallnumber/index
---
2024/04/05 12:08:37 [error] [exception.CHttpException.404] exception 'CHttpException' with message '无法解析请求 "gfIdeUserAllNumber/index"。' in D:\wamp\www\Mobile_Kitchen\framework\web\CWebApplication.php:286
Stack trace:
#0 D:\wamp\www\Mobile_Kitchen\framework\web\CWebApplication.php(141): CWebApplication->runController('gfIdeUserAllNum...')
#1 D:\wamp\www\Mobile_Kitchen\framework\base\CApplication.php(185): CWebApplication->processRequest()
#2 D:\wamp\www\Mobile_Kitchen\index.php(35): CApplication->run()
#3 {main}
REQUEST_URI=/mobile_kitchen/index.php?r=gfIdeUserAllNumber/index
---
2024/04/05 12:41:52 [error] [php] Undefined variable: key_club (D:\wamp\www\Mobile_Kitchen\admin\controllers\ClubMemberListController.php:51)
Stack trace:
#0 D:\wamp\www\Mobile_Kitchen\framework\web\actions\CAction.php(109): ReflectionMethod->invokeArgs()
#1 D:\wamp\www\Mobile_Kitchen\framework\web\actions\CInlineAction.php(47): CInlineAction->runWithParamsInternal()
#2 D:\wamp\www\Mobile_Kitchen\framework\web\CController.php(308): CInlineAction->runWithParams()
#3 D:\wamp\www\Mobile_Kitchen\framework\web\CController.php(286): ClubMemberListController->runAction()
#4 D:\wamp\www\Mobile_Kitchen\framework\web\CController.php(265): ClubMemberListController->runActionWithFilters()
#5 D:\wamp\www\Mobile_Kitchen\framework\web\CWebApplication.php(282): ClubMemberListController->run()
#6 D:\wamp\www\Mobile_Kitchen\framework\web\CWebApplication.php(141): CWebApplication->runController()
#7 D:\wamp\www\Mobile_Kitchen\framework\base\CApplication.php(185): CWebApplication->processRequest()
#8 D:\wamp\www\Mobile_Kitchen\index.php(35): CWebApplication->run()
REQUEST_URI=/mobile_kitchen/index.php?r=ClubMemberList/index5
2024/04/05 12:42:14 [error] [php] Undefined variable: key_club (D:\wamp\www\Mobile_Kitchen\admin\controllers\ClubMemberListController.php:51)
Stack trace:
#0 D:\wamp\www\Mobile_Kitchen\framework\web\actions\CAction.php(109): ReflectionMethod->invokeArgs()
#1 D:\wamp\www\Mobile_Kitchen\framework\web\actions\CInlineAction.php(47): CInlineAction->runWithParamsInternal()
#2 D:\wamp\www\Mobile_Kitchen\framework\web\CController.php(308): CInlineAction->runWithParams()
#3 D:\wamp\www\Mobile_Kitchen\framework\web\CController.php(286): ClubMemberListController->runAction()
#4 D:\wamp\www\Mobile_Kitchen\framework\web\CController.php(265): ClubMemberListController->runActionWithFilters()
#5 D:\wamp\www\Mobile_Kitchen\framework\web\CWebApplication.php(282): ClubMemberListController->run()
#6 D:\wamp\www\Mobile_Kitchen\framework\web\CWebApplication.php(141): CWebApplication->runController()
#7 D:\wamp\www\Mobile_Kitchen\framework\base\CApplication.php(185): CWebApplication->processRequest()
#8 D:\wamp\www\Mobile_Kitchen\index.php(35): CWebApplication->run()
REQUEST_URI=/mobile_kitchen/index.php?r=ClubMemberList/index5
2024/04/05 12:42:15 [error] [php] Undefined variable: key_club (D:\wamp\www\Mobile_Kitchen\admin\controllers\ClubMemberListController.php:51)
Stack trace:
#0 D:\wamp\www\Mobile_Kitchen\framework\web\actions\CAction.php(109): ReflectionMethod->invokeArgs()
#1 D:\wamp\www\Mobile_Kitchen\framework\web\actions\CInlineAction.php(47): CInlineAction->runWithParamsInternal()
#2 D:\wamp\www\Mobile_Kitchen\framework\web\CController.php(308): CInlineAction->runWithParams()
#3 D:\wamp\www\Mobile_Kitchen\framework\web\CController.php(286): ClubMemberListController->runAction()
#4 D:\wamp\www\Mobile_Kitchen\framework\web\CController.php(265): ClubMemberListController->runActionWithFilters()
#5 D:\wamp\www\Mobile_Kitchen\framework\web\CWebApplication.php(282): ClubMemberListController->run()
#6 D:\wamp\www\Mobile_Kitchen\framework\web\CWebApplication.php(141): CWebApplication->runController()
#7 D:\wamp\www\Mobile_Kitchen\framework\base\CApplication.php(185): CWebApplication->processRequest()
#8 D:\wamp\www\Mobile_Kitchen\index.php(35): CWebApplication->run()
REQUEST_URI=/mobile_kitchen/index.php?r=ClubMemberList/index5
2024/04/05 12:42:15 [error] [php] Undefined variable: key_club (D:\wamp\www\Mobile_Kitchen\admin\controllers\ClubMemberListController.php:51)
Stack trace:
#0 D:\wamp\www\Mobile_Kitchen\framework\web\actions\CAction.php(109): ReflectionMethod->invokeArgs()
#1 D:\wamp\www\Mobile_Kitchen\framework\web\actions\CInlineAction.php(47): CInlineAction->runWithParamsInternal()
#2 D:\wamp\www\Mobile_Kitchen\framework\web\CController.php(308): CInlineAction->runWithParams()
#3 D:\wamp\www\Mobile_Kitchen\framework\web\CController.php(286): ClubMemberListController->runAction()
#4 D:\wamp\www\Mobile_Kitchen\framework\web\CController.php(265): ClubMemberListController->runActionWithFilters()
#5 D:\wamp\www\Mobile_Kitchen\framework\web\CWebApplication.php(282): ClubMemberListController->run()
#6 D:\wamp\www\Mobile_Kitchen\framework\web\CWebApplication.php(141): CWebApplication->runController()
#7 D:\wamp\www\Mobile_Kitchen\framework\base\CApplication.php(185): CWebApplication->processRequest()
#8 D:\wamp\www\Mobile_Kitchen\index.php(35): CWebApplication->run()
REQUEST_URI=/mobile_kitchen/index.php?r=ClubMemberList/index5
2024/04/05 12:42:15 [error] [php] Undefined variable: key_club (D:\wamp\www\Mobile_Kitchen\admin\controllers\ClubMemberListController.php:51)
Stack trace:
#0 D:\wamp\www\Mobile_Kitchen\framework\web\actions\CAction.php(109): ReflectionMethod->invokeArgs()
#1 D:\wamp\www\Mobile_Kitchen\framework\web\actions\CInlineAction.php(47): CInlineAction->runWithParamsInternal()
#2 D:\wamp\www\Mobile_Kitchen\framework\web\CController.php(308): CInlineAction->runWithParams()
#3 D:\wamp\www\Mobile_Kitchen\framework\web\CController.php(286): ClubMemberListController->runAction()
#4 D:\wamp\www\Mobile_Kitchen\framework\web\CController.php(265): ClubMemberListController->runActionWithFilters()
#5 D:\wamp\www\Mobile_Kitchen\framework\web\CWebApplication.php(282): ClubMemberListController->run()
#6 D:\wamp\www\Mobile_Kitchen\framework\web\CWebApplication.php(141): CWebApplication->runController()
#7 D:\wamp\www\Mobile_Kitchen\framework\base\CApplication.php(185): CWebApplication->processRequest()
#8 D:\wamp\www\Mobile_Kitchen\index.php(35): CWebApplication->run()
REQUEST_URI=/mobile_kitchen/index.php?r=ClubMemberList/index5
2024/04/05 12:42:15 [error] [php] Undefined variable: key_club (D:\wamp\www\Mobile_Kitchen\admin\controllers\ClubMemberListController.php:51)
Stack trace:
#0 D:\wamp\www\Mobile_Kitchen\framework\web\actions\CAction.php(109): ReflectionMethod->invokeArgs()
#1 D:\wamp\www\Mobile_Kitchen\framework\web\actions\CInlineAction.php(47): CInlineAction->runWithParamsInternal()
#2 D:\wamp\www\Mobile_Kitchen\framework\web\CController.php(308): CInlineAction->runWithParams()
#3 D:\wamp\www\Mobile_Kitchen\framework\web\CController.php(286): ClubMemberListController->runAction()
#4 D:\wamp\www\Mobile_Kitchen\framework\web\CController.php(265): ClubMemberListController->runActionWithFilters()
#5 D:\wamp\www\Mobile_Kitchen\framework\web\CWebApplication.php(282): ClubMemberListController->run()
#6 D:\wamp\www\Mobile_Kitchen\framework\web\CWebApplication.php(141): CWebApplication->runController()
#7 D:\wamp\www\Mobile_Kitchen\framework\base\CApplication.php(185): CWebApplication->processRequest()
#8 D:\wamp\www\Mobile_Kitchen\index.php(35): CWebApplication->run()
REQUEST_URI=/mobile_kitchen/index.php?r=ClubMemberList/index5
2024/04/05 12:43:04 [error] [php] Undefined variable: key_club (D:\wamp\www\Mobile_Kitchen\admin\controllers\ClubMemberListController.php:51)
Stack trace:
#0 D:\wamp\www\Mobile_Kitchen\framework\web\actions\CAction.php(109): ReflectionMethod->invokeArgs()
#1 D:\wamp\www\Mobile_Kitchen\framework\web\actions\CInlineAction.php(47): CInlineAction->runWithParamsInternal()
#2 D:\wamp\www\Mobile_Kitchen\framework\web\CController.php(308): CInlineAction->runWithParams()
#3 D:\wamp\www\Mobile_Kitchen\framework\web\CController.php(286): ClubMemberListController->runAction()
#4 D:\wamp\www\Mobile_Kitchen\framework\web\CController.php(265): ClubMemberListController->runActionWithFilters()
#5 D:\wamp\www\Mobile_Kitchen\framework\web\CWebApplication.php(282): ClubMemberListController->run()
#6 D:\wamp\www\Mobile_Kitchen\framework\web\CWebApplication.php(141): CWebApplication->runController()
#7 D:\wamp\www\Mobile_Kitchen\framework\base\CApplication.php(185): CWebApplication->processRequest()
#8 D:\wamp\www\Mobile_Kitchen\index.php(35): CWebApplication->run()
REQUEST_URI=/mobile_kitchen/index.php?r=ClubMemberList/index5
2024/04/05 12:43:04 [error] [php] Undefined variable: key_club (D:\wamp\www\Mobile_Kitchen\admin\controllers\ClubMemberListController.php:51)
Stack trace:
#0 D:\wamp\www\Mobile_Kitchen\framework\web\actions\CAction.php(109): ReflectionMethod->invokeArgs()
#1 D:\wamp\www\Mobile_Kitchen\framework\web\actions\CInlineAction.php(47): CInlineAction->runWithParamsInternal()
#2 D:\wamp\www\Mobile_Kitchen\framework\web\CController.php(308): CInlineAction->runWithParams()
#3 D:\wamp\www\Mobile_Kitchen\framework\web\CController.php(286): ClubMemberListController->runAction()
#4 D:\wamp\www\Mobile_Kitchen\framework\web\CController.php(265): ClubMemberListController->runActionWithFilters()
#5 D:\wamp\www\Mobile_Kitchen\framework\web\CWebApplication.php(282): ClubMemberListController->run()
#6 D:\wamp\www\Mobile_Kitchen\framework\web\CWebApplication.php(141): CWebApplication->runController()
#7 D:\wamp\www\Mobile_Kitchen\framework\base\CApplication.php(185): CWebApplication->processRequest()
#8 D:\wamp\www\Mobile_Kitchen\index.php(35): CWebApplication->run()
REQUEST_URI=/mobile_kitchen/index.php?r=ClubMemberList/index5
2024/04/05 12:43:08 [error] [php] Undefined variable: key_club (D:\wamp\www\Mobile_Kitchen\admin\controllers\ClubMemberListController.php:51)
Stack trace:
#0 D:\wamp\www\Mobile_Kitchen\framework\web\actions\CAction.php(109): ReflectionMethod->invokeArgs()
#1 D:\wamp\www\Mobile_Kitchen\framework\web\actions\CInlineAction.php(47): CInlineAction->runWithParamsInternal()
#2 D:\wamp\www\Mobile_Kitchen\framework\web\CController.php(308): CInlineAction->runWithParams()
#3 D:\wamp\www\Mobile_Kitchen\framework\web\CController.php(286): ClubMemberListController->runAction()
#4 D:\wamp\www\Mobile_Kitchen\framework\web\CController.php(265): ClubMemberListController->runActionWithFilters()
#5 D:\wamp\www\Mobile_Kitchen\framework\web\CWebApplication.php(282): ClubMemberListController->run()
#6 D:\wamp\www\Mobile_Kitchen\framework\web\CWebApplication.php(141): CWebApplication->runController()
#7 D:\wamp\www\Mobile_Kitchen\framework\base\CApplication.php(185): CWebApplication->processRequest()
#8 D:\wamp\www\Mobile_Kitchen\index.php(35): CWebApplication->run()
REQUEST_URI=/mobile_kitchen/index.php?r=ClubMemberList/index5
2024/04/05 12:43:17 [error] [php] Undefined variable: key_club (D:\wamp\www\Mobile_Kitchen\admin\controllers\ClubMemberListController.php:51)
Stack trace:
#0 D:\wamp\www\Mobile_Kitchen\framework\web\actions\CAction.php(109): ReflectionMethod->invokeArgs()
#1 D:\wamp\www\Mobile_Kitchen\framework\web\actions\CInlineAction.php(47): CInlineAction->runWithParamsInternal()
#2 D:\wamp\www\Mobile_Kitchen\framework\web\CController.php(308): CInlineAction->runWithParams()
#3 D:\wamp\www\Mobile_Kitchen\framework\web\CController.php(286): ClubMemberListController->runAction()
#4 D:\wamp\www\Mobile_Kitchen\framework\web\CController.php(265): ClubMemberListController->runActionWithFilters()
#5 D:\wamp\www\Mobile_Kitchen\framework\web\CWebApplication.php(282): ClubMemberListController->run()
#6 D:\wamp\www\Mobile_Kitchen\framework\web\CWebApplication.php(141): CWebApplication->runController()
#7 D:\wamp\www\Mobile_Kitchen\framework\base\CApplication.php(185): CWebApplication->processRequest()
#8 D:\wamp\www\Mobile_Kitchen\index.php(35): CWebApplication->run()
REQUEST_URI=/mobile_kitchen/index.php?r=ClubMemberList/index5
2024/04/05 12:43:17 [error] [php] Undefined variable: key_club (D:\wamp\www\Mobile_Kitchen\admin\controllers\ClubMemberListController.php:51)
Stack trace:
#0 D:\wamp\www\Mobile_Kitchen\framework\web\actions\CAction.php(109): ReflectionMethod->invokeArgs()
#1 D:\wamp\www\Mobile_Kitchen\framework\web\actions\CInlineAction.php(47): CInlineAction->runWithParamsInternal()
#2 D:\wamp\www\Mobile_Kitchen\framework\web\CController.php(308): CInlineAction->runWithParams()
#3 D:\wamp\www\Mobile_Kitchen\framework\web\CController.php(286): ClubMemberListController->runAction()
#4 D:\wamp\www\Mobile_Kitchen\framework\web\CController.php(265): ClubMemberListController->runActionWithFilters()
#5 D:\wamp\www\Mobile_Kitchen\framework\web\CWebApplication.php(282): ClubMemberListController->run()
#6 D:\wamp\www\Mobile_Kitchen\framework\web\CWebApplication.php(141): CWebApplication->runController()
#7 D:\wamp\www\Mobile_Kitchen\framework\base\CApplication.php(185): CWebApplication->processRequest()
#8 D:\wamp\www\Mobile_Kitchen\index.php(35): CWebApplication->run()
REQUEST_URI=/mobile_kitchen/index.php?r=ClubMemberList/index5
2024/04/05 12:43:18 [error] [php] Undefined variable: key_club (D:\wamp\www\Mobile_Kitchen\admin\controllers\ClubMemberListController.php:51)
Stack trace:
#0 D:\wamp\www\Mobile_Kitchen\framework\web\actions\CAction.php(109): ReflectionMethod->invokeArgs()
#1 D:\wamp\www\Mobile_Kitchen\framework\web\actions\CInlineAction.php(47): CInlineAction->runWithParamsInternal()
#2 D:\wamp\www\Mobile_Kitchen\framework\web\CController.php(308): CInlineAction->runWithParams()
#3 D:\wamp\www\Mobile_Kitchen\framework\web\CController.php(286): ClubMemberListController->runAction()
#4 D:\wamp\www\Mobile_Kitchen\framework\web\CController.php(265): ClubMemberListController->runActionWithFilters()
#5 D:\wamp\www\Mobile_Kitchen\framework\web\CWebApplication.php(282): ClubMemberListController->run()
#6 D:\wamp\www\Mobile_Kitchen\framework\web\CWebApplication.php(141): CWebApplication->runController()
#7 D:\wamp\www\Mobile_Kitchen\framework\base\CApplication.php(185): CWebApplication->processRequest()
#8 D:\wamp\www\Mobile_Kitchen\index.php(35): CWebApplication->run()
REQUEST_URI=/mobile_kitchen/index.php?r=ClubMemberList/index5
2024/04/05 12:43:35 [error] [php] Undefined variable: key_club1 (D:\wamp\www\Mobile_Kitchen\admin\controllers\ClubMemberListController.php:51)
Stack trace:
#0 D:\wamp\www\Mobile_Kitchen\framework\web\actions\CAction.php(109): ReflectionMethod->invokeArgs()
#1 D:\wamp\www\Mobile_Kitchen\framework\web\actions\CInlineAction.php(47): CInlineAction->runWithParamsInternal()
#2 D:\wamp\www\Mobile_Kitchen\framework\web\CController.php(308): CInlineAction->runWithParams()
#3 D:\wamp\www\Mobile_Kitchen\framework\web\CController.php(286): ClubMemberListController->runAction()
#4 D:\wamp\www\Mobile_Kitchen\framework\web\CController.php(265): ClubMemberListController->runActionWithFilters()
#5 D:\wamp\www\Mobile_Kitchen\framework\web\CWebApplication.php(282): ClubMemberListController->run()
#6 D:\wamp\www\Mobile_Kitchen\framework\web\CWebApplication.php(141): CWebApplication->runController()
#7 D:\wamp\www\Mobile_Kitchen\framework\base\CApplication.php(185): CWebApplication->processRequest()
#8 D:\wamp\www\Mobile_Kitchen\index.php(35): CWebApplication->run()
REQUEST_URI=/mobile_kitchen/index.php?r=ClubMemberList/index5
