2024/01/31 01:36:17 [error] [php] Trying to get property of non-object (E:\wamp\www\sports\admin\qmdd2018\admin\controllers\testCommentController.php:18)
Stack trace:
#0 E:\wamp\www\sports\admin\qmdd2018\framework\web\actions\CInlineAction.php(47): CInlineAction->runWithParamsInternal()
#1 E:\wamp\www\sports\admin\qmdd2018\framework\web\CController.php(308): CInlineAction->runWithParams()
#2 E:\wamp\www\sports\admin\qmdd2018\framework\web\CController.php(286): testCommentController->runAction()
#3 E:\wamp\www\sports\admin\qmdd2018\framework\web\CController.php(265): testCommentController->runActionWithFilters()
#4 E:\wamp\www\sports\admin\qmdd2018\framework\web\CWebApplication.php(282): testCommentController->run()
#5 E:\wamp\www\sports\admin\qmdd2018\framework\web\CWebApplication.php(141): CWebApplication->runController()
#6 E:\wamp\www\sports\admin\qmdd2018\framework\base\CApplication.php(185): CWebApplication->processRequest()
#7 E:\wamp\www\sports\admin\qmdd2018\index.php(34): CWebApplication->run()
REQUEST_URI=/sports/admin/qmdd2018/index.php?r=testComment/GetComment&staId=50
2024/01/31 01:40:19 [error] [php] Trying to get property of non-object (E:\wamp\www\sports\admin\qmdd2018\admin\controllers\testCommentController.php:18)
Stack trace:
#0 E:\wamp\www\sports\admin\qmdd2018\framework\web\actions\CInlineAction.php(47): CInlineAction->runWithParamsInternal()
#1 E:\wamp\www\sports\admin\qmdd2018\framework\web\CController.php(308): CInlineAction->runWithParams()
#2 E:\wamp\www\sports\admin\qmdd2018\framework\web\CController.php(286): testCommentController->runAction()
#3 E:\wamp\www\sports\admin\qmdd2018\framework\web\CController.php(265): testCommentController->runActionWithFilters()
#4 E:\wamp\www\sports\admin\qmdd2018\framework\web\CWebApplication.php(282): testCommentController->run()
#5 E:\wamp\www\sports\admin\qmdd2018\framework\web\CWebApplication.php(141): CWebApplication->runController()
#6 E:\wamp\www\sports\admin\qmdd2018\framework\base\CApplication.php(185): CWebApplication->processRequest()
#7 E:\wamp\www\sports\admin\qmdd2018\index.php(34): CWebApplication->run()
REQUEST_URI=/sports/admin/qmdd2018/index.php?r=testComment/GetComment&staId=50
2024/01/31 01:42:21 [error] [php] Trying to get property of non-object (E:\wamp\www\sports\admin\qmdd2018\admin\controllers\testCommentController.php:18)
Stack trace:
#0 E:\wamp\www\sports\admin\qmdd2018\framework\web\actions\CInlineAction.php(47): CInlineAction->runWithParamsInternal()
#1 E:\wamp\www\sports\admin\qmdd2018\framework\web\CController.php(308): CInlineAction->runWithParams()
#2 E:\wamp\www\sports\admin\qmdd2018\framework\web\CController.php(286): testCommentController->runAction()
#3 E:\wamp\www\sports\admin\qmdd2018\framework\web\CController.php(265): testCommentController->runActionWithFilters()
#4 E:\wamp\www\sports\admin\qmdd2018\framework\web\CWebApplication.php(282): testCommentController->run()
#5 E:\wamp\www\sports\admin\qmdd2018\framework\web\CWebApplication.php(141): CWebApplication->runController()
#6 E:\wamp\www\sports\admin\qmdd2018\framework\base\CApplication.php(185): CWebApplication->processRequest()
#7 E:\wamp\www\sports\admin\qmdd2018\index.php(34): CWebApplication->run()
REQUEST_URI=/sports/admin/qmdd2018/index.php?r=testComment/GetComment&staId=50
2024/01/31 01:43:07 [error] [php] Trying to get property of non-object (E:\wamp\www\sports\admin\qmdd2018\admin\controllers\testCommentController.php:18)
Stack trace:
#0 E:\wamp\www\sports\admin\qmdd2018\framework\web\actions\CInlineAction.php(47): CInlineAction->runWithParamsInternal()
#1 E:\wamp\www\sports\admin\qmdd2018\framework\web\CController.php(308): CInlineAction->runWithParams()
#2 E:\wamp\www\sports\admin\qmdd2018\framework\web\CController.php(286): testCommentController->runAction()
#3 E:\wamp\www\sports\admin\qmdd2018\framework\web\CController.php(265): testCommentController->runActionWithFilters()
#4 E:\wamp\www\sports\admin\qmdd2018\framework\web\CWebApplication.php(282): testCommentController->run()
#5 E:\wamp\www\sports\admin\qmdd2018\framework\web\CWebApplication.php(141): CWebApplication->runController()
#6 E:\wamp\www\sports\admin\qmdd2018\framework\base\CApplication.php(185): CWebApplication->processRequest()
#7 E:\wamp\www\sports\admin\qmdd2018\index.php(34): CWebApplication->run()
REQUEST_URI=/sports/admin/qmdd2018/index.php?r=testComment/GetComment&staId=50
2024/01/31 16:04:32 [error] [php] Trying to get property of non-object (E:\wamp\www\sports\admin\qmdd2018\admin\controllers\testCommentController.php:18)
Stack trace:
#0 E:\wamp\www\sports\admin\qmdd2018\framework\web\actions\CInlineAction.php(47): CInlineAction->runWithParamsInternal()
#1 E:\wamp\www\sports\admin\qmdd2018\framework\web\CController.php(308): CInlineAction->runWithParams()
#2 E:\wamp\www\sports\admin\qmdd2018\framework\web\CController.php(286): testCommentController->runAction()
#3 E:\wamp\www\sports\admin\qmdd2018\framework\web\CController.php(265): testCommentController->runActionWithFilters()
#4 E:\wamp\www\sports\admin\qmdd2018\framework\web\CWebApplication.php(282): testCommentController->run()
#5 E:\wamp\www\sports\admin\qmdd2018\framework\web\CWebApplication.php(141): CWebApplication->runController()
#6 E:\wamp\www\sports\admin\qmdd2018\framework\base\CApplication.php(185): CWebApplication->processRequest()
#7 E:\wamp\www\sports\admin\qmdd2018\index.php(34): CWebApplication->run()
REQUEST_URI=/sports/admin/qmdd2018/index.php?r=testComment/GetComment&staId=50
2024/01/31 17:17:40 [error] [php] Trying to get property of non-object (E:\wamp\www\sports\admin\qmdd2018\admin\controllers\testCommentController.php:18)
Stack trace:
#0 E:\wamp\www\sports\admin\qmdd2018\framework\web\actions\CInlineAction.php(47): CInlineAction->runWithParamsInternal()
#1 E:\wamp\www\sports\admin\qmdd2018\framework\web\CController.php(308): CInlineAction->runWithParams()
#2 E:\wamp\www\sports\admin\qmdd2018\framework\web\CController.php(286): testCommentController->runAction()
#3 E:\wamp\www\sports\admin\qmdd2018\framework\web\CController.php(265): testCommentController->runActionWithFilters()
#4 E:\wamp\www\sports\admin\qmdd2018\framework\web\CWebApplication.php(282): testCommentController->run()
#5 E:\wamp\www\sports\admin\qmdd2018\framework\web\CWebApplication.php(141): CWebApplication->runController()
#6 E:\wamp\www\sports\admin\qmdd2018\framework\base\CApplication.php(185): CWebApplication->processRequest()
#7 E:\wamp\www\sports\admin\qmdd2018\index.php(34): CWebApplication->run()
REQUEST_URI=/sports/admin/qmdd2018/index.php?r=testComment/GetComment&staId=50
2024/01/31 17:18:09 [error] [php] Trying to get property of non-object (E:\wamp\www\sports\admin\qmdd2018\admin\controllers\testCommentController.php:18)
Stack trace:
#0 E:\wamp\www\sports\admin\qmdd2018\framework\web\actions\CInlineAction.php(47): CInlineAction->runWithParamsInternal()
#1 E:\wamp\www\sports\admin\qmdd2018\framework\web\CController.php(308): CInlineAction->runWithParams()
#2 E:\wamp\www\sports\admin\qmdd2018\framework\web\CController.php(286): testCommentController->runAction()
#3 E:\wamp\www\sports\admin\qmdd2018\framework\web\CController.php(265): testCommentController->runActionWithFilters()
#4 E:\wamp\www\sports\admin\qmdd2018\framework\web\CWebApplication.php(282): testCommentController->run()
#5 E:\wamp\www\sports\admin\qmdd2018\framework\web\CWebApplication.php(141): CWebApplication->runController()
#6 E:\wamp\www\sports\admin\qmdd2018\framework\base\CApplication.php(185): CWebApplication->processRequest()
#7 E:\wamp\www\sports\admin\qmdd2018\index.php(34): CWebApplication->run()
REQUEST_URI=/sports/admin/qmdd2018/index.php?r=testComment/GetComment&staId=50
2024/01/31 18:25:13 [error] [php] Trying to get property of non-object (E:\wamp\www\sports\admin\qmdd2018\admin\controllers\testCommentController.php:18)
Stack trace:
#0 E:\wamp\www\sports\admin\qmdd2018\framework\web\actions\CInlineAction.php(47): CInlineAction->runWithParamsInternal()
#1 E:\wamp\www\sports\admin\qmdd2018\framework\web\CController.php(308): CInlineAction->runWithParams()
#2 E:\wamp\www\sports\admin\qmdd2018\framework\web\CController.php(286): testCommentController->runAction()
#3 E:\wamp\www\sports\admin\qmdd2018\framework\web\CController.php(265): testCommentController->runActionWithFilters()
#4 E:\wamp\www\sports\admin\qmdd2018\framework\web\CWebApplication.php(282): testCommentController->run()
#5 E:\wamp\www\sports\admin\qmdd2018\framework\web\CWebApplication.php(141): CWebApplication->runController()
#6 E:\wamp\www\sports\admin\qmdd2018\framework\base\CApplication.php(185): CWebApplication->processRequest()
#7 E:\wamp\www\sports\admin\qmdd2018\index.php(34): CWebApplication->run()
REQUEST_URI=/sports/admin/qmdd2018/index.php?r=testComment/GetComment&staId=50
2024/01/31 18:36:31 [error] [php] Trying to get property of non-object (E:\wamp\www\sports\admin\qmdd2018\admin\controllers\testCommentController.php:18)
Stack trace:
#0 E:\wamp\www\sports\admin\qmdd2018\framework\web\actions\CInlineAction.php(47): CInlineAction->runWithParamsInternal()
#1 E:\wamp\www\sports\admin\qmdd2018\framework\web\CController.php(308): CInlineAction->runWithParams()
#2 E:\wamp\www\sports\admin\qmdd2018\framework\web\CController.php(286): testCommentController->runAction()
#3 E:\wamp\www\sports\admin\qmdd2018\framework\web\CController.php(265): testCommentController->runActionWithFilters()
#4 E:\wamp\www\sports\admin\qmdd2018\framework\web\CWebApplication.php(282): testCommentController->run()
#5 E:\wamp\www\sports\admin\qmdd2018\framework\web\CWebApplication.php(141): CWebApplication->runController()
#6 E:\wamp\www\sports\admin\qmdd2018\framework\base\CApplication.php(185): CWebApplication->processRequest()
#7 E:\wamp\www\sports\admin\qmdd2018\index.php(34): CWebApplication->run()
REQUEST_URI=/sports/admin/qmdd2018/index.php?r=testComment/GetComment&staId=50
2024/01/31 18:45:12 [error] [php] Trying to get property of non-object (E:\wamp\www\sports\admin\qmdd2018\admin\controllers\testCommentController.php:18)
Stack trace:
#0 E:\wamp\www\sports\admin\qmdd2018\framework\web\actions\CInlineAction.php(47): CInlineAction->runWithParamsInternal()
#1 E:\wamp\www\sports\admin\qmdd2018\framework\web\CController.php(308): CInlineAction->runWithParams()
#2 E:\wamp\www\sports\admin\qmdd2018\framework\web\CController.php(286): testCommentController->runAction()
#3 E:\wamp\www\sports\admin\qmdd2018\framework\web\CController.php(265): testCommentController->runActionWithFilters()
#4 E:\wamp\www\sports\admin\qmdd2018\framework\web\CWebApplication.php(282): testCommentController->run()
#5 E:\wamp\www\sports\admin\qmdd2018\framework\web\CWebApplication.php(141): CWebApplication->runController()
#6 E:\wamp\www\sports\admin\qmdd2018\framework\base\CApplication.php(185): CWebApplication->processRequest()
#7 E:\wamp\www\sports\admin\qmdd2018\index.php(34): CWebApplication->run()
REQUEST_URI=/sports/admin/qmdd2018/index.php?r=testComment/GetComment&staId=50
2024/01/31 18:47:26 [error] [php] Trying to get property of non-object (E:\wamp\www\sports\admin\qmdd2018\admin\controllers\testCommentController.php:18)
Stack trace:
#0 E:\wamp\www\sports\admin\qmdd2018\framework\web\actions\CInlineAction.php(47): CInlineAction->runWithParamsInternal()
#1 E:\wamp\www\sports\admin\qmdd2018\framework\web\CController.php(308): CInlineAction->runWithParams()
#2 E:\wamp\www\sports\admin\qmdd2018\framework\web\CController.php(286): testCommentController->runAction()
#3 E:\wamp\www\sports\admin\qmdd2018\framework\web\CController.php(265): testCommentController->runActionWithFilters()
#4 E:\wamp\www\sports\admin\qmdd2018\framework\web\CWebApplication.php(282): testCommentController->run()
#5 E:\wamp\www\sports\admin\qmdd2018\framework\web\CWebApplication.php(141): CWebApplication->runController()
#6 E:\wamp\www\sports\admin\qmdd2018\framework\base\CApplication.php(185): CWebApplication->processRequest()
#7 E:\wamp\www\sports\admin\qmdd2018\index.php(34): CWebApplication->run()
REQUEST_URI=/sports/admin/qmdd2018/index.php?r=testComment/GetComment&staId=50
2024/01/31 18:59:02 [error] [php] Trying to get property of non-object (E:\wamp\www\sports\admin\qmdd2018\admin\controllers\testCommentController.php:18)
Stack trace:
#0 E:\wamp\www\sports\admin\qmdd2018\framework\web\actions\CInlineAction.php(47): CInlineAction->runWithParamsInternal()
#1 E:\wamp\www\sports\admin\qmdd2018\framework\web\CController.php(308): CInlineAction->runWithParams()
#2 E:\wamp\www\sports\admin\qmdd2018\framework\web\CController.php(286): testCommentController->runAction()
#3 E:\wamp\www\sports\admin\qmdd2018\framework\web\CController.php(265): testCommentController->runActionWithFilters()
#4 E:\wamp\www\sports\admin\qmdd2018\framework\web\CWebApplication.php(282): testCommentController->run()
#5 E:\wamp\www\sports\admin\qmdd2018\framework\web\CWebApplication.php(141): CWebApplication->runController()
#6 E:\wamp\www\sports\admin\qmdd2018\framework\base\CApplication.php(185): CWebApplication->processRequest()
#7 E:\wamp\www\sports\admin\qmdd2018\index.php(34): CWebApplication->run()
REQUEST_URI=/sports/admin/qmdd2018/index.php?r=testComment/GetComment&staId=50
2024/01/31 19:02:10 [error] [php] Trying to get property of non-object (E:\wamp\www\sports\admin\qmdd2018\admin\controllers\testCommentController.php:18)
Stack trace:
#0 E:\wamp\www\sports\admin\qmdd2018\framework\web\actions\CInlineAction.php(47): CInlineAction->runWithParamsInternal()
#1 E:\wamp\www\sports\admin\qmdd2018\framework\web\CController.php(308): CInlineAction->runWithParams()
#2 E:\wamp\www\sports\admin\qmdd2018\framework\web\CController.php(286): testCommentController->runAction()
#3 E:\wamp\www\sports\admin\qmdd2018\framework\web\CController.php(265): testCommentController->runActionWithFilters()
#4 E:\wamp\www\sports\admin\qmdd2018\framework\web\CWebApplication.php(282): testCommentController->run()
#5 E:\wamp\www\sports\admin\qmdd2018\framework\web\CWebApplication.php(141): CWebApplication->runController()
#6 E:\wamp\www\sports\admin\qmdd2018\framework\base\CApplication.php(185): CWebApplication->processRequest()
#7 E:\wamp\www\sports\admin\qmdd2018\index.php(34): CWebApplication->run()
REQUEST_URI=/sports/admin/qmdd2018/index.php?r=testComment/GetComment&staId=50
2024/01/31 19:08:42 [error] [php] Trying to get property of non-object (E:\wamp\www\sports\admin\qmdd2018\admin\controllers\testCommentController.php:18)
Stack trace:
#0 E:\wamp\www\sports\admin\qmdd2018\framework\web\actions\CInlineAction.php(47): CInlineAction->runWithParamsInternal()
#1 E:\wamp\www\sports\admin\qmdd2018\framework\web\CController.php(308): CInlineAction->runWithParams()
#2 E:\wamp\www\sports\admin\qmdd2018\framework\web\CController.php(286): testCommentController->runAction()
#3 E:\wamp\www\sports\admin\qmdd2018\framework\web\CController.php(265): testCommentController->runActionWithFilters()
#4 E:\wamp\www\sports\admin\qmdd2018\framework\web\CWebApplication.php(282): testCommentController->run()
#5 E:\wamp\www\sports\admin\qmdd2018\framework\web\CWebApplication.php(141): CWebApplication->runController()
#6 E:\wamp\www\sports\admin\qmdd2018\framework\base\CApplication.php(185): CWebApplication->processRequest()
#7 E:\wamp\www\sports\admin\qmdd2018\index.php(34): CWebApplication->run()
REQUEST_URI=/sports/admin/qmdd2018/index.php?r=testComment/GetComment&staId=50
2024/01/31 19:22:59 [error] [php] Trying to get property of non-object (E:\wamp\www\sports\admin\qmdd2018\admin\controllers\testCommentController.php:18)
Stack trace:
#0 E:\wamp\www\sports\admin\qmdd2018\framework\web\actions\CInlineAction.php(47): CInlineAction->runWithParamsInternal()
#1 E:\wamp\www\sports\admin\qmdd2018\framework\web\CController.php(308): CInlineAction->runWithParams()
#2 E:\wamp\www\sports\admin\qmdd2018\framework\web\CController.php(286): testCommentController->runAction()
#3 E:\wamp\www\sports\admin\qmdd2018\framework\web\CController.php(265): testCommentController->runActionWithFilters()
#4 E:\wamp\www\sports\admin\qmdd2018\framework\web\CWebApplication.php(282): testCommentController->run()
#5 E:\wamp\www\sports\admin\qmdd2018\framework\web\CWebApplication.php(141): CWebApplication->runController()
#6 E:\wamp\www\sports\admin\qmdd2018\framework\base\CApplication.php(185): CWebApplication->processRequest()
#7 E:\wamp\www\sports\admin\qmdd2018\index.php(34): CWebApplication->run()
REQUEST_URI=/sports/admin/qmdd2018/index.php?r=testComment/GetComment&staId=50
2024/01/31 19:23:35 [error] [php] Trying to get property of non-object (E:\wamp\www\sports\admin\qmdd2018\admin\controllers\testCommentController.php:18)
Stack trace:
#0 E:\wamp\www\sports\admin\qmdd2018\framework\web\actions\CInlineAction.php(47): CInlineAction->runWithParamsInternal()
#1 E:\wamp\www\sports\admin\qmdd2018\framework\web\CController.php(308): CInlineAction->runWithParams()
#2 E:\wamp\www\sports\admin\qmdd2018\framework\web\CController.php(286): testCommentController->runAction()
#3 E:\wamp\www\sports\admin\qmdd2018\framework\web\CController.php(265): testCommentController->runActionWithFilters()
#4 E:\wamp\www\sports\admin\qmdd2018\framework\web\CWebApplication.php(282): testCommentController->run()
#5 E:\wamp\www\sports\admin\qmdd2018\framework\web\CWebApplication.php(141): CWebApplication->runController()
#6 E:\wamp\www\sports\admin\qmdd2018\framework\base\CApplication.php(185): CWebApplication->processRequest()
#7 E:\wamp\www\sports\admin\qmdd2018\index.php(34): CWebApplication->run()
REQUEST_URI=/sports/admin/qmdd2018/index.php?r=testComment/GetComment&staId=50
2024/01/31 19:25:17 [error] [php] Trying to get property of non-object (E:\wamp\www\sports\admin\qmdd2018\admin\controllers\testCommentController.php:18)
Stack trace:
#0 E:\wamp\www\sports\admin\qmdd2018\framework\web\actions\CInlineAction.php(47): CInlineAction->runWithParamsInternal()
#1 E:\wamp\www\sports\admin\qmdd2018\framework\web\CController.php(308): CInlineAction->runWithParams()
#2 E:\wamp\www\sports\admin\qmdd2018\framework\web\CController.php(286): testCommentController->runAction()
#3 E:\wamp\www\sports\admin\qmdd2018\framework\web\CController.php(265): testCommentController->runActionWithFilters()
#4 E:\wamp\www\sports\admin\qmdd2018\framework\web\CWebApplication.php(282): testCommentController->run()
#5 E:\wamp\www\sports\admin\qmdd2018\framework\web\CWebApplication.php(141): CWebApplication->runController()
#6 E:\wamp\www\sports\admin\qmdd2018\framework\base\CApplication.php(185): CWebApplication->processRequest()
#7 E:\wamp\www\sports\admin\qmdd2018\index.php(34): CWebApplication->run()
REQUEST_URI=/sports/admin/qmdd2018/index.php?r=testComment/GetComment&staId=50
2024/01/31 19:26:31 [error] [php] Trying to get property of non-object (E:\wamp\www\sports\admin\qmdd2018\admin\controllers\testCommentController.php:18)
Stack trace:
#0 E:\wamp\www\sports\admin\qmdd2018\framework\web\actions\CInlineAction.php(47): CInlineAction->runWithParamsInternal()
#1 E:\wamp\www\sports\admin\qmdd2018\framework\web\CController.php(308): CInlineAction->runWithParams()
#2 E:\wamp\www\sports\admin\qmdd2018\framework\web\CController.php(286): testCommentController->runAction()
#3 E:\wamp\www\sports\admin\qmdd2018\framework\web\CController.php(265): testCommentController->runActionWithFilters()
#4 E:\wamp\www\sports\admin\qmdd2018\framework\web\CWebApplication.php(282): testCommentController->run()
#5 E:\wamp\www\sports\admin\qmdd2018\framework\web\CWebApplication.php(141): CWebApplication->runController()
#6 E:\wamp\www\sports\admin\qmdd2018\framework\base\CApplication.php(185): CWebApplication->processRequest()
#7 E:\wamp\www\sports\admin\qmdd2018\index.php(34): CWebApplication->run()
REQUEST_URI=/sports/admin/qmdd2018/index.php?r=testComment/GetComment&staId=50
2024/01/31 20:25:10 [error] [exception.CException] exception 'CException' with message '属性 "testShoppingInfo.order_code" 未被定义.' in E:\wamp\www\sports\admin\qmdd2018\framework\base\CComponent.php:173
Stack trace:
#0 E:\wamp\www\sports\admin\qmdd2018\framework\db\ar\CActiveRecord.php(162): CComponent->__set('order_code', '')
#1 E:\wamp\www\sports\admin\qmdd2018\models\testShoppingInfo.php(62): CActiveRecord->__set('order_code', '')
#2 E:\wamp\www\sports\admin\qmdd2018\admin\controllers\testShoppingInfoController.php(42): testShoppingInfo->addShopping('50', '\xE5\xA4\xA9\xE4\xBD\x93\xE7\xBE\xBD\xE6\xAF\x9B\xE7\x90\x83...', '["1","17"]', '28305', '\xE9\x96\xA2', '13710484121', '74', '', '', '[{"id":"1","det...')
#3 [internal function]: testShoppingInfoController->actionaddShopping('50', '\xE5\xA4\xA9\xE4\xBD\x93\xE7\xBE\xBD\xE6\xAF\x9B\xE7\x90\x83...', '["1","17"]', '28305', '\xE9\x96\xA2', '13710484121', '74', '[{"id":"1","det...')
#4 E:\wamp\www\sports\admin\qmdd2018\framework\web\actions\CAction.php(109): ReflectionMethod->invokeArgs(Object(testShoppingInfoController), Array)
#5 E:\wamp\www\sports\admin\qmdd2018\framework\web\actions\CInlineAction.php(47): CAction->runWithParamsInternal(Object(testShoppingInfoController), Object(ReflectionMethod), Array)
#6 E:\wamp\www\sports\admin\qmdd2018\framework\web\CController.php(308): CInlineAction->runWithParams(Array)
#7 E:\wamp\www\sports\admin\qmdd2018\framework\web\CController.php(286): CController->runAction(Object(CInlineAction))
#8 E:\wamp\www\sports\admin\qmdd2018\framework\web\CController.php(265): CController->runActionWithFilters(Object(CInlineAction), Array)
#9 E:\wamp\www\sports\admin\qmdd2018\framework\web\CWebApplication.php(282): CController->run('addShopping')
#10 E:\wamp\www\sports\admin\qmdd2018\framework\web\CWebApplication.php(141): CWebApplication->runController('testShoppingInf...')
#11 E:\wamp\www\sports\admin\qmdd2018\framework\base\CApplication.php(185): CWebApplication->processRequest()
#12 E:\wamp\www\sports\admin\qmdd2018\index.php(34): CApplication->run()
#13 {main}
REQUEST_URI=/sports/admin/qmdd2018/index.php?r=testShoppingInfo/addShopping&stadium_id=50&stadium_name=%E5%A4%A9%E4%BD%93%E7%BE%BD%E6%AF%9B%E7%90%83%E9%A6%86&list=%5B%221%22%2C%2217%22%5D&add_code=28305&add_name=%E9%96%A2&add_phone=13710484121&money=74&coach=%5B%7B%22id%22%3A%221%22%2C%22detail%22%3A%5B%5D%7D%5D
HTTP_REFERER=https://servicewechat.com/wx8d045a8ae8b1ca29/devtools/page-frame.html
---
2024/01/31 20:48:41 [error] [php] Trying to get property of non-object (E:\wamp\www\sports\admin\qmdd2018\admin\controllers\testCommentController.php:18)
Stack trace:
#0 E:\wamp\www\sports\admin\qmdd2018\framework\web\actions\CInlineAction.php(47): CInlineAction->runWithParamsInternal()
#1 E:\wamp\www\sports\admin\qmdd2018\framework\web\CController.php(308): CInlineAction->runWithParams()
#2 E:\wamp\www\sports\admin\qmdd2018\framework\web\CController.php(286): testCommentController->runAction()
#3 E:\wamp\www\sports\admin\qmdd2018\framework\web\CController.php(265): testCommentController->runActionWithFilters()
#4 E:\wamp\www\sports\admin\qmdd2018\framework\web\CWebApplication.php(282): testCommentController->run()
#5 E:\wamp\www\sports\admin\qmdd2018\framework\web\CWebApplication.php(141): CWebApplication->runController()
#6 E:\wamp\www\sports\admin\qmdd2018\framework\base\CApplication.php(185): CWebApplication->processRequest()
#7 E:\wamp\www\sports\admin\qmdd2018\index.php(34): CWebApplication->run()
REQUEST_URI=/sports/admin/qmdd2018/index.php?r=testComment/GetComment&staId=50
2024/01/31 21:24:39 [error] [php] Trying to get property of non-object (E:\wamp\www\sports\admin\qmdd2018\admin\controllers\testCommentController.php:18)
Stack trace:
#0 E:\wamp\www\sports\admin\qmdd2018\framework\web\actions\CInlineAction.php(47): CInlineAction->runWithParamsInternal()
#1 E:\wamp\www\sports\admin\qmdd2018\framework\web\CController.php(308): CInlineAction->runWithParams()
#2 E:\wamp\www\sports\admin\qmdd2018\framework\web\CController.php(286): testCommentController->runAction()
#3 E:\wamp\www\sports\admin\qmdd2018\framework\web\CController.php(265): testCommentController->runActionWithFilters()
#4 E:\wamp\www\sports\admin\qmdd2018\framework\web\CWebApplication.php(282): testCommentController->run()
#5 E:\wamp\www\sports\admin\qmdd2018\framework\web\CWebApplication.php(141): CWebApplication->runController()
#6 E:\wamp\www\sports\admin\qmdd2018\framework\base\CApplication.php(185): CWebApplication->processRequest()
#7 E:\wamp\www\sports\admin\qmdd2018\index.php(34): CWebApplication->run()
REQUEST_URI=/sports/admin/qmdd2018/index.php?r=testComment/GetComment&staId=50
2024/01/31 21:33:28 [error] [php] Trying to get property of non-object (E:\wamp\www\sports\admin\qmdd2018\admin\controllers\testCommentController.php:18)
Stack trace:
#0 E:\wamp\www\sports\admin\qmdd2018\framework\web\actions\CInlineAction.php(47): CInlineAction->runWithParamsInternal()
#1 E:\wamp\www\sports\admin\qmdd2018\framework\web\CController.php(308): CInlineAction->runWithParams()
#2 E:\wamp\www\sports\admin\qmdd2018\framework\web\CController.php(286): testCommentController->runAction()
#3 E:\wamp\www\sports\admin\qmdd2018\framework\web\CController.php(265): testCommentController->runActionWithFilters()
#4 E:\wamp\www\sports\admin\qmdd2018\framework\web\CWebApplication.php(282): testCommentController->run()
#5 E:\wamp\www\sports\admin\qmdd2018\framework\web\CWebApplication.php(141): CWebApplication->runController()
#6 E:\wamp\www\sports\admin\qmdd2018\framework\base\CApplication.php(185): CWebApplication->processRequest()
#7 E:\wamp\www\sports\admin\qmdd2018\index.php(34): CWebApplication->run()
REQUEST_URI=/sports/admin/qmdd2018/index.php?r=testComment/GetComment&staId=50
2024/01/31 21:34:30 [error] [php] Trying to get property of non-object (E:\wamp\www\sports\admin\qmdd2018\admin\controllers\testCommentController.php:18)
Stack trace:
#0 E:\wamp\www\sports\admin\qmdd2018\framework\web\actions\CInlineAction.php(47): CInlineAction->runWithParamsInternal()
#1 E:\wamp\www\sports\admin\qmdd2018\framework\web\CController.php(308): CInlineAction->runWithParams()
#2 E:\wamp\www\sports\admin\qmdd2018\framework\web\CController.php(286): testCommentController->runAction()
#3 E:\wamp\www\sports\admin\qmdd2018\framework\web\CController.php(265): testCommentController->runActionWithFilters()
#4 E:\wamp\www\sports\admin\qmdd2018\framework\web\CWebApplication.php(282): testCommentController->run()
#5 E:\wamp\www\sports\admin\qmdd2018\framework\web\CWebApplication.php(141): CWebApplication->runController()
#6 E:\wamp\www\sports\admin\qmdd2018\framework\base\CApplication.php(185): CWebApplication->processRequest()
#7 E:\wamp\www\sports\admin\qmdd2018\index.php(34): CWebApplication->run()
REQUEST_URI=/sports/admin/qmdd2018/index.php?r=testComment/GetComment&staId=50
2024/01/31 21:44:20 [error] [exception.CException] exception 'CException' with message '属性 "testShoppingInfo.order_code" 未被定义.' in E:\wamp\www\sports\admin\qmdd2018\framework\base\CComponent.php:173
Stack trace:
#0 E:\wamp\www\sports\admin\qmdd2018\framework\db\ar\CActiveRecord.php(162): CComponent->__set('order_code', '')
#1 E:\wamp\www\sports\admin\qmdd2018\models\testShoppingInfo.php(62): CActiveRecord->__set('order_code', '')
#2 E:\wamp\www\sports\admin\qmdd2018\admin\controllers\testShoppingInfoController.php(42): testShoppingInfo->addShopping('50', '\xE5\xA4\xA9\xE4\xBD\x93\xE7\xBE\xBD\xE6\xAF\x9B\xE7\x90\x83...', '["17","18"]', '28305', '\xE9\x96\xA2', '13710484121', '244', '', '', '[{"id":"18","de...')
#3 [internal function]: testShoppingInfoController->actionaddShopping('50', '\xE5\xA4\xA9\xE4\xBD\x93\xE7\xBE\xBD\xE6\xAF\x9B\xE7\x90\x83...', '["17","18"]', '28305', '\xE9\x96\xA2', '13710484121', '244', '[{"id":"18","de...')
#4 E:\wamp\www\sports\admin\qmdd2018\framework\web\actions\CAction.php(109): ReflectionMethod->invokeArgs(Object(testShoppingInfoController), Array)
#5 E:\wamp\www\sports\admin\qmdd2018\framework\web\actions\CInlineAction.php(47): CAction->runWithParamsInternal(Object(testShoppingInfoController), Object(ReflectionMethod), Array)
#6 E:\wamp\www\sports\admin\qmdd2018\framework\web\CController.php(308): CInlineAction->runWithParams(Array)
#7 E:\wamp\www\sports\admin\qmdd2018\framework\web\CController.php(286): CController->runAction(Object(CInlineAction))
#8 E:\wamp\www\sports\admin\qmdd2018\framework\web\CController.php(265): CController->runActionWithFilters(Object(CInlineAction), Array)
#9 E:\wamp\www\sports\admin\qmdd2018\framework\web\CWebApplication.php(282): CController->run('addShopping')
#10 E:\wamp\www\sports\admin\qmdd2018\framework\web\CWebApplication.php(141): CWebApplication->runController('testShoppingInf...')
#11 E:\wamp\www\sports\admin\qmdd2018\framework\base\CApplication.php(185): CWebApplication->processRequest()
#12 E:\wamp\www\sports\admin\qmdd2018\index.php(34): CApplication->run()
#13 {main}
REQUEST_URI=/sports/admin/qmdd2018/index.php?r=testShoppingInfo/addShopping&stadium_id=50&stadium_name=%E5%A4%A9%E4%BD%93%E7%BE%BD%E6%AF%9B%E7%90%83%E9%A6%86&list=%5B%2217%22%2C%2218%22%5D&add_code=28305&add_name=%E9%96%A2&add_phone=13710484121&money=244&coach=%5B%7B%22id%22%3A%2218%22%2C%22detail%22%3A%5B%7B%22id%22%3A%221241%22%2C%22phone%22%3A%2213788530987%22%2C%22email%22%3A%22913553200%40qq.com%22%2C%22qualification_name%22%3A%22%E9%99%88%E9%94%A1%E7%87%95%22%2C%22qualification_sex%22%3A%22207%22%2C%22good_rate%22%3A%22100%25%22%2C%22bad_rate%22%3A%220%25%22%7D%2C%7B%22id%22%3A%221251%22%2C%22phone%22%3A%2213876870383%22%2C%22email%22%3A%221269403163%40qq.com%22%2C%22qualification_name%22%3A%22%E7%A8%8B%E4%B8%BD%E5%90%9B%22%2C%22qualification_sex%22%3A%22207%22%2C%22good_rate%22%3A%22100%25%22%2C%22bad_rate%22%3A%220%25%22%7D%5D%7D%5D
HTTP_REFERER=https://servicewechat.com/wx8d045a8ae8b1ca29/devtools/page-frame.html
---
2024/01/31 21:45:26 [error] [exception.CException] exception 'CException' with message '属性 "testShoppingInfo.order_code" 未被定义.' in E:\wamp\www\sports\admin\qmdd2018\framework\base\CComponent.php:173
Stack trace:
#0 E:\wamp\www\sports\admin\qmdd2018\framework\db\ar\CActiveRecord.php(162): CComponent->__set('order_code', '')
#1 E:\wamp\www\sports\admin\qmdd2018\models\testShoppingInfo.php(62): CActiveRecord->__set('order_code', '')
#2 E:\wamp\www\sports\admin\qmdd2018\admin\controllers\testShoppingInfoController.php(42): testShoppingInfo->addShopping('50', '\xE5\xA4\xA9\xE4\xBD\x93\xE7\xBE\xBD\xE6\xAF\x9B\xE7\x90\x83...', '["17","18"]', '28305', '\xE9\x96\xA2', '13710484121', '324', '', '', '[{"id":"18","de...')
#3 [internal function]: testShoppingInfoController->actionaddShopping('50', '\xE5\xA4\xA9\xE4\xBD\x93\xE7\xBE\xBD\xE6\xAF\x9B\xE7\x90\x83...', '["17","18"]', '28305', '\xE9\x96\xA2', '13710484121', '324', '[{"id":"18","de...')
#4 E:\wamp\www\sports\admin\qmdd2018\framework\web\actions\CAction.php(109): ReflectionMethod->invokeArgs(Object(testShoppingInfoController), Array)
#5 E:\wamp\www\sports\admin\qmdd2018\framework\web\actions\CInlineAction.php(47): CAction->runWithParamsInternal(Object(testShoppingInfoController), Object(ReflectionMethod), Array)
#6 E:\wamp\www\sports\admin\qmdd2018\framework\web\CController.php(308): CInlineAction->runWithParams(Array)
#7 E:\wamp\www\sports\admin\qmdd2018\framework\web\CController.php(286): CController->runAction(Object(CInlineAction))
#8 E:\wamp\www\sports\admin\qmdd2018\framework\web\CController.php(265): CController->runActionWithFilters(Object(CInlineAction), Array)
#9 E:\wamp\www\sports\admin\qmdd2018\framework\web\CWebApplication.php(282): CController->run('addShopping')
#10 E:\wamp\www\sports\admin\qmdd2018\framework\web\CWebApplication.php(141): CWebApplication->runController('testShoppingInf...')
#11 E:\wamp\www\sports\admin\qmdd2018\framework\base\CApplication.php(185): CWebApplication->processRequest()
#12 E:\wamp\www\sports\admin\qmdd2018\index.php(34): CApplication->run()
#13 {main}
REQUEST_URI=/sports/admin/qmdd2018/index.php?r=testShoppingInfo/addShopping&stadium_id=50&stadium_name=%E5%A4%A9%E4%BD%93%E7%BE%BD%E6%AF%9B%E7%90%83%E9%A6%86&list=%5B%2217%22%2C%2218%22%5D&add_code=28305&add_name=%E9%96%A2&add_phone=13710484121&money=324&coach=%5B%7B%22id%22%3A%2218%22%2C%22detail%22%3A%5B%7B%22id%22%3A%221241%22%2C%22phone%22%3A%2213788530987%22%2C%22email%22%3A%22913553200%40qq.com%22%2C%22qualification_name%22%3A%22%E9%99%88%E9%94%A1%E7%87%95%22%2C%22qualification_sex%22%3A%22207%22%2C%22good_rate%22%3A%22100%25%22%2C%22bad_rate%22%3A%220%25%22%7D%2C%7B%22id%22%3A%221251%22%2C%22phone%22%3A%2213876870383%22%2C%22email%22%3A%221269403163%40qq.com%22%2C%22qualification_name%22%3A%22%E7%A8%8B%E4%B8%BD%E5%90%9B%22%2C%22qualification_sex%22%3A%22207%22%2C%22good_rate%22%3A%22100%25%22%2C%22bad_rate%22%3A%220%25%22%7D%5D%7D%5D
HTTP_REFERER=https://servicewechat.com/wx8d045a8ae8b1ca29/devtools/page-frame.html
---
2024/01/31 22:00:55 [error] [php] Trying to get property of non-object (E:\wamp\www\sports\admin\qmdd2018\admin\controllers\testCommentController.php:18)
Stack trace:
#0 E:\wamp\www\sports\admin\qmdd2018\framework\web\actions\CInlineAction.php(47): CInlineAction->runWithParamsInternal()
#1 E:\wamp\www\sports\admin\qmdd2018\framework\web\CController.php(308): CInlineAction->runWithParams()
#2 E:\wamp\www\sports\admin\qmdd2018\framework\web\CController.php(286): testCommentController->runAction()
#3 E:\wamp\www\sports\admin\qmdd2018\framework\web\CController.php(265): testCommentController->runActionWithFilters()
#4 E:\wamp\www\sports\admin\qmdd2018\framework\web\CWebApplication.php(282): testCommentController->run()
#5 E:\wamp\www\sports\admin\qmdd2018\framework\web\CWebApplication.php(141): CWebApplication->runController()
#6 E:\wamp\www\sports\admin\qmdd2018\framework\base\CApplication.php(185): CWebApplication->processRequest()
#7 E:\wamp\www\sports\admin\qmdd2018\index.php(34): CWebApplication->run()
REQUEST_URI=/sports/admin/qmdd2018/index.php?r=testComment/GetComment&staId=50
2024/01/31 22:01:03 [error] [exception.CException] exception 'CException' with message '属性 "testShoppingInfo.order_code" 未被定义.' in E:\wamp\www\sports\admin\qmdd2018\framework\base\CComponent.php:173
Stack trace:
#0 E:\wamp\www\sports\admin\qmdd2018\framework\db\ar\CActiveRecord.php(162): CComponent->__set('order_code', '')
#1 E:\wamp\www\sports\admin\qmdd2018\models\testShoppingInfo.php(62): CActiveRecord->__set('order_code', '')
#2 E:\wamp\www\sports\admin\qmdd2018\admin\controllers\testShoppingInfoController.php(42): testShoppingInfo->addShopping('50', '\xE5\xA4\xA9\xE4\xBD\x93\xE7\xBE\xBD\xE6\xAF\x9B\xE7\x90\x83...', '["17","18"]', '28305', '\xE9\x96\xA2', '13710484121', '484', '', '', '[{"id":"18","de...')
#3 [internal function]: testShoppingInfoController->actionaddShopping('50', '\xE5\xA4\xA9\xE4\xBD\x93\xE7\xBE\xBD\xE6\xAF\x9B\xE7\x90\x83...', '["17","18"]', '28305', '\xE9\x96\xA2', '13710484121', '484', '[{"id":"18","de...')
#4 E:\wamp\www\sports\admin\qmdd2018\framework\web\actions\CAction.php(109): ReflectionMethod->invokeArgs(Object(testShoppingInfoController), Array)
#5 E:\wamp\www\sports\admin\qmdd2018\framework\web\actions\CInlineAction.php(47): CAction->runWithParamsInternal(Object(testShoppingInfoController), Object(ReflectionMethod), Array)
#6 E:\wamp\www\sports\admin\qmdd2018\framework\web\CController.php(308): CInlineAction->runWithParams(Array)
#7 E:\wamp\www\sports\admin\qmdd2018\framework\web\CController.php(286): CController->runAction(Object(CInlineAction))
#8 E:\wamp\www\sports\admin\qmdd2018\framework\web\CController.php(265): CController->runActionWithFilters(Object(CInlineAction), Array)
#9 E:\wamp\www\sports\admin\qmdd2018\framework\web\CWebApplication.php(282): CController->run('addShopping')
#10 E:\wamp\www\sports\admin\qmdd2018\framework\web\CWebApplication.php(141): CWebApplication->runController('testShoppingInf...')
#11 E:\wamp\www\sports\admin\qmdd2018\framework\base\CApplication.php(185): CWebApplication->processRequest()
#12 E:\wamp\www\sports\admin\qmdd2018\index.php(34): CApplication->run()
#13 {main}
REQUEST_URI=/sports/admin/qmdd2018/index.php?r=testShoppingInfo/addShopping&stadium_id=50&stadium_name=%E5%A4%A9%E4%BD%93%E7%BE%BD%E6%AF%9B%E7%90%83%E9%A6%86&list=%5B%2217%22%2C%2218%22%5D&add_code=28305&add_name=%E9%96%A2&add_phone=13710484121&money=484&coach=%5B%7B%22id%22%3A%2218%22%2C%22detail%22%3A%5B%7B%22id%22%3A%221251%22%2C%22phone%22%3A%2213876870383%22%2C%22email%22%3A%221269403163%40qq.com%22%2C%22qualification_name%22%3A%22%E7%A8%8B%E4%B8%BD%E5%90%9B%22%2C%22qualification_sex%22%3A%22207%22%2C%22good_rate%22%3A%22100%25%22%2C%22bad_rate%22%3A%220%25%22%7D%2C%7B%22id%22%3A%221241%22%2C%22phone%22%3A%2213788530987%22%2C%22email%22%3A%22913553200%40qq.com%22%2C%22qualification_name%22%3A%22%E9%99%88%E9%94%A1%E7%87%95%22%2C%22qualification_sex%22%3A%22207%22%2C%22good_rate%22%3A%22100%25%22%2C%22bad_rate%22%3A%220%25%22%7D%5D%7D%5D
HTTP_REFERER=https://servicewechat.com/wx8d045a8ae8b1ca29/devtools/page-frame.html
---
2024/01/31 22:02:34 [error] [exception.CException] exception 'CException' with message '属性 "testShoppingInfo.order_code" 未被定义.' in E:\wamp\www\sports\admin\qmdd2018\framework\base\CComponent.php:173
Stack trace:
#0 E:\wamp\www\sports\admin\qmdd2018\framework\db\ar\CActiveRecord.php(162): CComponent->__set('order_code', '')
#1 E:\wamp\www\sports\admin\qmdd2018\models\testShoppingInfo.php(62): CActiveRecord->__set('order_code', '')
#2 E:\wamp\www\sports\admin\qmdd2018\admin\controllers\testShoppingInfoController.php(42): testShoppingInfo->addShopping('50', '\xE5\xA4\xA9\xE4\xBD\x93\xE7\xBE\xBD\xE6\xAF\x9B\xE7\x90\x83...', '["17","18"]', '28305', '\xE9\x96\xA2', '13710484121', '484', '', '', '[{"id":"18","de...')
#3 [internal function]: testShoppingInfoController->actionaddShopping('50', '\xE5\xA4\xA9\xE4\xBD\x93\xE7\xBE\xBD\xE6\xAF\x9B\xE7\x90\x83...', '["17","18"]', '28305', '\xE9\x96\xA2', '13710484121', '484', '[{"id":"18","de...')
#4 E:\wamp\www\sports\admin\qmdd2018\framework\web\actions\CAction.php(109): ReflectionMethod->invokeArgs(Object(testShoppingInfoController), Array)
#5 E:\wamp\www\sports\admin\qmdd2018\framework\web\actions\CInlineAction.php(47): CAction->runWithParamsInternal(Object(testShoppingInfoController), Object(ReflectionMethod), Array)
#6 E:\wamp\www\sports\admin\qmdd2018\framework\web\CController.php(308): CInlineAction->runWithParams(Array)
#7 E:\wamp\www\sports\admin\qmdd2018\framework\web\CController.php(286): CController->runAction(Object(CInlineAction))
#8 E:\wamp\www\sports\admin\qmdd2018\framework\web\CController.php(265): CController->runActionWithFilters(Object(CInlineAction), Array)
#9 E:\wamp\www\sports\admin\qmdd2018\framework\web\CWebApplication.php(282): CController->run('addShopping')
#10 E:\wamp\www\sports\admin\qmdd2018\framework\web\CWebApplication.php(141): CWebApplication->runController('testShoppingInf...')
#11 E:\wamp\www\sports\admin\qmdd2018\framework\base\CApplication.php(185): CWebApplication->processRequest()
#12 E:\wamp\www\sports\admin\qmdd2018\index.php(34): CApplication->run()
#13 {main}
REQUEST_URI=/sports/admin/qmdd2018/index.php?r=testShoppingInfo/addShopping&stadium_id=50&stadium_name=%E5%A4%A9%E4%BD%93%E7%BE%BD%E6%AF%9B%E7%90%83%E9%A6%86&list=%5B%2217%22%2C%2218%22%5D&add_code=28305&add_name=%E9%96%A2&add_phone=13710484121&money=484&coach=%5B%7B%22id%22%3A%2218%22%2C%22detail%22%3A%5B%7B%22id%22%3A%221251%22%2C%22phone%22%3A%2213876870383%22%2C%22email%22%3A%221269403163%40qq.com%22%2C%22qualification_name%22%3A%22%E7%A8%8B%E4%B8%BD%E5%90%9B%22%2C%22qualification_sex%22%3A%22207%22%2C%22good_rate%22%3A%22100%25%22%2C%22bad_rate%22%3A%220%25%22%7D%2C%7B%22id%22%3A%221241%22%2C%22phone%22%3A%2213788530987%22%2C%22email%22%3A%22913553200%40qq.com%22%2C%22qualification_name%22%3A%22%E9%99%88%E9%94%A1%E7%87%95%22%2C%22qualification_sex%22%3A%22207%22%2C%22good_rate%22%3A%22100%25%22%2C%22bad_rate%22%3A%220%25%22%7D%5D%7D%5D
HTTP_REFERER=https://servicewechat.com/wx8d045a8ae8b1ca29/devtools/page-frame.html
---
2024/01/31 22:20:33 [error] [php] Trying to get property of non-object (E:\wamp\www\sports\admin\qmdd2018\admin\controllers\testCommentController.php:18)
Stack trace:
#0 E:\wamp\www\sports\admin\qmdd2018\framework\web\actions\CInlineAction.php(47): CInlineAction->runWithParamsInternal()
#1 E:\wamp\www\sports\admin\qmdd2018\framework\web\CController.php(308): CInlineAction->runWithParams()
#2 E:\wamp\www\sports\admin\qmdd2018\framework\web\CController.php(286): testCommentController->runAction()
#3 E:\wamp\www\sports\admin\qmdd2018\framework\web\CController.php(265): testCommentController->runActionWithFilters()
#4 E:\wamp\www\sports\admin\qmdd2018\framework\web\CWebApplication.php(282): testCommentController->run()
#5 E:\wamp\www\sports\admin\qmdd2018\framework\web\CWebApplication.php(141): CWebApplication->runController()
#6 E:\wamp\www\sports\admin\qmdd2018\framework\base\CApplication.php(185): CWebApplication->processRequest()
#7 E:\wamp\www\sports\admin\qmdd2018\index.php(34): CWebApplication->run()
REQUEST_URI=/sports/admin/qmdd2018/index.php?r=testComment/GetComment&staId=50
2024/01/31 22:21:16 [error] [exception.CException] exception 'CException' with message '属性 "testShoppingInfo.order_code" 未被定义.' in E:\wamp\www\sports\admin\qmdd2018\framework\base\CComponent.php:173
Stack trace:
#0 E:\wamp\www\sports\admin\qmdd2018\framework\db\ar\CActiveRecord.php(162): CComponent->__set('order_code', '')
#1 E:\wamp\www\sports\admin\qmdd2018\models\testShoppingInfo.php(62): CActiveRecord->__set('order_code', '')
#2 E:\wamp\www\sports\admin\qmdd2018\admin\controllers\testShoppingInfoController.php(42): testShoppingInfo->addShopping('50', '\xE5\xA4\xA9\xE4\xBD\x93\xE7\xBE\xBD\xE6\xAF\x9B\xE7\x90\x83...', '["17","18"]', '28305', '\xE9\x96\xA2', '13710484121', '1164', '', '', '[{"id":"17","de...')
#3 [internal function]: testShoppingInfoController->actionaddShopping('50', '\xE5\xA4\xA9\xE4\xBD\x93\xE7\xBE\xBD\xE6\xAF\x9B\xE7\x90\x83...', '["17","18"]', '28305', '\xE9\x96\xA2', '13710484121', '1164', '[{"id":"17","de...')
#4 E:\wamp\www\sports\admin\qmdd2018\framework\web\actions\CAction.php(109): ReflectionMethod->invokeArgs(Object(testShoppingInfoController), Array)
#5 E:\wamp\www\sports\admin\qmdd2018\framework\web\actions\CInlineAction.php(47): CAction->runWithParamsInternal(Object(testShoppingInfoController), Object(ReflectionMethod), Array)
#6 E:\wamp\www\sports\admin\qmdd2018\framework\web\CController.php(308): CInlineAction->runWithParams(Array)
#7 E:\wamp\www\sports\admin\qmdd2018\framework\web\CController.php(286): CController->runAction(Object(CInlineAction))
#8 E:\wamp\www\sports\admin\qmdd2018\framework\web\CController.php(265): CController->runActionWithFilters(Object(CInlineAction), Array)
#9 E:\wamp\www\sports\admin\qmdd2018\framework\web\CWebApplication.php(282): CController->run('addShopping')
#10 E:\wamp\www\sports\admin\qmdd2018\framework\web\CWebApplication.php(141): CWebApplication->runController('testShoppingInf...')
#11 E:\wamp\www\sports\admin\qmdd2018\framework\base\CApplication.php(185): CWebApplication->processRequest()
#12 E:\wamp\www\sports\admin\qmdd2018\index.php(34): CApplication->run()
#13 {main}
REQUEST_URI=/sports/admin/qmdd2018/index.php?r=testShoppingInfo/addShopping&stadium_id=50&stadium_name=%E5%A4%A9%E4%BD%93%E7%BE%BD%E6%AF%9B%E7%90%83%E9%A6%86&list=%5B%2217%22%2C%2218%22%5D&add_code=28305&add_name=%E9%96%A2&add_phone=13710484121&money=1164&coach=%5B%7B%22id%22%3A%2217%22%2C%22detail%22%3A%5B%7B%22id%22%3A%221241%22%2C%22phone%22%3A%2213788530987%22%2C%22email%22%3A%22913553200%40qq.com%22%2C%22qualification_name%22%3A%22%E9%99%88%E9%94%A1%E7%87%95%22%2C%22qualification_sex%22%3A%22207%22%2C%22good_rate%22%3A%22100%25%22%2C%22bad_rate%22%3A%220%25%22%7D%2C%7B%22id%22%3A%221239%22%2C%22phone%22%3A%2212345678908%22%2C%22email%22%3A%22913553200%40qq.com%22%2C%22qualification_name%22%3A%22%E5%A1%94%E9%87%8C%E6%9C%A8%22%2C%22qualification_sex%22%3A%22207%22%2C%22good_rate%22%3A%22100%25%22%2C%22bad_rate%22%3A%220%25%22%7D%5D%7D%2C%7B%22id%22%3A%2218%22%2C%22detail%22%3A%5B%7B%22id%22%3A%221251%22%2C%22phone%22%3A%2213876870383%22%2C%22email%22%3A%221269403163%40qq.com%22%2C%22qualification_name%22%3A%22%E7%A8%8B%E4%B8%BD%E5%90%9B%22%2C%22qualification_sex%22%3A%22207%22%2C%22good_rate%22%3A%22100%25%22%2C%22bad_rate%22%3A%220%25%22%7D%2C%7B%22id%22%3A%221239%22%2C%22phone%22%3A%2212345678908%22%2C%22email%22%3A%22913553200%40qq.com%22%2C%22qualification_name%22%3A%22%E5%A1%94%E9%87%8C%E6%9C%A8%22%2C%22qualification_sex%22%3A%22207%22%2C%22good_rate%22%3A%22100%25%22%2C%22bad_rate%22%3A%220%25%22%7D%2C%7B%22id%22%3A%221241%22%2C%22phone%22%3A%2213788530987%22%2C%22email%22%3A%22913553200%40qq.com%22%2C%22qualification_name%22%3A%22%E9%99%88%E9%94%A1%E7%87%95%22%2C%22qualification_sex%22%3A%22207%22%2C%22good_rate%22%3A%22100%25%22%2C%22bad_rate%22%3A%220%25%22%7D%5D%7D%5D
HTTP_REFERER=https://servicewechat.com/wx8d045a8ae8b1ca29/devtools/page-frame.html
---
2024/01/31 22:22:38 [error] [php] Trying to get property of non-object (E:\wamp\www\sports\admin\qmdd2018\admin\controllers\testCommentController.php:18)
Stack trace:
#0 E:\wamp\www\sports\admin\qmdd2018\framework\web\actions\CInlineAction.php(47): CInlineAction->runWithParamsInternal()
#1 E:\wamp\www\sports\admin\qmdd2018\framework\web\CController.php(308): CInlineAction->runWithParams()
#2 E:\wamp\www\sports\admin\qmdd2018\framework\web\CController.php(286): testCommentController->runAction()
#3 E:\wamp\www\sports\admin\qmdd2018\framework\web\CController.php(265): testCommentController->runActionWithFilters()
#4 E:\wamp\www\sports\admin\qmdd2018\framework\web\CWebApplication.php(282): testCommentController->run()
#5 E:\wamp\www\sports\admin\qmdd2018\framework\web\CWebApplication.php(141): CWebApplication->runController()
#6 E:\wamp\www\sports\admin\qmdd2018\framework\base\CApplication.php(185): CWebApplication->processRequest()
#7 E:\wamp\www\sports\admin\qmdd2018\index.php(34): CWebApplication->run()
REQUEST_URI=/sports/admin/qmdd2018/index.php?r=testComment/GetComment&staId=50
2024/01/31 22:22:48 [error] [exception.CException] exception 'CException' with message '属性 "testShoppingInfo.order_code" 未被定义.' in E:\wamp\www\sports\admin\qmdd2018\framework\base\CComponent.php:173
Stack trace:
#0 E:\wamp\www\sports\admin\qmdd2018\framework\db\ar\CActiveRecord.php(162): CComponent->__set('order_code', '')
#1 E:\wamp\www\sports\admin\qmdd2018\models\testShoppingInfo.php(62): CActiveRecord->__set('order_code', '')
#2 E:\wamp\www\sports\admin\qmdd2018\admin\controllers\testShoppingInfoController.php(42): testShoppingInfo->addShopping('50', '\xE5\xA4\xA9\xE4\xBD\x93\xE7\xBE\xBD\xE6\xAF\x9B\xE7\x90\x83...', '["34"]', '28305', '\xE9\x96\xA2', '13710484121', '530', '', '', '[{"id":"34","de...')
#3 [internal function]: testShoppingInfoController->actionaddShopping('50', '\xE5\xA4\xA9\xE4\xBD\x93\xE7\xBE\xBD\xE6\xAF\x9B\xE7\x90\x83...', '["34"]', '28305', '\xE9\x96\xA2', '13710484121', '530', '[{"id":"34","de...')
#4 E:\wamp\www\sports\admin\qmdd2018\framework\web\actions\CAction.php(109): ReflectionMethod->invokeArgs(Object(testShoppingInfoController), Array)
#5 E:\wamp\www\sports\admin\qmdd2018\framework\web\actions\CInlineAction.php(47): CAction->runWithParamsInternal(Object(testShoppingInfoController), Object(ReflectionMethod), Array)
#6 E:\wamp\www\sports\admin\qmdd2018\framework\web\CController.php(308): CInlineAction->runWithParams(Array)
#7 E:\wamp\www\sports\admin\qmdd2018\framework\web\CController.php(286): CController->runAction(Object(CInlineAction))
#8 E:\wamp\www\sports\admin\qmdd2018\framework\web\CController.php(265): CController->runActionWithFilters(Object(CInlineAction), Array)
#9 E:\wamp\www\sports\admin\qmdd2018\framework\web\CWebApplication.php(282): CController->run('addShopping')
#10 E:\wamp\www\sports\admin\qmdd2018\framework\web\CWebApplication.php(141): CWebApplication->runController('testShoppingInf...')
#11 E:\wamp\www\sports\admin\qmdd2018\framework\base\CApplication.php(185): CWebApplication->processRequest()
#12 E:\wamp\www\sports\admin\qmdd2018\index.php(34): CApplication->run()
#13 {main}
REQUEST_URI=/sports/admin/qmdd2018/index.php?r=testShoppingInfo/addShopping&stadium_id=50&stadium_name=%E5%A4%A9%E4%BD%93%E7%BE%BD%E6%AF%9B%E7%90%83%E9%A6%86&list=%5B%2234%22%5D&add_code=28305&add_name=%E9%96%A2&add_phone=13710484121&money=530&coach=%5B%7B%22id%22%3A%2234%22%2C%22detail%22%3A%5B%7B%22id%22%3A%221251%22%2C%22phone%22%3A%2213876870383%22%2C%22email%22%3A%221269403163%40qq.com%22%2C%22qualification_name%22%3A%22%E7%A8%8B%E4%B8%BD%E5%90%9B%22%2C%22qualification_sex%22%3A%22207%22%2C%22good_rate%22%3A%22100%25%22%2C%22bad_rate%22%3A%220%25%22%7D%2C%7B%22id%22%3A%221241%22%2C%22phone%22%3A%2213788530987%22%2C%22email%22%3A%22913553200%40qq.com%22%2C%22qualification_name%22%3A%22%E9%99%88%E9%94%A1%E7%87%95%22%2C%22qualification_sex%22%3A%22207%22%2C%22good_rate%22%3A%22100%25%22%2C%22bad_rate%22%3A%220%25%22%7D%5D%7D%5D
HTTP_REFERER=https://servicewechat.com/wx8d045a8ae8b1ca29/devtools/page-frame.html
---
2024/01/31 22:23:50 [error] [php] Trying to get property of non-object (E:\wamp\www\sports\admin\qmdd2018\admin\controllers\testCommentController.php:18)
Stack trace:
#0 E:\wamp\www\sports\admin\qmdd2018\framework\web\actions\CInlineAction.php(47): CInlineAction->runWithParamsInternal()
#1 E:\wamp\www\sports\admin\qmdd2018\framework\web\CController.php(308): CInlineAction->runWithParams()
#2 E:\wamp\www\sports\admin\qmdd2018\framework\web\CController.php(286): testCommentController->runAction()
#3 E:\wamp\www\sports\admin\qmdd2018\framework\web\CController.php(265): testCommentController->runActionWithFilters()
#4 E:\wamp\www\sports\admin\qmdd2018\framework\web\CWebApplication.php(282): testCommentController->run()
#5 E:\wamp\www\sports\admin\qmdd2018\framework\web\CWebApplication.php(141): CWebApplication->runController()
#6 E:\wamp\www\sports\admin\qmdd2018\framework\base\CApplication.php(185): CWebApplication->processRequest()
#7 E:\wamp\www\sports\admin\qmdd2018\index.php(34): CWebApplication->run()
REQUEST_URI=/sports/admin/qmdd2018/index.php?r=testComment/GetComment&staId=50
2024/01/31 22:23:57 [error] [exception.CException] exception 'CException' with message '属性 "testShoppingInfo.order_code" 未被定义.' in E:\wamp\www\sports\admin\qmdd2018\framework\base\CComponent.php:173
Stack trace:
#0 E:\wamp\www\sports\admin\qmdd2018\framework\db\ar\CActiveRecord.php(162): CComponent->__set('order_code', '')
#1 E:\wamp\www\sports\admin\qmdd2018\models\testShoppingInfo.php(62): CActiveRecord->__set('order_code', '')
#2 E:\wamp\www\sports\admin\qmdd2018\admin\controllers\testShoppingInfoController.php(42): testShoppingInfo->addShopping('50', '\xE5\xA4\xA9\xE4\xBD\x93\xE7\xBE\xBD\xE6\xAF\x9B\xE7\x90\x83...', '["22"]', '28305', '\xE9\x96\xA2', '13710484121', '130', '', '', '[]')
#3 [internal function]: testShoppingInfoController->actionaddShopping('50', '\xE5\xA4\xA9\xE4\xBD\x93\xE7\xBE\xBD\xE6\xAF\x9B\xE7\x90\x83...', '["22"]', '28305', '\xE9\x96\xA2', '13710484121', '130', '[]')
#4 E:\wamp\www\sports\admin\qmdd2018\framework\web\actions\CAction.php(109): ReflectionMethod->invokeArgs(Object(testShoppingInfoController), Array)
#5 E:\wamp\www\sports\admin\qmdd2018\framework\web\actions\CInlineAction.php(47): CAction->runWithParamsInternal(Object(testShoppingInfoController), Object(ReflectionMethod), Array)
#6 E:\wamp\www\sports\admin\qmdd2018\framework\web\CController.php(308): CInlineAction->runWithParams(Array)
#7 E:\wamp\www\sports\admin\qmdd2018\framework\web\CController.php(286): CController->runAction(Object(CInlineAction))
#8 E:\wamp\www\sports\admin\qmdd2018\framework\web\CController.php(265): CController->runActionWithFilters(Object(CInlineAction), Array)
#9 E:\wamp\www\sports\admin\qmdd2018\framework\web\CWebApplication.php(282): CController->run('addShopping')
#10 E:\wamp\www\sports\admin\qmdd2018\framework\web\CWebApplication.php(141): CWebApplication->runController('testShoppingInf...')
#11 E:\wamp\www\sports\admin\qmdd2018\framework\base\CApplication.php(185): CWebApplication->processRequest()
#12 E:\wamp\www\sports\admin\qmdd2018\index.php(34): CApplication->run()
#13 {main}
REQUEST_URI=/sports/admin/qmdd2018/index.php?r=testShoppingInfo/addShopping&stadium_id=50&stadium_name=%E5%A4%A9%E4%BD%93%E7%BE%BD%E6%AF%9B%E7%90%83%E9%A6%86&list=%5B%2222%22%5D&add_code=28305&add_name=%E9%96%A2&add_phone=13710484121&money=130&coach=%5B%5D
HTTP_REFERER=https://servicewechat.com/wx8d045a8ae8b1ca29/devtools/page-frame.html
---
2024/01/31 22:24:35 [error] [php] Trying to get property of non-object (E:\wamp\www\sports\admin\qmdd2018\admin\controllers\testCommentController.php:18)
Stack trace:
#0 E:\wamp\www\sports\admin\qmdd2018\framework\web\actions\CInlineAction.php(47): CInlineAction->runWithParamsInternal()
#1 E:\wamp\www\sports\admin\qmdd2018\framework\web\CController.php(308): CInlineAction->runWithParams()
#2 E:\wamp\www\sports\admin\qmdd2018\framework\web\CController.php(286): testCommentController->runAction()
#3 E:\wamp\www\sports\admin\qmdd2018\framework\web\CController.php(265): testCommentController->runActionWithFilters()
#4 E:\wamp\www\sports\admin\qmdd2018\framework\web\CWebApplication.php(282): testCommentController->run()
#5 E:\wamp\www\sports\admin\qmdd2018\framework\web\CWebApplication.php(141): CWebApplication->runController()
#6 E:\wamp\www\sports\admin\qmdd2018\framework\base\CApplication.php(185): CWebApplication->processRequest()
#7 E:\wamp\www\sports\admin\qmdd2018\index.php(34): CWebApplication->run()
REQUEST_URI=/sports/admin/qmdd2018/index.php?r=testComment/GetComment&staId=50
2024/01/31 22:24:42 [error] [exception.CException] exception 'CException' with message '属性 "testShoppingInfo.order_code" 未被定义.' in E:\wamp\www\sports\admin\qmdd2018\framework\base\CComponent.php:173
Stack trace:
#0 E:\wamp\www\sports\admin\qmdd2018\framework\db\ar\CActiveRecord.php(162): CComponent->__set('order_code', '')
#1 E:\wamp\www\sports\admin\qmdd2018\models\testShoppingInfo.php(62): CActiveRecord->__set('order_code', '')
#2 E:\wamp\www\sports\admin\qmdd2018\admin\controllers\testShoppingInfoController.php(42): testShoppingInfo->addShopping('50', '\xE5\xA4\xA9\xE4\xBD\x93\xE7\xBE\xBD\xE6\xAF\x9B\xE7\x90\x83...', '["18"]', '28305', '\xE9\x96\xA2', '13710484121', '130', '', '', '[]')
#3 [internal function]: testShoppingInfoController->actionaddShopping('50', '\xE5\xA4\xA9\xE4\xBD\x93\xE7\xBE\xBD\xE6\xAF\x9B\xE7\x90\x83...', '["18"]', '28305', '\xE9\x96\xA2', '13710484121', '130', '[]')
#4 E:\wamp\www\sports\admin\qmdd2018\framework\web\actions\CAction.php(109): ReflectionMethod->invokeArgs(Object(testShoppingInfoController), Array)
#5 E:\wamp\www\sports\admin\qmdd2018\framework\web\actions\CInlineAction.php(47): CAction->runWithParamsInternal(Object(testShoppingInfoController), Object(ReflectionMethod), Array)
#6 E:\wamp\www\sports\admin\qmdd2018\framework\web\CController.php(308): CInlineAction->runWithParams(Array)
#7 E:\wamp\www\sports\admin\qmdd2018\framework\web\CController.php(286): CController->runAction(Object(CInlineAction))
#8 E:\wamp\www\sports\admin\qmdd2018\framework\web\CController.php(265): CController->runActionWithFilters(Object(CInlineAction), Array)
#9 E:\wamp\www\sports\admin\qmdd2018\framework\web\CWebApplication.php(282): CController->run('addShopping')
#10 E:\wamp\www\sports\admin\qmdd2018\framework\web\CWebApplication.php(141): CWebApplication->runController('testShoppingInf...')
#11 E:\wamp\www\sports\admin\qmdd2018\framework\base\CApplication.php(185): CWebApplication->processRequest()
#12 E:\wamp\www\sports\admin\qmdd2018\index.php(34): CApplication->run()
#13 {main}
REQUEST_URI=/sports/admin/qmdd2018/index.php?r=testShoppingInfo/addShopping&stadium_id=50&stadium_name=%E5%A4%A9%E4%BD%93%E7%BE%BD%E6%AF%9B%E7%90%83%E9%A6%86&list=%5B%2218%22%5D&add_code=28305&add_name=%E9%96%A2&add_phone=13710484121&money=130&coach=%5B%5D
HTTP_REFERER=https://servicewechat.com/wx8d045a8ae8b1ca29/devtools/page-frame.html
---
2024/01/31 22:28:38 [error] [php] Trying to get property of non-object (E:\wamp\www\sports\admin\qmdd2018\admin\controllers\testCommentController.php:18)
Stack trace:
#0 E:\wamp\www\sports\admin\qmdd2018\framework\web\actions\CInlineAction.php(47): CInlineAction->runWithParamsInternal()
#1 E:\wamp\www\sports\admin\qmdd2018\framework\web\CController.php(308): CInlineAction->runWithParams()
#2 E:\wamp\www\sports\admin\qmdd2018\framework\web\CController.php(286): testCommentController->runAction()
#3 E:\wamp\www\sports\admin\qmdd2018\framework\web\CController.php(265): testCommentController->runActionWithFilters()
#4 E:\wamp\www\sports\admin\qmdd2018\framework\web\CWebApplication.php(282): testCommentController->run()
#5 E:\wamp\www\sports\admin\qmdd2018\framework\web\CWebApplication.php(141): CWebApplication->runController()
#6 E:\wamp\www\sports\admin\qmdd2018\framework\base\CApplication.php(185): CWebApplication->processRequest()
#7 E:\wamp\www\sports\admin\qmdd2018\index.php(34): CWebApplication->run()
REQUEST_URI=/sports/admin/qmdd2018/index.php?r=testComment/GetComment&staId=50
2024/01/31 22:28:57 [error] [php] Trying to get property of non-object (E:\wamp\www\sports\admin\qmdd2018\admin\controllers\testCommentController.php:18)
Stack trace:
#0 E:\wamp\www\sports\admin\qmdd2018\framework\web\actions\CInlineAction.php(47): CInlineAction->runWithParamsInternal()
#1 E:\wamp\www\sports\admin\qmdd2018\framework\web\CController.php(308): CInlineAction->runWithParams()
#2 E:\wamp\www\sports\admin\qmdd2018\framework\web\CController.php(286): testCommentController->runAction()
#3 E:\wamp\www\sports\admin\qmdd2018\framework\web\CController.php(265): testCommentController->runActionWithFilters()
#4 E:\wamp\www\sports\admin\qmdd2018\framework\web\CWebApplication.php(282): testCommentController->run()
#5 E:\wamp\www\sports\admin\qmdd2018\framework\web\CWebApplication.php(141): CWebApplication->runController()
#6 E:\wamp\www\sports\admin\qmdd2018\framework\base\CApplication.php(185): CWebApplication->processRequest()
#7 E:\wamp\www\sports\admin\qmdd2018\index.php(34): CWebApplication->run()
REQUEST_URI=/sports/admin/qmdd2018/index.php?r=testComment/GetComment&staId=53
