2024/02/04 17:21:29 [error] [system.db.CDbCommand] CDbCommand::fetchAll() failed: SQLSTATE[42S02]: Base table or view not found: 1146 Table 'sport.qmdd_administrators_receive_message' doesn't exist. The SQL statement executed was: SHOW FULL COLUMNS FROM `qmdd_administrators_receive_message`.
2024/02/04 17:21:29 [error] [exception.CDbException] exception 'CDbException' with message '数据库中无法找到 active record class "QmddAdministratorsReceiveMessage" 对应的 table "{{qmdd_administrators_receive_message}}".' in E:\WORK\scnu\hsyii\wamp64\www\sports\admin\qmdd2018\framework\db\ar\CActiveRecord.php:2403
Stack trace:
#0 E:\WORK\scnu\hsyii\wamp64\www\sports\admin\qmdd2018\framework\db\ar\CActiveRecord.php(413): CActiveRecordMetaData->__construct(Object(QmddAdministratorsReceiveMessage))
#1 E:\WORK\scnu\hsyii\wamp64\www\sports\admin\qmdd2018\framework\db\ar\CActiveRecord.php(663): CActiveRecord->getMetaData()
#2 E:\WORK\scnu\hsyii\wamp64\www\sports\admin\qmdd2018\framework\db\ar\CActiveRecord.php(1611): CActiveRecord->getTableSchema()
#3 E:\WORK\scnu\hsyii\wamp64\www\sports\admin\qmdd2018\admin\controllers\QmddAdministratorsReceiveMessageController.php(68): CActiveRecord->count('r_club_code=201...')
#4 [internal function]: QmddAdministratorsReceiveMessageController->actionMessageCount('')
#5 E:\WORK\scnu\hsyii\wamp64\www\sports\admin\qmdd2018\framework\web\actions\CAction.php(109): ReflectionMethod->invokeArgs(Object(QmddAdministratorsReceiveMessageController), Array)
#6 E:\WORK\scnu\hsyii\wamp64\www\sports\admin\qmdd2018\framework\web\actions\CInlineAction.php(47): CAction->runWithParamsInternal(Object(QmddAdministratorsReceiveMessageController), Object(ReflectionMethod), Array)
#7 E:\WORK\scnu\hsyii\wamp64\www\sports\admin\qmdd2018\framework\web\CController.php(308): CInlineAction->runWithParams(Array)
#8 E:\WORK\scnu\hsyii\wamp64\www\sports\admin\qmdd2018\framework\web\CController.php(286): CController->runAction(Object(CInlineAction))
#9 E:\WORK\scnu\hsyii\wamp64\www\sports\admin\qmdd2018\framework\web\CController.php(265): CController->runActionWithFilters(Object(CInlineAction), Array)
#10 E:\WORK\scnu\hsyii\wamp64\www\sports\admin\qmdd2018\framework\web\CWebApplication.php(282): CController->run('messageCount')
#11 E:\WORK\scnu\hsyii\wamp64\www\sports\admin\qmdd2018\framework\web\CWebApplication.php(141): CWebApplication->runController('qmddAdministrat...')
#12 E:\WORK\scnu\hsyii\wamp64\www\sports\admin\qmdd2018\framework\base\CApplication.php(185): CWebApplication->processRequest()
#13 E:\WORK\scnu\hsyii\wamp64\www\sports\admin\qmdd2018\index.php(34): CApplication->run()
#14 {main}
REQUEST_URI=/sports/admin/qmdd2018/index.php?r=qmddAdministratorsReceiveMessage/messageCount
HTTP_REFERER=http://127.0.0.1/sports/admin/index.php?act=top
---
