2024/03/04 13:24:28 [error] [exception.CException] exception 'CException' with message '属性 "ClubList.contact_id_card_faceid_card_back" 未被定义.' in D:\Project Environment\wamp\www\Mobile_Kitchen\framework\base\CComponent.php:130
Stack trace:
#0 D:\Project Environment\wamp\www\Mobile_Kitchen\framework\db\ar\CActiveRecord.php(145): CComponent->__get('contact_id_card...')
#1 D:\Project Environment\wamp\www\Mobile_Kitchen\framework\base\CModel.php(596): CActiveRecord->__get('contact_id_card...')
#2 D:\Project Environment\wamp\www\Mobile_Kitchen\admin\components\BaseModel.php(278): CModel->offsetGet('contact_id_card...')
#3 D:\Project Environment\wamp\www\Mobile_Kitchen\admin\components\BaseModel.php(266): BaseModel->movePath(1)
#4 D:\Project Environment\wamp\www\Mobile_Kitchen\admin\components\BaseModel.php(131): BaseModel->toAddPath()
#5 D:\Project Environment\wamp\www\Mobile_Kitchen\framework\db\ar\CActiveRecord.php(1059): BaseModel->afterFind()
#6 D:\Project Environment\wamp\www\Mobile_Kitchen\framework\db\ar\CActiveFinder.php(775): CActiveRecord->afterFindInternal()
#7 D:\Project Environment\wamp\www\Mobile_Kitchen\framework\db\ar\CActiveFinder.php(167): CJoinElement->afterFind()
#8 D:\Project Environment\wamp\www\Mobile_Kitchen\framework\db\ar\CActiveRecord.php(283): CActiveFinder->lazyFind(Object(StudentInfo))
#9 D:\Project Environment\wamp\www\Mobile_Kitchen\framework\db\ar\CActiveRecord.php(143): CActiveRecord->getRelated('club_name')
#10 D:\Project Environment\wamp\www\Mobile_Kitchen\admin\views\studentInfo\index.php(49): CActiveRecord->__get('club_name')
#11 D:\Project Environment\wamp\www\Mobile_Kitchen\framework\web\CBaseController.php(126): require('D:\\Project Envi...')
#12 D:\Project Environment\wamp\www\Mobile_Kitchen\framework\web\CBaseController.php(95): CBaseController->renderInternal('D:\\Project Envi...', Array, true)
#13 D:\Project Environment\wamp\www\Mobile_Kitchen\framework\web\CController.php(872): CBaseController->renderFile('D:\\Project Envi...', Array, true)
#14 D:\Project Environment\wamp\www\Mobile_Kitchen\framework\web\CController.php(785): CController->renderPartial('index', Array, true)
#15 D:\Project Environment\wamp\www\Mobile_Kitchen\admin\components\BaseController.php(433): CController->render('index', Array)
#16 D:\Project Environment\wamp\www\Mobile_Kitchen\admin\controllers\StudentInfoController.php(19): BaseController->_list(Object(StudentInfo), Object(CDbCriteria))
#17 [internal function]: StudentInfoController->actionIndex('', '0')
#18 D:\Project Environment\wamp\www\Mobile_Kitchen\framework\web\actions\CAction.php(109): ReflectionMethod->invokeArgs(Object(StudentInfoController), Array)
#19 D:\Project Environment\wamp\www\Mobile_Kitchen\framework\web\actions\CInlineAction.php(47): CAction->runWithParamsInternal(Object(StudentInfoController), Object(ReflectionMethod), Array)
#20 D:\Project Environment\wamp\www\Mobile_Kitchen\framework\web\CController.php(308): CInlineAction->runWithParams(Array)
#21 D:\Project Environment\wamp\www\Mobile_Kitchen\framework\web\CController.php(286): CController->runAction(Object(CInlineAction))
#22 D:\Project Environment\wamp\www\Mobile_Kitchen\framework\web\CController.php(265): CController->runActionWithFilters(Object(CInlineAction), Array)
#23 D:\Project Environment\wamp\www\Mobile_Kitchen\framework\web\CWebApplication.php(282): CController->run('index')
#24 D:\Project Environment\wamp\www\Mobile_Kitchen\framework\web\CWebApplication.php(141): CWebApplication->runController('studentInfo/ind...')
#25 D:\Project Environment\wamp\www\Mobile_Kitchen\framework\base\CApplication.php(185): CWebApplication->processRequest()
#26 D:\Project Environment\wamp\www\Mobile_Kitchen\index.php(35): CApplication->run()
#27 {main}
REQUEST_URI=/Mobile_Kitchen/index.php?r=studentInfo/index
HTTP_REFERER=http://localhost/Mobile_Kitchen/index.php?r=index/menu&type=B
---
2024/03/04 13:28:45 [error] [exception.CException] exception 'CException' with message '属性 "ActivityList.brief" 未被定义.' in D:\Project Environment\wamp\www\Mobile_Kitchen\framework\base\CComponent.php:130
Stack trace:
#0 D:\Project Environment\wamp\www\Mobile_Kitchen\framework\db\ar\CActiveRecord.php(145): CComponent->__get('brief')
#1 D:\Project Environment\wamp\www\Mobile_Kitchen\framework\base\CModel.php(596): CActiveRecord->__get('brief')
#2 D:\Project Environment\wamp\www\Mobile_Kitchen\admin\components\BaseModel.php(278): CModel->offsetGet('brief')
#3 D:\Project Environment\wamp\www\Mobile_Kitchen\admin\components\BaseModel.php(266): BaseModel->movePath(1)
#4 D:\Project Environment\wamp\www\Mobile_Kitchen\admin\components\BaseModel.php(131): BaseModel->toAddPath()
#5 D:\Project Environment\wamp\www\Mobile_Kitchen\models\ActivityList.php(110): BaseModel->afterFind()
#6 D:\Project Environment\wamp\www\Mobile_Kitchen\framework\db\ar\CActiveRecord.php(1886): ActivityList->afterFind()
#7 D:\Project Environment\wamp\www\Mobile_Kitchen\framework\db\ar\CActiveRecord.php(1908): CActiveRecord->populateRecord(Array, true, true)
#8 D:\Project Environment\wamp\www\Mobile_Kitchen\framework\db\ar\CActiveRecord.php(1360): CActiveRecord->populateRecords(Array, true, NULL, true)
#9 D:\Project Environment\wamp\www\Mobile_Kitchen\framework\db\ar\CActiveRecord.php(1480): CActiveRecord->query(Object(CDbCriteria), true, true)
#10 D:\Project Environment\wamp\www\Mobile_Kitchen\admin\components\BaseModel.php(664): CActiveRecord->findAll(Object(CDbCriteria), Array, true)
#11 D:\Project Environment\wamp\www\Mobile_Kitchen\admin\components\BaseController.php(61): BaseModel->findAll(Object(CDbCriteria))
#12 D:\Project Environment\wamp\www\Mobile_Kitchen\admin\components\BaseController.php(432): BaseController->get_listData(Object(ActivityList), Object(CDbCriteria), Array, 15, 'index')
#13 D:\Project Environment\wamp\www\Mobile_Kitchen\admin\controllers\ActivityListController.php(34): BaseController->_list(Object(ActivityList), Object(CDbCriteria), 'index', Array)
#14 [internal function]: ActivityListController->actionIndex('', '')
#15 D:\Project Environment\wamp\www\Mobile_Kitchen\framework\web\actions\CAction.php(109): ReflectionMethod->invokeArgs(Object(ActivityListController), Array)
#16 D:\Project Environment\wamp\www\Mobile_Kitchen\framework\web\actions\CInlineAction.php(47): CAction->runWithParamsInternal(Object(ActivityListController), Object(ReflectionMethod), Array)
#17 D:\Project Environment\wamp\www\Mobile_Kitchen\framework\web\CController.php(308): CInlineAction->runWithParams(Array)
#18 D:\Project Environment\wamp\www\Mobile_Kitchen\framework\web\CController.php(286): CController->runAction(Object(CInlineAction))
#19 D:\Project Environment\wamp\www\Mobile_Kitchen\framework\web\CController.php(265): CController->runActionWithFilters(Object(CInlineAction), Array)
#20 D:\Project Environment\wamp\www\Mobile_Kitchen\framework\web\CWebApplication.php(282): CController->run('index')
#21 D:\Project Environment\wamp\www\Mobile_Kitchen\framework\web\CWebApplication.php(141): CWebApplication->runController('activityList/in...')
#22 D:\Project Environment\wamp\www\Mobile_Kitchen\framework\base\CApplication.php(185): CWebApplication->processRequest()
#23 D:\Project Environment\wamp\www\Mobile_Kitchen\index.php(35): CApplication->run()
#24 {main}
REQUEST_URI=/Mobile_Kitchen/index.php?r=activityList/index
HTTP_REFERER=http://localhost/Mobile_Kitchen/index.php?r=index/menu&type=O
---
2024/03/04 13:28:46 [error] [exception.CException] exception 'CException' with message '属性 "ActivityList.brief" 未被定义.' in D:\Project Environment\wamp\www\Mobile_Kitchen\framework\base\CComponent.php:130
Stack trace:
#0 D:\Project Environment\wamp\www\Mobile_Kitchen\framework\db\ar\CActiveRecord.php(145): CComponent->__get('brief')
#1 D:\Project Environment\wamp\www\Mobile_Kitchen\framework\base\CModel.php(596): CActiveRecord->__get('brief')
#2 D:\Project Environment\wamp\www\Mobile_Kitchen\admin\components\BaseModel.php(278): CModel->offsetGet('brief')
#3 D:\Project Environment\wamp\www\Mobile_Kitchen\admin\components\BaseModel.php(266): BaseModel->movePath(1)
#4 D:\Project Environment\wamp\www\Mobile_Kitchen\admin\components\BaseModel.php(131): BaseModel->toAddPath()
#5 D:\Project Environment\wamp\www\Mobile_Kitchen\models\ActivityList.php(110): BaseModel->afterFind()
#6 D:\Project Environment\wamp\www\Mobile_Kitchen\framework\db\ar\CActiveRecord.php(1886): ActivityList->afterFind()
#7 D:\Project Environment\wamp\www\Mobile_Kitchen\framework\db\ar\CActiveRecord.php(1908): CActiveRecord->populateRecord(Array, true, true)
#8 D:\Project Environment\wamp\www\Mobile_Kitchen\framework\db\ar\CActiveRecord.php(1360): CActiveRecord->populateRecords(Array, true, NULL, true)
#9 D:\Project Environment\wamp\www\Mobile_Kitchen\framework\db\ar\CActiveRecord.php(1480): CActiveRecord->query(Object(CDbCriteria), true, true)
#10 D:\Project Environment\wamp\www\Mobile_Kitchen\admin\components\BaseModel.php(664): CActiveRecord->findAll(Object(CDbCriteria), Array, true)
#11 D:\Project Environment\wamp\www\Mobile_Kitchen\admin\components\BaseController.php(61): BaseModel->findAll(Object(CDbCriteria))
#12 D:\Project Environment\wamp\www\Mobile_Kitchen\admin\components\BaseController.php(432): BaseController->get_listData(Object(ActivityList), Object(CDbCriteria), Array, 15, 'index_submit')
#13 D:\Project Environment\wamp\www\Mobile_Kitchen\admin\controllers\ActivityListController.php(66): BaseController->_list(Object(ActivityList), Object(CDbCriteria), 'index_submit', Array)
#14 [internal function]: ActivityListController->actionIndex_submit('', '')
#15 D:\Project Environment\wamp\www\Mobile_Kitchen\framework\web\actions\CAction.php(109): ReflectionMethod->invokeArgs(Object(ActivityListController), Array)
#16 D:\Project Environment\wamp\www\Mobile_Kitchen\framework\web\actions\CInlineAction.php(47): CAction->runWithParamsInternal(Object(ActivityListController), Object(ReflectionMethod), Array)
#17 D:\Project Environment\wamp\www\Mobile_Kitchen\framework\web\CController.php(308): CInlineAction->runWithParams(Array)
#18 D:\Project Environment\wamp\www\Mobile_Kitchen\framework\web\CController.php(286): CController->runAction(Object(CInlineAction))
#19 D:\Project Environment\wamp\www\Mobile_Kitchen\framework\web\CController.php(265): CController->runActionWithFilters(Object(CInlineAction), Array)
#20 D:\Project Environment\wamp\www\Mobile_Kitchen\framework\web\CWebApplication.php(282): CController->run('index_submit')
#21 D:\Project Environment\wamp\www\Mobile_Kitchen\framework\web\CWebApplication.php(141): CWebApplication->runController('activityList/in...')
#22 D:\Project Environment\wamp\www\Mobile_Kitchen\framework\base\CApplication.php(185): CWebApplication->processRequest()
#23 D:\Project Environment\wamp\www\Mobile_Kitchen\index.php(35): CApplication->run()
#24 {main}
REQUEST_URI=/Mobile_Kitchen/index.php?r=activityList/index_submit
HTTP_REFERER=http://localhost/Mobile_Kitchen/index.php?r=index/menu&type=O
---
2024/03/04 13:28:47 [error] [exception.CException] exception 'CException' with message '属性 "ActivityList.brief" 未被定义.' in D:\Project Environment\wamp\www\Mobile_Kitchen\framework\base\CComponent.php:130
Stack trace:
#0 D:\Project Environment\wamp\www\Mobile_Kitchen\framework\db\ar\CActiveRecord.php(145): CComponent->__get('brief')
#1 D:\Project Environment\wamp\www\Mobile_Kitchen\framework\base\CModel.php(596): CActiveRecord->__get('brief')
#2 D:\Project Environment\wamp\www\Mobile_Kitchen\admin\components\BaseModel.php(278): CModel->offsetGet('brief')
#3 D:\Project Environment\wamp\www\Mobile_Kitchen\admin\components\BaseModel.php(266): BaseModel->movePath(1)
#4 D:\Project Environment\wamp\www\Mobile_Kitchen\admin\components\BaseModel.php(131): BaseModel->toAddPath()
#5 D:\Project Environment\wamp\www\Mobile_Kitchen\models\ActivityList.php(110): BaseModel->afterFind()
#6 D:\Project Environment\wamp\www\Mobile_Kitchen\framework\db\ar\CActiveRecord.php(1886): ActivityList->afterFind()
#7 D:\Project Environment\wamp\www\Mobile_Kitchen\framework\db\ar\CActiveRecord.php(1908): CActiveRecord->populateRecord(Array, true, true)
#8 D:\Project Environment\wamp\www\Mobile_Kitchen\framework\db\ar\CActiveRecord.php(1360): CActiveRecord->populateRecords(Array, true, NULL, true)
#9 D:\Project Environment\wamp\www\Mobile_Kitchen\framework\db\ar\CActiveRecord.php(1480): CActiveRecord->query(Object(CDbCriteria), true, true)
#10 D:\Project Environment\wamp\www\Mobile_Kitchen\admin\components\BaseModel.php(664): CActiveRecord->findAll(Object(CDbCriteria), Array, true)
#11 D:\Project Environment\wamp\www\Mobile_Kitchen\admin\components\BaseController.php(61): BaseModel->findAll(Object(CDbCriteria))
#12 D:\Project Environment\wamp\www\Mobile_Kitchen\admin\components\BaseController.php(432): BaseController->get_listData(Object(ActivityList), Object(CDbCriteria), Array, 15, 'index_audit')
#13 D:\Project Environment\wamp\www\Mobile_Kitchen\admin\controllers\ActivityListController.php(101): BaseController->_list(Object(ActivityList), Object(CDbCriteria), 'index_audit', Array)
#14 [internal function]: ActivityListController->actionIndex_audit('', '', '', '', '')
#15 D:\Project Environment\wamp\www\Mobile_Kitchen\framework\web\actions\CAction.php(109): ReflectionMethod->invokeArgs(Object(ActivityListController), Array)
#16 D:\Project Environment\wamp\www\Mobile_Kitchen\framework\web\actions\CInlineAction.php(47): CAction->runWithParamsInternal(Object(ActivityListController), Object(ReflectionMethod), Array)
#17 D:\Project Environment\wamp\www\Mobile_Kitchen\framework\web\CController.php(308): CInlineAction->runWithParams(Array)
#18 D:\Project Environment\wamp\www\Mobile_Kitchen\framework\web\CController.php(286): CController->runAction(Object(CInlineAction))
#19 D:\Project Environment\wamp\www\Mobile_Kitchen\framework\web\CController.php(265): CController->runActionWithFilters(Object(CInlineAction), Array)
#20 D:\Project Environment\wamp\www\Mobile_Kitchen\framework\web\CWebApplication.php(282): CController->run('index_audit')
#21 D:\Project Environment\wamp\www\Mobile_Kitchen\framework\web\CWebApplication.php(141): CWebApplication->runController('activityList/in...')
#22 D:\Project Environment\wamp\www\Mobile_Kitchen\framework\base\CApplication.php(185): CWebApplication->processRequest()
#23 D:\Project Environment\wamp\www\Mobile_Kitchen\index.php(35): CApplication->run()
#24 {main}
REQUEST_URI=/Mobile_Kitchen/index.php?r=activityList/index_audit
HTTP_REFERER=http://localhost/Mobile_Kitchen/index.php?r=index/menu&type=O
---
2024/03/04 13:28:49 [error] [exception.CException] exception 'CException' with message 'ActivityDiyController 无法找到请求的视图 "1index".' in D:\Project Environment\wamp\www\Mobile_Kitchen\framework\web\CController.php:881
Stack trace:
#0 D:\Project Environment\wamp\www\Mobile_Kitchen\framework\web\CController.php(785): CController->renderPartial('1index', Array, true)
#1 D:\Project Environment\wamp\www\Mobile_Kitchen\admin\components\BaseController.php(433): CController->render('1index', Array)
#2 D:\Project Environment\wamp\www\Mobile_Kitchen\admin\controllers\ActivityDiyController.php(28): BaseController->_list(Object(ActivityDiy), Object(CDbCriteria), '1index', Array, 20)
#3 [internal function]: ActivityDiyController->actionIndex('')
#4 D:\Project Environment\wamp\www\Mobile_Kitchen\framework\web\actions\CAction.php(109): ReflectionMethod->invokeArgs(Object(ActivityDiyController), Array)
#5 D:\Project Environment\wamp\www\Mobile_Kitchen\framework\web\actions\CInlineAction.php(47): CAction->runWithParamsInternal(Object(ActivityDiyController), Object(ReflectionMethod), Array)
#6 D:\Project Environment\wamp\www\Mobile_Kitchen\framework\web\CController.php(308): CInlineAction->runWithParams(Array)
#7 D:\Project Environment\wamp\www\Mobile_Kitchen\framework\web\CController.php(286): CController->runAction(Object(CInlineAction))
#8 D:\Project Environment\wamp\www\Mobile_Kitchen\framework\web\CController.php(265): CController->runActionWithFilters(Object(CInlineAction), Array)
#9 D:\Project Environment\wamp\www\Mobile_Kitchen\framework\web\CWebApplication.php(282): CController->run('index')
#10 D:\Project Environment\wamp\www\Mobile_Kitchen\framework\web\CWebApplication.php(141): CWebApplication->runController('activityDiy/ind...')
#11 D:\Project Environment\wamp\www\Mobile_Kitchen\framework\base\CApplication.php(185): CWebApplication->processRequest()
#12 D:\Project Environment\wamp\www\Mobile_Kitchen\index.php(35): CApplication->run()
#13 {main}
REQUEST_URI=/Mobile_Kitchen/index.php?r=activityDiy/index
HTTP_REFERER=http://localhost/Mobile_Kitchen/index.php?r=index/menu&type=O
---
2024/03/04 13:29:05 [error] [system.db.CDbCommand] CDbCommand::fetchAll() failed: SQLSTATE[42000]: Syntax error or access violation: 1064 Erreur de syntaxe près de '' à la ligne 1. The SQL statement executed was: SELECT * FROM `activity_list_data` `t` WHERE activity_id=.
2024/03/04 13:29:05 [error] [exception.CDbException] exception 'CDbException' with message 'CDbCommand 无法执行 SQL 语句: SQLSTATE[42000]: Syntax error or access violation: 1064 Erreur de syntaxe près de '' à la ligne 1' in D:\Project Environment\wamp\www\Mobile_Kitchen\framework\db\CDbCommand.php:543
Stack trace:
#0 D:\Project Environment\wamp\www\Mobile_Kitchen\framework\db\CDbCommand.php(396): CDbCommand->queryInternal('fetchAll', Array, Array)
#1 D:\Project Environment\wamp\www\Mobile_Kitchen\framework\db\ar\CActiveRecord.php(1360): CDbCommand->queryAll()
#2 D:\Project Environment\wamp\www\Mobile_Kitchen\framework\db\ar\CActiveRecord.php(1480): CActiveRecord->query(Object(CDbCriteria), true, true)
#3 D:\Project Environment\wamp\www\Mobile_Kitchen\admin\components\BaseModel.php(664): CActiveRecord->findAll('activity_id=', Array, true)
#4 D:\Project Environment\wamp\www\Mobile_Kitchen\admin\controllers\ActivitySignListController.php(172): BaseModel->findAll('activity_id=')
#5 D:\Project Environment\wamp\www\Mobile_Kitchen\framework\web\actions\CInlineAction.php(49): ActivitySignListController->actionGetListData()
#6 D:\Project Environment\wamp\www\Mobile_Kitchen\framework\web\CController.php(308): CInlineAction->runWithParams(Array)
#7 D:\Project Environment\wamp\www\Mobile_Kitchen\framework\web\CController.php(286): CController->runAction(Object(CInlineAction))
#8 D:\Project Environment\wamp\www\Mobile_Kitchen\framework\web\CController.php(265): CController->runActionWithFilters(Object(CInlineAction), Array)
#9 D:\Project Environment\wamp\www\Mobile_Kitchen\framework\web\CWebApplication.php(282): CController->run('getListData')
#10 D:\Project Environment\wamp\www\Mobile_Kitchen\framework\web\CWebApplication.php(141): CWebApplication->runController('activitySignLis...')
#11 D:\Project Environment\wamp\www\Mobile_Kitchen\framework\base\CApplication.php(185): CWebApplication->processRequest()
#12 D:\Project Environment\wamp\www\Mobile_Kitchen\index.php(35): CApplication->run()
#13 {main}
REQUEST_URI=/Mobile_Kitchen/index.php?r=activitySignList/getListData
HTTP_REFERER=http://localhost/Mobile_Kitchen/index.php?r=activitySignList/index
---
2024/03/04 14:09:43 [error] [exception.CHttpException.404] exception 'CHttpException' with message '无法解析请求 "MallShoppingSettlement/index"。' in D:\Project Environment\wamp\www\Mobile_Kitchen\framework\web\CWebApplication.php:286
Stack trace:
#0 D:\Project Environment\wamp\www\Mobile_Kitchen\framework\web\CWebApplication.php(141): CWebApplication->runController('MallShoppingSet...')
#1 D:\Project Environment\wamp\www\Mobile_Kitchen\framework\base\CApplication.php(185): CWebApplication->processRequest()
#2 D:\Project Environment\wamp\www\Mobile_Kitchen\index.php(35): CApplication->run()
#3 {main}
REQUEST_URI=/Mobile_Kitchen/index.php?r=MallShoppingSettlement/index
HTTP_REFERER=http://localhost/Mobile_Kitchen/index.php?r=index/menu&type=X
---
