2024/06/08 22:35:57 [error] [php] Trying to get property of non-object (D:\wamp\www\Mobile_Kitchen\admin\controllers\MealDataController.php:285)
Stack trace:
#0 D:\wamp\www\Mobile_Kitchen\framework\web\actions\CInlineAction.php(47): CInlineAction->runWithParamsInternal()
#1 D:\wamp\www\Mobile_Kitchen\framework\web\CController.php(308): CInlineAction->runWithParams()
#2 D:\wamp\www\Mobile_Kitchen\framework\web\CController.php(286): MealDataController->runAction()
#3 D:\wamp\www\Mobile_Kitchen\framework\web\CController.php(265): MealDataController->runActionWithFilters()
#4 D:\wamp\www\Mobile_Kitchen\framework\web\CWebApplication.php(282): MealDataController->run()
#5 D:\wamp\www\Mobile_Kitchen\framework\web\CWebApplication.php(141): CWebApplication->runController()
#6 D:\wamp\www\Mobile_Kitchen\framework\base\CApplication.php(185): CWebApplication->processRequest()
#7 D:\wamp\www\Mobile_Kitchen\index.php(35): CWebApplication->run()
REQUEST_URI=/Mobile_Kitchen/index.php?r=MealData/wxgetdishdetail&meal_id=undefined
2024/06/08 22:36:22 [error] [system.db.CDbCommand] CDbCommand::fetchAll() failed: SQLSTATE[42S22]: Column not found: 1054 Champ 'undefined' inconnu dans where clause. The SQL statement executed was: SELECT * FROM `address` `t` WHERE gf_account = undefined ORDER BY id ASC.
2024/06/08 22:36:22 [error] [exception.CDbException] exception 'CDbException' with message 'CDbCommand 无法执行 SQL 语句: SQLSTATE[42S22]: Column not found: 1054 Champ 'undefined' inconnu dans where clause' in D:\wamp\www\Mobile_Kitchen\framework\db\CDbCommand.php:543
Stack trace:
#0 D:\wamp\www\Mobile_Kitchen\framework\db\CDbCommand.php(396): CDbCommand->queryInternal('fetchAll', Array, Array)
#1 D:\wamp\www\Mobile_Kitchen\framework\db\ar\CActiveRecord.php(1360): CDbCommand->queryAll()
#2 D:\wamp\www\Mobile_Kitchen\framework\db\ar\CActiveRecord.php(1480): CActiveRecord->query(Object(CDbCriteria), true, true)
#3 D:\wamp\www\Mobile_Kitchen\admin\components\BaseModel.php(664): CActiveRecord->findAll(Object(CDbCriteria), Array, true)
#4 D:\wamp\www\Mobile_Kitchen\admin\controllers\AddressController.php(80): BaseModel->findAll(Object(CDbCriteria))
#5 [internal function]: AddressController->actionwxGetadslist('undefined', '0')
#6 D:\wamp\www\Mobile_Kitchen\framework\web\actions\CAction.php(109): ReflectionMethod->invokeArgs(Object(AddressController), Array)
#7 D:\wamp\www\Mobile_Kitchen\framework\web\actions\CInlineAction.php(47): CAction->runWithParamsInternal(Object(AddressController), Object(ReflectionMethod), Array)
#8 D:\wamp\www\Mobile_Kitchen\framework\web\CController.php(308): CInlineAction->runWithParams(Array)
#9 D:\wamp\www\Mobile_Kitchen\framework\web\CController.php(286): CController->runAction(Object(CInlineAction))
#10 D:\wamp\www\Mobile_Kitchen\framework\web\CController.php(265): CController->runActionWithFilters(Object(CInlineAction), Array)
#11 D:\wamp\www\Mobile_Kitchen\framework\web\CWebApplication.php(282): CController->run('wxGetadslist')
#12 D:\wamp\www\Mobile_Kitchen\framework\web\CWebApplication.php(141): CWebApplication->runController('Address/wxGetad...')
#13 D:\wamp\www\Mobile_Kitchen\framework\base\CApplication.php(185): CWebApplication->processRequest()
#14 D:\wamp\www\Mobile_Kitchen\index.php(35): CApplication->run()
#15 {main}
REQUEST_URI=/Mobile_Kitchen/index.php?r=Address/wxGetadslist&account=undefined
HTTP_REFERER=https://servicewechat.com/wxf392ee482ff9e385/devtools/page-frame.html
---
2024/06/08 22:36:22 [error] [system.db.CDbCommand] CDbCommand::fetchAll() failed: SQLSTATE[42S22]: Column not found: 1054 Champ 'undefined' inconnu dans where clause. The SQL statement executed was: SELECT * FROM `address` `t` WHERE gf_account = undefined ORDER BY id ASC.
2024/06/08 22:36:22 [error] [exception.CDbException] exception 'CDbException' with message 'CDbCommand 无法执行 SQL 语句: SQLSTATE[42S22]: Column not found: 1054 Champ 'undefined' inconnu dans where clause' in D:\wamp\www\Mobile_Kitchen\framework\db\CDbCommand.php:543
Stack trace:
#0 D:\wamp\www\Mobile_Kitchen\framework\db\CDbCommand.php(396): CDbCommand->queryInternal('fetchAll', Array, Array)
#1 D:\wamp\www\Mobile_Kitchen\framework\db\ar\CActiveRecord.php(1360): CDbCommand->queryAll()
#2 D:\wamp\www\Mobile_Kitchen\framework\db\ar\CActiveRecord.php(1480): CActiveRecord->query(Object(CDbCriteria), true, true)
#3 D:\wamp\www\Mobile_Kitchen\admin\components\BaseModel.php(664): CActiveRecord->findAll(Object(CDbCriteria), Array, true)
#4 D:\wamp\www\Mobile_Kitchen\admin\controllers\AddressController.php(80): BaseModel->findAll(Object(CDbCriteria))
#5 [internal function]: AddressController->actionwxGetadslist('undefined', '0')
#6 D:\wamp\www\Mobile_Kitchen\framework\web\actions\CAction.php(109): ReflectionMethod->invokeArgs(Object(AddressController), Array)
#7 D:\wamp\www\Mobile_Kitchen\framework\web\actions\CInlineAction.php(47): CAction->runWithParamsInternal(Object(AddressController), Object(ReflectionMethod), Array)
#8 D:\wamp\www\Mobile_Kitchen\framework\web\CController.php(308): CInlineAction->runWithParams(Array)
#9 D:\wamp\www\Mobile_Kitchen\framework\web\CController.php(286): CController->runAction(Object(CInlineAction))
#10 D:\wamp\www\Mobile_Kitchen\framework\web\CController.php(265): CController->runActionWithFilters(Object(CInlineAction), Array)
#11 D:\wamp\www\Mobile_Kitchen\framework\web\CWebApplication.php(282): CController->run('wxGetadslist')
#12 D:\wamp\www\Mobile_Kitchen\framework\web\CWebApplication.php(141): CWebApplication->runController('Address/wxGetad...')
#13 D:\wamp\www\Mobile_Kitchen\framework\base\CApplication.php(185): CWebApplication->processRequest()
#14 D:\wamp\www\Mobile_Kitchen\index.php(35): CApplication->run()
#15 {main}
REQUEST_URI=/Mobile_Kitchen/index.php?r=Address/wxGetadslist&account=undefined
HTTP_REFERER=https://servicewechat.com/wxf392ee482ff9e385/devtools/page-frame.html
---
2024/06/08 22:36:25 [error] [system.db.CDbCommand] CDbCommand::fetchAll() failed: SQLSTATE[42S22]: Column not found: 1054 Champ 'undefined' inconnu dans where clause. The SQL statement executed was: SELECT * FROM `address` `t` WHERE gf_account = undefined ORDER BY id ASC.
2024/06/08 22:36:25 [error] [exception.CDbException] exception 'CDbException' with message 'CDbCommand 无法执行 SQL 语句: SQLSTATE[42S22]: Column not found: 1054 Champ 'undefined' inconnu dans where clause' in D:\wamp\www\Mobile_Kitchen\framework\db\CDbCommand.php:543
Stack trace:
#0 D:\wamp\www\Mobile_Kitchen\framework\db\CDbCommand.php(396): CDbCommand->queryInternal('fetchAll', Array, Array)
#1 D:\wamp\www\Mobile_Kitchen\framework\db\ar\CActiveRecord.php(1360): CDbCommand->queryAll()
#2 D:\wamp\www\Mobile_Kitchen\framework\db\ar\CActiveRecord.php(1480): CActiveRecord->query(Object(CDbCriteria), true, true)
#3 D:\wamp\www\Mobile_Kitchen\admin\components\BaseModel.php(664): CActiveRecord->findAll(Object(CDbCriteria), Array, true)
#4 D:\wamp\www\Mobile_Kitchen\admin\controllers\AddressController.php(80): BaseModel->findAll(Object(CDbCriteria))
#5 [internal function]: AddressController->actionwxGetadslist('undefined', '0')
#6 D:\wamp\www\Mobile_Kitchen\framework\web\actions\CAction.php(109): ReflectionMethod->invokeArgs(Object(AddressController), Array)
#7 D:\wamp\www\Mobile_Kitchen\framework\web\actions\CInlineAction.php(47): CAction->runWithParamsInternal(Object(AddressController), Object(ReflectionMethod), Array)
#8 D:\wamp\www\Mobile_Kitchen\framework\web\CController.php(308): CInlineAction->runWithParams(Array)
#9 D:\wamp\www\Mobile_Kitchen\framework\web\CController.php(286): CController->runAction(Object(CInlineAction))
#10 D:\wamp\www\Mobile_Kitchen\framework\web\CController.php(265): CController->runActionWithFilters(Object(CInlineAction), Array)
#11 D:\wamp\www\Mobile_Kitchen\framework\web\CWebApplication.php(282): CController->run('wxGetadslist')
#12 D:\wamp\www\Mobile_Kitchen\framework\web\CWebApplication.php(141): CWebApplication->runController('Address/wxGetad...')
#13 D:\wamp\www\Mobile_Kitchen\framework\base\CApplication.php(185): CWebApplication->processRequest()
#14 D:\wamp\www\Mobile_Kitchen\index.php(35): CApplication->run()
#15 {main}
REQUEST_URI=/Mobile_Kitchen/index.php?r=Address/wxGetadslist&account=undefined
HTTP_REFERER=https://servicewechat.com/wxf392ee482ff9e385/devtools/page-frame.html
---
2024/06/08 22:36:53 [error] [system.db.CDbCommand] CDbCommand::fetchAll() failed: SQLSTATE[42S22]: Column not found: 1054 Champ 'undefined' inconnu dans where clause. The SQL statement executed was: SELECT * FROM `address` `t` WHERE gf_account = undefined ORDER BY id ASC.
2024/06/08 22:36:53 [error] [exception.CDbException] exception 'CDbException' with message 'CDbCommand 无法执行 SQL 语句: SQLSTATE[42S22]: Column not found: 1054 Champ 'undefined' inconnu dans where clause' in D:\wamp\www\Mobile_Kitchen\framework\db\CDbCommand.php:543
Stack trace:
#0 D:\wamp\www\Mobile_Kitchen\framework\db\CDbCommand.php(396): CDbCommand->queryInternal('fetchAll', Array, Array)
#1 D:\wamp\www\Mobile_Kitchen\framework\db\ar\CActiveRecord.php(1360): CDbCommand->queryAll()
#2 D:\wamp\www\Mobile_Kitchen\framework\db\ar\CActiveRecord.php(1480): CActiveRecord->query(Object(CDbCriteria), true, true)
#3 D:\wamp\www\Mobile_Kitchen\admin\components\BaseModel.php(664): CActiveRecord->findAll(Object(CDbCriteria), Array, true)
#4 D:\wamp\www\Mobile_Kitchen\admin\controllers\AddressController.php(80): BaseModel->findAll(Object(CDbCriteria))
#5 [internal function]: AddressController->actionwxGetadslist('undefined', '0')
#6 D:\wamp\www\Mobile_Kitchen\framework\web\actions\CAction.php(109): ReflectionMethod->invokeArgs(Object(AddressController), Array)
#7 D:\wamp\www\Mobile_Kitchen\framework\web\actions\CInlineAction.php(47): CAction->runWithParamsInternal(Object(AddressController), Object(ReflectionMethod), Array)
#8 D:\wamp\www\Mobile_Kitchen\framework\web\CController.php(308): CInlineAction->runWithParams(Array)
#9 D:\wamp\www\Mobile_Kitchen\framework\web\CController.php(286): CController->runAction(Object(CInlineAction))
#10 D:\wamp\www\Mobile_Kitchen\framework\web\CController.php(265): CController->runActionWithFilters(Object(CInlineAction), Array)
#11 D:\wamp\www\Mobile_Kitchen\framework\web\CWebApplication.php(282): CController->run('wxGetadslist')
#12 D:\wamp\www\Mobile_Kitchen\framework\web\CWebApplication.php(141): CWebApplication->runController('Address/wxGetad...')
#13 D:\wamp\www\Mobile_Kitchen\framework\base\CApplication.php(185): CWebApplication->processRequest()
#14 D:\wamp\www\Mobile_Kitchen\index.php(35): CApplication->run()
#15 {main}
REQUEST_URI=/Mobile_Kitchen/index.php?r=Address/wxGetadslist&account=undefined
HTTP_REFERER=https://servicewechat.com/wxf392ee482ff9e385/devtools/page-frame.html
---
2024/06/08 22:36:53 [error] [system.db.CDbCommand] CDbCommand::fetchAll() failed: SQLSTATE[42S22]: Column not found: 1054 Champ 'undefined' inconnu dans where clause. The SQL statement executed was: SELECT * FROM `address` `t` WHERE gf_account = undefined ORDER BY id ASC.
2024/06/08 22:36:53 [error] [exception.CDbException] exception 'CDbException' with message 'CDbCommand 无法执行 SQL 语句: SQLSTATE[42S22]: Column not found: 1054 Champ 'undefined' inconnu dans where clause' in D:\wamp\www\Mobile_Kitchen\framework\db\CDbCommand.php:543
Stack trace:
#0 D:\wamp\www\Mobile_Kitchen\framework\db\CDbCommand.php(396): CDbCommand->queryInternal('fetchAll', Array, Array)
#1 D:\wamp\www\Mobile_Kitchen\framework\db\ar\CActiveRecord.php(1360): CDbCommand->queryAll()
#2 D:\wamp\www\Mobile_Kitchen\framework\db\ar\CActiveRecord.php(1480): CActiveRecord->query(Object(CDbCriteria), true, true)
#3 D:\wamp\www\Mobile_Kitchen\admin\components\BaseModel.php(664): CActiveRecord->findAll(Object(CDbCriteria), Array, true)
#4 D:\wamp\www\Mobile_Kitchen\admin\controllers\AddressController.php(80): BaseModel->findAll(Object(CDbCriteria))
#5 [internal function]: AddressController->actionwxGetadslist('undefined', '0')
#6 D:\wamp\www\Mobile_Kitchen\framework\web\actions\CAction.php(109): ReflectionMethod->invokeArgs(Object(AddressController), Array)
#7 D:\wamp\www\Mobile_Kitchen\framework\web\actions\CInlineAction.php(47): CAction->runWithParamsInternal(Object(AddressController), Object(ReflectionMethod), Array)
#8 D:\wamp\www\Mobile_Kitchen\framework\web\CController.php(308): CInlineAction->runWithParams(Array)
#9 D:\wamp\www\Mobile_Kitchen\framework\web\CController.php(286): CController->runAction(Object(CInlineAction))
#10 D:\wamp\www\Mobile_Kitchen\framework\web\CController.php(265): CController->runActionWithFilters(Object(CInlineAction), Array)
#11 D:\wamp\www\Mobile_Kitchen\framework\web\CWebApplication.php(282): CController->run('wxGetadslist')
#12 D:\wamp\www\Mobile_Kitchen\framework\web\CWebApplication.php(141): CWebApplication->runController('Address/wxGetad...')
#13 D:\wamp\www\Mobile_Kitchen\framework\base\CApplication.php(185): CWebApplication->processRequest()
#14 D:\wamp\www\Mobile_Kitchen\index.php(35): CApplication->run()
#15 {main}
REQUEST_URI=/Mobile_Kitchen/index.php?r=Address/wxGetadslist&account=undefined
HTTP_REFERER=https://servicewechat.com/wxf392ee482ff9e385/devtools/page-frame.html
---
2024/06/08 22:38:23 [error] [system.db.CDbCommand] CDbCommand::fetchAll() failed: SQLSTATE[42S22]: Column not found: 1054 Champ 'undefined' inconnu dans where clause. The SQL statement executed was: SELECT * FROM `address` `t` WHERE gf_account = undefined ORDER BY id ASC.
2024/06/08 22:38:23 [error] [exception.CDbException] exception 'CDbException' with message 'CDbCommand 无法执行 SQL 语句: SQLSTATE[42S22]: Column not found: 1054 Champ 'undefined' inconnu dans where clause' in D:\wamp\www\Mobile_Kitchen\framework\db\CDbCommand.php:543
Stack trace:
#0 D:\wamp\www\Mobile_Kitchen\framework\db\CDbCommand.php(396): CDbCommand->queryInternal('fetchAll', Array, Array)
#1 D:\wamp\www\Mobile_Kitchen\framework\db\ar\CActiveRecord.php(1360): CDbCommand->queryAll()
#2 D:\wamp\www\Mobile_Kitchen\framework\db\ar\CActiveRecord.php(1480): CActiveRecord->query(Object(CDbCriteria), true, true)
#3 D:\wamp\www\Mobile_Kitchen\admin\components\BaseModel.php(664): CActiveRecord->findAll(Object(CDbCriteria), Array, true)
#4 D:\wamp\www\Mobile_Kitchen\admin\controllers\AddressController.php(80): BaseModel->findAll(Object(CDbCriteria))
#5 [internal function]: AddressController->actionwxGetadslist('undefined', '0')
#6 D:\wamp\www\Mobile_Kitchen\framework\web\actions\CAction.php(109): ReflectionMethod->invokeArgs(Object(AddressController), Array)
#7 D:\wamp\www\Mobile_Kitchen\framework\web\actions\CInlineAction.php(47): CAction->runWithParamsInternal(Object(AddressController), Object(ReflectionMethod), Array)
#8 D:\wamp\www\Mobile_Kitchen\framework\web\CController.php(308): CInlineAction->runWithParams(Array)
#9 D:\wamp\www\Mobile_Kitchen\framework\web\CController.php(286): CController->runAction(Object(CInlineAction))
#10 D:\wamp\www\Mobile_Kitchen\framework\web\CController.php(265): CController->runActionWithFilters(Object(CInlineAction), Array)
#11 D:\wamp\www\Mobile_Kitchen\framework\web\CWebApplication.php(282): CController->run('wxGetadslist')
#12 D:\wamp\www\Mobile_Kitchen\framework\web\CWebApplication.php(141): CWebApplication->runController('Address/wxGetad...')
#13 D:\wamp\www\Mobile_Kitchen\framework\base\CApplication.php(185): CWebApplication->processRequest()
#14 D:\wamp\www\Mobile_Kitchen\index.php(35): CApplication->run()
#15 {main}
REQUEST_URI=/Mobile_Kitchen/index.php?r=Address/wxGetadslist&account=undefined
HTTP_REFERER=https://servicewechat.com/wxf392ee482ff9e385/devtools/page-frame.html
---
2024/06/08 22:38:23 [error] [system.db.CDbCommand] CDbCommand::fetchAll() failed: SQLSTATE[42S22]: Column not found: 1054 Champ 'undefined' inconnu dans where clause. The SQL statement executed was: SELECT * FROM `address` `t` WHERE gf_account = undefined ORDER BY id ASC.
2024/06/08 22:38:23 [error] [exception.CDbException] exception 'CDbException' with message 'CDbCommand 无法执行 SQL 语句: SQLSTATE[42S22]: Column not found: 1054 Champ 'undefined' inconnu dans where clause' in D:\wamp\www\Mobile_Kitchen\framework\db\CDbCommand.php:543
Stack trace:
#0 D:\wamp\www\Mobile_Kitchen\framework\db\CDbCommand.php(396): CDbCommand->queryInternal('fetchAll', Array, Array)
#1 D:\wamp\www\Mobile_Kitchen\framework\db\ar\CActiveRecord.php(1360): CDbCommand->queryAll()
#2 D:\wamp\www\Mobile_Kitchen\framework\db\ar\CActiveRecord.php(1480): CActiveRecord->query(Object(CDbCriteria), true, true)
#3 D:\wamp\www\Mobile_Kitchen\admin\components\BaseModel.php(664): CActiveRecord->findAll(Object(CDbCriteria), Array, true)
#4 D:\wamp\www\Mobile_Kitchen\admin\controllers\AddressController.php(80): BaseModel->findAll(Object(CDbCriteria))
#5 [internal function]: AddressController->actionwxGetadslist('undefined', '0')
#6 D:\wamp\www\Mobile_Kitchen\framework\web\actions\CAction.php(109): ReflectionMethod->invokeArgs(Object(AddressController), Array)
#7 D:\wamp\www\Mobile_Kitchen\framework\web\actions\CInlineAction.php(47): CAction->runWithParamsInternal(Object(AddressController), Object(ReflectionMethod), Array)
#8 D:\wamp\www\Mobile_Kitchen\framework\web\CController.php(308): CInlineAction->runWithParams(Array)
#9 D:\wamp\www\Mobile_Kitchen\framework\web\CController.php(286): CController->runAction(Object(CInlineAction))
#10 D:\wamp\www\Mobile_Kitchen\framework\web\CController.php(265): CController->runActionWithFilters(Object(CInlineAction), Array)
#11 D:\wamp\www\Mobile_Kitchen\framework\web\CWebApplication.php(282): CController->run('wxGetadslist')
#12 D:\wamp\www\Mobile_Kitchen\framework\web\CWebApplication.php(141): CWebApplication->runController('Address/wxGetad...')
#13 D:\wamp\www\Mobile_Kitchen\framework\base\CApplication.php(185): CWebApplication->processRequest()
#14 D:\wamp\www\Mobile_Kitchen\index.php(35): CApplication->run()
#15 {main}
REQUEST_URI=/Mobile_Kitchen/index.php?r=Address/wxGetadslist&account=undefined
HTTP_REFERER=https://servicewechat.com/wxf392ee482ff9e385/devtools/page-frame.html
---
2024/06/08 22:38:27 [error] [system.db.CDbCommand] CDbCommand::fetchAll() failed: SQLSTATE[42S22]: Column not found: 1054 Champ 'undefined' inconnu dans where clause. The SQL statement executed was: SELECT * FROM `address` `t` WHERE gf_account = undefined ORDER BY id ASC.
2024/06/08 22:38:27 [error] [exception.CDbException] exception 'CDbException' with message 'CDbCommand 无法执行 SQL 语句: SQLSTATE[42S22]: Column not found: 1054 Champ 'undefined' inconnu dans where clause' in D:\wamp\www\Mobile_Kitchen\framework\db\CDbCommand.php:543
Stack trace:
#0 D:\wamp\www\Mobile_Kitchen\framework\db\CDbCommand.php(396): CDbCommand->queryInternal('fetchAll', Array, Array)
#1 D:\wamp\www\Mobile_Kitchen\framework\db\ar\CActiveRecord.php(1360): CDbCommand->queryAll()
#2 D:\wamp\www\Mobile_Kitchen\framework\db\ar\CActiveRecord.php(1480): CActiveRecord->query(Object(CDbCriteria), true, true)
#3 D:\wamp\www\Mobile_Kitchen\admin\components\BaseModel.php(664): CActiveRecord->findAll(Object(CDbCriteria), Array, true)
#4 D:\wamp\www\Mobile_Kitchen\admin\controllers\AddressController.php(80): BaseModel->findAll(Object(CDbCriteria))
#5 [internal function]: AddressController->actionwxGetadslist('undefined', '0')
#6 D:\wamp\www\Mobile_Kitchen\framework\web\actions\CAction.php(109): ReflectionMethod->invokeArgs(Object(AddressController), Array)
#7 D:\wamp\www\Mobile_Kitchen\framework\web\actions\CInlineAction.php(47): CAction->runWithParamsInternal(Object(AddressController), Object(ReflectionMethod), Array)
#8 D:\wamp\www\Mobile_Kitchen\framework\web\CController.php(308): CInlineAction->runWithParams(Array)
#9 D:\wamp\www\Mobile_Kitchen\framework\web\CController.php(286): CController->runAction(Object(CInlineAction))
#10 D:\wamp\www\Mobile_Kitchen\framework\web\CController.php(265): CController->runActionWithFilters(Object(CInlineAction), Array)
#11 D:\wamp\www\Mobile_Kitchen\framework\web\CWebApplication.php(282): CController->run('wxGetadslist')
#12 D:\wamp\www\Mobile_Kitchen\framework\web\CWebApplication.php(141): CWebApplication->runController('Address/wxGetad...')
#13 D:\wamp\www\Mobile_Kitchen\framework\base\CApplication.php(185): CWebApplication->processRequest()
#14 D:\wamp\www\Mobile_Kitchen\index.php(35): CApplication->run()
#15 {main}
REQUEST_URI=/Mobile_Kitchen/index.php?r=Address/wxGetadslist&account=undefined
HTTP_REFERER=https://servicewechat.com/wxf392ee482ff9e385/devtools/page-frame.html
---
2024/06/08 22:38:52 [error] [system.db.CDbCommand] CDbCommand::fetchAll() failed: SQLSTATE[42S22]: Column not found: 1054 Champ 'undefined' inconnu dans where clause. The SQL statement executed was: SELECT * FROM `address` `t` WHERE gf_account = undefined ORDER BY id ASC.
2024/06/08 22:38:52 [error] [exception.CDbException] exception 'CDbException' with message 'CDbCommand 无法执行 SQL 语句: SQLSTATE[42S22]: Column not found: 1054 Champ 'undefined' inconnu dans where clause' in D:\wamp\www\Mobile_Kitchen\framework\db\CDbCommand.php:543
Stack trace:
#0 D:\wamp\www\Mobile_Kitchen\framework\db\CDbCommand.php(396): CDbCommand->queryInternal('fetchAll', Array, Array)
#1 D:\wamp\www\Mobile_Kitchen\framework\db\ar\CActiveRecord.php(1360): CDbCommand->queryAll()
#2 D:\wamp\www\Mobile_Kitchen\framework\db\ar\CActiveRecord.php(1480): CActiveRecord->query(Object(CDbCriteria), true, true)
#3 D:\wamp\www\Mobile_Kitchen\admin\components\BaseModel.php(664): CActiveRecord->findAll(Object(CDbCriteria), Array, true)
#4 D:\wamp\www\Mobile_Kitchen\admin\controllers\AddressController.php(80): BaseModel->findAll(Object(CDbCriteria))
#5 [internal function]: AddressController->actionwxGetadslist('undefined', '0')
#6 D:\wamp\www\Mobile_Kitchen\framework\web\actions\CAction.php(109): ReflectionMethod->invokeArgs(Object(AddressController), Array)
#7 D:\wamp\www\Mobile_Kitchen\framework\web\actions\CInlineAction.php(47): CAction->runWithParamsInternal(Object(AddressController), Object(ReflectionMethod), Array)
#8 D:\wamp\www\Mobile_Kitchen\framework\web\CController.php(308): CInlineAction->runWithParams(Array)
#9 D:\wamp\www\Mobile_Kitchen\framework\web\CController.php(286): CController->runAction(Object(CInlineAction))
#10 D:\wamp\www\Mobile_Kitchen\framework\web\CController.php(265): CController->runActionWithFilters(Object(CInlineAction), Array)
#11 D:\wamp\www\Mobile_Kitchen\framework\web\CWebApplication.php(282): CController->run('wxGetadslist')
#12 D:\wamp\www\Mobile_Kitchen\framework\web\CWebApplication.php(141): CWebApplication->runController('Address/wxGetad...')
#13 D:\wamp\www\Mobile_Kitchen\framework\base\CApplication.php(185): CWebApplication->processRequest()
#14 D:\wamp\www\Mobile_Kitchen\index.php(35): CApplication->run()
#15 {main}
REQUEST_URI=/Mobile_Kitchen/index.php?r=Address/wxGetadslist&account=undefined
HTTP_REFERER=https://servicewechat.com/wxf392ee482ff9e385/devtools/page-frame.html
---
2024/06/08 22:38:52 [error] [system.db.CDbCommand] CDbCommand::fetchAll() failed: SQLSTATE[42S22]: Column not found: 1054 Champ 'undefined' inconnu dans where clause. The SQL statement executed was: SELECT * FROM `address` `t` WHERE gf_account = undefined ORDER BY id ASC.
2024/06/08 22:38:52 [error] [exception.CDbException] exception 'CDbException' with message 'CDbCommand 无法执行 SQL 语句: SQLSTATE[42S22]: Column not found: 1054 Champ 'undefined' inconnu dans where clause' in D:\wamp\www\Mobile_Kitchen\framework\db\CDbCommand.php:543
Stack trace:
#0 D:\wamp\www\Mobile_Kitchen\framework\db\CDbCommand.php(396): CDbCommand->queryInternal('fetchAll', Array, Array)
#1 D:\wamp\www\Mobile_Kitchen\framework\db\ar\CActiveRecord.php(1360): CDbCommand->queryAll()
#2 D:\wamp\www\Mobile_Kitchen\framework\db\ar\CActiveRecord.php(1480): CActiveRecord->query(Object(CDbCriteria), true, true)
#3 D:\wamp\www\Mobile_Kitchen\admin\components\BaseModel.php(664): CActiveRecord->findAll(Object(CDbCriteria), Array, true)
#4 D:\wamp\www\Mobile_Kitchen\admin\controllers\AddressController.php(80): BaseModel->findAll(Object(CDbCriteria))
#5 [internal function]: AddressController->actionwxGetadslist('undefined', '0')
#6 D:\wamp\www\Mobile_Kitchen\framework\web\actions\CAction.php(109): ReflectionMethod->invokeArgs(Object(AddressController), Array)
#7 D:\wamp\www\Mobile_Kitchen\framework\web\actions\CInlineAction.php(47): CAction->runWithParamsInternal(Object(AddressController), Object(ReflectionMethod), Array)
#8 D:\wamp\www\Mobile_Kitchen\framework\web\CController.php(308): CInlineAction->runWithParams(Array)
#9 D:\wamp\www\Mobile_Kitchen\framework\web\CController.php(286): CController->runAction(Object(CInlineAction))
#10 D:\wamp\www\Mobile_Kitchen\framework\web\CController.php(265): CController->runActionWithFilters(Object(CInlineAction), Array)
#11 D:\wamp\www\Mobile_Kitchen\framework\web\CWebApplication.php(282): CController->run('wxGetadslist')
#12 D:\wamp\www\Mobile_Kitchen\framework\web\CWebApplication.php(141): CWebApplication->runController('Address/wxGetad...')
#13 D:\wamp\www\Mobile_Kitchen\framework\base\CApplication.php(185): CWebApplication->processRequest()
#14 D:\wamp\www\Mobile_Kitchen\index.php(35): CApplication->run()
#15 {main}
REQUEST_URI=/Mobile_Kitchen/index.php?r=Address/wxGetadslist&account=undefined
HTTP_REFERER=https://servicewechat.com/wxf392ee482ff9e385/devtools/page-frame.html
---
2024/06/08 22:39:34 [error] [system.db.CDbCommand] CDbCommand::fetchAll() failed: SQLSTATE[42S22]: Column not found: 1054 Champ 'undefined' inconnu dans where clause. The SQL statement executed was: SELECT * FROM `address` `t` WHERE gf_account = undefined ORDER BY id ASC.
2024/06/08 22:39:34 [error] [exception.CDbException] exception 'CDbException' with message 'CDbCommand 无法执行 SQL 语句: SQLSTATE[42S22]: Column not found: 1054 Champ 'undefined' inconnu dans where clause' in D:\wamp\www\Mobile_Kitchen\framework\db\CDbCommand.php:543
Stack trace:
#0 D:\wamp\www\Mobile_Kitchen\framework\db\CDbCommand.php(396): CDbCommand->queryInternal('fetchAll', Array, Array)
#1 D:\wamp\www\Mobile_Kitchen\framework\db\ar\CActiveRecord.php(1360): CDbCommand->queryAll()
#2 D:\wamp\www\Mobile_Kitchen\framework\db\ar\CActiveRecord.php(1480): CActiveRecord->query(Object(CDbCriteria), true, true)
#3 D:\wamp\www\Mobile_Kitchen\admin\components\BaseModel.php(664): CActiveRecord->findAll(Object(CDbCriteria), Array, true)
#4 D:\wamp\www\Mobile_Kitchen\admin\controllers\AddressController.php(80): BaseModel->findAll(Object(CDbCriteria))
#5 [internal function]: AddressController->actionwxGetadslist('undefined', '0')
#6 D:\wamp\www\Mobile_Kitchen\framework\web\actions\CAction.php(109): ReflectionMethod->invokeArgs(Object(AddressController), Array)
#7 D:\wamp\www\Mobile_Kitchen\framework\web\actions\CInlineAction.php(47): CAction->runWithParamsInternal(Object(AddressController), Object(ReflectionMethod), Array)
#8 D:\wamp\www\Mobile_Kitchen\framework\web\CController.php(308): CInlineAction->runWithParams(Array)
#9 D:\wamp\www\Mobile_Kitchen\framework\web\CController.php(286): CController->runAction(Object(CInlineAction))
#10 D:\wamp\www\Mobile_Kitchen\framework\web\CController.php(265): CController->runActionWithFilters(Object(CInlineAction), Array)
#11 D:\wamp\www\Mobile_Kitchen\framework\web\CWebApplication.php(282): CController->run('wxGetadslist')
#12 D:\wamp\www\Mobile_Kitchen\framework\web\CWebApplication.php(141): CWebApplication->runController('Address/wxGetad...')
#13 D:\wamp\www\Mobile_Kitchen\framework\base\CApplication.php(185): CWebApplication->processRequest()
#14 D:\wamp\www\Mobile_Kitchen\index.php(35): CApplication->run()
#15 {main}
REQUEST_URI=/Mobile_Kitchen/index.php?r=Address/wxGetadslist&account=undefined
HTTP_REFERER=https://servicewechat.com/wxf392ee482ff9e385/devtools/page-frame.html
---
2024/06/08 22:39:34 [error] [system.db.CDbCommand] CDbCommand::fetchAll() failed: SQLSTATE[42S22]: Column not found: 1054 Champ 'undefined' inconnu dans where clause. The SQL statement executed was: SELECT * FROM `address` `t` WHERE gf_account = undefined ORDER BY id ASC.
2024/06/08 22:39:34 [error] [exception.CDbException] exception 'CDbException' with message 'CDbCommand 无法执行 SQL 语句: SQLSTATE[42S22]: Column not found: 1054 Champ 'undefined' inconnu dans where clause' in D:\wamp\www\Mobile_Kitchen\framework\db\CDbCommand.php:543
Stack trace:
#0 D:\wamp\www\Mobile_Kitchen\framework\db\CDbCommand.php(396): CDbCommand->queryInternal('fetchAll', Array, Array)
#1 D:\wamp\www\Mobile_Kitchen\framework\db\ar\CActiveRecord.php(1360): CDbCommand->queryAll()
#2 D:\wamp\www\Mobile_Kitchen\framework\db\ar\CActiveRecord.php(1480): CActiveRecord->query(Object(CDbCriteria), true, true)
#3 D:\wamp\www\Mobile_Kitchen\admin\components\BaseModel.php(664): CActiveRecord->findAll(Object(CDbCriteria), Array, true)
#4 D:\wamp\www\Mobile_Kitchen\admin\controllers\AddressController.php(80): BaseModel->findAll(Object(CDbCriteria))
#5 [internal function]: AddressController->actionwxGetadslist('undefined', '0')
#6 D:\wamp\www\Mobile_Kitchen\framework\web\actions\CAction.php(109): ReflectionMethod->invokeArgs(Object(AddressController), Array)
#7 D:\wamp\www\Mobile_Kitchen\framework\web\actions\CInlineAction.php(47): CAction->runWithParamsInternal(Object(AddressController), Object(ReflectionMethod), Array)
#8 D:\wamp\www\Mobile_Kitchen\framework\web\CController.php(308): CInlineAction->runWithParams(Array)
#9 D:\wamp\www\Mobile_Kitchen\framework\web\CController.php(286): CController->runAction(Object(CInlineAction))
#10 D:\wamp\www\Mobile_Kitchen\framework\web\CController.php(265): CController->runActionWithFilters(Object(CInlineAction), Array)
#11 D:\wamp\www\Mobile_Kitchen\framework\web\CWebApplication.php(282): CController->run('wxGetadslist')
#12 D:\wamp\www\Mobile_Kitchen\framework\web\CWebApplication.php(141): CWebApplication->runController('Address/wxGetad...')
#13 D:\wamp\www\Mobile_Kitchen\framework\base\CApplication.php(185): CWebApplication->processRequest()
#14 D:\wamp\www\Mobile_Kitchen\index.php(35): CApplication->run()
#15 {main}
REQUEST_URI=/Mobile_Kitchen/index.php?r=Address/wxGetadslist&account=undefined
HTTP_REFERER=https://servicewechat.com/wxf392ee482ff9e385/devtools/page-frame.html
---
2024/06/08 22:39:39 [error] [system.db.CDbCommand] CDbCommand::fetchAll() failed: SQLSTATE[42S22]: Column not found: 1054 Champ 'undefined' inconnu dans where clause. The SQL statement executed was: SELECT * FROM `address` `t` WHERE gf_account = undefined ORDER BY id ASC.
2024/06/08 22:39:39 [error] [exception.CDbException] exception 'CDbException' with message 'CDbCommand 无法执行 SQL 语句: SQLSTATE[42S22]: Column not found: 1054 Champ 'undefined' inconnu dans where clause' in D:\wamp\www\Mobile_Kitchen\framework\db\CDbCommand.php:543
Stack trace:
#0 D:\wamp\www\Mobile_Kitchen\framework\db\CDbCommand.php(396): CDbCommand->queryInternal('fetchAll', Array, Array)
#1 D:\wamp\www\Mobile_Kitchen\framework\db\ar\CActiveRecord.php(1360): CDbCommand->queryAll()
#2 D:\wamp\www\Mobile_Kitchen\framework\db\ar\CActiveRecord.php(1480): CActiveRecord->query(Object(CDbCriteria), true, true)
#3 D:\wamp\www\Mobile_Kitchen\admin\components\BaseModel.php(664): CActiveRecord->findAll(Object(CDbCriteria), Array, true)
#4 D:\wamp\www\Mobile_Kitchen\admin\controllers\AddressController.php(80): BaseModel->findAll(Object(CDbCriteria))
#5 [internal function]: AddressController->actionwxGetadslist('undefined', '0')
#6 D:\wamp\www\Mobile_Kitchen\framework\web\actions\CAction.php(109): ReflectionMethod->invokeArgs(Object(AddressController), Array)
#7 D:\wamp\www\Mobile_Kitchen\framework\web\actions\CInlineAction.php(47): CAction->runWithParamsInternal(Object(AddressController), Object(ReflectionMethod), Array)
#8 D:\wamp\www\Mobile_Kitchen\framework\web\CController.php(308): CInlineAction->runWithParams(Array)
#9 D:\wamp\www\Mobile_Kitchen\framework\web\CController.php(286): CController->runAction(Object(CInlineAction))
#10 D:\wamp\www\Mobile_Kitchen\framework\web\CController.php(265): CController->runActionWithFilters(Object(CInlineAction), Array)
#11 D:\wamp\www\Mobile_Kitchen\framework\web\CWebApplication.php(282): CController->run('wxGetadslist')
#12 D:\wamp\www\Mobile_Kitchen\framework\web\CWebApplication.php(141): CWebApplication->runController('Address/wxGetad...')
#13 D:\wamp\www\Mobile_Kitchen\framework\base\CApplication.php(185): CWebApplication->processRequest()
#14 D:\wamp\www\Mobile_Kitchen\index.php(35): CApplication->run()
#15 {main}
REQUEST_URI=/Mobile_Kitchen/index.php?r=Address/wxGetadslist&account=undefined
HTTP_REFERER=https://servicewechat.com/wxf392ee482ff9e385/devtools/page-frame.html
---
2024/06/08 22:39:39 [error] [system.db.CDbCommand] CDbCommand::fetchAll() failed: SQLSTATE[42S22]: Column not found: 1054 Champ 'undefined' inconnu dans where clause. The SQL statement executed was: SELECT * FROM `address` `t` WHERE gf_account = undefined ORDER BY id ASC.
2024/06/08 22:39:39 [error] [exception.CDbException] exception 'CDbException' with message 'CDbCommand 无法执行 SQL 语句: SQLSTATE[42S22]: Column not found: 1054 Champ 'undefined' inconnu dans where clause' in D:\wamp\www\Mobile_Kitchen\framework\db\CDbCommand.php:543
Stack trace:
#0 D:\wamp\www\Mobile_Kitchen\framework\db\CDbCommand.php(396): CDbCommand->queryInternal('fetchAll', Array, Array)
#1 D:\wamp\www\Mobile_Kitchen\framework\db\ar\CActiveRecord.php(1360): CDbCommand->queryAll()
#2 D:\wamp\www\Mobile_Kitchen\framework\db\ar\CActiveRecord.php(1480): CActiveRecord->query(Object(CDbCriteria), true, true)
#3 D:\wamp\www\Mobile_Kitchen\admin\components\BaseModel.php(664): CActiveRecord->findAll(Object(CDbCriteria), Array, true)
#4 D:\wamp\www\Mobile_Kitchen\admin\controllers\AddressController.php(80): BaseModel->findAll(Object(CDbCriteria))
#5 [internal function]: AddressController->actionwxGetadslist('undefined', '0')
#6 D:\wamp\www\Mobile_Kitchen\framework\web\actions\CAction.php(109): ReflectionMethod->invokeArgs(Object(AddressController), Array)
#7 D:\wamp\www\Mobile_Kitchen\framework\web\actions\CInlineAction.php(47): CAction->runWithParamsInternal(Object(AddressController), Object(ReflectionMethod), Array)
#8 D:\wamp\www\Mobile_Kitchen\framework\web\CController.php(308): CInlineAction->runWithParams(Array)
#9 D:\wamp\www\Mobile_Kitchen\framework\web\CController.php(286): CController->runAction(Object(CInlineAction))
#10 D:\wamp\www\Mobile_Kitchen\framework\web\CController.php(265): CController->runActionWithFilters(Object(CInlineAction), Array)
#11 D:\wamp\www\Mobile_Kitchen\framework\web\CWebApplication.php(282): CController->run('wxGetadslist')
#12 D:\wamp\www\Mobile_Kitchen\framework\web\CWebApplication.php(141): CWebApplication->runController('Address/wxGetad...')
#13 D:\wamp\www\Mobile_Kitchen\framework\base\CApplication.php(185): CWebApplication->processRequest()
#14 D:\wamp\www\Mobile_Kitchen\index.php(35): CApplication->run()
#15 {main}
REQUEST_URI=/Mobile_Kitchen/index.php?r=Address/wxGetadslist&account=undefined
HTTP_REFERER=https://servicewechat.com/wxf392ee482ff9e385/devtools/page-frame.html
---
2024/06/08 22:39:50 [error] [system.db.CDbCommand] CDbCommand::fetchAll() failed: SQLSTATE[42S22]: Column not found: 1054 Champ 'undefined' inconnu dans where clause. The SQL statement executed was: SELECT * FROM `address` `t` WHERE gf_account = undefined ORDER BY id ASC.
2024/06/08 22:39:50 [error] [exception.CDbException] exception 'CDbException' with message 'CDbCommand 无法执行 SQL 语句: SQLSTATE[42S22]: Column not found: 1054 Champ 'undefined' inconnu dans where clause' in D:\wamp\www\Mobile_Kitchen\framework\db\CDbCommand.php:543
Stack trace:
#0 D:\wamp\www\Mobile_Kitchen\framework\db\CDbCommand.php(396): CDbCommand->queryInternal('fetchAll', Array, Array)
#1 D:\wamp\www\Mobile_Kitchen\framework\db\ar\CActiveRecord.php(1360): CDbCommand->queryAll()
#2 D:\wamp\www\Mobile_Kitchen\framework\db\ar\CActiveRecord.php(1480): CActiveRecord->query(Object(CDbCriteria), true, true)
#3 D:\wamp\www\Mobile_Kitchen\admin\components\BaseModel.php(664): CActiveRecord->findAll(Object(CDbCriteria), Array, true)
#4 D:\wamp\www\Mobile_Kitchen\admin\controllers\AddressController.php(80): BaseModel->findAll(Object(CDbCriteria))
#5 [internal function]: AddressController->actionwxGetadslist('undefined', '0')
#6 D:\wamp\www\Mobile_Kitchen\framework\web\actions\CAction.php(109): ReflectionMethod->invokeArgs(Object(AddressController), Array)
#7 D:\wamp\www\Mobile_Kitchen\framework\web\actions\CInlineAction.php(47): CAction->runWithParamsInternal(Object(AddressController), Object(ReflectionMethod), Array)
#8 D:\wamp\www\Mobile_Kitchen\framework\web\CController.php(308): CInlineAction->runWithParams(Array)
#9 D:\wamp\www\Mobile_Kitchen\framework\web\CController.php(286): CController->runAction(Object(CInlineAction))
#10 D:\wamp\www\Mobile_Kitchen\framework\web\CController.php(265): CController->runActionWithFilters(Object(CInlineAction), Array)
#11 D:\wamp\www\Mobile_Kitchen\framework\web\CWebApplication.php(282): CController->run('wxGetadslist')
#12 D:\wamp\www\Mobile_Kitchen\framework\web\CWebApplication.php(141): CWebApplication->runController('Address/wxGetad...')
#13 D:\wamp\www\Mobile_Kitchen\framework\base\CApplication.php(185): CWebApplication->processRequest()
#14 D:\wamp\www\Mobile_Kitchen\index.php(35): CApplication->run()
#15 {main}
REQUEST_URI=/Mobile_Kitchen/index.php?r=Address/wxGetadslist&account=undefined
HTTP_REFERER=https://servicewechat.com/wxf392ee482ff9e385/devtools/page-frame.html
---
2024/06/08 22:39:50 [error] [system.db.CDbCommand] CDbCommand::fetchAll() failed: SQLSTATE[42S22]: Column not found: 1054 Champ 'undefined' inconnu dans where clause. The SQL statement executed was: SELECT * FROM `address` `t` WHERE gf_account = undefined ORDER BY id ASC.
2024/06/08 22:39:50 [error] [exception.CDbException] exception 'CDbException' with message 'CDbCommand 无法执行 SQL 语句: SQLSTATE[42S22]: Column not found: 1054 Champ 'undefined' inconnu dans where clause' in D:\wamp\www\Mobile_Kitchen\framework\db\CDbCommand.php:543
Stack trace:
#0 D:\wamp\www\Mobile_Kitchen\framework\db\CDbCommand.php(396): CDbCommand->queryInternal('fetchAll', Array, Array)
#1 D:\wamp\www\Mobile_Kitchen\framework\db\ar\CActiveRecord.php(1360): CDbCommand->queryAll()
#2 D:\wamp\www\Mobile_Kitchen\framework\db\ar\CActiveRecord.php(1480): CActiveRecord->query(Object(CDbCriteria), true, true)
#3 D:\wamp\www\Mobile_Kitchen\admin\components\BaseModel.php(664): CActiveRecord->findAll(Object(CDbCriteria), Array, true)
#4 D:\wamp\www\Mobile_Kitchen\admin\controllers\AddressController.php(80): BaseModel->findAll(Object(CDbCriteria))
#5 [internal function]: AddressController->actionwxGetadslist('undefined', '0')
#6 D:\wamp\www\Mobile_Kitchen\framework\web\actions\CAction.php(109): ReflectionMethod->invokeArgs(Object(AddressController), Array)
#7 D:\wamp\www\Mobile_Kitchen\framework\web\actions\CInlineAction.php(47): CAction->runWithParamsInternal(Object(AddressController), Object(ReflectionMethod), Array)
#8 D:\wamp\www\Mobile_Kitchen\framework\web\CController.php(308): CInlineAction->runWithParams(Array)
#9 D:\wamp\www\Mobile_Kitchen\framework\web\CController.php(286): CController->runAction(Object(CInlineAction))
#10 D:\wamp\www\Mobile_Kitchen\framework\web\CController.php(265): CController->runActionWithFilters(Object(CInlineAction), Array)
#11 D:\wamp\www\Mobile_Kitchen\framework\web\CWebApplication.php(282): CController->run('wxGetadslist')
#12 D:\wamp\www\Mobile_Kitchen\framework\web\CWebApplication.php(141): CWebApplication->runController('Address/wxGetad...')
#13 D:\wamp\www\Mobile_Kitchen\framework\base\CApplication.php(185): CWebApplication->processRequest()
#14 D:\wamp\www\Mobile_Kitchen\index.php(35): CApplication->run()
#15 {main}
REQUEST_URI=/Mobile_Kitchen/index.php?r=Address/wxGetadslist&account=undefined
HTTP_REFERER=https://servicewechat.com/wxf392ee482ff9e385/devtools/page-frame.html
---
2024/06/08 22:39:58 [error] [system.db.CDbCommand] CDbCommand::fetchAll() failed: SQLSTATE[42S22]: Column not found: 1054 Champ 'undefined' inconnu dans where clause. The SQL statement executed was: SELECT * FROM `address` `t` WHERE gf_account = undefined ORDER BY id ASC.
2024/06/08 22:39:58 [error] [exception.CDbException] exception 'CDbException' with message 'CDbCommand 无法执行 SQL 语句: SQLSTATE[42S22]: Column not found: 1054 Champ 'undefined' inconnu dans where clause' in D:\wamp\www\Mobile_Kitchen\framework\db\CDbCommand.php:543
Stack trace:
#0 D:\wamp\www\Mobile_Kitchen\framework\db\CDbCommand.php(396): CDbCommand->queryInternal('fetchAll', Array, Array)
#1 D:\wamp\www\Mobile_Kitchen\framework\db\ar\CActiveRecord.php(1360): CDbCommand->queryAll()
#2 D:\wamp\www\Mobile_Kitchen\framework\db\ar\CActiveRecord.php(1480): CActiveRecord->query(Object(CDbCriteria), true, true)
#3 D:\wamp\www\Mobile_Kitchen\admin\components\BaseModel.php(664): CActiveRecord->findAll(Object(CDbCriteria), Array, true)
#4 D:\wamp\www\Mobile_Kitchen\admin\controllers\AddressController.php(80): BaseModel->findAll(Object(CDbCriteria))
#5 [internal function]: AddressController->actionwxGetadslist('undefined', '0')
#6 D:\wamp\www\Mobile_Kitchen\framework\web\actions\CAction.php(109): ReflectionMethod->invokeArgs(Object(AddressController), Array)
#7 D:\wamp\www\Mobile_Kitchen\framework\web\actions\CInlineAction.php(47): CAction->runWithParamsInternal(Object(AddressController), Object(ReflectionMethod), Array)
#8 D:\wamp\www\Mobile_Kitchen\framework\web\CController.php(308): CInlineAction->runWithParams(Array)
#9 D:\wamp\www\Mobile_Kitchen\framework\web\CController.php(286): CController->runAction(Object(CInlineAction))
#10 D:\wamp\www\Mobile_Kitchen\framework\web\CController.php(265): CController->runActionWithFilters(Object(CInlineAction), Array)
#11 D:\wamp\www\Mobile_Kitchen\framework\web\CWebApplication.php(282): CController->run('wxGetadslist')
#12 D:\wamp\www\Mobile_Kitchen\framework\web\CWebApplication.php(141): CWebApplication->runController('Address/wxGetad...')
#13 D:\wamp\www\Mobile_Kitchen\framework\base\CApplication.php(185): CWebApplication->processRequest()
#14 D:\wamp\www\Mobile_Kitchen\index.php(35): CApplication->run()
#15 {main}
REQUEST_URI=/Mobile_Kitchen/index.php?r=Address/wxGetadslist&account=undefined
HTTP_REFERER=https://servicewechat.com/wxf392ee482ff9e385/devtools/page-frame.html
---
2024/06/08 22:39:58 [error] [system.db.CDbCommand] CDbCommand::fetchAll() failed: SQLSTATE[42S22]: Column not found: 1054 Champ 'undefined' inconnu dans where clause. The SQL statement executed was: SELECT * FROM `address` `t` WHERE gf_account = undefined ORDER BY id ASC.
2024/06/08 22:39:58 [error] [exception.CDbException] exception 'CDbException' with message 'CDbCommand 无法执行 SQL 语句: SQLSTATE[42S22]: Column not found: 1054 Champ 'undefined' inconnu dans where clause' in D:\wamp\www\Mobile_Kitchen\framework\db\CDbCommand.php:543
Stack trace:
#0 D:\wamp\www\Mobile_Kitchen\framework\db\CDbCommand.php(396): CDbCommand->queryInternal('fetchAll', Array, Array)
#1 D:\wamp\www\Mobile_Kitchen\framework\db\ar\CActiveRecord.php(1360): CDbCommand->queryAll()
#2 D:\wamp\www\Mobile_Kitchen\framework\db\ar\CActiveRecord.php(1480): CActiveRecord->query(Object(CDbCriteria), true, true)
#3 D:\wamp\www\Mobile_Kitchen\admin\components\BaseModel.php(664): CActiveRecord->findAll(Object(CDbCriteria), Array, true)
#4 D:\wamp\www\Mobile_Kitchen\admin\controllers\AddressController.php(80): BaseModel->findAll(Object(CDbCriteria))
#5 [internal function]: AddressController->actionwxGetadslist('undefined', '0')
#6 D:\wamp\www\Mobile_Kitchen\framework\web\actions\CAction.php(109): ReflectionMethod->invokeArgs(Object(AddressController), Array)
#7 D:\wamp\www\Mobile_Kitchen\framework\web\actions\CInlineAction.php(47): CAction->runWithParamsInternal(Object(AddressController), Object(ReflectionMethod), Array)
#8 D:\wamp\www\Mobile_Kitchen\framework\web\CController.php(308): CInlineAction->runWithParams(Array)
#9 D:\wamp\www\Mobile_Kitchen\framework\web\CController.php(286): CController->runAction(Object(CInlineAction))
#10 D:\wamp\www\Mobile_Kitchen\framework\web\CController.php(265): CController->runActionWithFilters(Object(CInlineAction), Array)
#11 D:\wamp\www\Mobile_Kitchen\framework\web\CWebApplication.php(282): CController->run('wxGetadslist')
#12 D:\wamp\www\Mobile_Kitchen\framework\web\CWebApplication.php(141): CWebApplication->runController('Address/wxGetad...')
#13 D:\wamp\www\Mobile_Kitchen\framework\base\CApplication.php(185): CWebApplication->processRequest()
#14 D:\wamp\www\Mobile_Kitchen\index.php(35): CApplication->run()
#15 {main}
REQUEST_URI=/Mobile_Kitchen/index.php?r=Address/wxGetadslist&account=undefined
HTTP_REFERER=https://servicewechat.com/wxf392ee482ff9e385/devtools/page-frame.html
---
2024/06/08 22:40:01 [error] [system.db.CDbCommand] CDbCommand::fetchAll() failed: SQLSTATE[42S22]: Column not found: 1054 Champ 'undefined' inconnu dans where clause. The SQL statement executed was: SELECT * FROM `address` `t` WHERE gf_account = undefined ORDER BY id ASC.
2024/06/08 22:40:01 [error] [exception.CDbException] exception 'CDbException' with message 'CDbCommand 无法执行 SQL 语句: SQLSTATE[42S22]: Column not found: 1054 Champ 'undefined' inconnu dans where clause' in D:\wamp\www\Mobile_Kitchen\framework\db\CDbCommand.php:543
Stack trace:
#0 D:\wamp\www\Mobile_Kitchen\framework\db\CDbCommand.php(396): CDbCommand->queryInternal('fetchAll', Array, Array)
#1 D:\wamp\www\Mobile_Kitchen\framework\db\ar\CActiveRecord.php(1360): CDbCommand->queryAll()
#2 D:\wamp\www\Mobile_Kitchen\framework\db\ar\CActiveRecord.php(1480): CActiveRecord->query(Object(CDbCriteria), true, true)
#3 D:\wamp\www\Mobile_Kitchen\admin\components\BaseModel.php(664): CActiveRecord->findAll(Object(CDbCriteria), Array, true)
#4 D:\wamp\www\Mobile_Kitchen\admin\controllers\AddressController.php(80): BaseModel->findAll(Object(CDbCriteria))
#5 [internal function]: AddressController->actionwxGetadslist('undefined', '0')
#6 D:\wamp\www\Mobile_Kitchen\framework\web\actions\CAction.php(109): ReflectionMethod->invokeArgs(Object(AddressController), Array)
#7 D:\wamp\www\Mobile_Kitchen\framework\web\actions\CInlineAction.php(47): CAction->runWithParamsInternal(Object(AddressController), Object(ReflectionMethod), Array)
#8 D:\wamp\www\Mobile_Kitchen\framework\web\CController.php(308): CInlineAction->runWithParams(Array)
#9 D:\wamp\www\Mobile_Kitchen\framework\web\CController.php(286): CController->runAction(Object(CInlineAction))
#10 D:\wamp\www\Mobile_Kitchen\framework\web\CController.php(265): CController->runActionWithFilters(Object(CInlineAction), Array)
#11 D:\wamp\www\Mobile_Kitchen\framework\web\CWebApplication.php(282): CController->run('wxGetadslist')
#12 D:\wamp\www\Mobile_Kitchen\framework\web\CWebApplication.php(141): CWebApplication->runController('Address/wxGetad...')
#13 D:\wamp\www\Mobile_Kitchen\framework\base\CApplication.php(185): CWebApplication->processRequest()
#14 D:\wamp\www\Mobile_Kitchen\index.php(35): CApplication->run()
#15 {main}
REQUEST_URI=/Mobile_Kitchen/index.php?r=Address/wxGetadslist&account=undefined
HTTP_REFERER=https://servicewechat.com/wxf392ee482ff9e385/devtools/page-frame.html
---
2024/06/08 22:40:01 [error] [system.db.CDbCommand] CDbCommand::fetchAll() failed: SQLSTATE[42S22]: Column not found: 1054 Champ 'undefined' inconnu dans where clause. The SQL statement executed was: SELECT * FROM `address` `t` WHERE gf_account = undefined ORDER BY id ASC.
2024/06/08 22:40:01 [error] [exception.CDbException] exception 'CDbException' with message 'CDbCommand 无法执行 SQL 语句: SQLSTATE[42S22]: Column not found: 1054 Champ 'undefined' inconnu dans where clause' in D:\wamp\www\Mobile_Kitchen\framework\db\CDbCommand.php:543
Stack trace:
#0 D:\wamp\www\Mobile_Kitchen\framework\db\CDbCommand.php(396): CDbCommand->queryInternal('fetchAll', Array, Array)
#1 D:\wamp\www\Mobile_Kitchen\framework\db\ar\CActiveRecord.php(1360): CDbCommand->queryAll()
#2 D:\wamp\www\Mobile_Kitchen\framework\db\ar\CActiveRecord.php(1480): CActiveRecord->query(Object(CDbCriteria), true, true)
#3 D:\wamp\www\Mobile_Kitchen\admin\components\BaseModel.php(664): CActiveRecord->findAll(Object(CDbCriteria), Array, true)
#4 D:\wamp\www\Mobile_Kitchen\admin\controllers\AddressController.php(80): BaseModel->findAll(Object(CDbCriteria))
#5 [internal function]: AddressController->actionwxGetadslist('undefined', '0')
#6 D:\wamp\www\Mobile_Kitchen\framework\web\actions\CAction.php(109): ReflectionMethod->invokeArgs(Object(AddressController), Array)
#7 D:\wamp\www\Mobile_Kitchen\framework\web\actions\CInlineAction.php(47): CAction->runWithParamsInternal(Object(AddressController), Object(ReflectionMethod), Array)
#8 D:\wamp\www\Mobile_Kitchen\framework\web\CController.php(308): CInlineAction->runWithParams(Array)
#9 D:\wamp\www\Mobile_Kitchen\framework\web\CController.php(286): CController->runAction(Object(CInlineAction))
#10 D:\wamp\www\Mobile_Kitchen\framework\web\CController.php(265): CController->runActionWithFilters(Object(CInlineAction), Array)
#11 D:\wamp\www\Mobile_Kitchen\framework\web\CWebApplication.php(282): CController->run('wxGetadslist')
#12 D:\wamp\www\Mobile_Kitchen\framework\web\CWebApplication.php(141): CWebApplication->runController('Address/wxGetad...')
#13 D:\wamp\www\Mobile_Kitchen\framework\base\CApplication.php(185): CWebApplication->processRequest()
#14 D:\wamp\www\Mobile_Kitchen\index.php(35): CApplication->run()
#15 {main}
REQUEST_URI=/Mobile_Kitchen/index.php?r=Address/wxGetadslist&account=undefined
HTTP_REFERER=https://servicewechat.com/wxf392ee482ff9e385/devtools/page-frame.html
---
2024/06/08 22:41:43 [error] [system.db.CDbCommand] CDbCommand::fetchAll() failed: SQLSTATE[42S22]: Column not found: 1054 Champ 'undefined' inconnu dans where clause. The SQL statement executed was: SELECT * FROM `address` `t` WHERE gf_account = undefined ORDER BY id ASC.
2024/06/08 22:41:43 [error] [exception.CDbException] exception 'CDbException' with message 'CDbCommand 无法执行 SQL 语句: SQLSTATE[42S22]: Column not found: 1054 Champ 'undefined' inconnu dans where clause' in D:\wamp\www\Mobile_Kitchen\framework\db\CDbCommand.php:543
Stack trace:
#0 D:\wamp\www\Mobile_Kitchen\framework\db\CDbCommand.php(396): CDbCommand->queryInternal('fetchAll', Array, Array)
#1 D:\wamp\www\Mobile_Kitchen\framework\db\ar\CActiveRecord.php(1360): CDbCommand->queryAll()
#2 D:\wamp\www\Mobile_Kitchen\framework\db\ar\CActiveRecord.php(1480): CActiveRecord->query(Object(CDbCriteria), true, true)
#3 D:\wamp\www\Mobile_Kitchen\admin\components\BaseModel.php(664): CActiveRecord->findAll(Object(CDbCriteria), Array, true)
#4 D:\wamp\www\Mobile_Kitchen\admin\controllers\AddressController.php(80): BaseModel->findAll(Object(CDbCriteria))
#5 [internal function]: AddressController->actionwxGetadslist('undefined', '0')
#6 D:\wamp\www\Mobile_Kitchen\framework\web\actions\CAction.php(109): ReflectionMethod->invokeArgs(Object(AddressController), Array)
#7 D:\wamp\www\Mobile_Kitchen\framework\web\actions\CInlineAction.php(47): CAction->runWithParamsInternal(Object(AddressController), Object(ReflectionMethod), Array)
#8 D:\wamp\www\Mobile_Kitchen\framework\web\CController.php(308): CInlineAction->runWithParams(Array)
#9 D:\wamp\www\Mobile_Kitchen\framework\web\CController.php(286): CController->runAction(Object(CInlineAction))
#10 D:\wamp\www\Mobile_Kitchen\framework\web\CController.php(265): CController->runActionWithFilters(Object(CInlineAction), Array)
#11 D:\wamp\www\Mobile_Kitchen\framework\web\CWebApplication.php(282): CController->run('wxGetadslist')
#12 D:\wamp\www\Mobile_Kitchen\framework\web\CWebApplication.php(141): CWebApplication->runController('Address/wxGetad...')
#13 D:\wamp\www\Mobile_Kitchen\framework\base\CApplication.php(185): CWebApplication->processRequest()
#14 D:\wamp\www\Mobile_Kitchen\index.php(35): CApplication->run()
#15 {main}
REQUEST_URI=/Mobile_Kitchen/index.php?r=Address/wxGetadslist&account=undefined
HTTP_REFERER=https://servicewechat.com/wxf392ee482ff9e385/devtools/page-frame.html
---
2024/06/08 22:41:44 [error] [system.db.CDbCommand] CDbCommand::fetchAll() failed: SQLSTATE[42S22]: Column not found: 1054 Champ 'undefined' inconnu dans where clause. The SQL statement executed was: SELECT * FROM `address` `t` WHERE gf_account = undefined ORDER BY id ASC.
2024/06/08 22:41:44 [error] [exception.CDbException] exception 'CDbException' with message 'CDbCommand 无法执行 SQL 语句: SQLSTATE[42S22]: Column not found: 1054 Champ 'undefined' inconnu dans where clause' in D:\wamp\www\Mobile_Kitchen\framework\db\CDbCommand.php:543
Stack trace:
#0 D:\wamp\www\Mobile_Kitchen\framework\db\CDbCommand.php(396): CDbCommand->queryInternal('fetchAll', Array, Array)
#1 D:\wamp\www\Mobile_Kitchen\framework\db\ar\CActiveRecord.php(1360): CDbCommand->queryAll()
#2 D:\wamp\www\Mobile_Kitchen\framework\db\ar\CActiveRecord.php(1480): CActiveRecord->query(Object(CDbCriteria), true, true)
#3 D:\wamp\www\Mobile_Kitchen\admin\components\BaseModel.php(664): CActiveRecord->findAll(Object(CDbCriteria), Array, true)
#4 D:\wamp\www\Mobile_Kitchen\admin\controllers\AddressController.php(80): BaseModel->findAll(Object(CDbCriteria))
#5 [internal function]: AddressController->actionwxGetadslist('undefined', '0')
#6 D:\wamp\www\Mobile_Kitchen\framework\web\actions\CAction.php(109): ReflectionMethod->invokeArgs(Object(AddressController), Array)
#7 D:\wamp\www\Mobile_Kitchen\framework\web\actions\CInlineAction.php(47): CAction->runWithParamsInternal(Object(AddressController), Object(ReflectionMethod), Array)
#8 D:\wamp\www\Mobile_Kitchen\framework\web\CController.php(308): CInlineAction->runWithParams(Array)
#9 D:\wamp\www\Mobile_Kitchen\framework\web\CController.php(286): CController->runAction(Object(CInlineAction))
#10 D:\wamp\www\Mobile_Kitchen\framework\web\CController.php(265): CController->runActionWithFilters(Object(CInlineAction), Array)
#11 D:\wamp\www\Mobile_Kitchen\framework\web\CWebApplication.php(282): CController->run('wxGetadslist')
#12 D:\wamp\www\Mobile_Kitchen\framework\web\CWebApplication.php(141): CWebApplication->runController('Address/wxGetad...')
#13 D:\wamp\www\Mobile_Kitchen\framework\base\CApplication.php(185): CWebApplication->processRequest()
#14 D:\wamp\www\Mobile_Kitchen\index.php(35): CApplication->run()
#15 {main}
REQUEST_URI=/Mobile_Kitchen/index.php?r=Address/wxGetadslist&account=undefined
HTTP_REFERER=https://servicewechat.com/wxf392ee482ff9e385/devtools/page-frame.html
---
2024/06/08 22:42:54 [error] [php] Trying to get property of non-object (D:\wamp\www\Mobile_Kitchen\admin\controllers\MealDataController.php:285)
Stack trace:
#0 D:\wamp\www\Mobile_Kitchen\framework\web\actions\CInlineAction.php(47): CInlineAction->runWithParamsInternal()
#1 D:\wamp\www\Mobile_Kitchen\framework\web\CController.php(308): CInlineAction->runWithParams()
#2 D:\wamp\www\Mobile_Kitchen\framework\web\CController.php(286): MealDataController->runAction()
#3 D:\wamp\www\Mobile_Kitchen\framework\web\CController.php(265): MealDataController->runActionWithFilters()
#4 D:\wamp\www\Mobile_Kitchen\framework\web\CWebApplication.php(282): MealDataController->run()
#5 D:\wamp\www\Mobile_Kitchen\framework\web\CWebApplication.php(141): CWebApplication->runController()
#6 D:\wamp\www\Mobile_Kitchen\framework\base\CApplication.php(185): CWebApplication->processRequest()
#7 D:\wamp\www\Mobile_Kitchen\index.php(35): CWebApplication->run()
REQUEST_URI=/Mobile_Kitchen/index.php?r=MealData/wxgetdishdetail&meal_id=undefined
2024/06/08 22:43:16 [error] [php] Trying to get property of non-object (D:\wamp\www\Mobile_Kitchen\admin\controllers\MealDataController.php:285)
Stack trace:
#0 D:\wamp\www\Mobile_Kitchen\framework\web\actions\CInlineAction.php(47): CInlineAction->runWithParamsInternal()
#1 D:\wamp\www\Mobile_Kitchen\framework\web\CController.php(308): CInlineAction->runWithParams()
#2 D:\wamp\www\Mobile_Kitchen\framework\web\CController.php(286): MealDataController->runAction()
#3 D:\wamp\www\Mobile_Kitchen\framework\web\CController.php(265): MealDataController->runActionWithFilters()
#4 D:\wamp\www\Mobile_Kitchen\framework\web\CWebApplication.php(282): MealDataController->run()
#5 D:\wamp\www\Mobile_Kitchen\framework\web\CWebApplication.php(141): CWebApplication->runController()
#6 D:\wamp\www\Mobile_Kitchen\framework\base\CApplication.php(185): CWebApplication->processRequest()
#7 D:\wamp\www\Mobile_Kitchen\index.php(35): CWebApplication->run()
REQUEST_URI=/Mobile_Kitchen/index.php?r=MealData/wxgetdishdetail&meal_id=undefined
