2024/04/09 23:27:06 [error] [exception.CException] exception 'CException' with message '属性 "QualificationsPerson.qualification_gfaccount" 未被定义.' in D:\wamp\www\Mobile_Kitchen\framework\base\CComponent.php:130
Stack trace:
#0 D:\wamp\www\Mobile_Kitchen\framework\db\ar\CActiveRecord.php(145): CComponent->__get('qualification_g...')
#1 D:\wamp\www\Mobile_Kitchen\admin\views\qualificationsPerson\index_h.php(49): CActiveRecord->__get('qualification_g...')
#2 D:\wamp\www\Mobile_Kitchen\framework\web\CBaseController.php(126): require('D:\\wamp\\www\\Mob...')
#3 D:\wamp\www\Mobile_Kitchen\framework\web\CBaseController.php(95): CBaseController->renderInternal('D:\\wamp\\www\\Mob...', Array, true)
#4 D:\wamp\www\Mobile_Kitchen\framework\web\CController.php(872): CBaseController->renderFile('D:\\wamp\\www\\Mob...', Array, true)
#5 D:\wamp\www\Mobile_Kitchen\framework\web\CController.php(785): CController->renderPartial('index_h', Array, true)
#6 D:\wamp\www\Mobile_Kitchen\admin\components\BaseController.php(433): CController->render('index_h', Array)
#7 D:\wamp\www\Mobile_Kitchen\admin\controllers\QualificationsPersonController.php(48): BaseController->_list(Object(QualificationsPerson), Object(CDbCriteria), 'index_h', Array)
#8 [internal function]: QualificationsPersonController->actionIndex_h('', '', '')
#9 D:\wamp\www\Mobile_Kitchen\framework\web\actions\CAction.php(109): ReflectionMethod->invokeArgs(Object(QualificationsPersonController), Array)
#10 D:\wamp\www\Mobile_Kitchen\framework\web\actions\CInlineAction.php(47): CAction->runWithParamsInternal(Object(QualificationsPersonController), Object(ReflectionMethod), Array)
#11 D:\wamp\www\Mobile_Kitchen\framework\web\CController.php(308): CInlineAction->runWithParams(Array)
#12 D:\wamp\www\Mobile_Kitchen\framework\web\CController.php(286): CController->runAction(Object(CInlineAction))
#13 D:\wamp\www\Mobile_Kitchen\framework\web\CController.php(265): CController->runActionWithFilters(Object(CInlineAction), Array)
#14 D:\wamp\www\Mobile_Kitchen\framework\web\CWebApplication.php(282): CController->run('index_h')
#15 D:\wamp\www\Mobile_Kitchen\framework\web\CWebApplication.php(141): CWebApplication->runController('qualificationsP...')
#16 D:\wamp\www\Mobile_Kitchen\framework\base\CApplication.php(185): CWebApplication->processRequest()
#17 D:\wamp\www\Mobile_Kitchen\index.php(35): CApplication->run()
#18 {main}
REQUEST_URI=/mobile_kitchen/index.php?r=qualificationsPerson/index_h
HTTP_REFERER=http://127.0.0.1/mobile_kitchen/index.php?r=index/menu&type=C
---
