2024/03/07 22:30:52 [error] [exception.CException] exception 'CException' with message 'ClubMemberImportfileController and its behaviors do not have a method or closure named "_excel".' in D:\Project Environment\wamp\www\Mobile_Kitchen\framework\base\CComponent.php:266
Stack trace:
#0 D:\Project Environment\wamp\www\Mobile_Kitchen\admin\controllers\ClubMemberImportfileController.php(103): CComponent->__call('_excel', Array)
#1 D:\Project Environment\wamp\www\Mobile_Kitchen\admin\controllers\ClubMemberImportfileController.php(103): BaseController->_excel(Array, '\xE5\xAD\xA6\xE5\x91\x98\xE5\x88\x97\xE8\xA1\xA8.xl...')
#2 [internal function]: ClubMemberImportfileController->actionIndex('2016-02-07', '2024-03-07', '', '', '1')
#3 D:\Project Environment\wamp\www\Mobile_Kitchen\framework\web\actions\CAction.php(109): ReflectionMethod->invokeArgs(Object(ClubMemberImportfileController), Array)
#4 D:\Project Environment\wamp\www\Mobile_Kitchen\framework\web\actions\CInlineAction.php(47): CAction->runWithParamsInternal(Object(ClubMemberImportfileController), Object(ReflectionMethod), Array)
#5 D:\Project Environment\wamp\www\Mobile_Kitchen\framework\web\CController.php(308): CInlineAction->runWithParams(Array)
#6 D:\Project Environment\wamp\www\Mobile_Kitchen\framework\web\CController.php(286): CController->runAction(Object(CInlineAction))
#7 D:\Project Environment\wamp\www\Mobile_Kitchen\framework\web\CController.php(265): CController->runActionWithFilters(Object(CInlineAction), Array)
#8 D:\Project Environment\wamp\www\Mobile_Kitchen\framework\web\CWebApplication.php(282): CController->run('index')
#9 D:\Project Environment\wamp\www\Mobile_Kitchen\framework\web\CWebApplication.php(141): CWebApplication->runController('clubMemberImpor...')
#10 D:\Project Environment\wamp\www\Mobile_Kitchen\framework\base\CApplication.php(185): CWebApplication->processRequest()
#11 D:\Project Environment\wamp\www\Mobile_Kitchen\index.php(35): CApplication->run()
#12 {main}
REQUEST_URI=/Mobile_Kitchen/index.php?r=clubMemberImportfile%2Findex&regtime=2016-02-07&endregtime=2024-03-07&key_club=&keywords=&is_excel=1
HTTP_REFERER=http://localhost/Mobile_Kitchen/index.php?r=clubMemberImportfile%2Findex&regtime=2016-02-07&endregtime=2024-03-07&key_club=&keywords=&is_excel=0
---
2024/03/07 22:35:28 [error] [exception.CException] exception 'CException' with message '属性 "ActivityList.isOnline" 未被定义.' in D:\Project Environment\wamp\www\Mobile_Kitchen\framework\base\CComponent.php:130
Stack trace:
#0 D:\Project Environment\wamp\www\Mobile_Kitchen\framework\db\ar\CActiveRecord.php(145): CComponent->__get('isOnline')
#1 D:\Project Environment\wamp\www\Mobile_Kitchen\framework\web\helpers\CHtml.php(2747): CActiveRecord->__get('isOnline')
#2 D:\Project Environment\wamp\www\Mobile_Kitchen\framework\web\helpers\CHtml.php(1994): CHtml::resolveValue(Object(ActivityList), 'isOnline')
#3 D:\Project Environment\wamp\www\Mobile_Kitchen\framework\web\widgets\CActiveForm.php(914): CHtml::activeDropDownList(Object(ActivityList), 'isOnline', Array, Array)
#4 D:\Project Environment\wamp\www\Mobile_Kitchen\admin\views\activityList\update.php(98): CActiveForm->dropDownList(Object(ActivityList), 'isOnline', Array, Array)
#5 D:\Project Environment\wamp\www\Mobile_Kitchen\framework\web\CBaseController.php(126): require('D:\\Project Envi...')
#6 D:\Project Environment\wamp\www\Mobile_Kitchen\framework\web\CBaseController.php(95): CBaseController->renderInternal('D:\\Project Envi...', Array, true)
#7 D:\Project Environment\wamp\www\Mobile_Kitchen\framework\web\CController.php(872): CBaseController->renderFile('D:\\Project Envi...', Array, true)
#8 D:\Project Environment\wamp\www\Mobile_Kitchen\framework\web\CController.php(785): CController->renderPartial('update', Array, true)
#9 D:\Project Environment\wamp\www\Mobile_Kitchen\admin\controllers\ActivityListController.php(312): CController->render('update', Array)
#10 [internal function]: ActivityListController->actionUpdate('63')
#11 D:\Project Environment\wamp\www\Mobile_Kitchen\framework\web\actions\CAction.php(109): ReflectionMethod->invokeArgs(Object(ActivityListController), Array)
#12 D:\Project Environment\wamp\www\Mobile_Kitchen\framework\web\actions\CInlineAction.php(47): CAction->runWithParamsInternal(Object(ActivityListController), Object(ReflectionMethod), Array)
#13 D:\Project Environment\wamp\www\Mobile_Kitchen\framework\web\CController.php(308): CInlineAction->runWithParams(Array)
#14 D:\Project Environment\wamp\www\Mobile_Kitchen\framework\web\CController.php(286): CController->runAction(Object(CInlineAction))
#15 D:\Project Environment\wamp\www\Mobile_Kitchen\framework\web\CController.php(265): CController->runActionWithFilters(Object(CInlineAction), Array)
#16 D:\Project Environment\wamp\www\Mobile_Kitchen\framework\web\CWebApplication.php(282): CController->run('update')
#17 D:\Project Environment\wamp\www\Mobile_Kitchen\framework\web\CWebApplication.php(141): CWebApplication->runController('activityList/up...')
#18 D:\Project Environment\wamp\www\Mobile_Kitchen\framework\base\CApplication.php(185): CWebApplication->processRequest()
#19 D:\Project Environment\wamp\www\Mobile_Kitchen\index.php(35): CApplication->run()
#20 {main}
REQUEST_URI=/Mobile_Kitchen/index.php?r=activityList/update&id=63&disabled=disabled
HTTP_REFERER=http://localhost/Mobile_Kitchen/index.php?r=activityList/index_audit
---
2024/03/07 22:35:31 [error] [exception.CException] exception 'CException' with message '属性 "ActivityList.isOnline" 未被定义.' in D:\Project Environment\wamp\www\Mobile_Kitchen\framework\base\CComponent.php:130
Stack trace:
#0 D:\Project Environment\wamp\www\Mobile_Kitchen\framework\db\ar\CActiveRecord.php(145): CComponent->__get('isOnline')
#1 D:\Project Environment\wamp\www\Mobile_Kitchen\framework\web\helpers\CHtml.php(2747): CActiveRecord->__get('isOnline')
#2 D:\Project Environment\wamp\www\Mobile_Kitchen\framework\web\helpers\CHtml.php(1994): CHtml::resolveValue(Object(ActivityList), 'isOnline')
#3 D:\Project Environment\wamp\www\Mobile_Kitchen\framework\web\widgets\CActiveForm.php(914): CHtml::activeDropDownList(Object(ActivityList), 'isOnline', Array, Array)
#4 D:\Project Environment\wamp\www\Mobile_Kitchen\admin\views\activityList\update.php(98): CActiveForm->dropDownList(Object(ActivityList), 'isOnline', Array, Array)
#5 D:\Project Environment\wamp\www\Mobile_Kitchen\framework\web\CBaseController.php(126): require('D:\\Project Envi...')
#6 D:\Project Environment\wamp\www\Mobile_Kitchen\framework\web\CBaseController.php(95): CBaseController->renderInternal('D:\\Project Envi...', Array, true)
#7 D:\Project Environment\wamp\www\Mobile_Kitchen\framework\web\CController.php(872): CBaseController->renderFile('D:\\Project Envi...', Array, true)
#8 D:\Project Environment\wamp\www\Mobile_Kitchen\framework\web\CController.php(785): CController->renderPartial('update', Array, true)
#9 D:\Project Environment\wamp\www\Mobile_Kitchen\admin\controllers\ActivityListController.php(312): CController->render('update', Array)
#10 [internal function]: ActivityListController->actionUpdate('69')
#11 D:\Project Environment\wamp\www\Mobile_Kitchen\framework\web\actions\CAction.php(109): ReflectionMethod->invokeArgs(Object(ActivityListController), Array)
#12 D:\Project Environment\wamp\www\Mobile_Kitchen\framework\web\actions\CInlineAction.php(47): CAction->runWithParamsInternal(Object(ActivityListController), Object(ReflectionMethod), Array)
#13 D:\Project Environment\wamp\www\Mobile_Kitchen\framework\web\CController.php(308): CInlineAction->runWithParams(Array)
#14 D:\Project Environment\wamp\www\Mobile_Kitchen\framework\web\CController.php(286): CController->runAction(Object(CInlineAction))
#15 D:\Project Environment\wamp\www\Mobile_Kitchen\framework\web\CController.php(265): CController->runActionWithFilters(Object(CInlineAction), Array)
#16 D:\Project Environment\wamp\www\Mobile_Kitchen\framework\web\CWebApplication.php(282): CController->run('update')
#17 D:\Project Environment\wamp\www\Mobile_Kitchen\framework\web\CWebApplication.php(141): CWebApplication->runController('activityList/up...')
#18 D:\Project Environment\wamp\www\Mobile_Kitchen\framework\base\CApplication.php(185): CWebApplication->processRequest()
#19 D:\Project Environment\wamp\www\Mobile_Kitchen\index.php(35): CApplication->run()
#20 {main}
REQUEST_URI=/Mobile_Kitchen/index.php?r=activityList/update&id=69&disabled=disabled
HTTP_REFERER=http://localhost/Mobile_Kitchen/index.php?r=activityList/index_submit
---
2024/03/07 22:35:43 [error] [exception.CException] exception 'CException' with message '属性 "ActivityList.isOnline" 未被定义.' in D:\Project Environment\wamp\www\Mobile_Kitchen\framework\base\CComponent.php:130
Stack trace:
#0 D:\Project Environment\wamp\www\Mobile_Kitchen\framework\db\ar\CActiveRecord.php(145): CComponent->__get('isOnline')
#1 D:\Project Environment\wamp\www\Mobile_Kitchen\framework\web\helpers\CHtml.php(2747): CActiveRecord->__get('isOnline')
#2 D:\Project Environment\wamp\www\Mobile_Kitchen\framework\web\helpers\CHtml.php(1994): CHtml::resolveValue(Object(ActivityList), 'isOnline')
#3 D:\Project Environment\wamp\www\Mobile_Kitchen\framework\web\widgets\CActiveForm.php(914): CHtml::activeDropDownList(Object(ActivityList), 'isOnline', Array, Array)
#4 D:\Project Environment\wamp\www\Mobile_Kitchen\admin\views\activityList\update.php(98): CActiveForm->dropDownList(Object(ActivityList), 'isOnline', Array, Array)
#5 D:\Project Environment\wamp\www\Mobile_Kitchen\framework\web\CBaseController.php(126): require('D:\\Project Envi...')
#6 D:\Project Environment\wamp\www\Mobile_Kitchen\framework\web\CBaseController.php(95): CBaseController->renderInternal('D:\\Project Envi...', Array, true)
#7 D:\Project Environment\wamp\www\Mobile_Kitchen\framework\web\CController.php(872): CBaseController->renderFile('D:\\Project Envi...', Array, true)
#8 D:\Project Environment\wamp\www\Mobile_Kitchen\framework\web\CController.php(785): CController->renderPartial('update', Array, true)
#9 D:\Project Environment\wamp\www\Mobile_Kitchen\admin\controllers\ActivityListController.php(312): CController->render('update', Array)
#10 [internal function]: ActivityListController->actionUpdate('67')
#11 D:\Project Environment\wamp\www\Mobile_Kitchen\framework\web\actions\CAction.php(109): ReflectionMethod->invokeArgs(Object(ActivityListController), Array)
#12 D:\Project Environment\wamp\www\Mobile_Kitchen\framework\web\actions\CInlineAction.php(47): CAction->runWithParamsInternal(Object(ActivityListController), Object(ReflectionMethod), Array)
#13 D:\Project Environment\wamp\www\Mobile_Kitchen\framework\web\CController.php(308): CInlineAction->runWithParams(Array)
#14 D:\Project Environment\wamp\www\Mobile_Kitchen\framework\web\CController.php(286): CController->runAction(Object(CInlineAction))
#15 D:\Project Environment\wamp\www\Mobile_Kitchen\framework\web\CController.php(265): CController->runActionWithFilters(Object(CInlineAction), Array)
#16 D:\Project Environment\wamp\www\Mobile_Kitchen\framework\web\CWebApplication.php(282): CController->run('update')
#17 D:\Project Environment\wamp\www\Mobile_Kitchen\framework\web\CWebApplication.php(141): CWebApplication->runController('activityList/up...')
#18 D:\Project Environment\wamp\www\Mobile_Kitchen\framework\base\CApplication.php(185): CWebApplication->processRequest()
#19 D:\Project Environment\wamp\www\Mobile_Kitchen\index.php(35): CApplication->run()
#20 {main}
REQUEST_URI=/Mobile_Kitchen/index.php?r=activityList/update&id=67&disabled=disabled
HTTP_REFERER=http://localhost/Mobile_Kitchen/index.php?r=activityList/index_not_pass
---
2024/03/07 22:35:48 [error] [exception.CException] exception 'CException' with message 'DiyPageController 无法找到请求的视图 "index".' in D:\Project Environment\wamp\www\Mobile_Kitchen\framework\web\CController.php:881
Stack trace:
#0 D:\Project Environment\wamp\www\Mobile_Kitchen\framework\web\CController.php(785): CController->renderPartial('index', Array, true)
#1 D:\Project Environment\wamp\www\Mobile_Kitchen\admin\components\BaseController.php(433): CController->render('index', Array)
#2 D:\Project Environment\wamp\www\Mobile_Kitchen\admin\controllers\DiyPageController.php(37): BaseController->_list(Object(DiyPage), Object(CDbCriteria), 'index', Array)
#3 [internal function]: DiyPageController->actionIndex('')
#4 D:\Project Environment\wamp\www\Mobile_Kitchen\framework\web\actions\CAction.php(109): ReflectionMethod->invokeArgs(Object(DiyPageController), Array)
#5 D:\Project Environment\wamp\www\Mobile_Kitchen\framework\web\actions\CInlineAction.php(47): CAction->runWithParamsInternal(Object(DiyPageController), Object(ReflectionMethod), Array)
#6 D:\Project Environment\wamp\www\Mobile_Kitchen\framework\web\CController.php(308): CInlineAction->runWithParams(Array)
#7 D:\Project Environment\wamp\www\Mobile_Kitchen\framework\web\CController.php(286): CController->runAction(Object(CInlineAction))
#8 D:\Project Environment\wamp\www\Mobile_Kitchen\framework\web\CController.php(265): CController->runActionWithFilters(Object(CInlineAction), Array)
#9 D:\Project Environment\wamp\www\Mobile_Kitchen\framework\web\CWebApplication.php(282): CController->run('index')
#10 D:\Project Environment\wamp\www\Mobile_Kitchen\framework\web\CWebApplication.php(141): CWebApplication->runController('DiyPage/index')
#11 D:\Project Environment\wamp\www\Mobile_Kitchen\framework\base\CApplication.php(185): CWebApplication->processRequest()
#12 D:\Project Environment\wamp\www\Mobile_Kitchen\index.php(35): CApplication->run()
#13 {main}
REQUEST_URI=/Mobile_Kitchen/index.php?r=DiyPage/index
HTTP_REFERER=http://localhost/Mobile_Kitchen/index.php?r=index/menu&type=O
---
2024/03/07 22:35:59 [error] [system.db.CDbCommand] CDbCommand::fetchAll() failed: SQLSTATE[42000]: Syntax error or access violation: 1064 Erreur de syntaxe près de '' à la ligne 1. The SQL statement executed was: SELECT * FROM `activity_list_data` `t` WHERE activity_id=.
2024/03/07 22:35:59 [error] [exception.CDbException] exception 'CDbException' with message 'CDbCommand 无法执行 SQL 语句: SQLSTATE[42000]: Syntax error or access violation: 1064 Erreur de syntaxe près de '' à la ligne 1' in D:\Project Environment\wamp\www\Mobile_Kitchen\framework\db\CDbCommand.php:543
Stack trace:
#0 D:\Project Environment\wamp\www\Mobile_Kitchen\framework\db\CDbCommand.php(396): CDbCommand->queryInternal('fetchAll', Array, Array)
#1 D:\Project Environment\wamp\www\Mobile_Kitchen\framework\db\ar\CActiveRecord.php(1360): CDbCommand->queryAll()
#2 D:\Project Environment\wamp\www\Mobile_Kitchen\framework\db\ar\CActiveRecord.php(1480): CActiveRecord->query(Object(CDbCriteria), true, true)
#3 D:\Project Environment\wamp\www\Mobile_Kitchen\admin\components\BaseModel.php(664): CActiveRecord->findAll('activity_id=', Array, true)
#4 D:\Project Environment\wamp\www\Mobile_Kitchen\admin\controllers\ActivitySignListController.php(172): BaseModel->findAll('activity_id=')
#5 D:\Project Environment\wamp\www\Mobile_Kitchen\framework\web\actions\CInlineAction.php(49): ActivitySignListController->actionGetListData()
#6 D:\Project Environment\wamp\www\Mobile_Kitchen\framework\web\CController.php(308): CInlineAction->runWithParams(Array)
#7 D:\Project Environment\wamp\www\Mobile_Kitchen\framework\web\CController.php(286): CController->runAction(Object(CInlineAction))
#8 D:\Project Environment\wamp\www\Mobile_Kitchen\framework\web\CController.php(265): CController->runActionWithFilters(Object(CInlineAction), Array)
#9 D:\Project Environment\wamp\www\Mobile_Kitchen\framework\web\CWebApplication.php(282): CController->run('getListData')
#10 D:\Project Environment\wamp\www\Mobile_Kitchen\framework\web\CWebApplication.php(141): CWebApplication->runController('activitySignLis...')
#11 D:\Project Environment\wamp\www\Mobile_Kitchen\framework\base\CApplication.php(185): CWebApplication->processRequest()
#12 D:\Project Environment\wamp\www\Mobile_Kitchen\index.php(35): CApplication->run()
#13 {main}
REQUEST_URI=/Mobile_Kitchen/index.php?r=activitySignList/getListData
HTTP_REFERER=http://localhost/Mobile_Kitchen/index.php?r=activitySignList/index
---
2024/03/07 22:36:21 [error] [system.db.CDbCommand] CDbCommand::fetchAll() failed: SQLSTATE[42000]: Syntax error or access violation: 1064 Erreur de syntaxe près de '' à la ligne 1. The SQL statement executed was: SELECT * FROM `activity_list_data` `t` WHERE activity_id=.
2024/03/07 22:36:21 [error] [exception.CDbException] exception 'CDbException' with message 'CDbCommand 无法执行 SQL 语句: SQLSTATE[42000]: Syntax error or access violation: 1064 Erreur de syntaxe près de '' à la ligne 1' in D:\Project Environment\wamp\www\Mobile_Kitchen\framework\db\CDbCommand.php:543
Stack trace:
#0 D:\Project Environment\wamp\www\Mobile_Kitchen\framework\db\CDbCommand.php(396): CDbCommand->queryInternal('fetchAll', Array, Array)
#1 D:\Project Environment\wamp\www\Mobile_Kitchen\framework\db\ar\CActiveRecord.php(1360): CDbCommand->queryAll()
#2 D:\Project Environment\wamp\www\Mobile_Kitchen\framework\db\ar\CActiveRecord.php(1480): CActiveRecord->query(Object(CDbCriteria), true, true)
#3 D:\Project Environment\wamp\www\Mobile_Kitchen\admin\components\BaseModel.php(664): CActiveRecord->findAll('activity_id=', Array, true)
#4 D:\Project Environment\wamp\www\Mobile_Kitchen\admin\controllers\ActivitySignListController.php(172): BaseModel->findAll('activity_id=')
#5 D:\Project Environment\wamp\www\Mobile_Kitchen\framework\web\actions\CInlineAction.php(49): ActivitySignListController->actionGetListData()
#6 D:\Project Environment\wamp\www\Mobile_Kitchen\framework\web\CController.php(308): CInlineAction->runWithParams(Array)
#7 D:\Project Environment\wamp\www\Mobile_Kitchen\framework\web\CController.php(286): CController->runAction(Object(CInlineAction))
#8 D:\Project Environment\wamp\www\Mobile_Kitchen\framework\web\CController.php(265): CController->runActionWithFilters(Object(CInlineAction), Array)
#9 D:\Project Environment\wamp\www\Mobile_Kitchen\framework\web\CWebApplication.php(282): CController->run('getListData')
#10 D:\Project Environment\wamp\www\Mobile_Kitchen\framework\web\CWebApplication.php(141): CWebApplication->runController('activitySignLis...')
#11 D:\Project Environment\wamp\www\Mobile_Kitchen\framework\base\CApplication.php(185): CWebApplication->processRequest()
#12 D:\Project Environment\wamp\www\Mobile_Kitchen\index.php(35): CApplication->run()
#13 {main}
REQUEST_URI=/Mobile_Kitchen/index.php?r=activitySignList/getListData
HTTP_REFERER=http://localhost/Mobile_Kitchen/index.php?r=activitySignList/index
---
2024/03/07 22:40:09 [error] [system.db.CDbCommand] CDbCommand::fetchAll() failed: SQLSTATE[42000]: Syntax error or access violation: 1064 Erreur de syntaxe près de '' à la ligne 1. The SQL statement executed was: SELECT * FROM `activity_list_data` `t` WHERE activity_id=.
2024/03/07 22:40:09 [error] [exception.CDbException] exception 'CDbException' with message 'CDbCommand 无法执行 SQL 语句: SQLSTATE[42000]: Syntax error or access violation: 1064 Erreur de syntaxe près de '' à la ligne 1' in D:\Project Environment\wamp\www\Mobile_Kitchen\framework\db\CDbCommand.php:543
Stack trace:
#0 D:\Project Environment\wamp\www\Mobile_Kitchen\framework\db\CDbCommand.php(396): CDbCommand->queryInternal('fetchAll', Array, Array)
#1 D:\Project Environment\wamp\www\Mobile_Kitchen\framework\db\ar\CActiveRecord.php(1360): CDbCommand->queryAll()
#2 D:\Project Environment\wamp\www\Mobile_Kitchen\framework\db\ar\CActiveRecord.php(1480): CActiveRecord->query(Object(CDbCriteria), true, true)
#3 D:\Project Environment\wamp\www\Mobile_Kitchen\admin\components\BaseModel.php(664): CActiveRecord->findAll('activity_id=', Array, true)
#4 D:\Project Environment\wamp\www\Mobile_Kitchen\admin\controllers\ActivitySignListController.php(172): BaseModel->findAll('activity_id=')
#5 D:\Project Environment\wamp\www\Mobile_Kitchen\framework\web\actions\CInlineAction.php(49): ActivitySignListController->actionGetListData()
#6 D:\Project Environment\wamp\www\Mobile_Kitchen\framework\web\CController.php(308): CInlineAction->runWithParams(Array)
#7 D:\Project Environment\wamp\www\Mobile_Kitchen\framework\web\CController.php(286): CController->runAction(Object(CInlineAction))
#8 D:\Project Environment\wamp\www\Mobile_Kitchen\framework\web\CController.php(265): CController->runActionWithFilters(Object(CInlineAction), Array)
#9 D:\Project Environment\wamp\www\Mobile_Kitchen\framework\web\CWebApplication.php(282): CController->run('getListData')
#10 D:\Project Environment\wamp\www\Mobile_Kitchen\framework\web\CWebApplication.php(141): CWebApplication->runController('activitySignLis...')
#11 D:\Project Environment\wamp\www\Mobile_Kitchen\framework\base\CApplication.php(185): CWebApplication->processRequest()
#12 D:\Project Environment\wamp\www\Mobile_Kitchen\index.php(35): CApplication->run()
#13 {main}
REQUEST_URI=/Mobile_Kitchen/index.php?r=activitySignList/getListData
HTTP_REFERER=http://localhost/Mobile_Kitchen/index.php?r=activitySignList/index
---
2024/03/07 22:49:42 [error] [exception.CException] exception 'CException' with message '属性 "ActivityList.isOnline" 未被定义.' in D:\Project Environment\wamp\www\Mobile_Kitchen\framework\base\CComponent.php:130
Stack trace:
#0 D:\Project Environment\wamp\www\Mobile_Kitchen\framework\db\ar\CActiveRecord.php(145): CComponent->__get('isOnline')
#1 D:\Project Environment\wamp\www\Mobile_Kitchen\framework\web\helpers\CHtml.php(2747): CActiveRecord->__get('isOnline')
#2 D:\Project Environment\wamp\www\Mobile_Kitchen\framework\web\helpers\CHtml.php(1994): CHtml::resolveValue(Object(ActivityList), 'isOnline')
#3 D:\Project Environment\wamp\www\Mobile_Kitchen\framework\web\widgets\CActiveForm.php(914): CHtml::activeDropDownList(Object(ActivityList), 'isOnline', Array, Array)
#4 D:\Project Environment\wamp\www\Mobile_Kitchen\admin\views\activityList\update.php(98): CActiveForm->dropDownList(Object(ActivityList), 'isOnline', Array, Array)
#5 D:\Project Environment\wamp\www\Mobile_Kitchen\framework\web\CBaseController.php(126): require('D:\\Project Envi...')
#6 D:\Project Environment\wamp\www\Mobile_Kitchen\framework\web\CBaseController.php(95): CBaseController->renderInternal('D:\\Project Envi...', Array, true)
#7 D:\Project Environment\wamp\www\Mobile_Kitchen\framework\web\CController.php(872): CBaseController->renderFile('D:\\Project Envi...', Array, true)
#8 D:\Project Environment\wamp\www\Mobile_Kitchen\framework\web\CController.php(785): CController->renderPartial('update', Array, true)
#9 D:\Project Environment\wamp\www\Mobile_Kitchen\admin\controllers\ActivityListController.php(312): CController->render('update', Array)
#10 [internal function]: ActivityListController->actionUpdate('69')
#11 D:\Project Environment\wamp\www\Mobile_Kitchen\framework\web\actions\CAction.php(109): ReflectionMethod->invokeArgs(Object(ActivityListController), Array)
#12 D:\Project Environment\wamp\www\Mobile_Kitchen\framework\web\actions\CInlineAction.php(47): CAction->runWithParamsInternal(Object(ActivityListController), Object(ReflectionMethod), Array)
#13 D:\Project Environment\wamp\www\Mobile_Kitchen\framework\web\CController.php(308): CInlineAction->runWithParams(Array)
#14 D:\Project Environment\wamp\www\Mobile_Kitchen\framework\web\CController.php(286): CController->runAction(Object(CInlineAction))
#15 D:\Project Environment\wamp\www\Mobile_Kitchen\framework\web\CController.php(265): CController->runActionWithFilters(Object(CInlineAction), Array)
#16 D:\Project Environment\wamp\www\Mobile_Kitchen\framework\web\CWebApplication.php(282): CController->run('update')
#17 D:\Project Environment\wamp\www\Mobile_Kitchen\framework\web\CWebApplication.php(141): CWebApplication->runController('activityList/up...')
#18 D:\Project Environment\wamp\www\Mobile_Kitchen\framework\base\CApplication.php(185): CWebApplication->processRequest()
#19 D:\Project Environment\wamp\www\Mobile_Kitchen\index.php(35): CApplication->run()
#20 {main}
REQUEST_URI=/Mobile_Kitchen/index.php?r=activityList/update&id=69
HTTP_REFERER=http://localhost/Mobile_Kitchen/index.php?r=activityList/index
---
2024/03/07 22:56:06 [error] [system.db.CDbCommand] CDbCommand::fetchAll() failed: SQLSTATE[42000]: Syntax error or access violation: 1064 Erreur de syntaxe près de '' à la ligne 1. The SQL statement executed was: SELECT * FROM `activity_list_data` `t` WHERE activity_id=.
2024/03/07 22:56:06 [error] [exception.CDbException] exception 'CDbException' with message 'CDbCommand 无法执行 SQL 语句: SQLSTATE[42000]: Syntax error or access violation: 1064 Erreur de syntaxe près de '' à la ligne 1' in D:\Project Environment\wamp\www\Mobile_Kitchen\framework\db\CDbCommand.php:543
Stack trace:
#0 D:\Project Environment\wamp\www\Mobile_Kitchen\framework\db\CDbCommand.php(396): CDbCommand->queryInternal('fetchAll', Array, Array)
#1 D:\Project Environment\wamp\www\Mobile_Kitchen\framework\db\ar\CActiveRecord.php(1360): CDbCommand->queryAll()
#2 D:\Project Environment\wamp\www\Mobile_Kitchen\framework\db\ar\CActiveRecord.php(1480): CActiveRecord->query(Object(CDbCriteria), true, true)
#3 D:\Project Environment\wamp\www\Mobile_Kitchen\admin\components\BaseModel.php(664): CActiveRecord->findAll('activity_id=', Array, true)
#4 D:\Project Environment\wamp\www\Mobile_Kitchen\admin\controllers\ActivitySignListController.php(172): BaseModel->findAll('activity_id=')
#5 D:\Project Environment\wamp\www\Mobile_Kitchen\framework\web\actions\CInlineAction.php(49): ActivitySignListController->actionGetListData()
#6 D:\Project Environment\wamp\www\Mobile_Kitchen\framework\web\CController.php(308): CInlineAction->runWithParams(Array)
#7 D:\Project Environment\wamp\www\Mobile_Kitchen\framework\web\CController.php(286): CController->runAction(Object(CInlineAction))
#8 D:\Project Environment\wamp\www\Mobile_Kitchen\framework\web\CController.php(265): CController->runActionWithFilters(Object(CInlineAction), Array)
#9 D:\Project Environment\wamp\www\Mobile_Kitchen\framework\web\CWebApplication.php(282): CController->run('getListData')
#10 D:\Project Environment\wamp\www\Mobile_Kitchen\framework\web\CWebApplication.php(141): CWebApplication->runController('activitySignLis...')
#11 D:\Project Environment\wamp\www\Mobile_Kitchen\framework\base\CApplication.php(185): CWebApplication->processRequest()
#12 D:\Project Environment\wamp\www\Mobile_Kitchen\index.php(35): CApplication->run()
#13 {main}
REQUEST_URI=/Mobile_Kitchen/index.php?r=activitySignList/getListData
HTTP_REFERER=http://localhost/Mobile_Kitchen/index.php?r=activitySignList/index
---
2024/03/07 22:56:13 [error] [system.db.CDbCommand] CDbCommand::fetchAll() failed: SQLSTATE[42000]: Syntax error or access violation: 1064 Erreur de syntaxe près de '' à la ligne 1. The SQL statement executed was: SELECT * FROM `activity_list_data` `t` WHERE activity_id=.
2024/03/07 22:56:13 [error] [exception.CDbException] exception 'CDbException' with message 'CDbCommand 无法执行 SQL 语句: SQLSTATE[42000]: Syntax error or access violation: 1064 Erreur de syntaxe près de '' à la ligne 1' in D:\Project Environment\wamp\www\Mobile_Kitchen\framework\db\CDbCommand.php:543
Stack trace:
#0 D:\Project Environment\wamp\www\Mobile_Kitchen\framework\db\CDbCommand.php(396): CDbCommand->queryInternal('fetchAll', Array, Array)
#1 D:\Project Environment\wamp\www\Mobile_Kitchen\framework\db\ar\CActiveRecord.php(1360): CDbCommand->queryAll()
#2 D:\Project Environment\wamp\www\Mobile_Kitchen\framework\db\ar\CActiveRecord.php(1480): CActiveRecord->query(Object(CDbCriteria), true, true)
#3 D:\Project Environment\wamp\www\Mobile_Kitchen\admin\components\BaseModel.php(664): CActiveRecord->findAll('activity_id=', Array, true)
#4 D:\Project Environment\wamp\www\Mobile_Kitchen\admin\controllers\ActivitySignListController.php(172): BaseModel->findAll('activity_id=')
#5 D:\Project Environment\wamp\www\Mobile_Kitchen\framework\web\actions\CInlineAction.php(49): ActivitySignListController->actionGetListData()
#6 D:\Project Environment\wamp\www\Mobile_Kitchen\framework\web\CController.php(308): CInlineAction->runWithParams(Array)
#7 D:\Project Environment\wamp\www\Mobile_Kitchen\framework\web\CController.php(286): CController->runAction(Object(CInlineAction))
#8 D:\Project Environment\wamp\www\Mobile_Kitchen\framework\web\CController.php(265): CController->runActionWithFilters(Object(CInlineAction), Array)
#9 D:\Project Environment\wamp\www\Mobile_Kitchen\framework\web\CWebApplication.php(282): CController->run('getListData')
#10 D:\Project Environment\wamp\www\Mobile_Kitchen\framework\web\CWebApplication.php(141): CWebApplication->runController('activitySignLis...')
#11 D:\Project Environment\wamp\www\Mobile_Kitchen\framework\base\CApplication.php(185): CWebApplication->processRequest()
#12 D:\Project Environment\wamp\www\Mobile_Kitchen\index.php(35): CApplication->run()
#13 {main}
REQUEST_URI=/Mobile_Kitchen/index.php?r=activitySignList/getListData
HTTP_REFERER=http://localhost/Mobile_Kitchen/index.php?r=activitySignList/index
---
