2024/06/06 00:02:46 [error] [exception.CHttpException.404] exception 'CHttpException' with message '无法解析请求 "ClubListUpdate/index"。' in D:\wamp\www\Mobile_Kitchen\framework\web\CWebApplication.php:286
Stack trace:
#0 D:\wamp\www\Mobile_Kitchen\framework\web\CWebApplication.php(141): CWebApplication->runController('ClubListUpdate/...')
#1 D:\wamp\www\Mobile_Kitchen\framework\base\CApplication.php(185): CWebApplication->processRequest()
#2 D:\wamp\www\Mobile_Kitchen\index.php(35): CApplication->run()
#3 {main}
REQUEST_URI=/mobile_kitchen/index.php?r=ClubListUpdate/index
HTTP_REFERER=http://127.0.0.1/mobile_kitchen/index.php?r=ClubListUpdate/index
---
2024/06/06 00:22:17 [error] [system.db.CDbCommand] CDbCommand::fetchAll() failed: SQLSTATE[42S02]: Base table or view not found: 1146 La table 'ttt_kit.sensitive_words' n'existe pas. The SQL statement executed was: SHOW FULL COLUMNS FROM `sensitive_words`.
2024/06/06 00:22:17 [error] [exception.CDbException] exception 'CDbException' with message '数据库中无法找到 active record class "SensitiveWords" 对应的 table "{{sensitive_words}}".' in D:\wamp\www\Mobile_Kitchen\framework\db\ar\CActiveRecord.php:2403
Stack trace:
#0 D:\wamp\www\Mobile_Kitchen\framework\db\ar\CActiveRecord.php(413): CActiveRecordMetaData->__construct(Object(SensitiveWords))
#1 D:\wamp\www\Mobile_Kitchen\framework\db\ar\CActiveRecord.php(663): CActiveRecord->getMetaData()
#2 D:\wamp\www\Mobile_Kitchen\framework\db\ar\CActiveRecord.php(1611): CActiveRecord->getTableSchema()
#3 D:\wamp\www\Mobile_Kitchen\admin\components\BaseController.php(57): CActiveRecord->count(Object(CDbCriteria))
#4 D:\wamp\www\Mobile_Kitchen\admin\components\BaseController.php(432): BaseController->get_listData(Object(SensitiveWords), Object(CDbCriteria), Array, 15, 'index')
#5 D:\wamp\www\Mobile_Kitchen\admin\controllers\SensitiveWordsController.php(34): BaseController->_list(Object(SensitiveWords), Object(CDbCriteria))
#6 [internal function]: SensitiveWordsController->actionIndex('', '', '0')
#7 D:\wamp\www\Mobile_Kitchen\framework\web\actions\CAction.php(109): ReflectionMethod->invokeArgs(Object(SensitiveWordsController), Array)
#8 D:\wamp\www\Mobile_Kitchen\framework\web\actions\CInlineAction.php(47): CAction->runWithParamsInternal(Object(SensitiveWordsController), Object(ReflectionMethod), Array)
#9 D:\wamp\www\Mobile_Kitchen\framework\web\CController.php(308): CInlineAction->runWithParams(Array)
#10 D:\wamp\www\Mobile_Kitchen\framework\web\CController.php(286): CController->runAction(Object(CInlineAction))
#11 D:\wamp\www\Mobile_Kitchen\framework\web\CController.php(265): CController->runActionWithFilters(Object(CInlineAction), Array)
#12 D:\wamp\www\Mobile_Kitchen\framework\web\CWebApplication.php(282): CController->run('index')
#13 D:\wamp\www\Mobile_Kitchen\framework\web\CWebApplication.php(141): CWebApplication->runController('sensitiveWords/...')
#14 D:\wamp\www\Mobile_Kitchen\framework\base\CApplication.php(185): CWebApplication->processRequest()
#15 D:\wamp\www\Mobile_Kitchen\index.php(35): CApplication->run()
#16 {main}
REQUEST_URI=/mobile_kitchen/index.php?r=sensitiveWords/index
HTTP_REFERER=http://127.0.0.1/mobile_kitchen/index.php?r=index/menu&type=Z
---
2024/06/06 00:22:18 [error] [system.db.CDbCommand] CDbCommand::fetchAll() failed: SQLSTATE[42S02]: Base table or view not found: 1146 La table 'ttt_kit.sensitive_words' n'existe pas. The SQL statement executed was: SHOW FULL COLUMNS FROM `sensitive_words`.
2024/06/06 00:22:18 [error] [exception.CDbException] exception 'CDbException' with message '数据库中无法找到 active record class "SensitiveWords" 对应的 table "{{sensitive_words}}".' in D:\wamp\www\Mobile_Kitchen\framework\db\ar\CActiveRecord.php:2403
Stack trace:
#0 D:\wamp\www\Mobile_Kitchen\framework\db\ar\CActiveRecord.php(413): CActiveRecordMetaData->__construct(Object(SensitiveWords))
#1 D:\wamp\www\Mobile_Kitchen\framework\db\ar\CActiveRecord.php(663): CActiveRecord->getMetaData()
#2 D:\wamp\www\Mobile_Kitchen\framework\db\ar\CActiveRecord.php(1611): CActiveRecord->getTableSchema()
#3 D:\wamp\www\Mobile_Kitchen\admin\components\BaseController.php(57): CActiveRecord->count(Object(CDbCriteria))
#4 D:\wamp\www\Mobile_Kitchen\admin\components\BaseController.php(432): BaseController->get_listData(Object(SensitiveWords), Object(CDbCriteria), Array, 15, 'index')
#5 D:\wamp\www\Mobile_Kitchen\admin\controllers\SensitiveWordsController.php(34): BaseController->_list(Object(SensitiveWords), Object(CDbCriteria))
#6 [internal function]: SensitiveWordsController->actionIndex('', '', '0')
#7 D:\wamp\www\Mobile_Kitchen\framework\web\actions\CAction.php(109): ReflectionMethod->invokeArgs(Object(SensitiveWordsController), Array)
#8 D:\wamp\www\Mobile_Kitchen\framework\web\actions\CInlineAction.php(47): CAction->runWithParamsInternal(Object(SensitiveWordsController), Object(ReflectionMethod), Array)
#9 D:\wamp\www\Mobile_Kitchen\framework\web\CController.php(308): CInlineAction->runWithParams(Array)
#10 D:\wamp\www\Mobile_Kitchen\framework\web\CController.php(286): CController->runAction(Object(CInlineAction))
#11 D:\wamp\www\Mobile_Kitchen\framework\web\CController.php(265): CController->runActionWithFilters(Object(CInlineAction), Array)
#12 D:\wamp\www\Mobile_Kitchen\framework\web\CWebApplication.php(282): CController->run('index')
#13 D:\wamp\www\Mobile_Kitchen\framework\web\CWebApplication.php(141): CWebApplication->runController('sensitiveWords/...')
#14 D:\wamp\www\Mobile_Kitchen\framework\base\CApplication.php(185): CWebApplication->processRequest()
#15 D:\wamp\www\Mobile_Kitchen\index.php(35): CApplication->run()
#16 {main}
REQUEST_URI=/mobile_kitchen/index.php?r=sensitiveWords/index
HTTP_REFERER=http://127.0.0.1/mobile_kitchen/index.php?r=index/menu&type=Z
---
2024/06/06 00:22:22 [error] [system.db.CDbCommand] CDbCommand::fetchAll() failed: SQLSTATE[42S02]: Base table or view not found: 1146 La table 'ttt_kit.sensitive_words' n'existe pas. The SQL statement executed was: SHOW FULL COLUMNS FROM `sensitive_words`.
2024/06/06 00:22:22 [error] [exception.CDbException] exception 'CDbException' with message '数据库中无法找到 active record class "SensitiveWords" 对应的 table "{{sensitive_words}}".' in D:\wamp\www\Mobile_Kitchen\framework\db\ar\CActiveRecord.php:2403
Stack trace:
#0 D:\wamp\www\Mobile_Kitchen\framework\db\ar\CActiveRecord.php(413): CActiveRecordMetaData->__construct(Object(SensitiveWords))
#1 D:\wamp\www\Mobile_Kitchen\framework\db\ar\CActiveRecord.php(663): CActiveRecord->getMetaData()
#2 D:\wamp\www\Mobile_Kitchen\framework\db\ar\CActiveRecord.php(1611): CActiveRecord->getTableSchema()
#3 D:\wamp\www\Mobile_Kitchen\admin\components\BaseController.php(57): CActiveRecord->count(Object(CDbCriteria))
#4 D:\wamp\www\Mobile_Kitchen\admin\components\BaseController.php(432): BaseController->get_listData(Object(SensitiveWords), Object(CDbCriteria), Array, 15, 'index')
#5 D:\wamp\www\Mobile_Kitchen\admin\controllers\SensitiveWordsController.php(34): BaseController->_list(Object(SensitiveWords), Object(CDbCriteria))
#6 [internal function]: SensitiveWordsController->actionIndex('', '', '0')
#7 D:\wamp\www\Mobile_Kitchen\framework\web\actions\CAction.php(109): ReflectionMethod->invokeArgs(Object(SensitiveWordsController), Array)
#8 D:\wamp\www\Mobile_Kitchen\framework\web\actions\CInlineAction.php(47): CAction->runWithParamsInternal(Object(SensitiveWordsController), Object(ReflectionMethod), Array)
#9 D:\wamp\www\Mobile_Kitchen\framework\web\CController.php(308): CInlineAction->runWithParams(Array)
#10 D:\wamp\www\Mobile_Kitchen\framework\web\CController.php(286): CController->runAction(Object(CInlineAction))
#11 D:\wamp\www\Mobile_Kitchen\framework\web\CController.php(265): CController->runActionWithFilters(Object(CInlineAction), Array)
#12 D:\wamp\www\Mobile_Kitchen\framework\web\CWebApplication.php(282): CController->run('index')
#13 D:\wamp\www\Mobile_Kitchen\framework\web\CWebApplication.php(141): CWebApplication->runController('sensitiveWords/...')
#14 D:\wamp\www\Mobile_Kitchen\framework\base\CApplication.php(185): CWebApplication->processRequest()
#15 D:\wamp\www\Mobile_Kitchen\index.php(35): CApplication->run()
#16 {main}
REQUEST_URI=/mobile_kitchen/index.php?r=sensitiveWords/index
HTTP_REFERER=http://127.0.0.1/mobile_kitchen/index.php?r=index/menu&type=Z
---
2024/06/06 00:23:24 [error] [exception.CHttpException.404] exception 'CHttpException' with message '无法解析请求 "region/index"。' in D:\wamp\www\Mobile_Kitchen\framework\web\CWebApplication.php:286
Stack trace:
#0 D:\wamp\www\Mobile_Kitchen\framework\web\CWebApplication.php(141): CWebApplication->runController('region/index')
#1 D:\wamp\www\Mobile_Kitchen\framework\base\CApplication.php(185): CWebApplication->processRequest()
#2 D:\wamp\www\Mobile_Kitchen\index.php(35): CApplication->run()
#3 {main}
REQUEST_URI=/mobile_kitchen/index.php?r=region/index&country_code=EGY&pid=0&level=1&country_id=58
HTTP_REFERER=http://127.0.0.1/mobile_kitchen/index.php?r=area/index&page=4
---
2024/06/06 00:23:28 [error] [exception.CHttpException.404] exception 'CHttpException' with message '无法解析请求 "region/index"。' in D:\wamp\www\Mobile_Kitchen\framework\web\CWebApplication.php:286
Stack trace:
#0 D:\wamp\www\Mobile_Kitchen\framework\web\CWebApplication.php(141): CWebApplication->runController('region/index')
#1 D:\wamp\www\Mobile_Kitchen\framework\base\CApplication.php(185): CWebApplication->processRequest()
#2 D:\wamp\www\Mobile_Kitchen\index.php(35): CApplication->run()
#3 {main}
REQUEST_URI=/mobile_kitchen/index.php?r=region/index&country_code=BHS&pid=0&level=1&country_id=15
HTTP_REFERER=http://127.0.0.1/mobile_kitchen/index.php?r=area/index
---
2024/06/06 00:23:31 [error] [exception.CHttpException.404] exception 'CHttpException' with message '无法解析请求 "region/index"。' in D:\wamp\www\Mobile_Kitchen\framework\web\CWebApplication.php:286
Stack trace:
#0 D:\wamp\www\Mobile_Kitchen\framework\web\CWebApplication.php(141): CWebApplication->runController('region/index')
#1 D:\wamp\www\Mobile_Kitchen\framework\base\CApplication.php(185): CWebApplication->processRequest()
#2 D:\wamp\www\Mobile_Kitchen\index.php(35): CApplication->run()
#3 {main}
REQUEST_URI=/mobile_kitchen/index.php?r=region/index&country_code=AZE&pid=0&level=1&country_id=14
HTTP_REFERER=http://127.0.0.1/mobile_kitchen/index.php?r=area/index
---
2024/06/06 00:25:30 [error] [php] include(TRegion.php): failed to open stream: No such file or directory (D:\wamp\www\Mobile_Kitchen\framework\YiiBase.php:432)
Stack trace:
#0 D:\wamp\www\Mobile_Kitchen\admin\controllers\RegionController.php(15): spl_autoload_call()
#1 unknown(0): RegionController->actionIndex()
#2 D:\wamp\www\Mobile_Kitchen\framework\web\actions\CAction.php(109): ReflectionMethod->invokeArgs()
#3 D:\wamp\www\Mobile_Kitchen\framework\web\actions\CInlineAction.php(47): CInlineAction->runWithParamsInternal()
#4 D:\wamp\www\Mobile_Kitchen\framework\web\CController.php(308): CInlineAction->runWithParams()
#5 D:\wamp\www\Mobile_Kitchen\framework\web\CController.php(286): RegionController->runAction()
#6 D:\wamp\www\Mobile_Kitchen\framework\web\CController.php(265): RegionController->runActionWithFilters()
#7 D:\wamp\www\Mobile_Kitchen\framework\web\CWebApplication.php(282): RegionController->run()
#8 D:\wamp\www\Mobile_Kitchen\framework\web\CWebApplication.php(141): CWebApplication->runController()
#9 D:\wamp\www\Mobile_Kitchen\framework\base\CApplication.php(185): CWebApplication->processRequest()
#10 D:\wamp\www\Mobile_Kitchen\index.php(35): CWebApplication->run()
REQUEST_URI=/mobile_kitchen/index.php?r=region/index&country_code=AUT&pid=0&level=1&country_id=13
2024/06/06 00:26:32 [error] [exception.CHttpException.404] exception 'CHttpException' with message '系统无法找到请求的 "sensitive" 动作.' in D:\wamp\www\Mobile_Kitchen\framework\web\CController.php:486
Stack trace:
#0 D:\wamp\www\Mobile_Kitchen\framework\web\CController.php(270): CController->missingAction('sensitive')
#1 D:\wamp\www\Mobile_Kitchen\framework\web\CWebApplication.php(282): CController->run('sensitive')
#2 D:\wamp\www\Mobile_Kitchen\framework\web\CWebApplication.php(141): CWebApplication->runController('select/sensitiv...')
#3 D:\wamp\www\Mobile_Kitchen\framework\base\CApplication.php(185): CWebApplication->processRequest()
#4 D:\wamp\www\Mobile_Kitchen\index.php(35): CApplication->run()
#5 {main}
REQUEST_URI=/mobile_kitchen/index.php?r=select/sensitive
HTTP_REFERER=http://127.0.0.1/mobile_kitchen/index.php?r=sensitiveWords/create
---
2024/06/06 00:26:35 [error] [exception.CHttpException.404] exception 'CHttpException' with message '系统无法找到请求的 "sensitive" 动作.' in D:\wamp\www\Mobile_Kitchen\framework\web\CController.php:486
Stack trace:
#0 D:\wamp\www\Mobile_Kitchen\framework\web\CController.php(270): CController->missingAction('sensitive')
#1 D:\wamp\www\Mobile_Kitchen\framework\web\CWebApplication.php(282): CController->run('sensitive')
#2 D:\wamp\www\Mobile_Kitchen\framework\web\CWebApplication.php(141): CWebApplication->runController('select/sensitiv...')
#3 D:\wamp\www\Mobile_Kitchen\framework\base\CApplication.php(185): CWebApplication->processRequest()
#4 D:\wamp\www\Mobile_Kitchen\index.php(35): CApplication->run()
#5 {main}
REQUEST_URI=/mobile_kitchen/index.php?r=select/sensitive
HTTP_REFERER=http://127.0.0.1/mobile_kitchen/index.php?r=sensitiveWords/create
---
2024/06/06 00:48:38 [error] [php] Undefined index: openid (D:\wamp\www\Mobile_Kitchen\models\GfUser1.php:407)
Stack trace:
#0 D:\wamp\www\Mobile_Kitchen\framework\web\actions\CAction.php(109): ReflectionMethod->invokeArgs()
#1 D:\wamp\www\Mobile_Kitchen\framework\web\actions\CInlineAction.php(47): CInlineAction->runWithParamsInternal()
#2 D:\wamp\www\Mobile_Kitchen\framework\web\CController.php(308): CInlineAction->runWithParams()
#3 D:\wamp\www\Mobile_Kitchen\framework\web\CController.php(286): GfUser1Controller->runAction()
#4 D:\wamp\www\Mobile_Kitchen\framework\web\CController.php(265): GfUser1Controller->runActionWithFilters()
#5 D:\wamp\www\Mobile_Kitchen\framework\web\CWebApplication.php(282): GfUser1Controller->run()
#6 D:\wamp\www\Mobile_Kitchen\framework\web\CWebApplication.php(141): CWebApplication->runController()
#7 D:\wamp\www\Mobile_Kitchen\framework\base\CApplication.php(185): CWebApplication->processRequest()
#8 D:\wamp\www\Mobile_Kitchen\index.php(35): CWebApplication->run()
REQUEST_URI=/Mobile_Kitchen/index.php?r=GfUser1/towxbind&gf_account=888879&code=
2024/06/06 00:58:14 [error] [system.db.CDbCommand] CDbCommand::fetch() failed: SQLSTATE[42S02]: Base table or view not found: 1146 La table 'ttt_kit.gf_idel_user_all_number' n'existe pas. The SQL statement executed was: SELECT t1.id,t1.account FROM gf_idel_user_all_number as t1 JOIN (SELECT ROUND(RAND() * ((SELECT MAX(id) FROM gf_idel_user_all_number)-(SELECT MIN(id) FROM gf_idel_user_all_number))+(SELECT MIN(id) FROM gf_idel_user_all_number)) AS id from gf_idel_user_all_number limit 10) AS t2 on t1.id=t2.id WHERE t1.is_use=0 and t1.f_vip=0 LIMIT 1.
2024/06/06 00:58:14 [error] [exception.CDbException] exception 'CDbException' with message 'CDbCommand 无法执行 SQL 语句: SQLSTATE[42S02]: Base table or view not found: 1146 La table 'ttt_kit.gf_idel_user_all_number' n'existe pas' in D:\wamp\www\Mobile_Kitchen\framework\db\CDbCommand.php:543
Stack trace:
#0 D:\wamp\www\Mobile_Kitchen\framework\db\CDbCommand.php(415): CDbCommand->queryInternal('fetch', Array, Array)
#1 D:\wamp\www\Mobile_Kitchen\framework\db\ar\CActiveRecord.php(1568): CDbCommand->queryRow()
#2 D:\wamp\www\Mobile_Kitchen\models\GfUser1.php(653): CActiveRecord->findBySql('SELECT t1.id,t1...')
#3 D:\wamp\www\Mobile_Kitchen\admin\controllers\GfUser1Controller.php(883): GfUser1->newzxWxUser('oSAS563V6msH3gM...', '')
#4 [internal function]: GfUser1Controller->actionzxWxLogin('0f3ege000F1PeS1...', '')
#5 D:\wamp\www\Mobile_Kitchen\framework\web\actions\CAction.php(109): ReflectionMethod->invokeArgs(Object(GfUser1Controller), Array)
#6 D:\wamp\www\Mobile_Kitchen\framework\web\actions\CInlineAction.php(47): CAction->runWithParamsInternal(Object(GfUser1Controller), Object(ReflectionMethod), Array)
#7 D:\wamp\www\Mobile_Kitchen\framework\web\CController.php(308): CInlineAction->runWithParams(Array)
#8 D:\wamp\www\Mobile_Kitchen\framework\web\CController.php(286): CController->runAction(Object(CInlineAction))
#9 D:\wamp\www\Mobile_Kitchen\framework\web\CController.php(265): CController->runActionWithFilters(Object(CInlineAction), Array)
#10 D:\wamp\www\Mobile_Kitchen\framework\web\CWebApplication.php(282): CController->run('zxwxLogin')
#11 D:\wamp\www\Mobile_Kitchen\framework\web\CWebApplication.php(141): CWebApplication->runController('gfUser1/zxwxLog...')
#12 D:\wamp\www\Mobile_Kitchen\framework\base\CApplication.php(185): CWebApplication->processRequest()
#13 D:\wamp\www\Mobile_Kitchen\index.php(35): CApplication->run()
#14 {main}
REQUEST_URI=/Mobile_Kitchen/index.php?r=gfUser1/zxwxLogin&code=0f3ege000F1PeS1iRO200lXbA23ege0Y&phone_code=
HTTP_REFERER=https://servicewechat.com/wxf392ee482ff9e385/devtools/page-frame.html
---
2024/06/06 00:58:28 [error] [system.db.CDbCommand] CDbCommand::fetch() failed: SQLSTATE[42S02]: Base table or view not found: 1146 La table 'ttt_kit.gf_idel_user_all_number' n'existe pas. The SQL statement executed was: SELECT t1.id,t1.account FROM gf_idel_user_all_number as t1 JOIN (SELECT ROUND(RAND() * ((SELECT MAX(id) FROM gf_idel_user_all_number)-(SELECT MIN(id) FROM gf_idel_user_all_number))+(SELECT MIN(id) FROM gf_idel_user_all_number)) AS id from gf_idel_user_all_number limit 10) AS t2 on t1.id=t2.id WHERE t1.is_use=0 and t1.f_vip=0 LIMIT 1.
2024/06/06 00:58:28 [error] [exception.CDbException] exception 'CDbException' with message 'CDbCommand 无法执行 SQL 语句: SQLSTATE[42S02]: Base table or view not found: 1146 La table 'ttt_kit.gf_idel_user_all_number' n'existe pas' in D:\wamp\www\Mobile_Kitchen\framework\db\CDbCommand.php:543
Stack trace:
#0 D:\wamp\www\Mobile_Kitchen\framework\db\CDbCommand.php(415): CDbCommand->queryInternal('fetch', Array, Array)
#1 D:\wamp\www\Mobile_Kitchen\framework\db\ar\CActiveRecord.php(1568): CDbCommand->queryRow()
#2 D:\wamp\www\Mobile_Kitchen\models\GfUser1.php(653): CActiveRecord->findBySql('SELECT t1.id,t1...')
#3 D:\wamp\www\Mobile_Kitchen\admin\controllers\GfUser1Controller.php(883): GfUser1->newzxWxUser('oSAS563V6msH3gM...', '')
#4 [internal function]: GfUser1Controller->actionzxWxLogin('0e38he000n3PeS1...', '')
#5 D:\wamp\www\Mobile_Kitchen\framework\web\actions\CAction.php(109): ReflectionMethod->invokeArgs(Object(GfUser1Controller), Array)
#6 D:\wamp\www\Mobile_Kitchen\framework\web\actions\CInlineAction.php(47): CAction->runWithParamsInternal(Object(GfUser1Controller), Object(ReflectionMethod), Array)
#7 D:\wamp\www\Mobile_Kitchen\framework\web\CController.php(308): CInlineAction->runWithParams(Array)
#8 D:\wamp\www\Mobile_Kitchen\framework\web\CController.php(286): CController->runAction(Object(CInlineAction))
#9 D:\wamp\www\Mobile_Kitchen\framework\web\CController.php(265): CController->runActionWithFilters(Object(CInlineAction), Array)
#10 D:\wamp\www\Mobile_Kitchen\framework\web\CWebApplication.php(282): CController->run('zxwxLogin')
#11 D:\wamp\www\Mobile_Kitchen\framework\web\CWebApplication.php(141): CWebApplication->runController('gfUser1/zxwxLog...')
#12 D:\wamp\www\Mobile_Kitchen\framework\base\CApplication.php(185): CWebApplication->processRequest()
#13 D:\wamp\www\Mobile_Kitchen\index.php(35): CApplication->run()
#14 {main}
REQUEST_URI=/Mobile_Kitchen/index.php?r=gfUser1/zxwxLogin&code=0e38he000n3PeS1WMn400TCuik28he0-&phone_code=
HTTP_REFERER=https://servicewechat.com/wxf392ee482ff9e385/devtools/page-frame.html
---
2024/06/06 00:58:29 [error] [system.db.CDbCommand] CDbCommand::fetch() failed: SQLSTATE[42S02]: Base table or view not found: 1146 La table 'ttt_kit.gf_idel_user_all_number' n'existe pas. The SQL statement executed was: SELECT t1.id,t1.account FROM gf_idel_user_all_number as t1 JOIN (SELECT ROUND(RAND() * ((SELECT MAX(id) FROM gf_idel_user_all_number)-(SELECT MIN(id) FROM gf_idel_user_all_number))+(SELECT MIN(id) FROM gf_idel_user_all_number)) AS id from gf_idel_user_all_number limit 10) AS t2 on t1.id=t2.id WHERE t1.is_use=0 and t1.f_vip=0 LIMIT 1.
2024/06/06 00:58:29 [error] [exception.CDbException] exception 'CDbException' with message 'CDbCommand 无法执行 SQL 语句: SQLSTATE[42S02]: Base table or view not found: 1146 La table 'ttt_kit.gf_idel_user_all_number' n'existe pas' in D:\wamp\www\Mobile_Kitchen\framework\db\CDbCommand.php:543
Stack trace:
#0 D:\wamp\www\Mobile_Kitchen\framework\db\CDbCommand.php(415): CDbCommand->queryInternal('fetch', Array, Array)
#1 D:\wamp\www\Mobile_Kitchen\framework\db\ar\CActiveRecord.php(1568): CDbCommand->queryRow()
#2 D:\wamp\www\Mobile_Kitchen\models\GfUser1.php(653): CActiveRecord->findBySql('SELECT t1.id,t1...')
#3 D:\wamp\www\Mobile_Kitchen\admin\controllers\GfUser1Controller.php(883): GfUser1->newzxWxUser('oSAS563V6msH3gM...', '')
#4 [internal function]: GfUser1Controller->actionzxWxLogin('0c3che00003PeS1...', '')
#5 D:\wamp\www\Mobile_Kitchen\framework\web\actions\CAction.php(109): ReflectionMethod->invokeArgs(Object(GfUser1Controller), Array)
#6 D:\wamp\www\Mobile_Kitchen\framework\web\actions\CInlineAction.php(47): CAction->runWithParamsInternal(Object(GfUser1Controller), Object(ReflectionMethod), Array)
#7 D:\wamp\www\Mobile_Kitchen\framework\web\CController.php(308): CInlineAction->runWithParams(Array)
#8 D:\wamp\www\Mobile_Kitchen\framework\web\CController.php(286): CController->runAction(Object(CInlineAction))
#9 D:\wamp\www\Mobile_Kitchen\framework\web\CController.php(265): CController->runActionWithFilters(Object(CInlineAction), Array)
#10 D:\wamp\www\Mobile_Kitchen\framework\web\CWebApplication.php(282): CController->run('zxwxLogin')
#11 D:\wamp\www\Mobile_Kitchen\framework\web\CWebApplication.php(141): CWebApplication->runController('gfUser1/zxwxLog...')
#12 D:\wamp\www\Mobile_Kitchen\framework\base\CApplication.php(185): CWebApplication->processRequest()
#13 D:\wamp\www\Mobile_Kitchen\index.php(35): CApplication->run()
#14 {main}
REQUEST_URI=/Mobile_Kitchen/index.php?r=gfUser1/zxwxLogin&code=0c3che00003PeS1c8Z300tFZwp1che0r&phone_code=
HTTP_REFERER=https://servicewechat.com/wxf392ee482ff9e385/devtools/page-frame.html
---
2024/06/06 00:59:05 [error] [system.db.CDbCommand] CDbCommand::fetch() failed: SQLSTATE[42S02]: Base table or view not found: 1146 La table 'ttt_kit.gf_idel_user_all_number' n'existe pas. The SQL statement executed was: SELECT t1.id,t1.account FROM gf_idel_user_all_number as t1 JOIN (SELECT ROUND(RAND() * ((SELECT MAX(id) FROM gf_idel_user_all_number)-(SELECT MIN(id) FROM gf_idel_user_all_number))+(SELECT MIN(id) FROM gf_idel_user_all_number)) AS id from gf_idel_user_all_number limit 10) AS t2 on t1.id=t2.id WHERE t1.is_use=0 and t1.f_vip=0 LIMIT 1.
2024/06/06 00:59:05 [error] [exception.CDbException] exception 'CDbException' with message 'CDbCommand 无法执行 SQL 语句: SQLSTATE[42S02]: Base table or view not found: 1146 La table 'ttt_kit.gf_idel_user_all_number' n'existe pas' in D:\wamp\www\Mobile_Kitchen\framework\db\CDbCommand.php:543
Stack trace:
#0 D:\wamp\www\Mobile_Kitchen\framework\db\CDbCommand.php(415): CDbCommand->queryInternal('fetch', Array, Array)
#1 D:\wamp\www\Mobile_Kitchen\framework\db\ar\CActiveRecord.php(1568): CDbCommand->queryRow()
#2 D:\wamp\www\Mobile_Kitchen\models\GfUser1.php(653): CActiveRecord->findBySql('SELECT t1.id,t1...')
#3 D:\wamp\www\Mobile_Kitchen\admin\controllers\GfUser1Controller.php(890): GfUser1->newzxWxUser('oSAS563V6msH3gM...', '')
#4 [internal function]: GfUser1Controller->actionzxWxLogin('0b3uUQkl2AFrzd4...', '')
#5 D:\wamp\www\Mobile_Kitchen\framework\web\actions\CAction.php(109): ReflectionMethod->invokeArgs(Object(GfUser1Controller), Array)
#6 D:\wamp\www\Mobile_Kitchen\framework\web\actions\CInlineAction.php(47): CAction->runWithParamsInternal(Object(GfUser1Controller), Object(ReflectionMethod), Array)
#7 D:\wamp\www\Mobile_Kitchen\framework\web\CController.php(308): CInlineAction->runWithParams(Array)
#8 D:\wamp\www\Mobile_Kitchen\framework\web\CController.php(286): CController->runAction(Object(CInlineAction))
#9 D:\wamp\www\Mobile_Kitchen\framework\web\CController.php(265): CController->runActionWithFilters(Object(CInlineAction), Array)
#10 D:\wamp\www\Mobile_Kitchen\framework\web\CWebApplication.php(282): CController->run('zxwxLogin')
#11 D:\wamp\www\Mobile_Kitchen\framework\web\CWebApplication.php(141): CWebApplication->runController('gfUser1/zxwxLog...')
#12 D:\wamp\www\Mobile_Kitchen\framework\base\CApplication.php(185): CWebApplication->processRequest()
#13 D:\wamp\www\Mobile_Kitchen\index.php(35): CApplication->run()
#14 {main}
REQUEST_URI=/Mobile_Kitchen/index.php?r=gfUser1/zxwxLogin&code=0b3uUQkl2AFrzd4phwol2bAUKf2uUQku&phone_code=
HTTP_REFERER=https://servicewechat.com/wxf392ee482ff9e385/devtools/page-frame.html
---
2024/06/06 00:59:07 [error] [system.db.CDbCommand] CDbCommand::fetch() failed: SQLSTATE[42S02]: Base table or view not found: 1146 La table 'ttt_kit.gf_idel_user_all_number' n'existe pas. The SQL statement executed was: SELECT t1.id,t1.account FROM gf_idel_user_all_number as t1 JOIN (SELECT ROUND(RAND() * ((SELECT MAX(id) FROM gf_idel_user_all_number)-(SELECT MIN(id) FROM gf_idel_user_all_number))+(SELECT MIN(id) FROM gf_idel_user_all_number)) AS id from gf_idel_user_all_number limit 10) AS t2 on t1.id=t2.id WHERE t1.is_use=0 and t1.f_vip=0 LIMIT 1.
2024/06/06 00:59:07 [error] [exception.CDbException] exception 'CDbException' with message 'CDbCommand 无法执行 SQL 语句: SQLSTATE[42S02]: Base table or view not found: 1146 La table 'ttt_kit.gf_idel_user_all_number' n'existe pas' in D:\wamp\www\Mobile_Kitchen\framework\db\CDbCommand.php:543
Stack trace:
#0 D:\wamp\www\Mobile_Kitchen\framework\db\CDbCommand.php(415): CDbCommand->queryInternal('fetch', Array, Array)
#1 D:\wamp\www\Mobile_Kitchen\framework\db\ar\CActiveRecord.php(1568): CDbCommand->queryRow()
#2 D:\wamp\www\Mobile_Kitchen\models\GfUser1.php(653): CActiveRecord->findBySql('SELECT t1.id,t1...')
#3 D:\wamp\www\Mobile_Kitchen\admin\controllers\GfUser1Controller.php(890): GfUser1->newzxWxUser('oSAS563V6msH3gM...', '')
#4 [internal function]: GfUser1Controller->actionzxWxLogin('0e38FOFa1UOMzH0...', '')
#5 D:\wamp\www\Mobile_Kitchen\framework\web\actions\CAction.php(109): ReflectionMethod->invokeArgs(Object(GfUser1Controller), Array)
#6 D:\wamp\www\Mobile_Kitchen\framework\web\actions\CInlineAction.php(47): CAction->runWithParamsInternal(Object(GfUser1Controller), Object(ReflectionMethod), Array)
#7 D:\wamp\www\Mobile_Kitchen\framework\web\CController.php(308): CInlineAction->runWithParams(Array)
#8 D:\wamp\www\Mobile_Kitchen\framework\web\CController.php(286): CController->runAction(Object(CInlineAction))
#9 D:\wamp\www\Mobile_Kitchen\framework\web\CController.php(265): CController->runActionWithFilters(Object(CInlineAction), Array)
#10 D:\wamp\www\Mobile_Kitchen\framework\web\CWebApplication.php(282): CController->run('zxwxLogin')
#11 D:\wamp\www\Mobile_Kitchen\framework\web\CWebApplication.php(141): CWebApplication->runController('gfUser1/zxwxLog...')
#12 D:\wamp\www\Mobile_Kitchen\framework\base\CApplication.php(185): CWebApplication->processRequest()
#13 D:\wamp\www\Mobile_Kitchen\index.php(35): CApplication->run()
#14 {main}
REQUEST_URI=/Mobile_Kitchen/index.php?r=gfUser1/zxwxLogin&code=0e38FOFa1UOMzH0lrGJa1B1YlX38FOF7&phone_code=
HTTP_REFERER=https://servicewechat.com/wxf392ee482ff9e385/devtools/page-frame.html
---
2024/06/06 00:59:13 [error] [system.db.CDbCommand] CDbCommand::fetch() failed: SQLSTATE[42S02]: Base table or view not found: 1146 La table 'ttt_kit.gf_idel_user_all_number' n'existe pas. The SQL statement executed was: SELECT t1.id,t1.account FROM gf_idel_user_all_number as t1 JOIN (SELECT ROUND(RAND() * ((SELECT MAX(id) FROM gf_idel_user_all_number)-(SELECT MIN(id) FROM gf_idel_user_all_number))+(SELECT MIN(id) FROM gf_idel_user_all_number)) AS id from gf_idel_user_all_number limit 10) AS t2 on t1.id=t2.id WHERE t1.is_use=0 and t1.f_vip=0 LIMIT 1.
2024/06/06 00:59:13 [error] [exception.CDbException] exception 'CDbException' with message 'CDbCommand 无法执行 SQL 语句: SQLSTATE[42S02]: Base table or view not found: 1146 La table 'ttt_kit.gf_idel_user_all_number' n'existe pas' in D:\wamp\www\Mobile_Kitchen\framework\db\CDbCommand.php:543
Stack trace:
#0 D:\wamp\www\Mobile_Kitchen\framework\db\CDbCommand.php(415): CDbCommand->queryInternal('fetch', Array, Array)
#1 D:\wamp\www\Mobile_Kitchen\framework\db\ar\CActiveRecord.php(1568): CDbCommand->queryRow()
#2 D:\wamp\www\Mobile_Kitchen\models\GfUser1.php(653): CActiveRecord->findBySql('SELECT t1.id,t1...')
#3 D:\wamp\www\Mobile_Kitchen\admin\controllers\GfUser1Controller.php(890): GfUser1->newzxWxUser('oSAS563V6msH3gM...', '')
#4 [internal function]: GfUser1Controller->actionzxWxLogin('0e3ZUQkl2hArzd4...', '')
#5 D:\wamp\www\Mobile_Kitchen\framework\web\actions\CAction.php(109): ReflectionMethod->invokeArgs(Object(GfUser1Controller), Array)
#6 D:\wamp\www\Mobile_Kitchen\framework\web\actions\CInlineAction.php(47): CAction->runWithParamsInternal(Object(GfUser1Controller), Object(ReflectionMethod), Array)
#7 D:\wamp\www\Mobile_Kitchen\framework\web\CController.php(308): CInlineAction->runWithParams(Array)
#8 D:\wamp\www\Mobile_Kitchen\framework\web\CController.php(286): CController->runAction(Object(CInlineAction))
#9 D:\wamp\www\Mobile_Kitchen\framework\web\CController.php(265): CController->runActionWithFilters(Object(CInlineAction), Array)
#10 D:\wamp\www\Mobile_Kitchen\framework\web\CWebApplication.php(282): CController->run('zxwxLogin')
#11 D:\wamp\www\Mobile_Kitchen\framework\web\CWebApplication.php(141): CWebApplication->runController('gfUser1/zxwxLog...')
#12 D:\wamp\www\Mobile_Kitchen\framework\base\CApplication.php(185): CWebApplication->processRequest()
#13 D:\wamp\www\Mobile_Kitchen\index.php(35): CApplication->run()
#14 {main}
REQUEST_URI=/Mobile_Kitchen/index.php?r=gfUser1/zxwxLogin&code=0e3ZUQkl2hArzd4MhKnl2G3hT14ZUQkz&phone_code=
HTTP_REFERER=https://servicewechat.com/wxf392ee482ff9e385/devtools/page-frame.html
---
2024/06/06 00:59:14 [error] [system.db.CDbCommand] CDbCommand::fetch() failed: SQLSTATE[42S02]: Base table or view not found: 1146 La table 'ttt_kit.gf_idel_user_all_number' n'existe pas. The SQL statement executed was: SELECT t1.id,t1.account FROM gf_idel_user_all_number as t1 JOIN (SELECT ROUND(RAND() * ((SELECT MAX(id) FROM gf_idel_user_all_number)-(SELECT MIN(id) FROM gf_idel_user_all_number))+(SELECT MIN(id) FROM gf_idel_user_all_number)) AS id from gf_idel_user_all_number limit 10) AS t2 on t1.id=t2.id WHERE t1.is_use=0 and t1.f_vip=0 LIMIT 1.
2024/06/06 00:59:14 [error] [exception.CDbException] exception 'CDbException' with message 'CDbCommand 无法执行 SQL 语句: SQLSTATE[42S02]: Base table or view not found: 1146 La table 'ttt_kit.gf_idel_user_all_number' n'existe pas' in D:\wamp\www\Mobile_Kitchen\framework\db\CDbCommand.php:543
Stack trace:
#0 D:\wamp\www\Mobile_Kitchen\framework\db\CDbCommand.php(415): CDbCommand->queryInternal('fetch', Array, Array)
#1 D:\wamp\www\Mobile_Kitchen\framework\db\ar\CActiveRecord.php(1568): CDbCommand->queryRow()
#2 D:\wamp\www\Mobile_Kitchen\models\GfUser1.php(653): CActiveRecord->findBySql('SELECT t1.id,t1...')
#3 D:\wamp\www\Mobile_Kitchen\admin\controllers\GfUser1Controller.php(890): GfUser1->newzxWxUser('oSAS563V6msH3gM...', '')
#4 [internal function]: GfUser1Controller->actionzxWxLogin('0e3xda0w3Mh8U23...', '')
#5 D:\wamp\www\Mobile_Kitchen\framework\web\actions\CAction.php(109): ReflectionMethod->invokeArgs(Object(GfUser1Controller), Array)
#6 D:\wamp\www\Mobile_Kitchen\framework\web\actions\CInlineAction.php(47): CAction->runWithParamsInternal(Object(GfUser1Controller), Object(ReflectionMethod), Array)
#7 D:\wamp\www\Mobile_Kitchen\framework\web\CController.php(308): CInlineAction->runWithParams(Array)
#8 D:\wamp\www\Mobile_Kitchen\framework\web\CController.php(286): CController->runAction(Object(CInlineAction))
#9 D:\wamp\www\Mobile_Kitchen\framework\web\CController.php(265): CController->runActionWithFilters(Object(CInlineAction), Array)
#10 D:\wamp\www\Mobile_Kitchen\framework\web\CWebApplication.php(282): CController->run('zxwxLogin')
#11 D:\wamp\www\Mobile_Kitchen\framework\web\CWebApplication.php(141): CWebApplication->runController('gfUser1/zxwxLog...')
#12 D:\wamp\www\Mobile_Kitchen\framework\base\CApplication.php(185): CWebApplication->processRequest()
#13 D:\wamp\www\Mobile_Kitchen\index.php(35): CApplication->run()
#14 {main}
REQUEST_URI=/Mobile_Kitchen/index.php?r=gfUser1/zxwxLogin&code=0e3xda0w3Mh8U23PEU0w3igefd4xda0Y&phone_code=
HTTP_REFERER=https://servicewechat.com/wxf392ee482ff9e385/devtools/page-frame.html
---
2024/06/06 00:59:14 [error] [system.db.CDbCommand] CDbCommand::fetch() failed: SQLSTATE[42S02]: Base table or view not found: 1146 La table 'ttt_kit.gf_idel_user_all_number' n'existe pas. The SQL statement executed was: SELECT t1.id,t1.account FROM gf_idel_user_all_number as t1 JOIN (SELECT ROUND(RAND() * ((SELECT MAX(id) FROM gf_idel_user_all_number)-(SELECT MIN(id) FROM gf_idel_user_all_number))+(SELECT MIN(id) FROM gf_idel_user_all_number)) AS id from gf_idel_user_all_number limit 10) AS t2 on t1.id=t2.id WHERE t1.is_use=0 and t1.f_vip=0 LIMIT 1.
2024/06/06 00:59:14 [error] [exception.CDbException] exception 'CDbException' with message 'CDbCommand 无法执行 SQL 语句: SQLSTATE[42S02]: Base table or view not found: 1146 La table 'ttt_kit.gf_idel_user_all_number' n'existe pas' in D:\wamp\www\Mobile_Kitchen\framework\db\CDbCommand.php:543
Stack trace:
#0 D:\wamp\www\Mobile_Kitchen\framework\db\CDbCommand.php(415): CDbCommand->queryInternal('fetch', Array, Array)
#1 D:\wamp\www\Mobile_Kitchen\framework\db\ar\CActiveRecord.php(1568): CDbCommand->queryRow()
#2 D:\wamp\www\Mobile_Kitchen\models\GfUser1.php(653): CActiveRecord->findBySql('SELECT t1.id,t1...')
#3 D:\wamp\www\Mobile_Kitchen\admin\controllers\GfUser1Controller.php(890): GfUser1->newzxWxUser('oSAS563V6msH3gM...', '')
#4 [internal function]: GfUser1Controller->actionzxWxLogin('0e3yda0w3Ph8U23...', '')
#5 D:\wamp\www\Mobile_Kitchen\framework\web\actions\CAction.php(109): ReflectionMethod->invokeArgs(Object(GfUser1Controller), Array)
#6 D:\wamp\www\Mobile_Kitchen\framework\web\actions\CInlineAction.php(47): CAction->runWithParamsInternal(Object(GfUser1Controller), Object(ReflectionMethod), Array)
#7 D:\wamp\www\Mobile_Kitchen\framework\web\CController.php(308): CInlineAction->runWithParams(Array)
#8 D:\wamp\www\Mobile_Kitchen\framework\web\CController.php(286): CController->runAction(Object(CInlineAction))
#9 D:\wamp\www\Mobile_Kitchen\framework\web\CController.php(265): CController->runActionWithFilters(Object(CInlineAction), Array)
#10 D:\wamp\www\Mobile_Kitchen\framework\web\CWebApplication.php(282): CController->run('zxwxLogin')
#11 D:\wamp\www\Mobile_Kitchen\framework\web\CWebApplication.php(141): CWebApplication->runController('gfUser1/zxwxLog...')
#12 D:\wamp\www\Mobile_Kitchen\framework\base\CApplication.php(185): CWebApplication->processRequest()
#13 D:\wamp\www\Mobile_Kitchen\index.php(35): CApplication->run()
#14 {main}
REQUEST_URI=/Mobile_Kitchen/index.php?r=gfUser1/zxwxLogin&code=0e3yda0w3Ph8U23Nb12w3vPpEg4yda0J&phone_code=
HTTP_REFERER=https://servicewechat.com/wxf392ee482ff9e385/devtools/page-frame.html
---
2024/06/06 00:59:21 [error] [system.db.CDbCommand] CDbCommand::fetch() failed: SQLSTATE[42S02]: Base table or view not found: 1146 La table 'ttt_kit.gf_idel_user_all_number' n'existe pas. The SQL statement executed was: SELECT t1.id,t1.account FROM gf_idel_user_all_number as t1 JOIN (SELECT ROUND(RAND() * ((SELECT MAX(id) FROM gf_idel_user_all_number)-(SELECT MIN(id) FROM gf_idel_user_all_number))+(SELECT MIN(id) FROM gf_idel_user_all_number)) AS id from gf_idel_user_all_number limit 10) AS t2 on t1.id=t2.id WHERE t1.is_use=0 and t1.f_vip=0 LIMIT 1.
2024/06/06 00:59:21 [error] [exception.CDbException] exception 'CDbException' with message 'CDbCommand 无法执行 SQL 语句: SQLSTATE[42S02]: Base table or view not found: 1146 La table 'ttt_kit.gf_idel_user_all_number' n'existe pas' in D:\wamp\www\Mobile_Kitchen\framework\db\CDbCommand.php:543
Stack trace:
#0 D:\wamp\www\Mobile_Kitchen\framework\db\CDbCommand.php(415): CDbCommand->queryInternal('fetch', Array, Array)
#1 D:\wamp\www\Mobile_Kitchen\framework\db\ar\CActiveRecord.php(1568): CDbCommand->queryRow()
#2 D:\wamp\www\Mobile_Kitchen\models\GfUser1.php(653): CActiveRecord->findBySql('SELECT t1.id,t1...')
#3 D:\wamp\www\Mobile_Kitchen\admin\controllers\GfUser1Controller.php(890): GfUser1->newzxWxUser('oSAS563V6msH3gM...', '')
#4 [internal function]: GfUser1Controller->actionzxWxLogin('0f30GOFa16JMzH0...', '')
#5 D:\wamp\www\Mobile_Kitchen\framework\web\actions\CAction.php(109): ReflectionMethod->invokeArgs(Object(GfUser1Controller), Array)
#6 D:\wamp\www\Mobile_Kitchen\framework\web\actions\CInlineAction.php(47): CAction->runWithParamsInternal(Object(GfUser1Controller), Object(ReflectionMethod), Array)
#7 D:\wamp\www\Mobile_Kitchen\framework\web\CController.php(308): CInlineAction->runWithParams(Array)
#8 D:\wamp\www\Mobile_Kitchen\framework\web\CController.php(286): CController->runAction(Object(CInlineAction))
#9 D:\wamp\www\Mobile_Kitchen\framework\web\CController.php(265): CController->runActionWithFilters(Object(CInlineAction), Array)
#10 D:\wamp\www\Mobile_Kitchen\framework\web\CWebApplication.php(282): CController->run('zxwxLogin')
#11 D:\wamp\www\Mobile_Kitchen\framework\web\CWebApplication.php(141): CWebApplication->runController('gfUser1/zxwxLog...')
#12 D:\wamp\www\Mobile_Kitchen\framework\base\CApplication.php(185): CWebApplication->processRequest()
#13 D:\wamp\www\Mobile_Kitchen\index.php(35): CApplication->run()
#14 {main}
REQUEST_URI=/Mobile_Kitchen/index.php?r=gfUser1/zxwxLogin&code=0f30GOFa16JMzH0OzCHa1fBv6L10GOFv&phone_code=
HTTP_REFERER=https://servicewechat.com/wxf392ee482ff9e385/devtools/page-frame.html
---
2024/06/06 00:59:35 [error] [php] Undefined index: openid (D:\wamp\www\Mobile_Kitchen\models\GfUser1.php:407)
Stack trace:
#0 D:\wamp\www\Mobile_Kitchen\framework\web\actions\CAction.php(109): ReflectionMethod->invokeArgs()
#1 D:\wamp\www\Mobile_Kitchen\framework\web\actions\CInlineAction.php(47): CInlineAction->runWithParamsInternal()
#2 D:\wamp\www\Mobile_Kitchen\framework\web\CController.php(308): CInlineAction->runWithParams()
#3 D:\wamp\www\Mobile_Kitchen\framework\web\CController.php(286): GfUser1Controller->runAction()
#4 D:\wamp\www\Mobile_Kitchen\framework\web\CController.php(265): GfUser1Controller->runActionWithFilters()
#5 D:\wamp\www\Mobile_Kitchen\framework\web\CWebApplication.php(282): GfUser1Controller->run()
#6 D:\wamp\www\Mobile_Kitchen\framework\web\CWebApplication.php(141): CWebApplication->runController()
#7 D:\wamp\www\Mobile_Kitchen\framework\base\CApplication.php(185): CWebApplication->processRequest()
#8 D:\wamp\www\Mobile_Kitchen\index.php(35): CWebApplication->run()
REQUEST_URI=/Mobile_Kitchen/index.php?r=gfUser1/zxwxLogin&code=0f30GOFa16JMzH0OzCHa1fBv6L10GOFv&phone_code=
2024/06/06 00:59:43 [error] [php] Undefined index: openid (D:\wamp\www\Mobile_Kitchen\models\GfUser1.php:407)
Stack trace:
#0 D:\wamp\www\Mobile_Kitchen\framework\web\actions\CAction.php(109): ReflectionMethod->invokeArgs()
#1 D:\wamp\www\Mobile_Kitchen\framework\web\actions\CInlineAction.php(47): CInlineAction->runWithParamsInternal()
#2 D:\wamp\www\Mobile_Kitchen\framework\web\CController.php(308): CInlineAction->runWithParams()
#3 D:\wamp\www\Mobile_Kitchen\framework\web\CController.php(286): GfUser1Controller->runAction()
#4 D:\wamp\www\Mobile_Kitchen\framework\web\CController.php(265): GfUser1Controller->runActionWithFilters()
#5 D:\wamp\www\Mobile_Kitchen\framework\web\CWebApplication.php(282): GfUser1Controller->run()
#6 D:\wamp\www\Mobile_Kitchen\framework\web\CWebApplication.php(141): CWebApplication->runController()
#7 D:\wamp\www\Mobile_Kitchen\framework\base\CApplication.php(185): CWebApplication->processRequest()
#8 D:\wamp\www\Mobile_Kitchen\index.php(35): CWebApplication->run()
REQUEST_URI=/Mobile_Kitchen/index.php?r=gfUser1/zxwxLogin&code=0f30GOFa16JMzH0OzCHa1fBv6L10GOFv&phone_code=
2024/06/06 00:59:44 [error] [php] Undefined index: openid (D:\wamp\www\Mobile_Kitchen\models\GfUser1.php:407)
Stack trace:
#0 D:\wamp\www\Mobile_Kitchen\framework\web\actions\CAction.php(109): ReflectionMethod->invokeArgs()
#1 D:\wamp\www\Mobile_Kitchen\framework\web\actions\CInlineAction.php(47): CInlineAction->runWithParamsInternal()
#2 D:\wamp\www\Mobile_Kitchen\framework\web\CController.php(308): CInlineAction->runWithParams()
#3 D:\wamp\www\Mobile_Kitchen\framework\web\CController.php(286): GfUser1Controller->runAction()
#4 D:\wamp\www\Mobile_Kitchen\framework\web\CController.php(265): GfUser1Controller->runActionWithFilters()
#5 D:\wamp\www\Mobile_Kitchen\framework\web\CWebApplication.php(282): GfUser1Controller->run()
#6 D:\wamp\www\Mobile_Kitchen\framework\web\CWebApplication.php(141): CWebApplication->runController()
#7 D:\wamp\www\Mobile_Kitchen\framework\base\CApplication.php(185): CWebApplication->processRequest()
#8 D:\wamp\www\Mobile_Kitchen\index.php(35): CWebApplication->run()
REQUEST_URI=/Mobile_Kitchen/index.php?r=gfUser1/zxwxLogin&code=0f30GOFa16JMzH0OzCHa1fBv6L10GOFv&phone_code=
2024/06/06 01:01:05 [error] [php] Undefined index: openid (D:\wamp\www\Mobile_Kitchen\models\GfUser1.php:407)
Stack trace:
#0 D:\wamp\www\Mobile_Kitchen\framework\web\actions\CAction.php(109): ReflectionMethod->invokeArgs()
#1 D:\wamp\www\Mobile_Kitchen\framework\web\actions\CInlineAction.php(47): CInlineAction->runWithParamsInternal()
#2 D:\wamp\www\Mobile_Kitchen\framework\web\CController.php(308): CInlineAction->runWithParams()
#3 D:\wamp\www\Mobile_Kitchen\framework\web\CController.php(286): GfUser1Controller->runAction()
#4 D:\wamp\www\Mobile_Kitchen\framework\web\CController.php(265): GfUser1Controller->runActionWithFilters()
#5 D:\wamp\www\Mobile_Kitchen\framework\web\CWebApplication.php(282): GfUser1Controller->run()
#6 D:\wamp\www\Mobile_Kitchen\framework\web\CWebApplication.php(141): CWebApplication->runController()
#7 D:\wamp\www\Mobile_Kitchen\framework\base\CApplication.php(185): CWebApplication->processRequest()
#8 D:\wamp\www\Mobile_Kitchen\index.php(35): CWebApplication->run()
REQUEST_URI=/Mobile_Kitchen/index.php?r=gfUser1/zxwxLogin&code=0f30GOFa16JMzH0OzCHa1fBv6L10GOFv&phone_code=
2024/06/06 01:01:22 [error] [php] Undefined index: openid (D:\wamp\www\Mobile_Kitchen\models\GfUser1.php:407)
Stack trace:
#0 D:\wamp\www\Mobile_Kitchen\framework\web\actions\CAction.php(109): ReflectionMethod->invokeArgs()
#1 D:\wamp\www\Mobile_Kitchen\framework\web\actions\CInlineAction.php(47): CInlineAction->runWithParamsInternal()
#2 D:\wamp\www\Mobile_Kitchen\framework\web\CController.php(308): CInlineAction->runWithParams()
#3 D:\wamp\www\Mobile_Kitchen\framework\web\CController.php(286): GfUser1Controller->runAction()
#4 D:\wamp\www\Mobile_Kitchen\framework\web\CController.php(265): GfUser1Controller->runActionWithFilters()
#5 D:\wamp\www\Mobile_Kitchen\framework\web\CWebApplication.php(282): GfUser1Controller->run()
#6 D:\wamp\www\Mobile_Kitchen\framework\web\CWebApplication.php(141): CWebApplication->runController()
#7 D:\wamp\www\Mobile_Kitchen\framework\base\CApplication.php(185): CWebApplication->processRequest()
#8 D:\wamp\www\Mobile_Kitchen\index.php(35): CWebApplication->run()
REQUEST_URI=/Mobile_Kitchen/index.php?r=gfUser1/zxwxLogin&code=0f30GOFa16JMzH0OzCHa1fBv6L10GOFv&phone_code=
2024/06/06 01:01:30 [error] [php] Undefined index: openid (D:\wamp\www\Mobile_Kitchen\models\GfUser1.php:407)
Stack trace:
#0 D:\wamp\www\Mobile_Kitchen\framework\web\actions\CAction.php(109): ReflectionMethod->invokeArgs()
#1 D:\wamp\www\Mobile_Kitchen\framework\web\actions\CInlineAction.php(47): CInlineAction->runWithParamsInternal()
#2 D:\wamp\www\Mobile_Kitchen\framework\web\CController.php(308): CInlineAction->runWithParams()
#3 D:\wamp\www\Mobile_Kitchen\framework\web\CController.php(286): GfUser1Controller->runAction()
#4 D:\wamp\www\Mobile_Kitchen\framework\web\CController.php(265): GfUser1Controller->runActionWithFilters()
#5 D:\wamp\www\Mobile_Kitchen\framework\web\CWebApplication.php(282): GfUser1Controller->run()
#6 D:\wamp\www\Mobile_Kitchen\framework\web\CWebApplication.php(141): CWebApplication->runController()
#7 D:\wamp\www\Mobile_Kitchen\framework\base\CApplication.php(185): CWebApplication->processRequest()
#8 D:\wamp\www\Mobile_Kitchen\index.php(35): CWebApplication->run()
REQUEST_URI=/Mobile_Kitchen/index.php?r=gfUser1/zxwxLogin&code=0f30GOFa16JMzH0OzCHa1fBv6L10GOFv&phone_code=
2024/06/06 01:01:51 [error] [php] Undefined index: openid (D:\wamp\www\Mobile_Kitchen\models\GfUser1.php:407)
Stack trace:
#0 D:\wamp\www\Mobile_Kitchen\framework\web\actions\CAction.php(109): ReflectionMethod->invokeArgs()
#1 D:\wamp\www\Mobile_Kitchen\framework\web\actions\CInlineAction.php(47): CInlineAction->runWithParamsInternal()
#2 D:\wamp\www\Mobile_Kitchen\framework\web\CController.php(308): CInlineAction->runWithParams()
#3 D:\wamp\www\Mobile_Kitchen\framework\web\CController.php(286): GfUser1Controller->runAction()
#4 D:\wamp\www\Mobile_Kitchen\framework\web\CController.php(265): GfUser1Controller->runActionWithFilters()
#5 D:\wamp\www\Mobile_Kitchen\framework\web\CWebApplication.php(282): GfUser1Controller->run()
#6 D:\wamp\www\Mobile_Kitchen\framework\web\CWebApplication.php(141): CWebApplication->runController()
#7 D:\wamp\www\Mobile_Kitchen\framework\base\CApplication.php(185): CWebApplication->processRequest()
#8 D:\wamp\www\Mobile_Kitchen\index.php(35): CWebApplication->run()
REQUEST_URI=/Mobile_Kitchen/index.php?r=gfUser1/zxwxLogin&code=0f30GOFa16JMzH0OzCHa1fBv6L10GOFv&phone_code=
2024/06/06 01:03:02 [error] [system.db.CDbCommand] CDbCommand::fetch() failed: SQLSTATE[42S02]: Base table or view not found: 1146 La table 'ttt_kit.gf_idel_user_all_number' n'existe pas. The SQL statement executed was: SELECT t1.id,t1.account FROM gf_idel_user_all_number as t1 JOIN (SELECT ROUND(RAND() * ((SELECT MAX(id) FROM gf_idel_user_all_number)-(SELECT MIN(id) FROM gf_idel_user_all_number))+(SELECT MIN(id) FROM gf_idel_user_all_number)) AS id from gf_idel_user_all_number limit 10) AS t2 on t1.id=t2.id WHERE t1.is_use=0 and t1.f_vip=0 LIMIT 1.
2024/06/06 01:03:02 [error] [exception.CDbException] exception 'CDbException' with message 'CDbCommand 无法执行 SQL 语句: SQLSTATE[42S02]: Base table or view not found: 1146 La table 'ttt_kit.gf_idel_user_all_number' n'existe pas' in D:\wamp\www\Mobile_Kitchen\framework\db\CDbCommand.php:543
Stack trace:
#0 D:\wamp\www\Mobile_Kitchen\framework\db\CDbCommand.php(415): CDbCommand->queryInternal('fetch', Array, Array)
#1 D:\wamp\www\Mobile_Kitchen\framework\db\ar\CActiveRecord.php(1568): CDbCommand->queryRow()
#2 D:\wamp\www\Mobile_Kitchen\models\GfUser1.php(654): CActiveRecord->findBySql('SELECT t1.id,t1...')
#3 D:\wamp\www\Mobile_Kitchen\admin\controllers\GfUser1Controller.php(892): GfUser1->newzxWxUser('oSAS563V6msH3gM...', '')
#4 [internal function]: GfUser1Controller->actionzxWxLogin('0d3oBv000385fS1...', '')
#5 D:\wamp\www\Mobile_Kitchen\framework\web\actions\CAction.php(109): ReflectionMethod->invokeArgs(Object(GfUser1Controller), Array)
#6 D:\wamp\www\Mobile_Kitchen\framework\web\actions\CInlineAction.php(47): CAction->runWithParamsInternal(Object(GfUser1Controller), Object(ReflectionMethod), Array)
#7 D:\wamp\www\Mobile_Kitchen\framework\web\CController.php(308): CInlineAction->runWithParams(Array)
#8 D:\wamp\www\Mobile_Kitchen\framework\web\CController.php(286): CController->runAction(Object(CInlineAction))
#9 D:\wamp\www\Mobile_Kitchen\framework\web\CController.php(265): CController->runActionWithFilters(Object(CInlineAction), Array)
#10 D:\wamp\www\Mobile_Kitchen\framework\web\CWebApplication.php(282): CController->run('zxwxLogin')
#11 D:\wamp\www\Mobile_Kitchen\framework\web\CWebApplication.php(141): CWebApplication->runController('gfUser1/zxwxLog...')
#12 D:\wamp\www\Mobile_Kitchen\framework\base\CApplication.php(185): CWebApplication->processRequest()
#13 D:\wamp\www\Mobile_Kitchen\index.php(35): CApplication->run()
#14 {main}
REQUEST_URI=/Mobile_Kitchen/index.php?r=gfUser1/zxwxLogin&code=0d3oBv000385fS1EfR100fIAex3oBv0i&phone_code=
HTTP_REFERER=https://servicewechat.com/wxf392ee482ff9e385/devtools/page-frame.html
---
2024/06/06 01:03:19 [error] [php] Undefined index: openid (D:\wamp\www\Mobile_Kitchen\models\GfUser1.php:408)
Stack trace:
#0 D:\wamp\www\Mobile_Kitchen\framework\web\actions\CAction.php(109): ReflectionMethod->invokeArgs()
#1 D:\wamp\www\Mobile_Kitchen\framework\web\actions\CInlineAction.php(47): CInlineAction->runWithParamsInternal()
#2 D:\wamp\www\Mobile_Kitchen\framework\web\CController.php(308): CInlineAction->runWithParams()
#3 D:\wamp\www\Mobile_Kitchen\framework\web\CController.php(286): GfUser1Controller->runAction()
#4 D:\wamp\www\Mobile_Kitchen\framework\web\CController.php(265): GfUser1Controller->runActionWithFilters()
#5 D:\wamp\www\Mobile_Kitchen\framework\web\CWebApplication.php(282): GfUser1Controller->run()
#6 D:\wamp\www\Mobile_Kitchen\framework\web\CWebApplication.php(141): CWebApplication->runController()
#7 D:\wamp\www\Mobile_Kitchen\framework\base\CApplication.php(185): CWebApplication->processRequest()
#8 D:\wamp\www\Mobile_Kitchen\index.php(35): CWebApplication->run()
REQUEST_URI=/Mobile_Kitchen/index.php?r=gfUser1/zxwxLogin&code=0f30GOFa16JMzH0OzCHa1fBv6L10GOFv&phone_code=
2024/06/06 01:03:28 [error] [php] Undefined index: openid (D:\wamp\www\Mobile_Kitchen\models\GfUser1.php:408)
Stack trace:
#0 D:\wamp\www\Mobile_Kitchen\framework\web\actions\CAction.php(109): ReflectionMethod->invokeArgs()
#1 D:\wamp\www\Mobile_Kitchen\framework\web\actions\CInlineAction.php(47): CInlineAction->runWithParamsInternal()
#2 D:\wamp\www\Mobile_Kitchen\framework\web\CController.php(308): CInlineAction->runWithParams()
#3 D:\wamp\www\Mobile_Kitchen\framework\web\CController.php(286): GfUser1Controller->runAction()
#4 D:\wamp\www\Mobile_Kitchen\framework\web\CController.php(265): GfUser1Controller->runActionWithFilters()
#5 D:\wamp\www\Mobile_Kitchen\framework\web\CWebApplication.php(282): GfUser1Controller->run()
#6 D:\wamp\www\Mobile_Kitchen\framework\web\CWebApplication.php(141): CWebApplication->runController()
#7 D:\wamp\www\Mobile_Kitchen\framework\base\CApplication.php(185): CWebApplication->processRequest()
#8 D:\wamp\www\Mobile_Kitchen\index.php(35): CWebApplication->run()
REQUEST_URI=/Mobile_Kitchen/index.php?r=gfUser1/zxwxLogin&code=0f30GOFa16JMzH0OzCHa1fBv6L10GOFv&phone_code=
2024/06/06 01:03:48 [error] [php] Undefined index: openid (D:\wamp\www\Mobile_Kitchen\models\GfUser1.php:409)
Stack trace:
#0 D:\wamp\www\Mobile_Kitchen\framework\web\actions\CAction.php(109): ReflectionMethod->invokeArgs()
#1 D:\wamp\www\Mobile_Kitchen\framework\web\actions\CInlineAction.php(47): CInlineAction->runWithParamsInternal()
#2 D:\wamp\www\Mobile_Kitchen\framework\web\CController.php(308): CInlineAction->runWithParams()
#3 D:\wamp\www\Mobile_Kitchen\framework\web\CController.php(286): GfUser1Controller->runAction()
#4 D:\wamp\www\Mobile_Kitchen\framework\web\CController.php(265): GfUser1Controller->runActionWithFilters()
#5 D:\wamp\www\Mobile_Kitchen\framework\web\CWebApplication.php(282): GfUser1Controller->run()
#6 D:\wamp\www\Mobile_Kitchen\framework\web\CWebApplication.php(141): CWebApplication->runController()
#7 D:\wamp\www\Mobile_Kitchen\framework\base\CApplication.php(185): CWebApplication->processRequest()
#8 D:\wamp\www\Mobile_Kitchen\index.php(35): CWebApplication->run()
REQUEST_URI=/Mobile_Kitchen/index.php?r=gfUser1/zxwxLogin&code=0f30GOFa16JMzH0OzCHa1fBv6L10GOFv&phone_code=
2024/06/06 01:04:07 [error] [php] Undefined index: openid (D:\wamp\www\Mobile_Kitchen\models\GfUser1.php:408)
Stack trace:
#0 D:\wamp\www\Mobile_Kitchen\framework\web\actions\CAction.php(109): ReflectionMethod->invokeArgs()
#1 D:\wamp\www\Mobile_Kitchen\framework\web\actions\CInlineAction.php(47): CInlineAction->runWithParamsInternal()
#2 D:\wamp\www\Mobile_Kitchen\framework\web\CController.php(308): CInlineAction->runWithParams()
#3 D:\wamp\www\Mobile_Kitchen\framework\web\CController.php(286): GfUser1Controller->runAction()
#4 D:\wamp\www\Mobile_Kitchen\framework\web\CController.php(265): GfUser1Controller->runActionWithFilters()
#5 D:\wamp\www\Mobile_Kitchen\framework\web\CWebApplication.php(282): GfUser1Controller->run()
#6 D:\wamp\www\Mobile_Kitchen\framework\web\CWebApplication.php(141): CWebApplication->runController()
#7 D:\wamp\www\Mobile_Kitchen\framework\base\CApplication.php(185): CWebApplication->processRequest()
#8 D:\wamp\www\Mobile_Kitchen\index.php(35): CWebApplication->run()
REQUEST_URI=/Mobile_Kitchen/index.php?r=gfUser1/zxwxLogin&code=0f30GOFa16JMzH0OzCHa1fBv6L10GOFv&phone_code=
2024/06/06 01:04:52 [error] [system.db.CDbCommand] CDbCommand::fetch() failed: SQLSTATE[42S02]: Base table or view not found: 1146 La table 'ttt_kit.gf_idel_user_all_number' n'existe pas. The SQL statement executed was: SELECT t1.id,t1.account FROM gf_idel_user_all_number as t1 JOIN (SELECT ROUND(RAND() * ((SELECT MAX(id) FROM gf_idel_user_all_number)-(SELECT MIN(id) FROM gf_idel_user_all_number))+(SELECT MIN(id) FROM gf_idel_user_all_number)) AS id from gf_idel_user_all_number limit 10) AS t2 on t1.id=t2.id WHERE t1.is_use=0 and t1.f_vip=0 LIMIT 1.
2024/06/06 01:04:52 [error] [exception.CDbException] exception 'CDbException' with message 'CDbCommand 无法执行 SQL 语句: SQLSTATE[42S02]: Base table or view not found: 1146 La table 'ttt_kit.gf_idel_user_all_number' n'existe pas' in D:\wamp\www\Mobile_Kitchen\framework\db\CDbCommand.php:543
Stack trace:
#0 D:\wamp\www\Mobile_Kitchen\framework\db\CDbCommand.php(415): CDbCommand->queryInternal('fetch', Array, Array)
#1 D:\wamp\www\Mobile_Kitchen\framework\db\ar\CActiveRecord.php(1568): CDbCommand->queryRow()
#2 D:\wamp\www\Mobile_Kitchen\models\GfUser1.php(654): CActiveRecord->findBySql('SELECT t1.id,t1...')
#3 D:\wamp\www\Mobile_Kitchen\admin\controllers\GfUser1Controller.php(892): GfUser1->newzxWxUser('oSAS563V6msH3gM...', '')
#4 [internal function]: GfUser1Controller->actionzxWxLogin('0f3mj8ll2L6Izd4...', '')
#5 D:\wamp\www\Mobile_Kitchen\framework\web\actions\CAction.php(109): ReflectionMethod->invokeArgs(Object(GfUser1Controller), Array)
#6 D:\wamp\www\Mobile_Kitchen\framework\web\actions\CInlineAction.php(47): CAction->runWithParamsInternal(Object(GfUser1Controller), Object(ReflectionMethod), Array)
#7 D:\wamp\www\Mobile_Kitchen\framework\web\CController.php(308): CInlineAction->runWithParams(Array)
#8 D:\wamp\www\Mobile_Kitchen\framework\web\CController.php(286): CController->runAction(Object(CInlineAction))
#9 D:\wamp\www\Mobile_Kitchen\framework\web\CController.php(265): CController->runActionWithFilters(Object(CInlineAction), Array)
#10 D:\wamp\www\Mobile_Kitchen\framework\web\CWebApplication.php(282): CController->run('zxwxLogin')
#11 D:\wamp\www\Mobile_Kitchen\framework\web\CWebApplication.php(141): CWebApplication->runController('gfUser1/zxwxLog...')
#12 D:\wamp\www\Mobile_Kitchen\framework\base\CApplication.php(185): CWebApplication->processRequest()
#13 D:\wamp\www\Mobile_Kitchen\index.php(35): CApplication->run()
#14 {main}
REQUEST_URI=/Mobile_Kitchen/index.php?r=gfUser1/zxwxLogin&code=0f3mj8ll2L6Izd4HPQll2NmSJE2mj8lv&phone_code=
HTTP_REFERER=https://servicewechat.com/wxf392ee482ff9e385/devtools/page-frame.html
---
2024/06/06 01:05:37 [error] [system.db.CDbCommand] CDbCommand::fetch() failed: SQLSTATE[42S02]: Base table or view not found: 1146 La table 'ttt_kit.gf_idel_user_all_number' n'existe pas. The SQL statement executed was: SELECT t1.id,t1.account FROM gf_idel_user_all_number as t1 JOIN (SELECT ROUND(RAND() * ((SELECT MAX(id) FROM gf_idel_user_all_number)-(SELECT MIN(id) FROM gf_idel_user_all_number))+(SELECT MIN(id) FROM gf_idel_user_all_number)) AS id from gf_idel_user_all_number limit 10) AS t2 on t1.id=t2.id WHERE t1.is_use=0 and t1.f_vip=0 LIMIT 1.
2024/06/06 01:05:37 [error] [exception.CDbException] exception 'CDbException' with message 'CDbCommand 无法执行 SQL 语句: SQLSTATE[42S02]: Base table or view not found: 1146 La table 'ttt_kit.gf_idel_user_all_number' n'existe pas' in D:\wamp\www\Mobile_Kitchen\framework\db\CDbCommand.php:543
Stack trace:
#0 D:\wamp\www\Mobile_Kitchen\framework\db\CDbCommand.php(415): CDbCommand->queryInternal('fetch', Array, Array)
#1 D:\wamp\www\Mobile_Kitchen\framework\db\ar\CActiveRecord.php(1568): CDbCommand->queryRow()
#2 D:\wamp\www\Mobile_Kitchen\models\GfUser1.php(654): CActiveRecord->findBySql('SELECT t1.id,t1...')
#3 D:\wamp\www\Mobile_Kitchen\admin\controllers\GfUser1Controller.php(892): GfUser1->newzxWxUser('oSAS563V6msH3gM...', '')
#4 [internal function]: GfUser1Controller->actionzxWxLogin('0e3em8ll2H4Izd4...', '')
#5 D:\wamp\www\Mobile_Kitchen\framework\web\actions\CAction.php(109): ReflectionMethod->invokeArgs(Object(GfUser1Controller), Array)
#6 D:\wamp\www\Mobile_Kitchen\framework\web\actions\CInlineAction.php(47): CAction->runWithParamsInternal(Object(GfUser1Controller), Object(ReflectionMethod), Array)
#7 D:\wamp\www\Mobile_Kitchen\framework\web\CController.php(308): CInlineAction->runWithParams(Array)
#8 D:\wamp\www\Mobile_Kitchen\framework\web\CController.php(286): CController->runAction(Object(CInlineAction))
#9 D:\wamp\www\Mobile_Kitchen\framework\web\CController.php(265): CController->runActionWithFilters(Object(CInlineAction), Array)
#10 D:\wamp\www\Mobile_Kitchen\framework\web\CWebApplication.php(282): CController->run('zxwxLogin')
#11 D:\wamp\www\Mobile_Kitchen\framework\web\CWebApplication.php(141): CWebApplication->runController('gfUser1/zxwxLog...')
#12 D:\wamp\www\Mobile_Kitchen\framework\base\CApplication.php(185): CWebApplication->processRequest()
#13 D:\wamp\www\Mobile_Kitchen\index.php(35): CApplication->run()
#14 {main}
REQUEST_URI=/Mobile_Kitchen/index.php?r=gfUser1/zxwxLogin&code=0e3em8ll2H4Izd4xGFkl2D4MNr1em8lp&phone_code=
HTTP_REFERER=https://servicewechat.com/wxf392ee482ff9e385/devtools/page-frame.html
---
2024/06/06 01:06:46 [error] [system.db.CDbCommand] CDbCommand::fetchAll() failed: SQLSTATE[42S02]: Base table or view not found: 1146 La table 'ttt_kit.gf_idel_user' n'existe pas. The SQL statement executed was: SHOW FULL COLUMNS FROM `gf_idel_user`.
2024/06/06 01:06:46 [error] [exception.CDbException] exception 'CDbException' with message '数据库中无法找到 active record class "GfIdelUser" 对应的 table "{{gf_idel_user}}".' in D:\wamp\www\Mobile_Kitchen\framework\db\ar\CActiveRecord.php:2403
Stack trace:
#0 D:\wamp\www\Mobile_Kitchen\framework\db\ar\CActiveRecord.php(413): CActiveRecordMetaData->__construct(Object(GfIdelUser))
#1 D:\wamp\www\Mobile_Kitchen\framework\db\ar\CActiveRecord.php(663): CActiveRecord->getMetaData()
#2 D:\wamp\www\Mobile_Kitchen\framework\db\ar\CActiveRecord.php(1834): CActiveRecord->getTableSchema()
#3 D:\wamp\www\Mobile_Kitchen\models\GfUser1.php(667): CActiveRecord->deleteAll('non_account=888...')
#4 D:\wamp\www\Mobile_Kitchen\admin\controllers\GfUser1Controller.php(892): GfUser1->newzxWxUser('oSAS563V6msH3gM...', '')
#5 [internal function]: GfUser1Controller->actionzxWxLogin('0a3vnRkl2Q4rzd4...', '')
#6 D:\wamp\www\Mobile_Kitchen\framework\web\actions\CAction.php(109): ReflectionMethod->invokeArgs(Object(GfUser1Controller), Array)
#7 D:\wamp\www\Mobile_Kitchen\framework\web\actions\CInlineAction.php(47): CAction->runWithParamsInternal(Object(GfUser1Controller), Object(ReflectionMethod), Array)
#8 D:\wamp\www\Mobile_Kitchen\framework\web\CController.php(308): CInlineAction->runWithParams(Array)
#9 D:\wamp\www\Mobile_Kitchen\framework\web\CController.php(286): CController->runAction(Object(CInlineAction))
#10 D:\wamp\www\Mobile_Kitchen\framework\web\CController.php(265): CController->runActionWithFilters(Object(CInlineAction), Array)
#11 D:\wamp\www\Mobile_Kitchen\framework\web\CWebApplication.php(282): CController->run('zxwxLogin')
#12 D:\wamp\www\Mobile_Kitchen\framework\web\CWebApplication.php(141): CWebApplication->runController('gfUser1/zxwxLog...')
#13 D:\wamp\www\Mobile_Kitchen\framework\base\CApplication.php(185): CWebApplication->processRequest()
#14 D:\wamp\www\Mobile_Kitchen\index.php(35): CApplication->run()
#15 {main}
REQUEST_URI=/Mobile_Kitchen/index.php?r=gfUser1/zxwxLogin&code=0a3vnRkl2Q4rzd4of6ml2uH0wf4vnRkB&phone_code=
HTTP_REFERER=https://servicewechat.com/wxf392ee482ff9e385/devtools/page-frame.html
---
2024/06/06 01:07:00 [error] [php] Undefined index: openid (D:\wamp\www\Mobile_Kitchen\models\GfUser1.php:408)
Stack trace:
#0 D:\wamp\www\Mobile_Kitchen\framework\web\actions\CAction.php(109): ReflectionMethod->invokeArgs()
#1 D:\wamp\www\Mobile_Kitchen\framework\web\actions\CInlineAction.php(47): CInlineAction->runWithParamsInternal()
#2 D:\wamp\www\Mobile_Kitchen\framework\web\CController.php(308): CInlineAction->runWithParams()
#3 D:\wamp\www\Mobile_Kitchen\framework\web\CController.php(286): GfUser1Controller->runAction()
#4 D:\wamp\www\Mobile_Kitchen\framework\web\CController.php(265): GfUser1Controller->runActionWithFilters()
#5 D:\wamp\www\Mobile_Kitchen\framework\web\CWebApplication.php(282): GfUser1Controller->run()
#6 D:\wamp\www\Mobile_Kitchen\framework\web\CWebApplication.php(141): CWebApplication->runController()
#7 D:\wamp\www\Mobile_Kitchen\framework\base\CApplication.php(185): CWebApplication->processRequest()
#8 D:\wamp\www\Mobile_Kitchen\index.php(35): CWebApplication->run()
REQUEST_URI=/Mobile_Kitchen/index.php?r=gfUser1/zxwxLogin&code=0f30GOFa16JMzH0OzCHa1fBv6L10GOFv&phone_code=
2024/06/06 01:07:09 [error] [php] Undefined index: openid (D:\wamp\www\Mobile_Kitchen\models\GfUser1.php:408)
Stack trace:
#0 D:\wamp\www\Mobile_Kitchen\framework\web\actions\CAction.php(109): ReflectionMethod->invokeArgs()
#1 D:\wamp\www\Mobile_Kitchen\framework\web\actions\CInlineAction.php(47): CInlineAction->runWithParamsInternal()
#2 D:\wamp\www\Mobile_Kitchen\framework\web\CController.php(308): CInlineAction->runWithParams()
#3 D:\wamp\www\Mobile_Kitchen\framework\web\CController.php(286): GfUser1Controller->runAction()
#4 D:\wamp\www\Mobile_Kitchen\framework\web\CController.php(265): GfUser1Controller->runActionWithFilters()
#5 D:\wamp\www\Mobile_Kitchen\framework\web\CWebApplication.php(282): GfUser1Controller->run()
#6 D:\wamp\www\Mobile_Kitchen\framework\web\CWebApplication.php(141): CWebApplication->runController()
#7 D:\wamp\www\Mobile_Kitchen\framework\base\CApplication.php(185): CWebApplication->processRequest()
#8 D:\wamp\www\Mobile_Kitchen\index.php(35): CWebApplication->run()
REQUEST_URI=/Mobile_Kitchen/index.php?r=gfUser1/zxwxLogin&code=0a3vnRkl2Q4rzd4of6ml2uH0wf4vnRkB&phone_code=
2024/06/06 01:08:49 [error] [php] Undefined index: openid (D:\wamp\www\Mobile_Kitchen\models\GfUser1.php:408)
Stack trace:
#0 D:\wamp\www\Mobile_Kitchen\framework\web\actions\CAction.php(109): ReflectionMethod->invokeArgs()
#1 D:\wamp\www\Mobile_Kitchen\framework\web\actions\CInlineAction.php(47): CInlineAction->runWithParamsInternal()
#2 D:\wamp\www\Mobile_Kitchen\framework\web\CController.php(308): CInlineAction->runWithParams()
#3 D:\wamp\www\Mobile_Kitchen\framework\web\CController.php(286): GfUser1Controller->runAction()
#4 D:\wamp\www\Mobile_Kitchen\framework\web\CController.php(265): GfUser1Controller->runActionWithFilters()
#5 D:\wamp\www\Mobile_Kitchen\framework\web\CWebApplication.php(282): GfUser1Controller->run()
#6 D:\wamp\www\Mobile_Kitchen\framework\web\CWebApplication.php(141): CWebApplication->runController()
#7 D:\wamp\www\Mobile_Kitchen\framework\base\CApplication.php(185): CWebApplication->processRequest()
#8 D:\wamp\www\Mobile_Kitchen\index.php(35): CWebApplication->run()
REQUEST_URI=/Mobile_Kitchen/index.php?r=GfUser1/towxbind&gf_account=888873&code=
2024/06/06 01:08:55 [error] [system.db.CDbCommand] CDbCommand::fetchAll() failed: SQLSTATE[42S02]: Base table or view not found: 1146 La table 'ttt_kit.gf_idel_user' n'existe pas. The SQL statement executed was: SHOW FULL COLUMNS FROM `gf_idel_user`.
2024/06/06 01:08:55 [error] [exception.CDbException] exception 'CDbException' with message '数据库中无法找到 active record class "GfIdelUser" 对应的 table "{{gf_idel_user}}".' in D:\wamp\www\Mobile_Kitchen\framework\db\ar\CActiveRecord.php:2403
Stack trace:
#0 D:\wamp\www\Mobile_Kitchen\framework\db\ar\CActiveRecord.php(413): CActiveRecordMetaData->__construct(Object(GfIdelUser))
#1 D:\wamp\www\Mobile_Kitchen\framework\db\ar\CActiveRecord.php(663): CActiveRecord->getMetaData()
#2 D:\wamp\www\Mobile_Kitchen\framework\db\ar\CActiveRecord.php(1834): CActiveRecord->getTableSchema()
#3 D:\wamp\www\Mobile_Kitchen\models\GfUser1.php(667): CActiveRecord->deleteAll('non_account=888...')
#4 D:\wamp\www\Mobile_Kitchen\admin\controllers\GfUser1Controller.php(892): GfUser1->newzxWxUser('oSAS563V6msH3gM...', '')
#5 [internal function]: GfUser1Controller->actionzxWxLogin('0f3IBpll2s0Zzd4...', '')
#6 D:\wamp\www\Mobile_Kitchen\framework\web\actions\CAction.php(109): ReflectionMethod->invokeArgs(Object(GfUser1Controller), Array)
#7 D:\wamp\www\Mobile_Kitchen\framework\web\actions\CInlineAction.php(47): CAction->runWithParamsInternal(Object(GfUser1Controller), Object(ReflectionMethod), Array)
#8 D:\wamp\www\Mobile_Kitchen\framework\web\CController.php(308): CInlineAction->runWithParams(Array)
#9 D:\wamp\www\Mobile_Kitchen\framework\web\CController.php(286): CController->runAction(Object(CInlineAction))
#10 D:\wamp\www\Mobile_Kitchen\framework\web\CController.php(265): CController->runActionWithFilters(Object(CInlineAction), Array)
#11 D:\wamp\www\Mobile_Kitchen\framework\web\CWebApplication.php(282): CController->run('zxwxLogin')
#12 D:\wamp\www\Mobile_Kitchen\framework\web\CWebApplication.php(141): CWebApplication->runController('gfUser1/zxwxLog...')
#13 D:\wamp\www\Mobile_Kitchen\framework\base\CApplication.php(185): CWebApplication->processRequest()
#14 D:\wamp\www\Mobile_Kitchen\index.php(35): CApplication->run()
#15 {main}
REQUEST_URI=/Mobile_Kitchen/index.php?r=gfUser1/zxwxLogin&code=0f3IBpll2s0Zzd4SSknl2xj8nI0IBpl7&phone_code=
HTTP_REFERER=https://servicewechat.com/wxf392ee482ff9e385/devtools/page-frame.html
---
2024/06/06 01:11:10 [error] [php] Undefined index: openid (D:\wamp\www\Mobile_Kitchen\models\GfUser1.php:408)
Stack trace:
#0 D:\wamp\www\Mobile_Kitchen\framework\web\actions\CAction.php(109): ReflectionMethod->invokeArgs()
#1 D:\wamp\www\Mobile_Kitchen\framework\web\actions\CInlineAction.php(47): CInlineAction->runWithParamsInternal()
#2 D:\wamp\www\Mobile_Kitchen\framework\web\CController.php(308): CInlineAction->runWithParams()
#3 D:\wamp\www\Mobile_Kitchen\framework\web\CController.php(286): GfUser1Controller->runAction()
#4 D:\wamp\www\Mobile_Kitchen\framework\web\CController.php(265): GfUser1Controller->runActionWithFilters()
#5 D:\wamp\www\Mobile_Kitchen\framework\web\CWebApplication.php(282): GfUser1Controller->run()
#6 D:\wamp\www\Mobile_Kitchen\framework\web\CWebApplication.php(141): CWebApplication->runController()
#7 D:\wamp\www\Mobile_Kitchen\framework\base\CApplication.php(185): CWebApplication->processRequest()
#8 D:\wamp\www\Mobile_Kitchen\index.php(35): CWebApplication->run()
REQUEST_URI=/Mobile_Kitchen/index.php?r=GfUser1/towxbind&gf_account=888804&code=
2024/06/06 01:13:39 [error] [php] Undefined index: openid (D:\wamp\www\Mobile_Kitchen\models\GfUser1.php:408)
Stack trace:
#0 D:\wamp\www\Mobile_Kitchen\framework\web\actions\CAction.php(109): ReflectionMethod->invokeArgs()
#1 D:\wamp\www\Mobile_Kitchen\framework\web\actions\CInlineAction.php(47): CInlineAction->runWithParamsInternal()
#2 D:\wamp\www\Mobile_Kitchen\framework\web\CController.php(308): CInlineAction->runWithParams()
#3 D:\wamp\www\Mobile_Kitchen\framework\web\CController.php(286): GfUser1Controller->runAction()
#4 D:\wamp\www\Mobile_Kitchen\framework\web\CController.php(265): GfUser1Controller->runActionWithFilters()
#5 D:\wamp\www\Mobile_Kitchen\framework\web\CWebApplication.php(282): GfUser1Controller->run()
#6 D:\wamp\www\Mobile_Kitchen\framework\web\CWebApplication.php(141): CWebApplication->runController()
#7 D:\wamp\www\Mobile_Kitchen\framework\base\CApplication.php(185): CWebApplication->processRequest()
#8 D:\wamp\www\Mobile_Kitchen\index.php(35): CWebApplication->run()
REQUEST_URI=/Mobile_Kitchen/index.php?r=GfUser1/towxbind&gf_account=888804&code=
2024/06/06 01:14:00 [error] [php] Undefined index: openid (D:\wamp\www\Mobile_Kitchen\models\GfUser1.php:408)
Stack trace:
#0 D:\wamp\www\Mobile_Kitchen\framework\web\actions\CAction.php(109): ReflectionMethod->invokeArgs()
#1 D:\wamp\www\Mobile_Kitchen\framework\web\actions\CInlineAction.php(47): CInlineAction->runWithParamsInternal()
#2 D:\wamp\www\Mobile_Kitchen\framework\web\CController.php(308): CInlineAction->runWithParams()
#3 D:\wamp\www\Mobile_Kitchen\framework\web\CController.php(286): GfUser1Controller->runAction()
#4 D:\wamp\www\Mobile_Kitchen\framework\web\CController.php(265): GfUser1Controller->runActionWithFilters()
#5 D:\wamp\www\Mobile_Kitchen\framework\web\CWebApplication.php(282): GfUser1Controller->run()
#6 D:\wamp\www\Mobile_Kitchen\framework\web\CWebApplication.php(141): CWebApplication->runController()
#7 D:\wamp\www\Mobile_Kitchen\framework\base\CApplication.php(185): CWebApplication->processRequest()
#8 D:\wamp\www\Mobile_Kitchen\index.php(35): CWebApplication->run()
REQUEST_URI=/Mobile_Kitchen/index.php?r=GfUser1/towxbind&gf_account=888804&code=0d3OORkl22nuzd4E5Inl238Dq64OORk6
2024/06/06 01:21:58 [error] [system.db.CDbCommand] CDbCommand::execute() failed: SQLSTATE[42S22]: Column not found: 1054 Champ 'oSAS563V6msH3gMlGTBTxF4NPJmg' inconnu dans where clause. The SQL statement executed was: UPDATE `gf_user_1` SET `wx_openid`=:yp0 WHERE wx_openid=oSAS563V6msH3gMlGTBTxF4NPJmg. Bound with :yp0=NULL.
2024/06/06 01:21:58 [error] [exception.CDbException] exception 'CDbException' with message 'CDbCommand 无法执行 SQL 语句: SQLSTATE[42S22]: Column not found: 1054 Champ 'oSAS563V6msH3gMlGTBTxF4NPJmg' inconnu dans where clause' in D:\wamp\www\Mobile_Kitchen\framework\db\CDbCommand.php:358
Stack trace:
#0 D:\wamp\www\Mobile_Kitchen\framework\db\ar\CActiveRecord.php(1783): CDbCommand->execute()
#1 D:\wamp\www\Mobile_Kitchen\admin\controllers\GfUser1Controller.php(913): CActiveRecord->updateAll(Array, 'wx_openid=oSAS5...')
#2 [internal function]: GfUser1Controller->actiontowxbind('888804', '0d3oEf000tAReS1...')
#3 D:\wamp\www\Mobile_Kitchen\framework\web\actions\CAction.php(109): ReflectionMethod->invokeArgs(Object(GfUser1Controller), Array)
#4 D:\wamp\www\Mobile_Kitchen\framework\web\actions\CInlineAction.php(47): CAction->runWithParamsInternal(Object(GfUser1Controller), Object(ReflectionMethod), Array)
#5 D:\wamp\www\Mobile_Kitchen\framework\web\CController.php(308): CInlineAction->runWithParams(Array)
#6 D:\wamp\www\Mobile_Kitchen\framework\web\CController.php(286): CController->runAction(Object(CInlineAction))
#7 D:\wamp\www\Mobile_Kitchen\framework\web\CController.php(265): CController->runActionWithFilters(Object(CInlineAction), Array)
#8 D:\wamp\www\Mobile_Kitchen\framework\web\CWebApplication.php(282): CController->run('towxbind')
#9 D:\wamp\www\Mobile_Kitchen\framework\web\CWebApplication.php(141): CWebApplication->runController('GfUser1/towxbin...')
#10 D:\wamp\www\Mobile_Kitchen\framework\base\CApplication.php(185): CWebApplication->processRequest()
#11 D:\wamp\www\Mobile_Kitchen\index.php(35): CApplication->run()
#12 {main}
REQUEST_URI=/Mobile_Kitchen/index.php?r=GfUser1/towxbind&gf_account=888804&code=0d3oEf000tAReS1vzm100JiShp3oEf0z
HTTP_REFERER=https://servicewechat.com/wxf392ee482ff9e385/devtools/page-frame.html
---
2024/06/06 01:22:25 [error] [system.db.CDbCommand] CDbCommand::execute() failed: SQLSTATE[42S22]: Column not found: 1054 Champ 'oSAS563V6msH3gMlGTBTxF4NPJmg' inconnu dans where clause. The SQL statement executed was: UPDATE `gf_user_1` SET `wx_openid`=:yp0 WHERE wx_openid=oSAS563V6msH3gMlGTBTxF4NPJmg. Bound with :yp0=NULL.
2024/06/06 01:22:25 [error] [exception.CDbException] exception 'CDbException' with message 'CDbCommand 无法执行 SQL 语句: SQLSTATE[42S22]: Column not found: 1054 Champ 'oSAS563V6msH3gMlGTBTxF4NPJmg' inconnu dans where clause' in D:\wamp\www\Mobile_Kitchen\framework\db\CDbCommand.php:358
Stack trace:
#0 D:\wamp\www\Mobile_Kitchen\framework\db\ar\CActiveRecord.php(1783): CDbCommand->execute()
#1 D:\wamp\www\Mobile_Kitchen\admin\controllers\GfUser1Controller.php(914): CActiveRecord->updateAll(Array, 'wx_openid=oSAS5...')
#2 [internal function]: GfUser1Controller->actiontowxbind('888804', '0f3v0zFa1nhyzH0...')
#3 D:\wamp\www\Mobile_Kitchen\framework\web\actions\CAction.php(109): ReflectionMethod->invokeArgs(Object(GfUser1Controller), Array)
#4 D:\wamp\www\Mobile_Kitchen\framework\web\actions\CInlineAction.php(47): CAction->runWithParamsInternal(Object(GfUser1Controller), Object(ReflectionMethod), Array)
#5 D:\wamp\www\Mobile_Kitchen\framework\web\CController.php(308): CInlineAction->runWithParams(Array)
#6 D:\wamp\www\Mobile_Kitchen\framework\web\CController.php(286): CController->runAction(Object(CInlineAction))
#7 D:\wamp\www\Mobile_Kitchen\framework\web\CController.php(265): CController->runActionWithFilters(Object(CInlineAction), Array)
#8 D:\wamp\www\Mobile_Kitchen\framework\web\CWebApplication.php(282): CController->run('towxbind')
#9 D:\wamp\www\Mobile_Kitchen\framework\web\CWebApplication.php(141): CWebApplication->runController('GfUser1/towxbin...')
#10 D:\wamp\www\Mobile_Kitchen\framework\base\CApplication.php(185): CWebApplication->processRequest()
#11 D:\wamp\www\Mobile_Kitchen\index.php(35): CApplication->run()
#12 {main}
REQUEST_URI=/Mobile_Kitchen/index.php?r=GfUser1/towxbind&gf_account=888804&code=0f3v0zFa1nhyzH0mqFGa1qIziz0v0zFn
HTTP_REFERER=https://servicewechat.com/wxf392ee482ff9e385/devtools/page-frame.html
---
2024/06/06 01:22:39 [error] [system.db.CDbCommand] CDbCommand::execute() failed: SQLSTATE[42S22]: Column not found: 1054 Champ 'oSAS563V6msH3gMlGTBTxF4NPJmg' inconnu dans where clause. The SQL statement executed was: UPDATE `gf_user_1` SET `wx_openid`=:yp0 WHERE wx_openid=oSAS563V6msH3gMlGTBTxF4NPJmg. Bound with :yp0=NULL.
2024/06/06 01:22:39 [error] [exception.CDbException] exception 'CDbException' with message 'CDbCommand 无法执行 SQL 语句: SQLSTATE[42S22]: Column not found: 1054 Champ 'oSAS563V6msH3gMlGTBTxF4NPJmg' inconnu dans where clause' in D:\wamp\www\Mobile_Kitchen\framework\db\CDbCommand.php:358
Stack trace:
#0 D:\wamp\www\Mobile_Kitchen\framework\db\ar\CActiveRecord.php(1783): CDbCommand->execute()
#1 D:\wamp\www\Mobile_Kitchen\admin\controllers\GfUser1Controller.php(914): CActiveRecord->updateAll(Array, 'wx_openid=oSAS5...')
#2 [internal function]: GfUser1Controller->actiontowxbind('888804', '0f3IkSkl2HZtzd4...')
#3 D:\wamp\www\Mobile_Kitchen\framework\web\actions\CAction.php(109): ReflectionMethod->invokeArgs(Object(GfUser1Controller), Array)
#4 D:\wamp\www\Mobile_Kitchen\framework\web\actions\CInlineAction.php(47): CAction->runWithParamsInternal(Object(GfUser1Controller), Object(ReflectionMethod), Array)
#5 D:\wamp\www\Mobile_Kitchen\framework\web\CController.php(308): CInlineAction->runWithParams(Array)
#6 D:\wamp\www\Mobile_Kitchen\framework\web\CController.php(286): CController->runAction(Object(CInlineAction))
#7 D:\wamp\www\Mobile_Kitchen\framework\web\CController.php(265): CController->runActionWithFilters(Object(CInlineAction), Array)
#8 D:\wamp\www\Mobile_Kitchen\framework\web\CWebApplication.php(282): CController->run('towxbind')
#9 D:\wamp\www\Mobile_Kitchen\framework\web\CWebApplication.php(141): CWebApplication->runController('GfUser1/towxbin...')
#10 D:\wamp\www\Mobile_Kitchen\framework\base\CApplication.php(185): CWebApplication->processRequest()
#11 D:\wamp\www\Mobile_Kitchen\index.php(35): CApplication->run()
#12 {main}
REQUEST_URI=/Mobile_Kitchen/index.php?r=GfUser1/towxbind&gf_account=888804&code=0f3IkSkl2HZtzd41ztll2TJJcv1IkSkj
HTTP_REFERER=https://servicewechat.com/wxf392ee482ff9e385/devtools/page-frame.html
---
2024/06/06 01:22:59 [error] [system.db.CDbCommand] CDbCommand::execute() failed: SQLSTATE[42S22]: Column not found: 1054 Champ 'oSAS563V6msH3gMlGTBTxF4NPJmg' inconnu dans where clause. The SQL statement executed was: UPDATE `gf_user_1` SET `wx_openid`=:yp0 WHERE wx_openid=oSAS563V6msH3gMlGTBTxF4NPJmg. Bound with :yp0=NULL.
2024/06/06 01:22:59 [error] [exception.CDbException] exception 'CDbException' with message 'CDbCommand 无法执行 SQL 语句: SQLSTATE[42S22]: Column not found: 1054 Champ 'oSAS563V6msH3gMlGTBTxF4NPJmg' inconnu dans where clause' in D:\wamp\www\Mobile_Kitchen\framework\db\CDbCommand.php:358
Stack trace:
#0 D:\wamp\www\Mobile_Kitchen\framework\db\ar\CActiveRecord.php(1783): CDbCommand->execute()
#1 D:\wamp\www\Mobile_Kitchen\admin\controllers\GfUser1Controller.php(914): CActiveRecord->updateAll(Array, 'wx_openid=oSAS5...')
#2 [internal function]: GfUser1Controller->actiontowxbind('888804', '0a3ANw000Eq8fS1...')
#3 D:\wamp\www\Mobile_Kitchen\framework\web\actions\CAction.php(109): ReflectionMethod->invokeArgs(Object(GfUser1Controller), Array)
#4 D:\wamp\www\Mobile_Kitchen\framework\web\actions\CInlineAction.php(47): CAction->runWithParamsInternal(Object(GfUser1Controller), Object(ReflectionMethod), Array)
#5 D:\wamp\www\Mobile_Kitchen\framework\web\CController.php(308): CInlineAction->runWithParams(Array)
#6 D:\wamp\www\Mobile_Kitchen\framework\web\CController.php(286): CController->runAction(Object(CInlineAction))
#7 D:\wamp\www\Mobile_Kitchen\framework\web\CController.php(265): CController->runActionWithFilters(Object(CInlineAction), Array)
#8 D:\wamp\www\Mobile_Kitchen\framework\web\CWebApplication.php(282): CController->run('towxbind')
#9 D:\wamp\www\Mobile_Kitchen\framework\web\CWebApplication.php(141): CWebApplication->runController('GfUser1/towxbin...')
#10 D:\wamp\www\Mobile_Kitchen\framework\base\CApplication.php(185): CWebApplication->processRequest()
#11 D:\wamp\www\Mobile_Kitchen\index.php(35): CApplication->run()
#12 {main}
REQUEST_URI=/Mobile_Kitchen/index.php?r=GfUser1/towxbind&gf_account=888804&code=0a3ANw000Eq8fS1Zou30019A600ANw0Y
HTTP_REFERER=https://servicewechat.com/wxf392ee482ff9e385/devtools/page-frame.html
---
2024/06/06 01:23:55 [error] [system.db.CDbCommand] CDbCommand::execute() failed: SQLSTATE[42S22]: Column not found: 1054 Champ 'oSAS563V6msH3gMlGTBTxF4NPJmg' inconnu dans where clause. The SQL statement executed was: UPDATE `gf_user_1` SET `wx_openid`=:yp0 WHERE wx_openid=oSAS563V6msH3gMlGTBTxF4NPJmg. Bound with :yp0='0'.
2024/06/06 01:23:55 [error] [exception.CDbException] exception 'CDbException' with message 'CDbCommand 无法执行 SQL 语句: SQLSTATE[42S22]: Column not found: 1054 Champ 'oSAS563V6msH3gMlGTBTxF4NPJmg' inconnu dans where clause' in D:\wamp\www\Mobile_Kitchen\framework\db\CDbCommand.php:358
Stack trace:
#0 D:\wamp\www\Mobile_Kitchen\framework\db\ar\CActiveRecord.php(1783): CDbCommand->execute()
#1 D:\wamp\www\Mobile_Kitchen\admin\controllers\GfUser1Controller.php(914): CActiveRecord->updateAll(Array, 'wx_openid=oSAS5...')
#2 [internal function]: GfUser1Controller->actiontowxbind('888804', '0a3qIs0w3dIrU23...')
#3 D:\wamp\www\Mobile_Kitchen\framework\web\actions\CAction.php(109): ReflectionMethod->invokeArgs(Object(GfUser1Controller), Array)
#4 D:\wamp\www\Mobile_Kitchen\framework\web\actions\CInlineAction.php(47): CAction->runWithParamsInternal(Object(GfUser1Controller), Object(ReflectionMethod), Array)
#5 D:\wamp\www\Mobile_Kitchen\framework\web\CController.php(308): CInlineAction->runWithParams(Array)
#6 D:\wamp\www\Mobile_Kitchen\framework\web\CController.php(286): CController->runAction(Object(CInlineAction))
#7 D:\wamp\www\Mobile_Kitchen\framework\web\CController.php(265): CController->runActionWithFilters(Object(CInlineAction), Array)
#8 D:\wamp\www\Mobile_Kitchen\framework\web\CWebApplication.php(282): CController->run('towxbind')
#9 D:\wamp\www\Mobile_Kitchen\framework\web\CWebApplication.php(141): CWebApplication->runController('GfUser1/towxbin...')
#10 D:\wamp\www\Mobile_Kitchen\framework\base\CApplication.php(185): CWebApplication->processRequest()
#11 D:\wamp\www\Mobile_Kitchen\index.php(35): CApplication->run()
#12 {main}
REQUEST_URI=/Mobile_Kitchen/index.php?r=GfUser1/towxbind&gf_account=888804&code=0a3qIs0w3dIrU23FhF1w3tP0dv1qIs03
HTTP_REFERER=https://servicewechat.com/wxf392ee482ff9e385/devtools/page-frame.html
---
2024/06/06 01:26:07 [error] [php] Undefined index: openid (D:\wamp\www\Mobile_Kitchen\models\GfUser1.php:408)
Stack trace:
#0 D:\wamp\www\Mobile_Kitchen\framework\web\actions\CAction.php(109): ReflectionMethod->invokeArgs()
#1 D:\wamp\www\Mobile_Kitchen\framework\web\actions\CInlineAction.php(47): CInlineAction->runWithParamsInternal()
#2 D:\wamp\www\Mobile_Kitchen\framework\web\CController.php(308): CInlineAction->runWithParams()
#3 D:\wamp\www\Mobile_Kitchen\framework\web\CController.php(286): GfUser1Controller->runAction()
#4 D:\wamp\www\Mobile_Kitchen\framework\web\CController.php(265): GfUser1Controller->runActionWithFilters()
#5 D:\wamp\www\Mobile_Kitchen\framework\web\CWebApplication.php(282): GfUser1Controller->run()
#6 D:\wamp\www\Mobile_Kitchen\framework\web\CWebApplication.php(141): CWebApplication->runController()
#7 D:\wamp\www\Mobile_Kitchen\framework\base\CApplication.php(185): CWebApplication->processRequest()
#8 D:\wamp\www\Mobile_Kitchen\index.php(35): CWebApplication->run()
REQUEST_URI=/Mobile_Kitchen/index.php?r=GfUser1/towxbind&gf_account=888804&code=
2024/06/06 01:27:56 [error] [php] Undefined index: openid (D:\wamp\www\Mobile_Kitchen\models\GfUser1.php:408)
Stack trace:
#0 D:\wamp\www\Mobile_Kitchen\framework\web\actions\CAction.php(109): ReflectionMethod->invokeArgs()
#1 D:\wamp\www\Mobile_Kitchen\framework\web\actions\CInlineAction.php(47): CInlineAction->runWithParamsInternal()
#2 D:\wamp\www\Mobile_Kitchen\framework\web\CController.php(308): CInlineAction->runWithParams()
#3 D:\wamp\www\Mobile_Kitchen\framework\web\CController.php(286): GfUser1Controller->runAction()
#4 D:\wamp\www\Mobile_Kitchen\framework\web\CController.php(265): GfUser1Controller->runActionWithFilters()
#5 D:\wamp\www\Mobile_Kitchen\framework\web\CWebApplication.php(282): GfUser1Controller->run()
#6 D:\wamp\www\Mobile_Kitchen\framework\web\CWebApplication.php(141): CWebApplication->runController()
#7 D:\wamp\www\Mobile_Kitchen\framework\base\CApplication.php(185): CWebApplication->processRequest()
#8 D:\wamp\www\Mobile_Kitchen\index.php(35): CWebApplication->run()
REQUEST_URI=/Mobile_Kitchen/index.php?r=GfUser1/towxbind&gf_account=888804&code=
2024/06/06 01:28:01 [error] [php] Undefined index: openid (D:\wamp\www\Mobile_Kitchen\models\GfUser1.php:408)
Stack trace:
#0 D:\wamp\www\Mobile_Kitchen\framework\web\actions\CAction.php(109): ReflectionMethod->invokeArgs()
#1 D:\wamp\www\Mobile_Kitchen\framework\web\actions\CInlineAction.php(47): CInlineAction->runWithParamsInternal()
#2 D:\wamp\www\Mobile_Kitchen\framework\web\CController.php(308): CInlineAction->runWithParams()
#3 D:\wamp\www\Mobile_Kitchen\framework\web\CController.php(286): GfUser1Controller->runAction()
#4 D:\wamp\www\Mobile_Kitchen\framework\web\CController.php(265): GfUser1Controller->runActionWithFilters()
#5 D:\wamp\www\Mobile_Kitchen\framework\web\CWebApplication.php(282): GfUser1Controller->run()
#6 D:\wamp\www\Mobile_Kitchen\framework\web\CWebApplication.php(141): CWebApplication->runController()
#7 D:\wamp\www\Mobile_Kitchen\framework\base\CApplication.php(185): CWebApplication->processRequest()
#8 D:\wamp\www\Mobile_Kitchen\index.php(35): CWebApplication->run()
REQUEST_URI=/Mobile_Kitchen/index.php?r=GfUser1/towxbind&gf_account=888804&code=0b3K4g000PbPeS144X100P27Qo2K4g0b
2024/06/06 01:29:08 [error] [php] Undefined index: openid (D:\wamp\www\Mobile_Kitchen\models\GfUser1.php:408)
Stack trace:
#0 D:\wamp\www\Mobile_Kitchen\framework\web\actions\CAction.php(109): ReflectionMethod->invokeArgs()
#1 D:\wamp\www\Mobile_Kitchen\framework\web\actions\CInlineAction.php(47): CInlineAction->runWithParamsInternal()
#2 D:\wamp\www\Mobile_Kitchen\framework\web\CController.php(308): CInlineAction->runWithParams()
#3 D:\wamp\www\Mobile_Kitchen\framework\web\CController.php(286): GfUser1Controller->runAction()
#4 D:\wamp\www\Mobile_Kitchen\framework\web\CController.php(265): GfUser1Controller->runActionWithFilters()
#5 D:\wamp\www\Mobile_Kitchen\framework\web\CWebApplication.php(282): GfUser1Controller->run()
#6 D:\wamp\www\Mobile_Kitchen\framework\web\CWebApplication.php(141): CWebApplication->runController()
#7 D:\wamp\www\Mobile_Kitchen\framework\base\CApplication.php(185): CWebApplication->processRequest()
#8 D:\wamp\www\Mobile_Kitchen\index.php(35): CWebApplication->run()
REQUEST_URI=/Mobile_Kitchen/index.php?r=GfUser1/towxbind&gf_account=888804&code=
2024/06/06 19:07:55 [error] [php] Trying to get property of non-object (D:\wamp\www\Mobile_Kitchen\admin\controllers\MealDataController.php:285)
Stack trace:
#0 D:\wamp\www\Mobile_Kitchen\framework\web\actions\CInlineAction.php(47): CInlineAction->runWithParamsInternal()
#1 D:\wamp\www\Mobile_Kitchen\framework\web\CController.php(308): CInlineAction->runWithParams()
#2 D:\wamp\www\Mobile_Kitchen\framework\web\CController.php(286): MealDataController->runAction()
#3 D:\wamp\www\Mobile_Kitchen\framework\web\CController.php(265): MealDataController->runActionWithFilters()
#4 D:\wamp\www\Mobile_Kitchen\framework\web\CWebApplication.php(282): MealDataController->run()
#5 D:\wamp\www\Mobile_Kitchen\framework\web\CWebApplication.php(141): CWebApplication->runController()
#6 D:\wamp\www\Mobile_Kitchen\framework\base\CApplication.php(185): CWebApplication->processRequest()
#7 D:\wamp\www\Mobile_Kitchen\index.php(35): CWebApplication->run()
REQUEST_URI=/Mobile_Kitchen/index.php?r=MealData/wxgetdishdetail&meal_id=undefined
2024/06/06 19:33:07 [error] [php] Trying to get property of non-object (D:\wamp\www\Mobile_Kitchen\admin\controllers\MealDataController.php:285)
Stack trace:
#0 D:\wamp\www\Mobile_Kitchen\framework\web\actions\CInlineAction.php(47): CInlineAction->runWithParamsInternal()
#1 D:\wamp\www\Mobile_Kitchen\framework\web\CController.php(308): CInlineAction->runWithParams()
#2 D:\wamp\www\Mobile_Kitchen\framework\web\CController.php(286): MealDataController->runAction()
#3 D:\wamp\www\Mobile_Kitchen\framework\web\CController.php(265): MealDataController->runActionWithFilters()
#4 D:\wamp\www\Mobile_Kitchen\framework\web\CWebApplication.php(282): MealDataController->run()
#5 D:\wamp\www\Mobile_Kitchen\framework\web\CWebApplication.php(141): CWebApplication->runController()
#6 D:\wamp\www\Mobile_Kitchen\framework\base\CApplication.php(185): CWebApplication->processRequest()
#7 D:\wamp\www\Mobile_Kitchen\index.php(35): CWebApplication->run()
REQUEST_URI=/Mobile_Kitchen/index.php?r=MealData/wxgetdishdetail&meal_id=undefined
2024/06/06 19:37:32 [error] [exception.CHttpException.404] exception 'CHttpException' with message '无法解析请求 "xxx"。' in D:\wamp\www\Mobile_Kitchen\framework\web\CWebApplication.php:286
Stack trace:
#0 D:\wamp\www\Mobile_Kitchen\framework\web\CWebApplication.php(141): CWebApplication->runController('xxx')
#1 D:\wamp\www\Mobile_Kitchen\framework\base\CApplication.php(185): CWebApplication->processRequest()
#2 D:\wamp\www\Mobile_Kitchen\index.php(35): CApplication->run()
#3 {main}
REQUEST_URI=/Mobile_Kitchen/index.php?r=xxx&gf_account=888804&zsxm=&sex=&phone=&id_card=&kitchen_name=&address=&id_card_face=undefined&id_card_back=undefined&kitchen_logo=undefined
HTTP_REFERER=https://servicewechat.com/wxf392ee482ff9e385/devtools/page-frame.html
---
2024/06/06 19:37:33 [error] [exception.CHttpException.404] exception 'CHttpException' with message '无法解析请求 "xxx"。' in D:\wamp\www\Mobile_Kitchen\framework\web\CWebApplication.php:286
Stack trace:
#0 D:\wamp\www\Mobile_Kitchen\framework\web\CWebApplication.php(141): CWebApplication->runController('xxx')
#1 D:\wamp\www\Mobile_Kitchen\framework\base\CApplication.php(185): CWebApplication->processRequest()
#2 D:\wamp\www\Mobile_Kitchen\index.php(35): CApplication->run()
#3 {main}
REQUEST_URI=/Mobile_Kitchen/index.php?r=xxx&gf_account=888804&zsxm=&sex=&phone=&id_card=&kitchen_name=&address=&id_card_face=undefined&id_card_back=undefined&kitchen_logo=undefined
HTTP_REFERER=https://servicewechat.com/wxf392ee482ff9e385/devtools/page-frame.html
---
2024/06/06 19:37:33 [error] [exception.CHttpException.404] exception 'CHttpException' with message '无法解析请求 "xxx"。' in D:\wamp\www\Mobile_Kitchen\framework\web\CWebApplication.php:286
Stack trace:
#0 D:\wamp\www\Mobile_Kitchen\framework\web\CWebApplication.php(141): CWebApplication->runController('xxx')
#1 D:\wamp\www\Mobile_Kitchen\framework\base\CApplication.php(185): CWebApplication->processRequest()
#2 D:\wamp\www\Mobile_Kitchen\index.php(35): CApplication->run()
#3 {main}
REQUEST_URI=/Mobile_Kitchen/index.php?r=xxx&gf_account=888804&zsxm=&sex=&phone=&id_card=&kitchen_name=&address=&id_card_face=undefined&id_card_back=undefined&kitchen_logo=undefined
HTTP_REFERER=https://servicewechat.com/wxf392ee482ff9e385/devtools/page-frame.html
---
2024/06/06 19:37:34 [error] [exception.CHttpException.404] exception 'CHttpException' with message '无法解析请求 "xxx"。' in D:\wamp\www\Mobile_Kitchen\framework\web\CWebApplication.php:286
Stack trace:
#0 D:\wamp\www\Mobile_Kitchen\framework\web\CWebApplication.php(141): CWebApplication->runController('xxx')
#1 D:\wamp\www\Mobile_Kitchen\framework\base\CApplication.php(185): CWebApplication->processRequest()
#2 D:\wamp\www\Mobile_Kitchen\index.php(35): CApplication->run()
#3 {main}
REQUEST_URI=/Mobile_Kitchen/index.php?r=xxx&gf_account=888804&zsxm=&sex=&phone=&id_card=&kitchen_name=&address=&id_card_face=undefined&id_card_back=undefined&kitchen_logo=undefined
HTTP_REFERER=https://servicewechat.com/wxf392ee482ff9e385/devtools/page-frame.html
---
2024/06/06 19:37:34 [error] [exception.CHttpException.404] exception 'CHttpException' with message '无法解析请求 "xxx"。' in D:\wamp\www\Mobile_Kitchen\framework\web\CWebApplication.php:286
Stack trace:
#0 D:\wamp\www\Mobile_Kitchen\framework\web\CWebApplication.php(141): CWebApplication->runController('xxx')
#1 D:\wamp\www\Mobile_Kitchen\framework\base\CApplication.php(185): CWebApplication->processRequest()
#2 D:\wamp\www\Mobile_Kitchen\index.php(35): CApplication->run()
#3 {main}
REQUEST_URI=/Mobile_Kitchen/index.php?r=xxx&gf_account=888804&zsxm=&sex=&phone=&id_card=&kitchen_name=&address=&id_card_face=undefined&id_card_back=undefined&kitchen_logo=undefined
HTTP_REFERER=https://servicewechat.com/wxf392ee482ff9e385/devtools/page-frame.html
---
2024/06/06 19:37:34 [error] [exception.CHttpException.404] exception 'CHttpException' with message '无法解析请求 "xxx"。' in D:\wamp\www\Mobile_Kitchen\framework\web\CWebApplication.php:286
Stack trace:
#0 D:\wamp\www\Mobile_Kitchen\framework\web\CWebApplication.php(141): CWebApplication->runController('xxx')
#1 D:\wamp\www\Mobile_Kitchen\framework\base\CApplication.php(185): CWebApplication->processRequest()
#2 D:\wamp\www\Mobile_Kitchen\index.php(35): CApplication->run()
#3 {main}
REQUEST_URI=/Mobile_Kitchen/index.php?r=xxx&gf_account=888804&zsxm=&sex=&phone=&id_card=&kitchen_name=&address=&id_card_face=undefined&id_card_back=undefined&kitchen_logo=undefined
HTTP_REFERER=https://servicewechat.com/wxf392ee482ff9e385/devtools/page-frame.html
---
2024/06/06 19:37:34 [error] [exception.CHttpException.404] exception 'CHttpException' with message '无法解析请求 "xxx"。' in D:\wamp\www\Mobile_Kitchen\framework\web\CWebApplication.php:286
Stack trace:
#0 D:\wamp\www\Mobile_Kitchen\framework\web\CWebApplication.php(141): CWebApplication->runController('xxx')
#1 D:\wamp\www\Mobile_Kitchen\framework\base\CApplication.php(185): CWebApplication->processRequest()
#2 D:\wamp\www\Mobile_Kitchen\index.php(35): CApplication->run()
#3 {main}
REQUEST_URI=/Mobile_Kitchen/index.php?r=xxx&gf_account=888804&zsxm=&sex=&phone=&id_card=&kitchen_name=&address=&id_card_face=undefined&id_card_back=undefined&kitchen_logo=undefined
HTTP_REFERER=https://servicewechat.com/wxf392ee482ff9e385/devtools/page-frame.html
---
2024/06/06 19:37:34 [error] [exception.CHttpException.404] exception 'CHttpException' with message '无法解析请求 "xxx"。' in D:\wamp\www\Mobile_Kitchen\framework\web\CWebApplication.php:286
Stack trace:
#0 D:\wamp\www\Mobile_Kitchen\framework\web\CWebApplication.php(141): CWebApplication->runController('xxx')
#1 D:\wamp\www\Mobile_Kitchen\framework\base\CApplication.php(185): CWebApplication->processRequest()
#2 D:\wamp\www\Mobile_Kitchen\index.php(35): CApplication->run()
#3 {main}
REQUEST_URI=/Mobile_Kitchen/index.php?r=xxx&gf_account=888804&zsxm=&sex=&phone=&id_card=&kitchen_name=&address=&id_card_face=undefined&id_card_back=undefined&kitchen_logo=undefined
HTTP_REFERER=https://servicewechat.com/wxf392ee482ff9e385/devtools/page-frame.html
---
2024/06/06 19:37:34 [error] [exception.CHttpException.404] exception 'CHttpException' with message '无法解析请求 "xxx"。' in D:\wamp\www\Mobile_Kitchen\framework\web\CWebApplication.php:286
Stack trace:
#0 D:\wamp\www\Mobile_Kitchen\framework\web\CWebApplication.php(141): CWebApplication->runController('xxx')
#1 D:\wamp\www\Mobile_Kitchen\framework\base\CApplication.php(185): CWebApplication->processRequest()
#2 D:\wamp\www\Mobile_Kitchen\index.php(35): CApplication->run()
#3 {main}
REQUEST_URI=/Mobile_Kitchen/index.php?r=xxx&gf_account=888804&zsxm=&sex=&phone=&id_card=&kitchen_name=&address=&id_card_face=undefined&id_card_back=undefined&kitchen_logo=undefined
HTTP_REFERER=https://servicewechat.com/wxf392ee482ff9e385/devtools/page-frame.html
---
2024/06/06 19:37:41 [error] [exception.CHttpException.404] exception 'CHttpException' with message '无法解析请求 "xxx"。' in D:\wamp\www\Mobile_Kitchen\framework\web\CWebApplication.php:286
Stack trace:
#0 D:\wamp\www\Mobile_Kitchen\framework\web\CWebApplication.php(141): CWebApplication->runController('xxx')
#1 D:\wamp\www\Mobile_Kitchen\framework\base\CApplication.php(185): CWebApplication->processRequest()
#2 D:\wamp\www\Mobile_Kitchen\index.php(35): CApplication->run()
#3 {main}
REQUEST_URI=/Mobile_Kitchen/index.php?r=xxx&gf_account=888804&zsxm=&sex=&phone=&id_card=&kitchen_name=&address=&id_card_face=undefined&id_card_back=undefined&kitchen_logo=undefined
HTTP_REFERER=https://servicewechat.com/wxf392ee482ff9e385/devtools/page-frame.html
---
2024/06/06 19:37:48 [error] [exception.CHttpException.404] exception 'CHttpException' with message '无法解析请求 "xxx"。' in D:\wamp\www\Mobile_Kitchen\framework\web\CWebApplication.php:286
Stack trace:
#0 D:\wamp\www\Mobile_Kitchen\framework\web\CWebApplication.php(141): CWebApplication->runController('xxx')
#1 D:\wamp\www\Mobile_Kitchen\framework\base\CApplication.php(185): CWebApplication->processRequest()
#2 D:\wamp\www\Mobile_Kitchen\index.php(35): CApplication->run()
#3 {main}
REQUEST_URI=/Mobile_Kitchen/index.php?r=xxx&gf_account=888804&zsxm=&sex=&phone=&id_card=&kitchen_name=&address=&id_card_face=undefined&id_card_back=undefined&kitchen_logo=undefined
HTTP_REFERER=https://servicewechat.com/wxf392ee482ff9e385/devtools/page-frame.html
---
2024/06/06 19:39:20 [error] [php] Trying to get property of non-object (D:\wamp\www\Mobile_Kitchen\admin\controllers\MealDataController.php:285)
Stack trace:
#0 D:\wamp\www\Mobile_Kitchen\framework\web\actions\CInlineAction.php(47): CInlineAction->runWithParamsInternal()
#1 D:\wamp\www\Mobile_Kitchen\framework\web\CController.php(308): CInlineAction->runWithParams()
#2 D:\wamp\www\Mobile_Kitchen\framework\web\CController.php(286): MealDataController->runAction()
#3 D:\wamp\www\Mobile_Kitchen\framework\web\CController.php(265): MealDataController->runActionWithFilters()
#4 D:\wamp\www\Mobile_Kitchen\framework\web\CWebApplication.php(282): MealDataController->run()
#5 D:\wamp\www\Mobile_Kitchen\framework\web\CWebApplication.php(141): CWebApplication->runController()
#6 D:\wamp\www\Mobile_Kitchen\framework\base\CApplication.php(185): CWebApplication->processRequest()
#7 D:\wamp\www\Mobile_Kitchen\index.php(35): CWebApplication->run()
REQUEST_URI=/Mobile_Kitchen/index.php?r=MealData/wxgetdishdetail&meal_id=undefined
2024/06/06 19:39:26 [error] [php] Trying to get property of non-object (D:\wamp\www\Mobile_Kitchen\admin\controllers\MealDataController.php:285)
Stack trace:
#0 D:\wamp\www\Mobile_Kitchen\framework\web\actions\CInlineAction.php(47): CInlineAction->runWithParamsInternal()
#1 D:\wamp\www\Mobile_Kitchen\framework\web\CController.php(308): CInlineAction->runWithParams()
#2 D:\wamp\www\Mobile_Kitchen\framework\web\CController.php(286): MealDataController->runAction()
#3 D:\wamp\www\Mobile_Kitchen\framework\web\CController.php(265): MealDataController->runActionWithFilters()
#4 D:\wamp\www\Mobile_Kitchen\framework\web\CWebApplication.php(282): MealDataController->run()
#5 D:\wamp\www\Mobile_Kitchen\framework\web\CWebApplication.php(141): CWebApplication->runController()
#6 D:\wamp\www\Mobile_Kitchen\framework\base\CApplication.php(185): CWebApplication->processRequest()
#7 D:\wamp\www\Mobile_Kitchen\index.php(35): CWebApplication->run()
REQUEST_URI=/Mobile_Kitchen/index.php?r=MealData/wxgetdishdetail&meal_id=undefined
2024/06/06 19:39:57 [error] [php] Trying to get property of non-object (D:\wamp\www\Mobile_Kitchen\admin\controllers\MealDataController.php:285)
Stack trace:
#0 D:\wamp\www\Mobile_Kitchen\framework\web\actions\CInlineAction.php(47): CInlineAction->runWithParamsInternal()
#1 D:\wamp\www\Mobile_Kitchen\framework\web\CController.php(308): CInlineAction->runWithParams()
#2 D:\wamp\www\Mobile_Kitchen\framework\web\CController.php(286): MealDataController->runAction()
#3 D:\wamp\www\Mobile_Kitchen\framework\web\CController.php(265): MealDataController->runActionWithFilters()
#4 D:\wamp\www\Mobile_Kitchen\framework\web\CWebApplication.php(282): MealDataController->run()
#5 D:\wamp\www\Mobile_Kitchen\framework\web\CWebApplication.php(141): CWebApplication->runController()
#6 D:\wamp\www\Mobile_Kitchen\framework\base\CApplication.php(185): CWebApplication->processRequest()
#7 D:\wamp\www\Mobile_Kitchen\index.php(35): CWebApplication->run()
REQUEST_URI=/Mobile_Kitchen/index.php?r=MealData/wxgetdishdetail&meal_id=undefined
