2024/05/15 22:38:26 [error] [php] Undefined variable: w1 (D:\wamp\www\Mobile_Kitchen\admin\controllers\DishDetailController.php:26)
Stack trace:
#0 D:\wamp\www\Mobile_Kitchen\framework\web\actions\CInlineAction.php(47): CInlineAction->runWithParamsInternal()
#1 D:\wamp\www\Mobile_Kitchen\framework\web\CController.php(308): CInlineAction->runWithParams()
#2 D:\wamp\www\Mobile_Kitchen\framework\web\CController.php(286): DishDetailController->runAction()
#3 D:\wamp\www\Mobile_Kitchen\framework\web\CController.php(265): DishDetailController->runActionWithFilters()
#4 D:\wamp\www\Mobile_Kitchen\framework\web\CWebApplication.php(282): DishDetailController->run()
#5 D:\wamp\www\Mobile_Kitchen\framework\web\CWebApplication.php(141): CWebApplication->runController()
#6 D:\wamp\www\Mobile_Kitchen\framework\base\CApplication.php(185): CWebApplication->processRequest()
#7 D:\wamp\www\Mobile_Kitchen\index.php(35): CWebApplication->run()
REQUEST_URI=/mobile_kitchen/index.php?r=DishDetail/index
2024/05/15 23:33:47 [error] [exception.CHttpException.404] exception 'CHttpException' with message '系统无法找到请求的 "wxgetdishdetail?id=13" 动作.' in D:\wamp\www\Mobile_Kitchen\framework\web\CController.php:486
Stack trace:
#0 D:\wamp\www\Mobile_Kitchen\framework\web\CController.php(270): CController->missingAction('wxgetdishdetail...')
#1 D:\wamp\www\Mobile_Kitchen\framework\web\CWebApplication.php(282): CController->run('wxgetdishdetail...')
#2 D:\wamp\www\Mobile_Kitchen\framework\web\CWebApplication.php(141): CWebApplication->runController('mealData/wxgetd...')
#3 D:\wamp\www\Mobile_Kitchen\framework\base\CApplication.php(185): CWebApplication->processRequest()
#4 D:\wamp\www\Mobile_Kitchen\index.php(35): CApplication->run()
#5 {main}
REQUEST_URI=/mobile_kitchen/index.php?r=mealData/wxgetdishdetail?id=13
---
2024/05/15 23:34:21 [error] [exception.CHttpException.404] exception 'CHttpException' with message '系统无法找到请求的 "wxgetdishdetail" 动作.' in D:\wamp\www\Mobile_Kitchen\framework\web\CController.php:486
Stack trace:
#0 D:\wamp\www\Mobile_Kitchen\framework\web\CController.php(270): CController->missingAction('wxgetdishdetail')
#1 D:\wamp\www\Mobile_Kitchen\framework\web\CWebApplication.php(282): CController->run('wxgetdishdetail')
#2 D:\wamp\www\Mobile_Kitchen\framework\web\CWebApplication.php(141): CWebApplication->runController('mealData/wxgetd...')
#3 D:\wamp\www\Mobile_Kitchen\framework\base\CApplication.php(185): CWebApplication->processRequest()
#4 D:\wamp\www\Mobile_Kitchen\index.php(35): CApplication->run()
#5 {main}
REQUEST_URI=/mobile_kitchen/index.php?r=mealData/wxgetdishdetail
---
2024/05/15 23:34:43 [error] [php] Use of undefined constant JSON - assumed 'JSON' (D:\wamp\www\Mobile_Kitchen\admin\controllers\MealDataController.php:284)
Stack trace:
#0 D:\wamp\www\Mobile_Kitchen\framework\web\actions\CInlineAction.php(47): CInlineAction->runWithParamsInternal()
#1 D:\wamp\www\Mobile_Kitchen\framework\web\CController.php(308): CInlineAction->runWithParams()
#2 D:\wamp\www\Mobile_Kitchen\framework\web\CController.php(286): MealDataController->runAction()
#3 D:\wamp\www\Mobile_Kitchen\framework\web\CController.php(265): MealDataController->runActionWithFilters()
#4 D:\wamp\www\Mobile_Kitchen\framework\web\CWebApplication.php(282): MealDataController->run()
#5 D:\wamp\www\Mobile_Kitchen\framework\web\CWebApplication.php(141): CWebApplication->runController()
#6 D:\wamp\www\Mobile_Kitchen\framework\base\CApplication.php(185): CWebApplication->processRequest()
#7 D:\wamp\www\Mobile_Kitchen\index.php(35): CWebApplication->run()
REQUEST_URI=/mobile_kitchen/index.php?r=mealData/wxgetdishdetail
2024/05/15 23:36:23 [error] [php] Trying to get property of non-object (D:\wamp\www\Mobile_Kitchen\admin\controllers\MealDataController.php:284)
Stack trace:
#0 D:\wamp\www\Mobile_Kitchen\framework\web\actions\CInlineAction.php(47): CInlineAction->runWithParamsInternal()
#1 D:\wamp\www\Mobile_Kitchen\framework\web\CController.php(308): CInlineAction->runWithParams()
#2 D:\wamp\www\Mobile_Kitchen\framework\web\CController.php(286): MealDataController->runAction()
#3 D:\wamp\www\Mobile_Kitchen\framework\web\CController.php(265): MealDataController->runActionWithFilters()
#4 D:\wamp\www\Mobile_Kitchen\framework\web\CWebApplication.php(282): MealDataController->run()
#5 D:\wamp\www\Mobile_Kitchen\framework\web\CWebApplication.php(141): CWebApplication->runController()
#6 D:\wamp\www\Mobile_Kitchen\framework\base\CApplication.php(185): CWebApplication->processRequest()
#7 D:\wamp\www\Mobile_Kitchen\index.php(35): CWebApplication->run()
REQUEST_URI=/mobile_kitchen/index.php?r=mealData/wxgetdishdetail
2024/05/15 23:37:01 [error] [php] Trying to get property of non-object (D:\wamp\www\Mobile_Kitchen\admin\controllers\MealDataController.php:284)
Stack trace:
#0 D:\wamp\www\Mobile_Kitchen\framework\web\actions\CInlineAction.php(47): CInlineAction->runWithParamsInternal()
#1 D:\wamp\www\Mobile_Kitchen\framework\web\CController.php(308): CInlineAction->runWithParams()
#2 D:\wamp\www\Mobile_Kitchen\framework\web\CController.php(286): MealDataController->runAction()
#3 D:\wamp\www\Mobile_Kitchen\framework\web\CController.php(265): MealDataController->runActionWithFilters()
#4 D:\wamp\www\Mobile_Kitchen\framework\web\CWebApplication.php(282): MealDataController->run()
#5 D:\wamp\www\Mobile_Kitchen\framework\web\CWebApplication.php(141): CWebApplication->runController()
#6 D:\wamp\www\Mobile_Kitchen\framework\base\CApplication.php(185): CWebApplication->processRequest()
#7 D:\wamp\www\Mobile_Kitchen\index.php(35): CWebApplication->run()
REQUEST_URI=/mobile_kitchen/index.php?r=mealData/wxgetdishdetail
2024/05/15 23:37:46 [error] [exception.CHttpException.404] exception 'CHttpException' with message '系统无法找到请求的 "wxgetdishdetail?id=13" 动作.' in D:\wamp\www\Mobile_Kitchen\framework\web\CController.php:486
Stack trace:
#0 D:\wamp\www\Mobile_Kitchen\framework\web\CController.php(270): CController->missingAction('wxgetdishdetail...')
#1 D:\wamp\www\Mobile_Kitchen\framework\web\CWebApplication.php(282): CController->run('wxgetdishdetail...')
#2 D:\wamp\www\Mobile_Kitchen\framework\web\CWebApplication.php(141): CWebApplication->runController('mealData/wxgetd...')
#3 D:\wamp\www\Mobile_Kitchen\framework\base\CApplication.php(185): CWebApplication->processRequest()
#4 D:\wamp\www\Mobile_Kitchen\index.php(35): CApplication->run()
#5 {main}
REQUEST_URI=/mobile_kitchen/index.php?r=mealData/wxgetdishdetail?id=13
---
2024/05/15 23:38:04 [error] [exception.CHttpException.404] exception 'CHttpException' with message '系统无法找到请求的 "wxgetdishdetail?meal_id=13" 动作.' in D:\wamp\www\Mobile_Kitchen\framework\web\CController.php:486
Stack trace:
#0 D:\wamp\www\Mobile_Kitchen\framework\web\CController.php(270): CController->missingAction('wxgetdishdetail...')
#1 D:\wamp\www\Mobile_Kitchen\framework\web\CWebApplication.php(282): CController->run('wxgetdishdetail...')
#2 D:\wamp\www\Mobile_Kitchen\framework\web\CWebApplication.php(141): CWebApplication->runController('mealData/wxgetd...')
#3 D:\wamp\www\Mobile_Kitchen\framework\base\CApplication.php(185): CWebApplication->processRequest()
#4 D:\wamp\www\Mobile_Kitchen\index.php(35): CApplication->run()
#5 {main}
REQUEST_URI=/mobile_kitchen/index.php?r=mealData/wxgetdishdetail?meal_id=13
---
2024/05/15 23:38:29 [error] [exception.CHttpException.404] exception 'CHttpException' with message '系统无法找到请求的 "wxGetMeallist=13" 动作.' in D:\wamp\www\Mobile_Kitchen\framework\web\CController.php:486
Stack trace:
#0 D:\wamp\www\Mobile_Kitchen\framework\web\CController.php(270): CController->missingAction('wxGetMeallist=1...')
#1 D:\wamp\www\Mobile_Kitchen\framework\web\CWebApplication.php(282): CController->run('wxGetMeallist=1...')
#2 D:\wamp\www\Mobile_Kitchen\framework\web\CWebApplication.php(141): CWebApplication->runController('mealData/wxGetM...')
#3 D:\wamp\www\Mobile_Kitchen\framework\base\CApplication.php(185): CWebApplication->processRequest()
#4 D:\wamp\www\Mobile_Kitchen\index.php(35): CApplication->run()
#5 {main}
REQUEST_URI=/mobile_kitchen/index.php?r=mealData/wxGetMeallist=13
---
2024/05/15 23:38:34 [error] [exception.CHttpException.404] exception 'CHttpException' with message '系统无法找到请求的 "wxGetMeallist?id=13" 动作.' in D:\wamp\www\Mobile_Kitchen\framework\web\CController.php:486
Stack trace:
#0 D:\wamp\www\Mobile_Kitchen\framework\web\CController.php(270): CController->missingAction('wxGetMeallist?i...')
#1 D:\wamp\www\Mobile_Kitchen\framework\web\CWebApplication.php(282): CController->run('wxGetMeallist?i...')
#2 D:\wamp\www\Mobile_Kitchen\framework\web\CWebApplication.php(141): CWebApplication->runController('mealData/wxGetM...')
#3 D:\wamp\www\Mobile_Kitchen\framework\base\CApplication.php(185): CWebApplication->processRequest()
#4 D:\wamp\www\Mobile_Kitchen\index.php(35): CApplication->run()
#5 {main}
REQUEST_URI=/mobile_kitchen/index.php?r=mealData/wxGetMeallist?id=13
---
2024/05/15 23:39:22 [error] [exception.CHttpException.404] exception 'CHttpException' with message '系统无法找到请求的 "wxgetdishdetail?id=" 动作.' in D:\wamp\www\Mobile_Kitchen\framework\web\CController.php:486
Stack trace:
#0 D:\wamp\www\Mobile_Kitchen\framework\web\CController.php(270): CController->missingAction('wxgetdishdetail...')
#1 D:\wamp\www\Mobile_Kitchen\framework\web\CWebApplication.php(282): CController->run('wxgetdishdetail...')
#2 D:\wamp\www\Mobile_Kitchen\framework\web\CWebApplication.php(141): CWebApplication->runController('dishDetail/wxge...')
#3 D:\wamp\www\Mobile_Kitchen\framework\base\CApplication.php(185): CWebApplication->processRequest()
#4 D:\wamp\www\Mobile_Kitchen\index.php(35): CApplication->run()
#5 {main}
REQUEST_URI=/mobile_kitchen/index.php?r=dishDetail/wxgetdishdetail?id=
---
2024/05/15 23:39:26 [error] [exception.CHttpException.404] exception 'CHttpException' with message '系统无法找到请求的 "wxgetdishdetail?id=2" 动作.' in D:\wamp\www\Mobile_Kitchen\framework\web\CController.php:486
Stack trace:
#0 D:\wamp\www\Mobile_Kitchen\framework\web\CController.php(270): CController->missingAction('wxgetdishdetail...')
#1 D:\wamp\www\Mobile_Kitchen\framework\web\CWebApplication.php(282): CController->run('wxgetdishdetail...')
#2 D:\wamp\www\Mobile_Kitchen\framework\web\CWebApplication.php(141): CWebApplication->runController('dishDetail/wxge...')
#3 D:\wamp\www\Mobile_Kitchen\framework\base\CApplication.php(185): CWebApplication->processRequest()
#4 D:\wamp\www\Mobile_Kitchen\index.php(35): CApplication->run()
#5 {main}
REQUEST_URI=/mobile_kitchen/index.php?r=dishDetail/wxgetdishdetail?id=2
---
2024/05/15 23:39:30 [error] [exception.CHttpException.404] exception 'CHttpException' with message '系统无法找到请求的 "wxgetdishdetail=" 动作.' in D:\wamp\www\Mobile_Kitchen\framework\web\CController.php:486
Stack trace:
#0 D:\wamp\www\Mobile_Kitchen\framework\web\CController.php(270): CController->missingAction('wxgetdishdetail...')
#1 D:\wamp\www\Mobile_Kitchen\framework\web\CWebApplication.php(282): CController->run('wxgetdishdetail...')
#2 D:\wamp\www\Mobile_Kitchen\framework\web\CWebApplication.php(141): CWebApplication->runController('dishDetail/wxge...')
#3 D:\wamp\www\Mobile_Kitchen\framework\base\CApplication.php(185): CWebApplication->processRequest()
#4 D:\wamp\www\Mobile_Kitchen\index.php(35): CApplication->run()
#5 {main}
REQUEST_URI=/mobile_kitchen/index.php?r=dishDetail/wxgetdishdetail=
---
2024/05/15 23:39:58 [error] [exception.CException] exception 'CException' with message '属性 "DishDetail.passed" 未被定义.' in D:\wamp\www\Mobile_Kitchen\framework\base\CComponent.php:130
Stack trace:
#0 D:\wamp\www\Mobile_Kitchen\framework\db\ar\CActiveRecord.php(145): CComponent->__get('passed')
#1 D:\wamp\www\Mobile_Kitchen\models\DishDetail.php(38): CActiveRecord->__get('passed')
#2 D:\wamp\www\Mobile_Kitchen\admin\controllers\DishDetailController.php(65): DishDetail->getwxdishInfo()
#3 [internal function]: DishDetailController->actionwxgetdishdetail('3')
#4 D:\wamp\www\Mobile_Kitchen\framework\web\actions\CAction.php(109): ReflectionMethod->invokeArgs(Object(DishDetailController), Array)
#5 D:\wamp\www\Mobile_Kitchen\framework\web\actions\CInlineAction.php(47): CAction->runWithParamsInternal(Object(DishDetailController), Object(ReflectionMethod), Array)
#6 D:\wamp\www\Mobile_Kitchen\framework\web\CController.php(308): CInlineAction->runWithParams(Array)
#7 D:\wamp\www\Mobile_Kitchen\framework\web\CController.php(286): CController->runAction(Object(CInlineAction))
#8 D:\wamp\www\Mobile_Kitchen\framework\web\CController.php(265): CController->runActionWithFilters(Object(CInlineAction), Array)
#9 D:\wamp\www\Mobile_Kitchen\framework\web\CWebApplication.php(282): CController->run('wxgetdishdetail')
#10 D:\wamp\www\Mobile_Kitchen\framework\web\CWebApplication.php(141): CWebApplication->runController('dishDetail/wxge...')
#11 D:\wamp\www\Mobile_Kitchen\framework\base\CApplication.php(185): CWebApplication->processRequest()
#12 D:\wamp\www\Mobile_Kitchen\index.php(35): CApplication->run()
#13 {main}
REQUEST_URI=/mobile_kitchen/index.php?r=dishDetail/wxgetdishdetail&id=3
---
2024/05/15 23:40:01 [error] [exception.CException] exception 'CException' with message '属性 "DishDetail.passed" 未被定义.' in D:\wamp\www\Mobile_Kitchen\framework\base\CComponent.php:130
Stack trace:
#0 D:\wamp\www\Mobile_Kitchen\framework\db\ar\CActiveRecord.php(145): CComponent->__get('passed')
#1 D:\wamp\www\Mobile_Kitchen\models\DishDetail.php(38): CActiveRecord->__get('passed')
#2 D:\wamp\www\Mobile_Kitchen\admin\controllers\DishDetailController.php(65): DishDetail->getwxdishInfo()
#3 [internal function]: DishDetailController->actionwxgetdishdetail('33')
#4 D:\wamp\www\Mobile_Kitchen\framework\web\actions\CAction.php(109): ReflectionMethod->invokeArgs(Object(DishDetailController), Array)
#5 D:\wamp\www\Mobile_Kitchen\framework\web\actions\CInlineAction.php(47): CAction->runWithParamsInternal(Object(DishDetailController), Object(ReflectionMethod), Array)
#6 D:\wamp\www\Mobile_Kitchen\framework\web\CController.php(308): CInlineAction->runWithParams(Array)
#7 D:\wamp\www\Mobile_Kitchen\framework\web\CController.php(286): CController->runAction(Object(CInlineAction))
#8 D:\wamp\www\Mobile_Kitchen\framework\web\CController.php(265): CController->runActionWithFilters(Object(CInlineAction), Array)
#9 D:\wamp\www\Mobile_Kitchen\framework\web\CWebApplication.php(282): CController->run('wxgetdishdetail')
#10 D:\wamp\www\Mobile_Kitchen\framework\web\CWebApplication.php(141): CWebApplication->runController('dishDetail/wxge...')
#11 D:\wamp\www\Mobile_Kitchen\framework\base\CApplication.php(185): CWebApplication->processRequest()
#12 D:\wamp\www\Mobile_Kitchen\index.php(35): CApplication->run()
#13 {main}
REQUEST_URI=/mobile_kitchen/index.php?r=dishDetail/wxgetdishdetail&id=33
---
2024/05/15 23:42:30 [error] [php] Undefined variable: dishid (D:\wamp\www\Mobile_Kitchen\admin\controllers\MealDataController.php:286)
Stack trace:
#0 D:\wamp\www\Mobile_Kitchen\framework\web\actions\CInlineAction.php(47): CInlineAction->runWithParamsInternal()
#1 D:\wamp\www\Mobile_Kitchen\framework\web\CController.php(308): CInlineAction->runWithParams()
#2 D:\wamp\www\Mobile_Kitchen\framework\web\CController.php(286): MealDataController->runAction()
#3 D:\wamp\www\Mobile_Kitchen\framework\web\CController.php(265): MealDataController->runActionWithFilters()
#4 D:\wamp\www\Mobile_Kitchen\framework\web\CWebApplication.php(282): MealDataController->run()
#5 D:\wamp\www\Mobile_Kitchen\framework\web\CWebApplication.php(141): CWebApplication->runController()
#6 D:\wamp\www\Mobile_Kitchen\framework\base\CApplication.php(185): CWebApplication->processRequest()
#7 D:\wamp\www\Mobile_Kitchen\index.php(35): CWebApplication->run()
REQUEST_URI=/mobile_kitchen/index.php?r=mealData/wxgetdishdetail&meal_id=13
2024/05/15 23:45:44 [error] [php] Undefined variable: dishid (D:\wamp\www\Mobile_Kitchen\admin\controllers\MealDataController.php:293)
Stack trace:
#0 D:\wamp\www\Mobile_Kitchen\framework\web\actions\CInlineAction.php(47): CInlineAction->runWithParamsInternal()
#1 D:\wamp\www\Mobile_Kitchen\framework\web\CController.php(308): CInlineAction->runWithParams()
#2 D:\wamp\www\Mobile_Kitchen\framework\web\CController.php(286): MealDataController->runAction()
#3 D:\wamp\www\Mobile_Kitchen\framework\web\CController.php(265): MealDataController->runActionWithFilters()
#4 D:\wamp\www\Mobile_Kitchen\framework\web\CWebApplication.php(282): MealDataController->run()
#5 D:\wamp\www\Mobile_Kitchen\framework\web\CWebApplication.php(141): CWebApplication->runController()
#6 D:\wamp\www\Mobile_Kitchen\framework\base\CApplication.php(185): CWebApplication->processRequest()
#7 D:\wamp\www\Mobile_Kitchen\index.php(35): CWebApplication->run()
REQUEST_URI=/mobile_kitchen/index.php?r=mealData/wxgetdishdetail&meal_id=13
2024/05/15 23:46:08 [error] [system.db.CDbCommand] CDbCommand::fetch() failed: SQLSTATE[42S22]: Column not found: 1054 Champ 'id33' inconnu dans where clause. The SQL statement executed was: SELECT * FROM `dish_detail` `t` WHERE id33 LIMIT 1.
2024/05/15 23:46:08 [error] [exception.CDbException] exception 'CDbException' with message 'CDbCommand 无法执行 SQL 语句: SQLSTATE[42S22]: Column not found: 1054 Champ 'id33' inconnu dans where clause' in D:\wamp\www\Mobile_Kitchen\framework\db\CDbCommand.php:543
Stack trace:
#0 D:\wamp\www\Mobile_Kitchen\framework\db\CDbCommand.php(415): CDbCommand->queryInternal('fetch', Array, Array)
#1 D:\wamp\www\Mobile_Kitchen\framework\db\ar\CActiveRecord.php(1360): CDbCommand->queryRow()
#2 D:\wamp\www\Mobile_Kitchen\framework\db\ar\CActiveRecord.php(1465): CActiveRecord->query(Object(CDbCriteria), false, true)
#3 D:\wamp\www\Mobile_Kitchen\admin\components\BaseModel.php(660): CActiveRecord->find('id33', Array, true)
#4 D:\wamp\www\Mobile_Kitchen\admin\controllers\MealDataController.php(294): BaseModel->find('id33')
#5 [internal function]: MealDataController->actionwxgetdishdetail('13')
#6 D:\wamp\www\Mobile_Kitchen\framework\web\actions\CAction.php(109): ReflectionMethod->invokeArgs(Object(MealDataController), Array)
#7 D:\wamp\www\Mobile_Kitchen\framework\web\actions\CInlineAction.php(47): CAction->runWithParamsInternal(Object(MealDataController), Object(ReflectionMethod), Array)
#8 D:\wamp\www\Mobile_Kitchen\framework\web\CController.php(308): CInlineAction->runWithParams(Array)
#9 D:\wamp\www\Mobile_Kitchen\framework\web\CController.php(286): CController->runAction(Object(CInlineAction))
#10 D:\wamp\www\Mobile_Kitchen\framework\web\CController.php(265): CController->runActionWithFilters(Object(CInlineAction), Array)
#11 D:\wamp\www\Mobile_Kitchen\framework\web\CWebApplication.php(282): CController->run('wxgetdishdetail')
#12 D:\wamp\www\Mobile_Kitchen\framework\web\CWebApplication.php(141): CWebApplication->runController('mealData/wxgetd...')
#13 D:\wamp\www\Mobile_Kitchen\framework\base\CApplication.php(185): CWebApplication->processRequest()
#14 D:\wamp\www\Mobile_Kitchen\index.php(35): CApplication->run()
#15 {main}
REQUEST_URI=/mobile_kitchen/index.php?r=mealData/wxgetdishdetail&meal_id=13
---
2024/05/15 23:46:09 [error] [system.db.CDbCommand] CDbCommand::fetch() failed: SQLSTATE[42S22]: Column not found: 1054 Champ 'id33' inconnu dans where clause. The SQL statement executed was: SELECT * FROM `dish_detail` `t` WHERE id33 LIMIT 1.
2024/05/15 23:46:09 [error] [exception.CDbException] exception 'CDbException' with message 'CDbCommand 无法执行 SQL 语句: SQLSTATE[42S22]: Column not found: 1054 Champ 'id33' inconnu dans where clause' in D:\wamp\www\Mobile_Kitchen\framework\db\CDbCommand.php:543
Stack trace:
#0 D:\wamp\www\Mobile_Kitchen\framework\db\CDbCommand.php(415): CDbCommand->queryInternal('fetch', Array, Array)
#1 D:\wamp\www\Mobile_Kitchen\framework\db\ar\CActiveRecord.php(1360): CDbCommand->queryRow()
#2 D:\wamp\www\Mobile_Kitchen\framework\db\ar\CActiveRecord.php(1465): CActiveRecord->query(Object(CDbCriteria), false, true)
#3 D:\wamp\www\Mobile_Kitchen\admin\components\BaseModel.php(660): CActiveRecord->find('id33', Array, true)
#4 D:\wamp\www\Mobile_Kitchen\admin\controllers\MealDataController.php(294): BaseModel->find('id33')
#5 [internal function]: MealDataController->actionwxgetdishdetail('13')
#6 D:\wamp\www\Mobile_Kitchen\framework\web\actions\CAction.php(109): ReflectionMethod->invokeArgs(Object(MealDataController), Array)
#7 D:\wamp\www\Mobile_Kitchen\framework\web\actions\CInlineAction.php(47): CAction->runWithParamsInternal(Object(MealDataController), Object(ReflectionMethod), Array)
#8 D:\wamp\www\Mobile_Kitchen\framework\web\CController.php(308): CInlineAction->runWithParams(Array)
#9 D:\wamp\www\Mobile_Kitchen\framework\web\CController.php(286): CController->runAction(Object(CInlineAction))
#10 D:\wamp\www\Mobile_Kitchen\framework\web\CController.php(265): CController->runActionWithFilters(Object(CInlineAction), Array)
#11 D:\wamp\www\Mobile_Kitchen\framework\web\CWebApplication.php(282): CController->run('wxgetdishdetail')
#12 D:\wamp\www\Mobile_Kitchen\framework\web\CWebApplication.php(141): CWebApplication->runController('mealData/wxgetd...')
#13 D:\wamp\www\Mobile_Kitchen\framework\base\CApplication.php(185): CWebApplication->processRequest()
#14 D:\wamp\www\Mobile_Kitchen\index.php(35): CApplication->run()
#15 {main}
REQUEST_URI=/mobile_kitchen/index.php?r=mealData/wxgetdishdetail&meal_id=13
---
2024/05/15 23:47:56 [error] [php] Invalid argument supplied for foreach() (D:\wamp\www\Mobile_Kitchen\admin\controllers\MealDataController.php:287)
Stack trace:
#0 D:\wamp\www\Mobile_Kitchen\framework\web\actions\CInlineAction.php(47): CInlineAction->runWithParamsInternal()
#1 D:\wamp\www\Mobile_Kitchen\framework\web\CController.php(308): CInlineAction->runWithParams()
#2 D:\wamp\www\Mobile_Kitchen\framework\web\CController.php(286): MealDataController->runAction()
#3 D:\wamp\www\Mobile_Kitchen\framework\web\CController.php(265): MealDataController->runActionWithFilters()
#4 D:\wamp\www\Mobile_Kitchen\framework\web\CWebApplication.php(282): MealDataController->run()
#5 D:\wamp\www\Mobile_Kitchen\framework\web\CWebApplication.php(141): CWebApplication->runController()
#6 D:\wamp\www\Mobile_Kitchen\framework\base\CApplication.php(185): CWebApplication->processRequest()
#7 D:\wamp\www\Mobile_Kitchen\index.php(35): CWebApplication->run()
REQUEST_URI=/mobile_kitchen/index.php?r=mealData/wxgetdishdetail&meal_id=13
2024/05/15 23:47:57 [error] [php] Invalid argument supplied for foreach() (D:\wamp\www\Mobile_Kitchen\admin\controllers\MealDataController.php:287)
Stack trace:
#0 D:\wamp\www\Mobile_Kitchen\framework\web\actions\CInlineAction.php(47): CInlineAction->runWithParamsInternal()
#1 D:\wamp\www\Mobile_Kitchen\framework\web\CController.php(308): CInlineAction->runWithParams()
#2 D:\wamp\www\Mobile_Kitchen\framework\web\CController.php(286): MealDataController->runAction()
#3 D:\wamp\www\Mobile_Kitchen\framework\web\CController.php(265): MealDataController->runActionWithFilters()
#4 D:\wamp\www\Mobile_Kitchen\framework\web\CWebApplication.php(282): MealDataController->run()
#5 D:\wamp\www\Mobile_Kitchen\framework\web\CWebApplication.php(141): CWebApplication->runController()
#6 D:\wamp\www\Mobile_Kitchen\framework\base\CApplication.php(185): CWebApplication->processRequest()
#7 D:\wamp\www\Mobile_Kitchen\index.php(35): CWebApplication->run()
REQUEST_URI=/mobile_kitchen/index.php?r=mealData/wxgetdishdetail&meal_id=13
2024/05/15 23:49:05 [error] [php] Array to string conversion (D:\wamp\www\Mobile_Kitchen\admin\controllers\MealDataController.php:286)
Stack trace:
#0 D:\wamp\www\Mobile_Kitchen\framework\web\actions\CInlineAction.php(47): CInlineAction->runWithParamsInternal()
#1 D:\wamp\www\Mobile_Kitchen\framework\web\CController.php(308): CInlineAction->runWithParams()
#2 D:\wamp\www\Mobile_Kitchen\framework\web\CController.php(286): MealDataController->runAction()
#3 D:\wamp\www\Mobile_Kitchen\framework\web\CController.php(265): MealDataController->runActionWithFilters()
#4 D:\wamp\www\Mobile_Kitchen\framework\web\CWebApplication.php(282): MealDataController->run()
#5 D:\wamp\www\Mobile_Kitchen\framework\web\CWebApplication.php(141): CWebApplication->runController()
#6 D:\wamp\www\Mobile_Kitchen\framework\base\CApplication.php(185): CWebApplication->processRequest()
#7 D:\wamp\www\Mobile_Kitchen\index.php(35): CWebApplication->run()
REQUEST_URI=/mobile_kitchen/index.php?r=mealData/wxgetdishdetail&meal_id=13
2024/05/15 23:49:06 [error] [php] Array to string conversion (D:\wamp\www\Mobile_Kitchen\admin\controllers\MealDataController.php:286)
Stack trace:
#0 D:\wamp\www\Mobile_Kitchen\framework\web\actions\CInlineAction.php(47): CInlineAction->runWithParamsInternal()
#1 D:\wamp\www\Mobile_Kitchen\framework\web\CController.php(308): CInlineAction->runWithParams()
#2 D:\wamp\www\Mobile_Kitchen\framework\web\CController.php(286): MealDataController->runAction()
#3 D:\wamp\www\Mobile_Kitchen\framework\web\CController.php(265): MealDataController->runActionWithFilters()
#4 D:\wamp\www\Mobile_Kitchen\framework\web\CWebApplication.php(282): MealDataController->run()
#5 D:\wamp\www\Mobile_Kitchen\framework\web\CWebApplication.php(141): CWebApplication->runController()
#6 D:\wamp\www\Mobile_Kitchen\framework\base\CApplication.php(185): CWebApplication->processRequest()
#7 D:\wamp\www\Mobile_Kitchen\index.php(35): CWebApplication->run()
REQUEST_URI=/mobile_kitchen/index.php?r=mealData/wxgetdishdetail&meal_id=13
2024/05/15 23:49:13 [error] [php] Array to string conversion (D:\wamp\www\Mobile_Kitchen\admin\controllers\MealDataController.php:286)
Stack trace:
#0 D:\wamp\www\Mobile_Kitchen\framework\web\actions\CInlineAction.php(47): CInlineAction->runWithParamsInternal()
#1 D:\wamp\www\Mobile_Kitchen\framework\web\CController.php(308): CInlineAction->runWithParams()
#2 D:\wamp\www\Mobile_Kitchen\framework\web\CController.php(286): MealDataController->runAction()
#3 D:\wamp\www\Mobile_Kitchen\framework\web\CController.php(265): MealDataController->runActionWithFilters()
#4 D:\wamp\www\Mobile_Kitchen\framework\web\CWebApplication.php(282): MealDataController->run()
#5 D:\wamp\www\Mobile_Kitchen\framework\web\CWebApplication.php(141): CWebApplication->runController()
#6 D:\wamp\www\Mobile_Kitchen\framework\base\CApplication.php(185): CWebApplication->processRequest()
#7 D:\wamp\www\Mobile_Kitchen\index.php(35): CWebApplication->run()
REQUEST_URI=/mobile_kitchen/index.php?r=mealData/wxgetdishdetail&meal_id=13
2024/05/15 23:49:14 [error] [php] Array to string conversion (D:\wamp\www\Mobile_Kitchen\admin\controllers\MealDataController.php:286)
Stack trace:
#0 D:\wamp\www\Mobile_Kitchen\framework\web\actions\CInlineAction.php(47): CInlineAction->runWithParamsInternal()
#1 D:\wamp\www\Mobile_Kitchen\framework\web\CController.php(308): CInlineAction->runWithParams()
#2 D:\wamp\www\Mobile_Kitchen\framework\web\CController.php(286): MealDataController->runAction()
#3 D:\wamp\www\Mobile_Kitchen\framework\web\CController.php(265): MealDataController->runActionWithFilters()
#4 D:\wamp\www\Mobile_Kitchen\framework\web\CWebApplication.php(282): MealDataController->run()
#5 D:\wamp\www\Mobile_Kitchen\framework\web\CWebApplication.php(141): CWebApplication->runController()
#6 D:\wamp\www\Mobile_Kitchen\framework\base\CApplication.php(185): CWebApplication->processRequest()
#7 D:\wamp\www\Mobile_Kitchen\index.php(35): CWebApplication->run()
REQUEST_URI=/mobile_kitchen/index.php?r=mealData/wxgetdishdetail&meal_id=13
2024/05/15 23:49:14 [error] [php] Array to string conversion (D:\wamp\www\Mobile_Kitchen\admin\controllers\MealDataController.php:286)
Stack trace:
#0 D:\wamp\www\Mobile_Kitchen\framework\web\actions\CInlineAction.php(47): CInlineAction->runWithParamsInternal()
#1 D:\wamp\www\Mobile_Kitchen\framework\web\CController.php(308): CInlineAction->runWithParams()
#2 D:\wamp\www\Mobile_Kitchen\framework\web\CController.php(286): MealDataController->runAction()
#3 D:\wamp\www\Mobile_Kitchen\framework\web\CController.php(265): MealDataController->runActionWithFilters()
#4 D:\wamp\www\Mobile_Kitchen\framework\web\CWebApplication.php(282): MealDataController->run()
#5 D:\wamp\www\Mobile_Kitchen\framework\web\CWebApplication.php(141): CWebApplication->runController()
#6 D:\wamp\www\Mobile_Kitchen\framework\base\CApplication.php(185): CWebApplication->processRequest()
#7 D:\wamp\www\Mobile_Kitchen\index.php(35): CWebApplication->run()
REQUEST_URI=/mobile_kitchen/index.php?r=mealData/wxgetdishdetail&meal_id=13
2024/05/15 23:52:29 [error] [system.db.CDbCommand] CDbCommand::fetch() failed: SQLSTATE[42S22]: Column not found: 1054 Champ 'id33' inconnu dans where clause. The SQL statement executed was: SELECT * FROM `dish_detail` `t` WHERE id33 LIMIT 1.
2024/05/15 23:52:29 [error] [exception.CDbException] exception 'CDbException' with message 'CDbCommand 无法执行 SQL 语句: SQLSTATE[42S22]: Column not found: 1054 Champ 'id33' inconnu dans where clause' in D:\wamp\www\Mobile_Kitchen\framework\db\CDbCommand.php:543
Stack trace:
#0 D:\wamp\www\Mobile_Kitchen\framework\db\CDbCommand.php(415): CDbCommand->queryInternal('fetch', Array, Array)
#1 D:\wamp\www\Mobile_Kitchen\framework\db\ar\CActiveRecord.php(1360): CDbCommand->queryRow()
#2 D:\wamp\www\Mobile_Kitchen\framework\db\ar\CActiveRecord.php(1465): CActiveRecord->query(Object(CDbCriteria), false, true)
#3 D:\wamp\www\Mobile_Kitchen\admin\components\BaseModel.php(660): CActiveRecord->find('id33', Array, true)
#4 D:\wamp\www\Mobile_Kitchen\admin\controllers\MealDataController.php(294): BaseModel->find('id33')
#5 [internal function]: MealDataController->actionwxgetdishdetail('13')
#6 D:\wamp\www\Mobile_Kitchen\framework\web\actions\CAction.php(109): ReflectionMethod->invokeArgs(Object(MealDataController), Array)
#7 D:\wamp\www\Mobile_Kitchen\framework\web\actions\CInlineAction.php(47): CAction->runWithParamsInternal(Object(MealDataController), Object(ReflectionMethod), Array)
#8 D:\wamp\www\Mobile_Kitchen\framework\web\CController.php(308): CInlineAction->runWithParams(Array)
#9 D:\wamp\www\Mobile_Kitchen\framework\web\CController.php(286): CController->runAction(Object(CInlineAction))
#10 D:\wamp\www\Mobile_Kitchen\framework\web\CController.php(265): CController->runActionWithFilters(Object(CInlineAction), Array)
#11 D:\wamp\www\Mobile_Kitchen\framework\web\CWebApplication.php(282): CController->run('wxgetdishdetail')
#12 D:\wamp\www\Mobile_Kitchen\framework\web\CWebApplication.php(141): CWebApplication->runController('mealData/wxgetd...')
#13 D:\wamp\www\Mobile_Kitchen\framework\base\CApplication.php(185): CWebApplication->processRequest()
#14 D:\wamp\www\Mobile_Kitchen\index.php(35): CApplication->run()
#15 {main}
REQUEST_URI=/mobile_kitchen/index.php?r=mealData/wxgetdishdetail&meal_id=13
---
2024/05/15 23:57:12 [error] [php] Trying to get property of non-object (D:\wamp\www\Mobile_Kitchen\admin\controllers\MealDataController.php:284)
Stack trace:
#0 D:\wamp\www\Mobile_Kitchen\framework\web\actions\CInlineAction.php(47): CInlineAction->runWithParamsInternal()
#1 D:\wamp\www\Mobile_Kitchen\framework\web\CController.php(308): CInlineAction->runWithParams()
#2 D:\wamp\www\Mobile_Kitchen\framework\web\CController.php(286): MealDataController->runAction()
#3 D:\wamp\www\Mobile_Kitchen\framework\web\CController.php(265): MealDataController->runActionWithFilters()
#4 D:\wamp\www\Mobile_Kitchen\framework\web\CWebApplication.php(282): MealDataController->run()
#5 D:\wamp\www\Mobile_Kitchen\framework\web\CWebApplication.php(141): CWebApplication->runController()
#6 D:\wamp\www\Mobile_Kitchen\framework\base\CApplication.php(185): CWebApplication->processRequest()
#7 D:\wamp\www\Mobile_Kitchen\index.php(35): CWebApplication->run()
REQUEST_URI=/mobile_kitchen/index.php?r=MealData/wxgetdishdetail&meal_id=undefined
2024/05/15 23:58:09 [error] [php] Trying to get property of non-object (D:\wamp\www\Mobile_Kitchen\admin\controllers\MealDataController.php:284)
Stack trace:
#0 D:\wamp\www\Mobile_Kitchen\framework\web\actions\CInlineAction.php(47): CInlineAction->runWithParamsInternal()
#1 D:\wamp\www\Mobile_Kitchen\framework\web\CController.php(308): CInlineAction->runWithParams()
#2 D:\wamp\www\Mobile_Kitchen\framework\web\CController.php(286): MealDataController->runAction()
#3 D:\wamp\www\Mobile_Kitchen\framework\web\CController.php(265): MealDataController->runActionWithFilters()
#4 D:\wamp\www\Mobile_Kitchen\framework\web\CWebApplication.php(282): MealDataController->run()
#5 D:\wamp\www\Mobile_Kitchen\framework\web\CWebApplication.php(141): CWebApplication->runController()
#6 D:\wamp\www\Mobile_Kitchen\framework\base\CApplication.php(185): CWebApplication->processRequest()
#7 D:\wamp\www\Mobile_Kitchen\index.php(35): CWebApplication->run()
REQUEST_URI=/mobile_kitchen/index.php?r=MealData/wxgetdishdetail&meal_id=undefined
