2024/02/03 20:52:38 [error] [php] Trying to get property of non-object (E:\wamp\www\sports\admin\qmdd2018\admin\controllers\testCommentController.php:18)
Stack trace:
#0 E:\wamp\www\sports\admin\qmdd2018\framework\web\actions\CInlineAction.php(47): CInlineAction->runWithParamsInternal()
#1 E:\wamp\www\sports\admin\qmdd2018\framework\web\CController.php(308): CInlineAction->runWithParams()
#2 E:\wamp\www\sports\admin\qmdd2018\framework\web\CController.php(286): testCommentController->runAction()
#3 E:\wamp\www\sports\admin\qmdd2018\framework\web\CController.php(265): testCommentController->runActionWithFilters()
#4 E:\wamp\www\sports\admin\qmdd2018\framework\web\CWebApplication.php(282): testCommentController->run()
#5 E:\wamp\www\sports\admin\qmdd2018\framework\web\CWebApplication.php(141): CWebApplication->runController()
#6 E:\wamp\www\sports\admin\qmdd2018\framework\base\CApplication.php(185): CWebApplication->processRequest()
#7 E:\wamp\www\sports\admin\qmdd2018\index.php(34): CWebApplication->run()
REQUEST_URI=/sports/admin/qmdd2018/index.php?r=testComment/GetComment&staId=51
2024/02/03 23:39:19 [error] [php] Trying to get property of non-object (E:\wamp\www\sports\admin\qmdd2018\admin\controllers\testCommentController.php:18)
Stack trace:
#0 E:\wamp\www\sports\admin\qmdd2018\framework\web\actions\CInlineAction.php(47): CInlineAction->runWithParamsInternal()
#1 E:\wamp\www\sports\admin\qmdd2018\framework\web\CController.php(308): CInlineAction->runWithParams()
#2 E:\wamp\www\sports\admin\qmdd2018\framework\web\CController.php(286): testCommentController->runAction()
#3 E:\wamp\www\sports\admin\qmdd2018\framework\web\CController.php(265): testCommentController->runActionWithFilters()
#4 E:\wamp\www\sports\admin\qmdd2018\framework\web\CWebApplication.php(282): testCommentController->run()
#5 E:\wamp\www\sports\admin\qmdd2018\framework\web\CWebApplication.php(141): CWebApplication->runController()
#6 E:\wamp\www\sports\admin\qmdd2018\framework\base\CApplication.php(185): CWebApplication->processRequest()
#7 E:\wamp\www\sports\admin\qmdd2018\index.php(34): CWebApplication->run()
REQUEST_URI=/sports/admin/qmdd2018/index.php?r=testComment/GetComment&staId=52
