2024/01/26 22:52:04 [error] [system.db.CDbCommand] CDbCommand::fetchAll() failed: SQLSTATE[42S02]: Base table or view not found: 1146 Table 'sport.qmdd_administrators_receive_message' doesn't exist. The SQL statement executed was: SHOW FULL COLUMNS FROM `qmdd_administrators_receive_message`.
2024/01/26 22:52:04 [error] [exception.CDbException] exception 'CDbException' with message '数据库中无法找到 active record class "QmddAdministratorsReceiveMessage" 对应的 table "{{qmdd_administrators_receive_message}}".' in E:\WORK\scnu\hsyii\wamp64\www\sports\admin\qmdd2018\framework\db\ar\CActiveRecord.php:2403
Stack trace:
#0 E:\WORK\scnu\hsyii\wamp64\www\sports\admin\qmdd2018\framework\db\ar\CActiveRecord.php(413): CActiveRecordMetaData->__construct(Object(QmddAdministratorsReceiveMessage))
#1 E:\WORK\scnu\hsyii\wamp64\www\sports\admin\qmdd2018\framework\db\ar\CActiveRecord.php(663): CActiveRecord->getMetaData()
#2 E:\WORK\scnu\hsyii\wamp64\www\sports\admin\qmdd2018\framework\db\ar\CActiveRecord.php(1611): CActiveRecord->getTableSchema()
#3 E:\WORK\scnu\hsyii\wamp64\www\sports\admin\qmdd2018\admin\controllers\QmddAdministratorsReceiveMessageController.php(68): CActiveRecord->count('r_club_code=201...')
#4 [internal function]: QmddAdministratorsReceiveMessageController->actionMessageCount('')
#5 E:\WORK\scnu\hsyii\wamp64\www\sports\admin\qmdd2018\framework\web\actions\CAction.php(109): ReflectionMethod->invokeArgs(Object(QmddAdministratorsReceiveMessageController), Array)
#6 E:\WORK\scnu\hsyii\wamp64\www\sports\admin\qmdd2018\framework\web\actions\CInlineAction.php(47): CAction->runWithParamsInternal(Object(QmddAdministratorsReceiveMessageController), Object(ReflectionMethod), Array)
#7 E:\WORK\scnu\hsyii\wamp64\www\sports\admin\qmdd2018\framework\web\CController.php(308): CInlineAction->runWithParams(Array)
#8 E:\WORK\scnu\hsyii\wamp64\www\sports\admin\qmdd2018\framework\web\CController.php(286): CController->runAction(Object(CInlineAction))
#9 E:\WORK\scnu\hsyii\wamp64\www\sports\admin\qmdd2018\framework\web\CController.php(265): CController->runActionWithFilters(Object(CInlineAction), Array)
#10 E:\WORK\scnu\hsyii\wamp64\www\sports\admin\qmdd2018\framework\web\CWebApplication.php(282): CController->run('messageCount')
#11 E:\WORK\scnu\hsyii\wamp64\www\sports\admin\qmdd2018\framework\web\CWebApplication.php(141): CWebApplication->runController('qmddAdministrat...')
#12 E:\WORK\scnu\hsyii\wamp64\www\sports\admin\qmdd2018\framework\base\CApplication.php(185): CWebApplication->processRequest()
#13 E:\WORK\scnu\hsyii\wamp64\www\sports\admin\qmdd2018\index.php(34): CApplication->run()
#14 {main}
REQUEST_URI=/sports/admin/qmdd2018/index.php?r=qmddAdministratorsReceiveMessage/messageCount
HTTP_REFERER=http://127.0.0.1/sports/admin/index.php?act=top
---
2024/01/26 22:56:00 [error] [system.db.CDbCommand] CDbCommand::fetchAll() failed: SQLSTATE[42S02]: Base table or view not found: 1146 Table 'sport.qmdd_administrators_receive_message' doesn't exist. The SQL statement executed was: SHOW FULL COLUMNS FROM `qmdd_administrators_receive_message`.
2024/01/26 22:56:00 [error] [exception.CDbException] exception 'CDbException' with message '数据库中无法找到 active record class "QmddAdministratorsReceiveMessage" 对应的 table "{{qmdd_administrators_receive_message}}".' in E:\WORK\scnu\hsyii\wamp64\www\sports\admin\qmdd2018\framework\db\ar\CActiveRecord.php:2403
Stack trace:
#0 E:\WORK\scnu\hsyii\wamp64\www\sports\admin\qmdd2018\framework\db\ar\CActiveRecord.php(413): CActiveRecordMetaData->__construct(Object(QmddAdministratorsReceiveMessage))
#1 E:\WORK\scnu\hsyii\wamp64\www\sports\admin\qmdd2018\framework\db\ar\CActiveRecord.php(663): CActiveRecord->getMetaData()
#2 E:\WORK\scnu\hsyii\wamp64\www\sports\admin\qmdd2018\framework\db\ar\CActiveRecord.php(1611): CActiveRecord->getTableSchema()
#3 E:\WORK\scnu\hsyii\wamp64\www\sports\admin\qmdd2018\admin\controllers\QmddAdministratorsReceiveMessageController.php(68): CActiveRecord->count('r_club_code=201...')
#4 [internal function]: QmddAdministratorsReceiveMessageController->actionMessageCount('')
#5 E:\WORK\scnu\hsyii\wamp64\www\sports\admin\qmdd2018\framework\web\actions\CAction.php(109): ReflectionMethod->invokeArgs(Object(QmddAdministratorsReceiveMessageController), Array)
#6 E:\WORK\scnu\hsyii\wamp64\www\sports\admin\qmdd2018\framework\web\actions\CInlineAction.php(47): CAction->runWithParamsInternal(Object(QmddAdministratorsReceiveMessageController), Object(ReflectionMethod), Array)
#7 E:\WORK\scnu\hsyii\wamp64\www\sports\admin\qmdd2018\framework\web\CController.php(308): CInlineAction->runWithParams(Array)
#8 E:\WORK\scnu\hsyii\wamp64\www\sports\admin\qmdd2018\framework\web\CController.php(286): CController->runAction(Object(CInlineAction))
#9 E:\WORK\scnu\hsyii\wamp64\www\sports\admin\qmdd2018\framework\web\CController.php(265): CController->runActionWithFilters(Object(CInlineAction), Array)
#10 E:\WORK\scnu\hsyii\wamp64\www\sports\admin\qmdd2018\framework\web\CWebApplication.php(282): CController->run('messageCount')
#11 E:\WORK\scnu\hsyii\wamp64\www\sports\admin\qmdd2018\framework\web\CWebApplication.php(141): CWebApplication->runController('qmddAdministrat...')
#12 E:\WORK\scnu\hsyii\wamp64\www\sports\admin\qmdd2018\framework\base\CApplication.php(185): CWebApplication->processRequest()
#13 E:\WORK\scnu\hsyii\wamp64\www\sports\admin\qmdd2018\index.php(34): CApplication->run()
#14 {main}
REQUEST_URI=/sports/admin/qmdd2018/index.php?r=qmddAdministratorsReceiveMessage/messageCount
HTTP_REFERER=http://127.0.0.1/sports/admin/index.php?act=top
---
2024/01/26 23:01:23 [error] [php] Trying to get property of non-object (E:\WORK\scnu\hsyii\wamp64\www\sports\admin\qmdd2018\admin\views\studentInfo\index.php:50)
Stack trace:
#0 E:\WORK\scnu\hsyii\wamp64\www\sports\admin\qmdd2018\framework\web\CController.php(872): StudentInfoController->renderFile()
#1 E:\WORK\scnu\hsyii\wamp64\www\sports\admin\qmdd2018\framework\web\CController.php(785): StudentInfoController->renderPartial()
#2 E:\WORK\scnu\hsyii\wamp64\www\sports\admin\qmdd2018\admin\components\BaseController.php(428): StudentInfoController->render()
#3 E:\WORK\scnu\hsyii\wamp64\www\sports\admin\qmdd2018\admin\controllers\StudentInfoController.php(19): StudentInfoController->_list()
#4 unknown(0): StudentInfoController->actionIndex()
#5 E:\WORK\scnu\hsyii\wamp64\www\sports\admin\qmdd2018\framework\web\actions\CAction.php(109): ReflectionMethod->invokeArgs()
#6 E:\WORK\scnu\hsyii\wamp64\www\sports\admin\qmdd2018\framework\web\actions\CInlineAction.php(47): CInlineAction->runWithParamsInternal()
#7 E:\WORK\scnu\hsyii\wamp64\www\sports\admin\qmdd2018\framework\web\CController.php(308): CInlineAction->runWithParams()
#8 E:\WORK\scnu\hsyii\wamp64\www\sports\admin\qmdd2018\framework\web\CController.php(286): StudentInfoController->runAction()
#9 E:\WORK\scnu\hsyii\wamp64\www\sports\admin\qmdd2018\framework\web\CController.php(265): StudentInfoController->runActionWithFilters()
#10 E:\WORK\scnu\hsyii\wamp64\www\sports\admin\qmdd2018\framework\web\CWebApplication.php(282): StudentInfoController->run()
#11 E:\WORK\scnu\hsyii\wamp64\www\sports\admin\qmdd2018\framework\web\CWebApplication.php(141): CWebApplication->runController()
#12 E:\WORK\scnu\hsyii\wamp64\www\sports\admin\qmdd2018\framework\base\CApplication.php(185): CWebApplication->processRequest()
#13 E:\WORK\scnu\hsyii\wamp64\www\sports\admin\qmdd2018\index.php(34): CWebApplication->run()
REQUEST_URI=/sports/admin/qmdd2018/index.php?r=studentInfo/index
2024/01/26 23:04:19 [error] [php] Undefined variable: model (E:\WORK\scnu\hsyii\wamp64\www\sports\admin\qmdd2018\admin\views\gfUser1\update_role.php:27)
Stack trace:
#0 E:\WORK\scnu\hsyii\wamp64\www\sports\admin\qmdd2018\framework\web\CController.php(872): GfUser1Controller->renderFile()
#1 E:\WORK\scnu\hsyii\wamp64\www\sports\admin\qmdd2018\framework\web\CController.php(785): GfUser1Controller->renderPartial()
#2 E:\WORK\scnu\hsyii\wamp64\www\sports\admin\qmdd2018\admin\controllers\GfUser1Controller.php(761): GfUser1Controller->render()
#3 unknown(0): GfUser1Controller->actionupdateRole()
#4 E:\WORK\scnu\hsyii\wamp64\www\sports\admin\qmdd2018\framework\web\actions\CAction.php(109): ReflectionMethod->invokeArgs()
#5 E:\WORK\scnu\hsyii\wamp64\www\sports\admin\qmdd2018\framework\web\actions\CInlineAction.php(47): CInlineAction->runWithParamsInternal()
#6 E:\WORK\scnu\hsyii\wamp64\www\sports\admin\qmdd2018\framework\web\CController.php(308): CInlineAction->runWithParams()
#7 E:\WORK\scnu\hsyii\wamp64\www\sports\admin\qmdd2018\framework\web\CController.php(286): GfUser1Controller->runAction()
#8 E:\WORK\scnu\hsyii\wamp64\www\sports\admin\qmdd2018\framework\web\CController.php(265): GfUser1Controller->runActionWithFilters()
#9 E:\WORK\scnu\hsyii\wamp64\www\sports\admin\qmdd2018\framework\web\CWebApplication.php(282): GfUser1Controller->run()
#10 E:\WORK\scnu\hsyii\wamp64\www\sports\admin\qmdd2018\framework\web\CWebApplication.php(141): CWebApplication->runController()
#11 E:\WORK\scnu\hsyii\wamp64\www\sports\admin\qmdd2018\framework\base\CApplication.php(185): CWebApplication->processRequest()
#12 E:\WORK\scnu\hsyii\wamp64\www\sports\admin\qmdd2018\index.php(34): CWebApplication->run()
REQUEST_URI=/sports/admin/qmdd2018/index.php?r=gfUser1/updateRole&id=28314
2024/01/26 23:07:54 [error] [system.db.CDbCommand] CDbCommand::fetch() failed: SQLSTATE[42000]: Syntax error or access violation: 1064 You have an error in your SQL syntax; check the manual that corresponds to your MariaDB server version for the right syntax to use near 'LIMIT 1' at line 1. The SQL statement executed was: SELECT * FROM `gf_user_1` `t` WHERE GF_ID= LIMIT 1.
2024/01/26 23:07:54 [error] [exception.CDbException] exception 'CDbException' with message 'CDbCommand 无法执行 SQL 语句: SQLSTATE[42000]: Syntax error or access violation: 1064 You have an error in your SQL syntax; check the manual that corresponds to your MariaDB server version for the right syntax to use near 'LIMIT 1' at line 1' in E:\WORK\scnu\hsyii\wamp64\www\sports\admin\qmdd2018\framework\db\CDbCommand.php:543
Stack trace:
#0 E:\WORK\scnu\hsyii\wamp64\www\sports\admin\qmdd2018\framework\db\CDbCommand.php(415): CDbCommand->queryInternal('fetch', Array, Array)
#1 E:\WORK\scnu\hsyii\wamp64\www\sports\admin\qmdd2018\framework\db\ar\CActiveRecord.php(1360): CDbCommand->queryRow()
#2 E:\WORK\scnu\hsyii\wamp64\www\sports\admin\qmdd2018\framework\db\ar\CActiveRecord.php(1465): CActiveRecord->query(Object(CDbCriteria), false, true)
#3 E:\WORK\scnu\hsyii\wamp64\www\sports\admin\qmdd2018\admin\controllers\GfUser1Controller.php(751): CActiveRecord->find('GF_ID=')
#4 [internal function]: GfUser1Controller->actionupdateRole('')
#5 E:\WORK\scnu\hsyii\wamp64\www\sports\admin\qmdd2018\framework\web\actions\CAction.php(109): ReflectionMethod->invokeArgs(Object(GfUser1Controller), Array)
#6 E:\WORK\scnu\hsyii\wamp64\www\sports\admin\qmdd2018\framework\web\actions\CInlineAction.php(47): CAction->runWithParamsInternal(Object(GfUser1Controller), Object(ReflectionMethod), Array)
#7 E:\WORK\scnu\hsyii\wamp64\www\sports\admin\qmdd2018\framework\web\CController.php(308): CInlineAction->runWithParams(Array)
#8 E:\WORK\scnu\hsyii\wamp64\www\sports\admin\qmdd2018\framework\web\CController.php(286): CController->runAction(Object(CInlineAction))
#9 E:\WORK\scnu\hsyii\wamp64\www\sports\admin\qmdd2018\framework\web\CController.php(265): CController->runActionWithFilters(Object(CInlineAction), Array)
#10 E:\WORK\scnu\hsyii\wamp64\www\sports\admin\qmdd2018\framework\web\CWebApplication.php(282): CController->run('updateRole')
#11 E:\WORK\scnu\hsyii\wamp64\www\sports\admin\qmdd2018\framework\web\CWebApplication.php(141): CWebApplication->runController('gfUser1/updateR...')
#12 E:\WORK\scnu\hsyii\wamp64\www\sports\admin\qmdd2018\framework\base\CApplication.php(185): CWebApplication->processRequest()
#13 E:\WORK\scnu\hsyii\wamp64\www\sports\admin\qmdd2018\index.php(34): CApplication->run()
#14 {main}
REQUEST_URI=/sports/admin/qmdd2018/index.php?r=gfUser1/updateRole&id=
HTTP_REFERER=http://127.0.0.1/sports/admin/qmdd2018/index.php?r=gfUser1/index
---
