2024/05/03 00:04:21 [error] [php] Undefined variable: model (D:\wamp\www\Mobile_Kitchen\admin\controllers\ClubListSqdwController.php:63)
Stack trace:
#0 D:\wamp\www\Mobile_Kitchen\framework\web\CController.php(286): ClubListSqdwController->runAction()
#1 D:\wamp\www\Mobile_Kitchen\framework\web\CController.php(265): ClubListSqdwController->runActionWithFilters()
#2 D:\wamp\www\Mobile_Kitchen\framework\web\CWebApplication.php(282): ClubListSqdwController->run()
#3 D:\wamp\www\Mobile_Kitchen\framework\web\CWebApplication.php(141): CWebApplication->runController()
#4 D:\wamp\www\Mobile_Kitchen\framework\base\CApplication.php(185): CWebApplication->processRequest()
#5 D:\wamp\www\Mobile_Kitchen\index.php(35): CWebApplication->run()
REQUEST_URI=/mobile_kitchen/index.php?r=ClubListSqdw/Tijiao&modelid=3092
2024/05/03 00:04:22 [error] [php] Undefined variable: model (D:\wamp\www\Mobile_Kitchen\admin\controllers\ClubListSqdwController.php:63)
Stack trace:
#0 D:\wamp\www\Mobile_Kitchen\framework\web\CController.php(286): ClubListSqdwController->runAction()
#1 D:\wamp\www\Mobile_Kitchen\framework\web\CController.php(265): ClubListSqdwController->runActionWithFilters()
#2 D:\wamp\www\Mobile_Kitchen\framework\web\CWebApplication.php(282): ClubListSqdwController->run()
#3 D:\wamp\www\Mobile_Kitchen\framework\web\CWebApplication.php(141): CWebApplication->runController()
#4 D:\wamp\www\Mobile_Kitchen\framework\base\CApplication.php(185): CWebApplication->processRequest()
#5 D:\wamp\www\Mobile_Kitchen\index.php(35): CWebApplication->run()
REQUEST_URI=/mobile_kitchen/index.php?r=ClubListSqdw/Tijiao&modelid=3092
2024/05/03 00:04:23 [error] [php] Undefined variable: model (D:\wamp\www\Mobile_Kitchen\admin\controllers\ClubListSqdwController.php:63)
Stack trace:
#0 D:\wamp\www\Mobile_Kitchen\framework\web\CController.php(286): ClubListSqdwController->runAction()
#1 D:\wamp\www\Mobile_Kitchen\framework\web\CController.php(265): ClubListSqdwController->runActionWithFilters()
#2 D:\wamp\www\Mobile_Kitchen\framework\web\CWebApplication.php(282): ClubListSqdwController->run()
#3 D:\wamp\www\Mobile_Kitchen\framework\web\CWebApplication.php(141): CWebApplication->runController()
#4 D:\wamp\www\Mobile_Kitchen\framework\base\CApplication.php(185): CWebApplication->processRequest()
#5 D:\wamp\www\Mobile_Kitchen\index.php(35): CWebApplication->run()
REQUEST_URI=/mobile_kitchen/index.php?r=ClubListSqdw/Tijiao&modelid=3092
2024/05/03 00:04:23 [error] [php] Undefined variable: model (D:\wamp\www\Mobile_Kitchen\admin\controllers\ClubListSqdwController.php:63)
Stack trace:
#0 D:\wamp\www\Mobile_Kitchen\framework\web\CController.php(286): ClubListSqdwController->runAction()
#1 D:\wamp\www\Mobile_Kitchen\framework\web\CController.php(265): ClubListSqdwController->runActionWithFilters()
#2 D:\wamp\www\Mobile_Kitchen\framework\web\CWebApplication.php(282): ClubListSqdwController->run()
#3 D:\wamp\www\Mobile_Kitchen\framework\web\CWebApplication.php(141): CWebApplication->runController()
#4 D:\wamp\www\Mobile_Kitchen\framework\base\CApplication.php(185): CWebApplication->processRequest()
#5 D:\wamp\www\Mobile_Kitchen\index.php(35): CWebApplication->run()
REQUEST_URI=/mobile_kitchen/index.php?r=ClubListSqdw/Tijiao&modelid=3092
2024/05/03 00:04:24 [error] [php] Undefined variable: model (D:\wamp\www\Mobile_Kitchen\admin\controllers\ClubListSqdwController.php:63)
Stack trace:
#0 D:\wamp\www\Mobile_Kitchen\framework\web\CController.php(286): ClubListSqdwController->runAction()
#1 D:\wamp\www\Mobile_Kitchen\framework\web\CController.php(265): ClubListSqdwController->runActionWithFilters()
#2 D:\wamp\www\Mobile_Kitchen\framework\web\CWebApplication.php(282): ClubListSqdwController->run()
#3 D:\wamp\www\Mobile_Kitchen\framework\web\CWebApplication.php(141): CWebApplication->runController()
#4 D:\wamp\www\Mobile_Kitchen\framework\base\CApplication.php(185): CWebApplication->processRequest()
#5 D:\wamp\www\Mobile_Kitchen\index.php(35): CWebApplication->run()
REQUEST_URI=/mobile_kitchen/index.php?r=ClubListSqdw/Tijiao&modelid=3092
2024/05/03 00:04:26 [error] [php] Undefined variable: model (D:\wamp\www\Mobile_Kitchen\admin\controllers\ClubListSqdwController.php:63)
Stack trace:
#0 D:\wamp\www\Mobile_Kitchen\framework\web\CController.php(286): ClubListSqdwController->runAction()
#1 D:\wamp\www\Mobile_Kitchen\framework\web\CController.php(265): ClubListSqdwController->runActionWithFilters()
#2 D:\wamp\www\Mobile_Kitchen\framework\web\CWebApplication.php(282): ClubListSqdwController->run()
#3 D:\wamp\www\Mobile_Kitchen\framework\web\CWebApplication.php(141): CWebApplication->runController()
#4 D:\wamp\www\Mobile_Kitchen\framework\base\CApplication.php(185): CWebApplication->processRequest()
#5 D:\wamp\www\Mobile_Kitchen\index.php(35): CWebApplication->run()
REQUEST_URI=/mobile_kitchen/index.php?r=ClubListSqdw/Tijiao&modelid=3093
2024/05/03 00:04:26 [error] [php] Undefined variable: model (D:\wamp\www\Mobile_Kitchen\admin\controllers\ClubListSqdwController.php:63)
Stack trace:
#0 D:\wamp\www\Mobile_Kitchen\framework\web\CController.php(286): ClubListSqdwController->runAction()
#1 D:\wamp\www\Mobile_Kitchen\framework\web\CController.php(265): ClubListSqdwController->runActionWithFilters()
#2 D:\wamp\www\Mobile_Kitchen\framework\web\CWebApplication.php(282): ClubListSqdwController->run()
#3 D:\wamp\www\Mobile_Kitchen\framework\web\CWebApplication.php(141): CWebApplication->runController()
#4 D:\wamp\www\Mobile_Kitchen\framework\base\CApplication.php(185): CWebApplication->processRequest()
#5 D:\wamp\www\Mobile_Kitchen\index.php(35): CWebApplication->run()
REQUEST_URI=/mobile_kitchen/index.php?r=ClubListSqdw/Tijiao&modelid=3092
2024/05/03 00:04:27 [error] [php] Undefined variable: model (D:\wamp\www\Mobile_Kitchen\admin\controllers\ClubListSqdwController.php:63)
Stack trace:
#0 D:\wamp\www\Mobile_Kitchen\framework\web\CController.php(286): ClubListSqdwController->runAction()
#1 D:\wamp\www\Mobile_Kitchen\framework\web\CController.php(265): ClubListSqdwController->runActionWithFilters()
#2 D:\wamp\www\Mobile_Kitchen\framework\web\CWebApplication.php(282): ClubListSqdwController->run()
#3 D:\wamp\www\Mobile_Kitchen\framework\web\CWebApplication.php(141): CWebApplication->runController()
#4 D:\wamp\www\Mobile_Kitchen\framework\base\CApplication.php(185): CWebApplication->processRequest()
#5 D:\wamp\www\Mobile_Kitchen\index.php(35): CWebApplication->run()
REQUEST_URI=/mobile_kitchen/index.php?r=ClubListSqdw/Tijiao&modelid=3092
2024/05/03 01:10:48 [error] [exception.CException] exception 'CException' with message '属性 "ClubListSqdw.uploads/temp/club_logo_pic" 未被定义.' in D:\wamp\www\Mobile_Kitchen\framework\base\CComponent.php:130
Stack trace:
#0 D:\wamp\www\Mobile_Kitchen\framework\db\ar\CActiveRecord.php(145): CComponent->__get('uploads/temp/cl...')
#1 D:\wamp\www\Mobile_Kitchen\framework\web\helpers\CHtml.php(2747): CActiveRecord->__get('uploads/temp/cl...')
#2 D:\wamp\www\Mobile_Kitchen\framework\web\helpers\CHtml.php(2470): CHtml::resolveValue(Object(ClubListSqdw), 'uploads/temp/cl...')
#3 D:\wamp\www\Mobile_Kitchen\framework\web\helpers\CHtml.php(1795): CHtml::activeInputField('hidden', Object(ClubListSqdw), 'uploads/temp/cl...', Array)
#4 D:\wamp\www\Mobile_Kitchen\framework\web\widgets\CActiveForm.php(823): CHtml::activeHiddenField(Object(ClubListSqdw), 'uploads/temp/cl...', Array)
#5 D:\wamp\www\Mobile_Kitchen\models\BaseLib.php(189): CActiveForm->hiddenField(Object(ClubListSqdw), 'uploads/temp/cl...', Array)
#6 D:\wamp\www\Mobile_Kitchen\models\BaseLib.php(288): BaseLib->upload(Object(CActiveForm), Object(ClubListSqdw), 'uploads/temp/cl...')
#7 D:\wamp\www\Mobile_Kitchen\include\functions.php(1669): BaseLib->getTdData(Object(CActiveForm), Object(ClubListSqdw), 'uploads/temp/cl...')
#8 D:\wamp\www\Mobile_Kitchen\admin\views\clubListSqdw\update_fail.php(36): readData(Object(CActiveForm), Object(ClubListSqdw), 'uploads/temp/cl...')
#9 D:\wamp\www\Mobile_Kitchen\framework\web\CBaseController.php(126): require('D:\\wamp\\www\\Mob...')
#10 D:\wamp\www\Mobile_Kitchen\framework\web\CBaseController.php(95): CBaseController->renderInternal('D:\\wamp\\www\\Mob...', Array, true)
#11 D:\wamp\www\Mobile_Kitchen\framework\web\CController.php(872): CBaseController->renderFile('D:\\wamp\\www\\Mob...', Array, true)
#12 D:\wamp\www\Mobile_Kitchen\framework\web\CController.php(785): CController->renderPartial('update_fail', Array, true)
#13 D:\wamp\www\Mobile_Kitchen\admin\controllers\ClubListSqdwController.php(177): CController->render('update_fail', Array)
#14 [internal function]: ClubListSqdwController->actionUpdatefail('3093')
#15 D:\wamp\www\Mobile_Kitchen\framework\web\actions\CAction.php(109): ReflectionMethod->invokeArgs(Object(ClubListSqdwController), Array)
#16 D:\wamp\www\Mobile_Kitchen\framework\web\actions\CInlineAction.php(47): CAction->runWithParamsInternal(Object(ClubListSqdwController), Object(ReflectionMethod), Array)
#17 D:\wamp\www\Mobile_Kitchen\framework\web\CController.php(308): CInlineAction->runWithParams(Array)
#18 D:\wamp\www\Mobile_Kitchen\framework\web\CController.php(286): CController->runAction(Object(CInlineAction))
#19 D:\wamp\www\Mobile_Kitchen\framework\web\CController.php(265): CController->runActionWithFilters(Object(CInlineAction), Array)
#20 D:\wamp\www\Mobile_Kitchen\framework\web\CWebApplication.php(282): CController->run('Updatefail')
#21 D:\wamp\www\Mobile_Kitchen\framework\web\CWebApplication.php(141): CWebApplication->runController('clubListSqdw/Up...')
#22 D:\wamp\www\Mobile_Kitchen\framework\base\CApplication.php(185): CWebApplication->processRequest()
#23 D:\wamp\www\Mobile_Kitchen\index.php(35): CApplication->run()
#24 {main}
REQUEST_URI=/mobile_kitchen/index.php?r=clubListSqdw/Updatefail&id=3093
HTTP_REFERER=http://127.0.0.1/mobile_kitchen/index.php?r=clubListSqdw/Indexfail
---
2024/05/03 01:12:22 [error] [system.db.CDbCommand] CDbCommand::fetchAll() failed: SQLSTATE[42000]: Syntax error or access violation: 1064 Erreur de syntaxe près de '' à la ligne 1. The SQL statement executed was: SELECT * FROM `activity_list_data` `t` WHERE activity_id=.
2024/05/03 01:12:22 [error] [exception.CDbException] exception 'CDbException' with message 'CDbCommand 无法执行 SQL 语句: SQLSTATE[42000]: Syntax error or access violation: 1064 Erreur de syntaxe près de '' à la ligne 1' in D:\wamp\www\Mobile_Kitchen\framework\db\CDbCommand.php:543
Stack trace:
#0 D:\wamp\www\Mobile_Kitchen\framework\db\CDbCommand.php(396): CDbCommand->queryInternal('fetchAll', Array, Array)
#1 D:\wamp\www\Mobile_Kitchen\framework\db\ar\CActiveRecord.php(1360): CDbCommand->queryAll()
#2 D:\wamp\www\Mobile_Kitchen\framework\db\ar\CActiveRecord.php(1480): CActiveRecord->query(Object(CDbCriteria), true, true)
#3 D:\wamp\www\Mobile_Kitchen\admin\components\BaseModel.php(664): CActiveRecord->findAll('activity_id=', Array, true)
#4 D:\wamp\www\Mobile_Kitchen\admin\controllers\ActivitySignListController.php(172): BaseModel->findAll('activity_id=')
#5 D:\wamp\www\Mobile_Kitchen\framework\web\actions\CInlineAction.php(49): ActivitySignListController->actionGetListData()
#6 D:\wamp\www\Mobile_Kitchen\framework\web\CController.php(308): CInlineAction->runWithParams(Array)
#7 D:\wamp\www\Mobile_Kitchen\framework\web\CController.php(286): CController->runAction(Object(CInlineAction))
#8 D:\wamp\www\Mobile_Kitchen\framework\web\CController.php(265): CController->runActionWithFilters(Object(CInlineAction), Array)
#9 D:\wamp\www\Mobile_Kitchen\framework\web\CWebApplication.php(282): CController->run('getListData')
#10 D:\wamp\www\Mobile_Kitchen\framework\web\CWebApplication.php(141): CWebApplication->runController('activitySignLis...')
#11 D:\wamp\www\Mobile_Kitchen\framework\base\CApplication.php(185): CWebApplication->processRequest()
#12 D:\wamp\www\Mobile_Kitchen\index.php(35): CApplication->run()
#13 {main}
REQUEST_URI=/mobile_kitchen/index.php?r=activitySignList/getListData
HTTP_REFERER=http://127.0.0.1/mobile_kitchen/index.php?r=activitySignList/index
---
2024/05/03 01:12:27 [error] [exception.CException] exception 'CException' with message '属性 "ActivityList.isOnline" 未被定义.' in D:\wamp\www\Mobile_Kitchen\framework\base\CComponent.php:130
Stack trace:
#0 D:\wamp\www\Mobile_Kitchen\framework\db\ar\CActiveRecord.php(145): CComponent->__get('isOnline')
#1 D:\wamp\www\Mobile_Kitchen\framework\web\helpers\CHtml.php(2747): CActiveRecord->__get('isOnline')
#2 D:\wamp\www\Mobile_Kitchen\framework\web\helpers\CHtml.php(1994): CHtml::resolveValue(Object(ActivityList), 'isOnline')
#3 D:\wamp\www\Mobile_Kitchen\framework\web\widgets\CActiveForm.php(914): CHtml::activeDropDownList(Object(ActivityList), 'isOnline', Array, Array)
#4 D:\wamp\www\Mobile_Kitchen\admin\views\activityList\update.php(98): CActiveForm->dropDownList(Object(ActivityList), 'isOnline', Array, Array)
#5 D:\wamp\www\Mobile_Kitchen\framework\web\CBaseController.php(126): require('D:\\wamp\\www\\Mob...')
#6 D:\wamp\www\Mobile_Kitchen\framework\web\CBaseController.php(95): CBaseController->renderInternal('D:\\wamp\\www\\Mob...', Array, true)
#7 D:\wamp\www\Mobile_Kitchen\framework\web\CController.php(872): CBaseController->renderFile('D:\\wamp\\www\\Mob...', Array, true)
#8 D:\wamp\www\Mobile_Kitchen\framework\web\CController.php(785): CController->renderPartial('update', Array, true)
#9 D:\wamp\www\Mobile_Kitchen\admin\controllers\ActivityListController.php(312): CController->render('update', Array)
#10 [internal function]: ActivityListController->actionUpdate('69')
#11 D:\wamp\www\Mobile_Kitchen\framework\web\actions\CAction.php(109): ReflectionMethod->invokeArgs(Object(ActivityListController), Array)
#12 D:\wamp\www\Mobile_Kitchen\framework\web\actions\CInlineAction.php(47): CAction->runWithParamsInternal(Object(ActivityListController), Object(ReflectionMethod), Array)
#13 D:\wamp\www\Mobile_Kitchen\framework\web\CController.php(308): CInlineAction->runWithParams(Array)
#14 D:\wamp\www\Mobile_Kitchen\framework\web\CController.php(286): CController->runAction(Object(CInlineAction))
#15 D:\wamp\www\Mobile_Kitchen\framework\web\CController.php(265): CController->runActionWithFilters(Object(CInlineAction), Array)
#16 D:\wamp\www\Mobile_Kitchen\framework\web\CWebApplication.php(282): CController->run('update')
#17 D:\wamp\www\Mobile_Kitchen\framework\web\CWebApplication.php(141): CWebApplication->runController('activityList/up...')
#18 D:\wamp\www\Mobile_Kitchen\framework\base\CApplication.php(185): CWebApplication->processRequest()
#19 D:\wamp\www\Mobile_Kitchen\index.php(35): CApplication->run()
#20 {main}
REQUEST_URI=/mobile_kitchen/index.php?r=activityList/update&id=69
HTTP_REFERER=http://127.0.0.1/mobile_kitchen/index.php?r=activityList/index
---
