2024/05/30 16:38:26 [error] [php] Trying to get property of non-object (D:\wamp\www\Mobile_Kitchen\admin\controllers\MealDataController.php:285)
Stack trace:
#0 D:\wamp\www\Mobile_Kitchen\framework\web\actions\CInlineAction.php(47): CInlineAction->runWithParamsInternal()
#1 D:\wamp\www\Mobile_Kitchen\framework\web\CController.php(308): CInlineAction->runWithParams()
#2 D:\wamp\www\Mobile_Kitchen\framework\web\CController.php(286): MealDataController->runAction()
#3 D:\wamp\www\Mobile_Kitchen\framework\web\CController.php(265): MealDataController->runActionWithFilters()
#4 D:\wamp\www\Mobile_Kitchen\framework\web\CWebApplication.php(282): MealDataController->run()
#5 D:\wamp\www\Mobile_Kitchen\framework\web\CWebApplication.php(141): CWebApplication->runController()
#6 D:\wamp\www\Mobile_Kitchen\framework\base\CApplication.php(185): CWebApplication->processRequest()
#7 D:\wamp\www\Mobile_Kitchen\index.php(35): CWebApplication->run()
REQUEST_URI=/Mobile_Kitchen/index.php?r=MealData/wxgetdishdetail&meal_id=undefined
2024/05/30 20:50:06 [error] [php] Undefined index: openid (D:\wamp\www\Mobile_Kitchen\models\GfUser1.php:407)
Stack trace:
#0 D:\wamp\www\Mobile_Kitchen\framework\web\actions\CAction.php(109): ReflectionMethod->invokeArgs()
#1 D:\wamp\www\Mobile_Kitchen\framework\web\actions\CInlineAction.php(47): CInlineAction->runWithParamsInternal()
#2 D:\wamp\www\Mobile_Kitchen\framework\web\CController.php(308): CInlineAction->runWithParams()
#3 D:\wamp\www\Mobile_Kitchen\framework\web\CController.php(286): GfUser1Controller->runAction()
#4 D:\wamp\www\Mobile_Kitchen\framework\web\CController.php(265): GfUser1Controller->runActionWithFilters()
#5 D:\wamp\www\Mobile_Kitchen\framework\web\CWebApplication.php(282): GfUser1Controller->run()
#6 D:\wamp\www\Mobile_Kitchen\framework\web\CWebApplication.php(141): CWebApplication->runController()
#7 D:\wamp\www\Mobile_Kitchen\framework\base\CApplication.php(185): CWebApplication->processRequest()
#8 D:\wamp\www\Mobile_Kitchen\index.php(35): CWebApplication->run()
REQUEST_URI=/Mobile_Kitchen/index.php?r=GfUser1/towxbind&gf_account=888808&code=
2024/05/30 20:50:22 [error] [php] Undefined index: openid (D:\wamp\www\Mobile_Kitchen\models\GfUser1.php:407)
Stack trace:
#0 D:\wamp\www\Mobile_Kitchen\framework\web\actions\CAction.php(109): ReflectionMethod->invokeArgs()
#1 D:\wamp\www\Mobile_Kitchen\framework\web\actions\CInlineAction.php(47): CInlineAction->runWithParamsInternal()
#2 D:\wamp\www\Mobile_Kitchen\framework\web\CController.php(308): CInlineAction->runWithParams()
#3 D:\wamp\www\Mobile_Kitchen\framework\web\CController.php(286): GfUser1Controller->runAction()
#4 D:\wamp\www\Mobile_Kitchen\framework\web\CController.php(265): GfUser1Controller->runActionWithFilters()
#5 D:\wamp\www\Mobile_Kitchen\framework\web\CWebApplication.php(282): GfUser1Controller->run()
#6 D:\wamp\www\Mobile_Kitchen\framework\web\CWebApplication.php(141): CWebApplication->runController()
#7 D:\wamp\www\Mobile_Kitchen\framework\base\CApplication.php(185): CWebApplication->processRequest()
#8 D:\wamp\www\Mobile_Kitchen\index.php(35): CWebApplication->run()
REQUEST_URI=/Mobile_Kitchen/index.php?r=GfUser1/towxbind&gf_account=888855&code=
