2024/04/07 15:46:42 [error] [exception.CHttpException.404] exception 'CHttpException' with message '系统无法找到请求的 "create" 动作.' in D:\wamp\www\Mobile_Kitchen\framework\web\CController.php:486
Stack trace:
#0 D:\wamp\www\Mobile_Kitchen\framework\web\CController.php(270): CController->missingAction('create')
#1 D:\wamp\www\Mobile_Kitchen\framework\web\CWebApplication.php(282): CController->run('create')
#2 D:\wamp\www\Mobile_Kitchen\framework\web\CWebApplication.php(141): CWebApplication->runController('clubMemberList/...')
#3 D:\wamp\www\Mobile_Kitchen\framework\base\CApplication.php(185): CWebApplication->processRequest()
#4 D:\wamp\www\Mobile_Kitchen\index.php(35): CApplication->run()
#5 {main}
REQUEST_URI=/mobile_kitchen/index.php?r=clubMemberList/create
HTTP_REFERER=http://127.0.0.1/mobile_kitchen/index.php?r=ClubMemberList/index5
---
2024/04/07 15:48:32 [error] [exception.CException] exception 'CException' with message 'GfIdelUserAllNumber and its behaviors do not have a method or closure named "updataAll".' in D:\wamp\www\Mobile_Kitchen\framework\base\CComponent.php:266
Stack trace:
#0 D:\wamp\www\Mobile_Kitchen\framework\db\ar\CActiveRecord.php(229): CComponent->__call('updataAll', Array)
#1 D:\wamp\www\Mobile_Kitchen\admin\controllers\GfUser1Controller.php(404): CActiveRecord->__call('updataAll', Array)
#2 D:\wamp\www\Mobile_Kitchen\admin\controllers\GfUser1Controller.php(404): GfIdelUserAllNumber->updataAll(Array, 'account=888834')
#3 D:\wamp\www\Mobile_Kitchen\admin\controllers\GfUser1Controller.php(250): GfUser1Controller->saveData(Object(GfUser1), Array)
#4 D:\wamp\www\Mobile_Kitchen\framework\web\actions\CInlineAction.php(49): GfUser1Controller->actionCreate()
#5 D:\wamp\www\Mobile_Kitchen\framework\web\CController.php(308): CInlineAction->runWithParams(Array)
#6 D:\wamp\www\Mobile_Kitchen\framework\web\CController.php(286): CController->runAction(Object(CInlineAction))
#7 D:\wamp\www\Mobile_Kitchen\framework\web\CController.php(265): CController->runActionWithFilters(Object(CInlineAction), Array)
#8 D:\wamp\www\Mobile_Kitchen\framework\web\CWebApplication.php(282): CController->run('create')
#9 D:\wamp\www\Mobile_Kitchen\framework\web\CWebApplication.php(141): CWebApplication->runController('gfuser1/create')
#10 D:\wamp\www\Mobile_Kitchen\framework\base\CApplication.php(185): CWebApplication->processRequest()
#11 D:\wamp\www\Mobile_Kitchen\index.php(35): CApplication->run()
#12 {main}
REQUEST_URI=/mobile_kitchen/index.php?r=gfuser1/create&passed=136
HTTP_REFERER=http://127.0.0.1/mobile_kitchen/index.php?r=gfuser1/create&passed=136
---
2024/04/07 16:00:45 [error] [php] Undefined index: state (D:\wamp\www\Mobile_Kitchen\admin\views\gfUser1\index_exam.php:14)
Stack trace:
#0 D:\wamp\www\Mobile_Kitchen\framework\web\CController.php(872): GfUser1Controller->renderFile()
#1 D:\wamp\www\Mobile_Kitchen\framework\web\CController.php(785): GfUser1Controller->renderPartial()
#2 D:\wamp\www\Mobile_Kitchen\admin\components\BaseController.php(433): GfUser1Controller->render()
#3 D:\wamp\www\Mobile_Kitchen\admin\controllers\GfUser1Controller.php(153): GfUser1Controller->_list()
#4 unknown(0): GfUser1Controller->actionIndex_exam()
#5 D:\wamp\www\Mobile_Kitchen\framework\web\actions\CAction.php(109): ReflectionMethod->invokeArgs()
#6 D:\wamp\www\Mobile_Kitchen\framework\web\actions\CInlineAction.php(47): CInlineAction->runWithParamsInternal()
#7 D:\wamp\www\Mobile_Kitchen\framework\web\CController.php(308): CInlineAction->runWithParams()
#8 D:\wamp\www\Mobile_Kitchen\framework\web\CController.php(286): GfUser1Controller->runAction()
#9 D:\wamp\www\Mobile_Kitchen\framework\web\CController.php(265): GfUser1Controller->runActionWithFilters()
#10 D:\wamp\www\Mobile_Kitchen\framework\web\CWebApplication.php(282): GfUser1Controller->run()
#11 D:\wamp\www\Mobile_Kitchen\framework\web\CWebApplication.php(141): CWebApplication->runController()
#12 D:\wamp\www\Mobile_Kitchen\framework\base\CApplication.php(185): CWebApplication->processRequest()
#13 D:\wamp\www\Mobile_Kitchen\index.php(35): CWebApplication->run()
REQUEST_URI=/mobile_kitchen/index.php?r=gfuser1/index_exam
2024/04/07 16:23:04 [error] [exception.CException] exception 'CException' with message 'GfUser1Controller 无法找到请求的视图 "select".' in D:\wamp\www\Mobile_Kitchen\framework\web\CController.php:881
Stack trace:
#0 D:\wamp\www\Mobile_Kitchen\framework\web\CController.php(785): CController->renderPartial('select', Array, true)
#1 D:\wamp\www\Mobile_Kitchen\admin\components\BaseController.php(433): CController->render('select', Array)
#2 D:\wamp\www\Mobile_Kitchen\admin\controllers\GfUser1Controller.php(630): BaseController->_list(Object(GfUser1), Object(CDbCriteria), 'select', Array)
#3 [internal function]: GfUser1Controller->actionSelectUser('', 0, '', '', '', 0, 0, '')
#4 D:\wamp\www\Mobile_Kitchen\framework\web\actions\CAction.php(109): ReflectionMethod->invokeArgs(Object(GfUser1Controller), Array)
#5 D:\wamp\www\Mobile_Kitchen\framework\web\actions\CInlineAction.php(47): CAction->runWithParamsInternal(Object(GfUser1Controller), Object(ReflectionMethod), Array)
#6 D:\wamp\www\Mobile_Kitchen\framework\web\CController.php(308): CInlineAction->runWithParams(Array)
#7 D:\wamp\www\Mobile_Kitchen\framework\web\CController.php(286): CController->runAction(Object(CInlineAction))
#8 D:\wamp\www\Mobile_Kitchen\framework\web\CController.php(265): CController->runActionWithFilters(Object(CInlineAction), Array)
#9 D:\wamp\www\Mobile_Kitchen\framework\web\CWebApplication.php(282): CController->run('SelectUser')
#10 D:\wamp\www\Mobile_Kitchen\framework\web\CWebApplication.php(141): CWebApplication->runController('gfuser1/SelectU...')
#11 D:\wamp\www\Mobile_Kitchen\framework\base\CApplication.php(185): CWebApplication->processRequest()
#12 D:\wamp\www\Mobile_Kitchen\index.php(35): CApplication->run()
#13 {main}
REQUEST_URI=/mobile_kitchen/index.php?r=gfuser1/SelectUser&passed=136
HTTP_REFERER=http://127.0.0.1/mobile_kitchen/index.php?r=gfuser1/index
---
2024/04/07 16:23:06 [error] [exception.CException] exception 'CException' with message 'GfUser1Controller 无法找到请求的视图 "select".' in D:\wamp\www\Mobile_Kitchen\framework\web\CController.php:881
Stack trace:
#0 D:\wamp\www\Mobile_Kitchen\framework\web\CController.php(785): CController->renderPartial('select', Array, true)
#1 D:\wamp\www\Mobile_Kitchen\admin\components\BaseController.php(433): CController->render('select', Array)
#2 D:\wamp\www\Mobile_Kitchen\admin\controllers\GfUser1Controller.php(630): BaseController->_list(Object(GfUser1), Object(CDbCriteria), 'select', Array)
#3 [internal function]: GfUser1Controller->actionSelectUser('', 0, '', '', '', 0, 0, '')
#4 D:\wamp\www\Mobile_Kitchen\framework\web\actions\CAction.php(109): ReflectionMethod->invokeArgs(Object(GfUser1Controller), Array)
#5 D:\wamp\www\Mobile_Kitchen\framework\web\actions\CInlineAction.php(47): CAction->runWithParamsInternal(Object(GfUser1Controller), Object(ReflectionMethod), Array)
#6 D:\wamp\www\Mobile_Kitchen\framework\web\CController.php(308): CInlineAction->runWithParams(Array)
#7 D:\wamp\www\Mobile_Kitchen\framework\web\CController.php(286): CController->runAction(Object(CInlineAction))
#8 D:\wamp\www\Mobile_Kitchen\framework\web\CController.php(265): CController->runActionWithFilters(Object(CInlineAction), Array)
#9 D:\wamp\www\Mobile_Kitchen\framework\web\CWebApplication.php(282): CController->run('SelectUser')
#10 D:\wamp\www\Mobile_Kitchen\framework\web\CWebApplication.php(141): CWebApplication->runController('gfuser1/SelectU...')
#11 D:\wamp\www\Mobile_Kitchen\framework\base\CApplication.php(185): CWebApplication->processRequest()
#12 D:\wamp\www\Mobile_Kitchen\index.php(35): CApplication->run()
#13 {main}
REQUEST_URI=/mobile_kitchen/index.php?r=gfuser1/SelectUser&passed=136
HTTP_REFERER=http://127.0.0.1/mobile_kitchen/index.php?r=gfuser1/index
---
2024/04/07 16:23:27 [error] [exception.CException] exception 'CException' with message 'GfUser1Controller 无法找到请求的视图 "select".' in D:\wamp\www\Mobile_Kitchen\framework\web\CController.php:881
Stack trace:
#0 D:\wamp\www\Mobile_Kitchen\framework\web\CController.php(785): CController->renderPartial('select', Array, true)
#1 D:\wamp\www\Mobile_Kitchen\admin\components\BaseController.php(433): CController->render('select', Array)
#2 D:\wamp\www\Mobile_Kitchen\admin\controllers\GfUser1Controller.php(630): BaseController->_list(Object(GfUser1), Object(CDbCriteria), 'select', Array)
#3 [internal function]: GfUser1Controller->actionSelectUser('', 0, '', '', '', 0, 0, '')
#4 D:\wamp\www\Mobile_Kitchen\framework\web\actions\CAction.php(109): ReflectionMethod->invokeArgs(Object(GfUser1Controller), Array)
#5 D:\wamp\www\Mobile_Kitchen\framework\web\actions\CInlineAction.php(47): CAction->runWithParamsInternal(Object(GfUser1Controller), Object(ReflectionMethod), Array)
#6 D:\wamp\www\Mobile_Kitchen\framework\web\CController.php(308): CInlineAction->runWithParams(Array)
#7 D:\wamp\www\Mobile_Kitchen\framework\web\CController.php(286): CController->runAction(Object(CInlineAction))
#8 D:\wamp\www\Mobile_Kitchen\framework\web\CController.php(265): CController->runActionWithFilters(Object(CInlineAction), Array)
#9 D:\wamp\www\Mobile_Kitchen\framework\web\CWebApplication.php(282): CController->run('SelectUser')
#10 D:\wamp\www\Mobile_Kitchen\framework\web\CWebApplication.php(141): CWebApplication->runController('gfuser1/SelectU...')
#11 D:\wamp\www\Mobile_Kitchen\framework\base\CApplication.php(185): CWebApplication->processRequest()
#12 D:\wamp\www\Mobile_Kitchen\index.php(35): CApplication->run()
#13 {main}
REQUEST_URI=/mobile_kitchen/index.php?r=gfuser1/SelectUser&passed=136
HTTP_REFERER=http://127.0.0.1/mobile_kitchen/index.php?r=gfuser1/index
---
2024/04/07 16:24:52 [error] [exception.CException] exception 'CException' with message 'GfUser1Controller 无法找到请求的视图 "select".' in D:\wamp\www\Mobile_Kitchen\framework\web\CController.php:881
Stack trace:
#0 D:\wamp\www\Mobile_Kitchen\framework\web\CController.php(785): CController->renderPartial('select', Array, true)
#1 D:\wamp\www\Mobile_Kitchen\admin\components\BaseController.php(433): CController->render('select', Array)
#2 D:\wamp\www\Mobile_Kitchen\admin\controllers\GfUser1Controller.php(630): BaseController->_list(Object(GfUser1), Object(CDbCriteria), 'select', Array)
#3 [internal function]: GfUser1Controller->actionSelectUser('', 0, '', '', '', 0, 0, '')
#4 D:\wamp\www\Mobile_Kitchen\framework\web\actions\CAction.php(109): ReflectionMethod->invokeArgs(Object(GfUser1Controller), Array)
#5 D:\wamp\www\Mobile_Kitchen\framework\web\actions\CInlineAction.php(47): CAction->runWithParamsInternal(Object(GfUser1Controller), Object(ReflectionMethod), Array)
#6 D:\wamp\www\Mobile_Kitchen\framework\web\CController.php(308): CInlineAction->runWithParams(Array)
#7 D:\wamp\www\Mobile_Kitchen\framework\web\CController.php(286): CController->runAction(Object(CInlineAction))
#8 D:\wamp\www\Mobile_Kitchen\framework\web\CController.php(265): CController->runActionWithFilters(Object(CInlineAction), Array)
#9 D:\wamp\www\Mobile_Kitchen\framework\web\CWebApplication.php(282): CController->run('SelectUser')
#10 D:\wamp\www\Mobile_Kitchen\framework\web\CWebApplication.php(141): CWebApplication->runController('gfuser1/SelectU...')
#11 D:\wamp\www\Mobile_Kitchen\framework\base\CApplication.php(185): CWebApplication->processRequest()
#12 D:\wamp\www\Mobile_Kitchen\index.php(35): CApplication->run()
#13 {main}
REQUEST_URI=/mobile_kitchen/index.php?r=gfuser1/SelectUser&passed=136
HTTP_REFERER=http://127.0.0.1/mobile_kitchen/index.php?r=gfuser1/index
---
