2024/04/30 11:04:10 [error] [exception.CDbException] SQLSTATE[HY000] [2002] 由于目标计算机积极拒绝，无法连接。

2024/04/30 11:04:10 [error] [exception.CDbException] exception 'CDbException' with message 'CDbConnection failed to open the DB connection.' in D:\wamp\www\Mobile_Kitchen\framework\db\CDbConnection.php:405
Stack trace:
#0 D:\wamp\www\Mobile_Kitchen\framework\db\CDbConnection.php(347): CDbConnection->open()
#1 D:\wamp\www\Mobile_Kitchen\framework\db\CDbConnection.php(325): CDbConnection->setActive(true)
#2 D:\wamp\www\Mobile_Kitchen\framework\base\CModule.php(394): CDbConnection->init()
#3 D:\wamp\www\Mobile_Kitchen\framework\base\CApplication.php(459): CModule->getComponent('db')
#4 D:\wamp\www\Mobile_Kitchen\framework\db\ar\CActiveRecord.php(639): CApplication->getDb()
#5 D:\wamp\www\Mobile_Kitchen\framework\db\ar\CActiveRecord.php(2402): CActiveRecord->getDbConnection()
#6 D:\wamp\www\Mobile_Kitchen\framework\db\ar\CActiveRecord.php(413): CActiveRecordMetaData->__construct(Object(QmddAdministrators))
#7 D:\wamp\www\Mobile_Kitchen\framework\db\ar\CActiveRecord.php(79): CActiveRecord->getMetaData()
#8 D:\wamp\www\Mobile_Kitchen\admin\controllers\IndexController.php(78): CActiveRecord->__construct('create')
#9 D:\wamp\www\Mobile_Kitchen\admin\controllers\IndexController.php(15): IndexController->login_form()
#10 D:\wamp\www\Mobile_Kitchen\framework\web\actions\CInlineAction.php(49): IndexController->actionIndex()
#11 D:\wamp\www\Mobile_Kitchen\framework\web\CController.php(308): CInlineAction->runWithParams(Array)
#12 D:\wamp\www\Mobile_Kitchen\framework\web\CController.php(286): CController->runAction(Object(CInlineAction))
#13 D:\wamp\www\Mobile_Kitchen\framework\web\CController.php(265): CController->runActionWithFilters(Object(CInlineAction), Array)
#14 D:\wamp\www\Mobile_Kitchen\framework\web\CWebApplication.php(282): CController->run('')
#15 D:\wamp\www\Mobile_Kitchen\framework\web\CWebApplication.php(141): CWebApplication->runController('')
#16 D:\wamp\www\Mobile_Kitchen\framework\base\CApplication.php(185): CWebApplication->processRequest()
#17 D:\wamp\www\Mobile_Kitchen\index.php(35): CApplication->run()
#18 {main}
REQUEST_URI=/mobile_kitchen/
---
